2022-11-21 17:37:02,434 Namespace(eval_interval=1, frequent=10, gpu=False, num_workers=4, out_dir='out')
2022-11-21 17:37:02,441 => load 200 samples
2022-11-21 17:37:02,442 => load 200 samples
2022-11-21 17:37:04,360 Epoch: [0][0/200]	Time 1.917s (1.917s)	Speed 16.7 samples/s	Data 1.578s (1.578s)	Loss 2.53597 (2.53597)
2022-11-21 17:37:06,725 Epoch: [0][10/200]	Time 0.261s (0.389s)	Speed 122.7 samples/s	Data 0.000s (0.144s)	Loss 2.05191 (2.26257)
2022-11-21 17:37:09,089 Epoch: [0][20/200]	Time 0.234s (0.316s)	Speed 136.6 samples/s	Data 0.000s (0.076s)	Loss 1.76592 (2.08481)
2022-11-21 17:37:11,418 Epoch: [0][30/200]	Time 0.248s (0.290s)	Speed 129.0 samples/s	Data 0.001s (0.051s)	Loss 1.51303 (1.93433)
2022-11-21 17:37:13,747 Epoch: [0][40/200]	Time 0.215s (0.276s)	Speed 148.7 samples/s	Data 0.000s (0.039s)	Loss 1.29024 (1.80119)
2022-11-21 17:37:16,037 Epoch: [0][50/200]	Time 0.226s (0.267s)	Speed 141.4 samples/s	Data 0.000s (0.031s)	Loss 1.09872 (1.68069)
2022-11-21 17:37:18,461 Epoch: [0][60/200]	Time 0.250s (0.263s)	Speed 128.1 samples/s	Data 0.000s (0.026s)	Loss 0.92946 (1.56931)
2022-11-21 17:37:20,758 Epoch: [0][70/200]	Time 0.236s (0.258s)	Speed 135.6 samples/s	Data 0.001s (0.023s)	Loss 0.77078 (1.46748)
2022-11-21 17:37:23,134 Epoch: [0][80/200]	Time 0.252s (0.255s)	Speed 127.0 samples/s	Data 0.000s (0.020s)	Loss 0.65922 (1.37401)
2022-11-21 17:37:25,410 Epoch: [0][90/200]	Time 0.232s (0.252s)	Speed 137.8 samples/s	Data 0.000s (0.018s)	Loss 0.57890 (1.28972)
2022-11-21 17:37:27,703 Epoch: [0][100/200]	Time 0.245s (0.250s)	Speed 130.5 samples/s	Data 0.001s (0.016s)	Loss 0.48460 (1.21371)
2022-11-21 17:37:30,303 Epoch: [0][110/200]	Time 0.259s (0.251s)	Speed 123.4 samples/s	Data 0.001s (0.015s)	Loss 0.41472 (1.14499)
2022-11-21 17:37:32,834 Epoch: [0][120/200]	Time 0.258s (0.251s)	Speed 124.0 samples/s	Data 0.001s (0.013s)	Loss 0.36342 (1.08308)
2022-11-21 17:37:35,182 Epoch: [0][130/200]	Time 0.244s (0.250s)	Speed 131.1 samples/s	Data 0.000s (0.012s)	Loss 0.34486 (1.02694)
2022-11-21 17:37:37,541 Epoch: [0][140/200]	Time 0.215s (0.249s)	Speed 148.9 samples/s	Data 0.000s (0.012s)	Loss 0.30850 (0.97701)
2022-11-21 17:37:39,850 Epoch: [0][150/200]	Time 0.216s (0.248s)	Speed 148.3 samples/s	Data 0.000s (0.011s)	Loss 0.28593 (0.93140)
2022-11-21 17:37:42,148 Epoch: [0][160/200]	Time 0.229s (0.247s)	Speed 139.5 samples/s	Data 0.000s (0.010s)	Loss 0.26905 (0.89035)
2022-11-21 17:37:44,455 Epoch: [0][170/200]	Time 0.217s (0.246s)	Speed 147.5 samples/s	Data 0.000s (0.010s)	Loss 0.25815 (0.85307)
2022-11-21 17:37:46,806 Epoch: [0][180/200]	Time 0.234s (0.245s)	Speed 137.0 samples/s	Data 0.000s (0.009s)	Loss 0.23084 (0.81915)
2022-11-21 17:37:49,123 Epoch: [0][190/200]	Time 0.235s (0.244s)	Speed 136.0 samples/s	Data 0.000s (0.009s)	Loss 0.20731 (0.78764)
2022-11-21 17:37:52,662 Test: [0/200]	Time 1.273 (1.273)	Loss 0.4120 (0.4120)
2022-11-21 17:37:52,916 Test: [10/200]	Time 0.021 (0.139)	Loss 0.1481 (0.3438)
2022-11-21 17:37:53,113 Test: [20/200]	Time 0.017 (0.082)	Loss 0.2541 (0.3545)
2022-11-21 17:37:53,337 Test: [30/200]	Time 0.020 (0.063)	Loss 0.5083 (0.3613)
2022-11-21 17:37:53,527 Test: [40/200]	Time 0.016 (0.052)	Loss 0.3798 (0.3754)
2022-11-21 17:37:53,713 Test: [50/200]	Time 0.017 (0.046)	Loss 0.4459 (0.3781)
2022-11-21 17:37:53,879 Test: [60/200]	Time 0.017 (0.041)	Loss 0.4327 (0.3789)
2022-11-21 17:37:54,068 Test: [70/200]	Time 0.017 (0.038)	Loss 0.3698 (0.3781)
2022-11-21 17:37:54,243 Test: [80/200]	Time 0.020 (0.035)	Loss 0.4578 (0.3733)
2022-11-21 17:37:54,432 Test: [90/200]	Time 0.018 (0.033)	Loss 0.4635 (0.3766)
2022-11-21 17:37:54,625 Test: [100/200]	Time 0.019 (0.032)	Loss 0.4719 (0.3758)
2022-11-21 17:37:54,813 Test: [110/200]	Time 0.018 (0.031)	Loss 0.4470 (0.3773)
2022-11-21 17:37:54,992 Test: [120/200]	Time 0.023 (0.030)	Loss 0.4364 (0.3745)
2022-11-21 17:37:55,188 Test: [130/200]	Time 0.035 (0.029)	Loss 0.3601 (0.3785)
2022-11-21 17:37:55,383 Test: [140/200]	Time 0.018 (0.028)	Loss 0.3467 (0.3774)
2022-11-21 17:37:55,568 Test: [150/200]	Time 0.016 (0.028)	Loss 0.4070 (0.3762)
2022-11-21 17:37:55,763 Test: [160/200]	Time 0.017 (0.027)	Loss 0.3859 (0.3760)
2022-11-21 17:37:55,937 Test: [170/200]	Time 0.016 (0.027)	Loss 0.2839 (0.3739)
2022-11-21 17:37:56,119 Test: [180/200]	Time 0.017 (0.026)	Loss 0.3149 (0.3719)
2022-11-21 17:37:56,315 Test: [190/200]	Time 0.020 (0.026)	Loss 0.3113 (0.3729)
2022-11-21 17:37:57,431 Mean IoU score: 0.207
2022-11-21 17:37:57,431 => saving checkpoint to out
2022-11-21 17:37:59,217 Epoch: [1][0/200]	Time 1.759s (1.759s)	Speed 18.2 samples/s	Data 1.440s (1.440s)	Loss 0.20011 (0.20011)
2022-11-21 17:38:01,600 Epoch: [1][10/200]	Time 0.262s (0.377s)	Speed 122.3 samples/s	Data 0.000s (0.131s)	Loss 0.20040 (0.20689)
2022-11-21 17:38:03,943 Epoch: [1][20/200]	Time 0.233s (0.309s)	Speed 137.4 samples/s	Data 0.000s (0.069s)	Loss 0.24990 (0.20317)
2022-11-21 17:38:06,311 Epoch: [1][30/200]	Time 0.227s (0.286s)	Speed 140.9 samples/s	Data 0.000s (0.047s)	Loss 0.16510 (0.19982)
2022-11-21 17:38:08,668 Epoch: [1][40/200]	Time 0.224s (0.273s)	Speed 142.7 samples/s	Data 0.000s (0.036s)	Loss 0.17731 (0.19485)
2022-11-21 17:38:11,004 Epoch: [1][50/200]	Time 0.225s (0.266s)	Speed 141.9 samples/s	Data 0.000s (0.029s)	Loss 0.15251 (0.19084)
2022-11-21 17:38:13,339 Epoch: [1][60/200]	Time 0.222s (0.260s)	Speed 144.1 samples/s	Data 0.000s (0.024s)	Loss 0.16353 (0.18685)
2022-11-21 17:38:15,611 Epoch: [1][70/200]	Time 0.229s (0.256s)	Speed 139.7 samples/s	Data 0.000s (0.021s)	Loss 0.15566 (0.18277)
2022-11-21 17:38:18,021 Epoch: [1][80/200]	Time 0.231s (0.254s)	Speed 138.7 samples/s	Data 0.001s (0.018s)	Loss 0.11970 (0.17799)
2022-11-21 17:38:20,297 Epoch: [1][90/200]	Time 0.225s (0.251s)	Speed 142.2 samples/s	Data 0.000s (0.016s)	Loss 0.13756 (0.17331)
2022-11-21 17:38:22,650 Epoch: [1][100/200]	Time 0.244s (0.249s)	Speed 130.9 samples/s	Data 0.000s (0.015s)	Loss 0.12824 (0.17020)
2022-11-21 17:38:24,935 Epoch: [1][110/200]	Time 0.225s (0.248s)	Speed 142.3 samples/s	Data 0.000s (0.013s)	Loss 0.11949 (0.16676)
2022-11-21 17:38:27,291 Epoch: [1][120/200]	Time 0.241s (0.247s)	Speed 132.7 samples/s	Data 0.000s (0.012s)	Loss 0.10563 (0.16263)
2022-11-21 17:38:29,628 Epoch: [1][130/200]	Time 0.234s (0.246s)	Speed 136.7 samples/s	Data 0.001s (0.011s)	Loss 0.10356 (0.15878)
2022-11-21 17:38:31,975 Epoch: [1][140/200]	Time 0.228s (0.245s)	Speed 140.5 samples/s	Data 0.000s (0.011s)	Loss 0.12049 (0.15527)
2022-11-21 17:38:34,283 Epoch: [1][150/200]	Time 0.228s (0.244s)	Speed 140.5 samples/s	Data 0.000s (0.010s)	Loss 0.09149 (0.15182)
2022-11-21 17:38:36,577 Epoch: [1][160/200]	Time 0.260s (0.243s)	Speed 123.2 samples/s	Data 0.000s (0.009s)	Loss 0.10400 (0.14870)
2022-11-21 17:38:38,876 Epoch: [1][170/200]	Time 0.219s (0.242s)	Speed 146.0 samples/s	Data 0.000s (0.009s)	Loss 0.09051 (0.14576)
2022-11-21 17:38:41,157 Epoch: [1][180/200]	Time 0.231s (0.241s)	Speed 138.7 samples/s	Data 0.000s (0.008s)	Loss 0.09792 (0.14297)
2022-11-21 17:38:43,515 Epoch: [1][190/200]	Time 0.226s (0.241s)	Speed 141.5 samples/s	Data 0.000s (0.008s)	Loss 0.09554 (0.14033)
2022-11-21 17:38:47,049 Test: [0/200]	Time 1.236 (1.236)	Loss 0.2188 (0.2188)
2022-11-21 17:38:47,243 Test: [10/200]	Time 0.021 (0.130)	Loss 0.0579 (0.1687)
2022-11-21 17:38:47,438 Test: [20/200]	Time 0.017 (0.077)	Loss 0.1215 (0.1698)
2022-11-21 17:38:47,656 Test: [30/200]	Time 0.019 (0.059)	Loss 0.2361 (0.1768)
2022-11-21 17:38:47,843 Test: [40/200]	Time 0.018 (0.050)	Loss 0.1705 (0.1838)
2022-11-21 17:38:48,012 Test: [50/200]	Time 0.017 (0.043)	Loss 0.2283 (0.1837)
2022-11-21 17:38:48,192 Test: [60/200]	Time 0.015 (0.039)	Loss 0.2089 (0.1849)
2022-11-21 17:38:48,388 Test: [70/200]	Time 0.019 (0.036)	Loss 0.1628 (0.1845)
2022-11-21 17:38:48,564 Test: [80/200]	Time 0.017 (0.034)	Loss 0.2312 (0.1818)
2022-11-21 17:38:48,743 Test: [90/200]	Time 0.018 (0.032)	Loss 0.2415 (0.1846)
2022-11-21 17:38:48,921 Test: [100/200]	Time 0.017 (0.031)	Loss 0.2321 (0.1839)
2022-11-21 17:38:49,105 Test: [110/200]	Time 0.017 (0.030)	Loss 0.2486 (0.1848)
2022-11-21 17:38:49,304 Test: [120/200]	Time 0.021 (0.029)	Loss 0.2189 (0.1833)
2022-11-21 17:38:49,493 Test: [130/200]	Time 0.018 (0.028)	Loss 0.1574 (0.1854)
2022-11-21 17:38:49,702 Test: [140/200]	Time 0.016 (0.028)	Loss 0.1715 (0.1850)
2022-11-21 17:38:49,882 Test: [150/200]	Time 0.016 (0.027)	Loss 0.1834 (0.1839)
2022-11-21 17:38:50,059 Test: [160/200]	Time 0.018 (0.026)	Loss 0.1976 (0.1839)
2022-11-21 17:38:50,246 Test: [170/200]	Time 0.021 (0.026)	Loss 0.1334 (0.1822)
2022-11-21 17:38:50,442 Test: [180/200]	Time 0.018 (0.026)	Loss 0.1425 (0.1810)
2022-11-21 17:38:50,624 Test: [190/200]	Time 0.017 (0.025)	Loss 0.1214 (0.1817)
2022-11-21 17:38:51,717 Mean IoU score: 0.632
2022-11-21 17:38:51,722 => saving checkpoint to out
2022-11-21 17:38:53,550 Epoch: [2][0/200]	Time 1.805s (1.805s)	Speed 17.7 samples/s	Data 1.501s (1.501s)	Loss 0.07165 (0.07165)
2022-11-21 17:38:55,988 Epoch: [2][10/200]	Time 0.227s (0.386s)	Speed 140.8 samples/s	Data 0.000s (0.137s)	Loss 0.08097 (0.08147)
2022-11-21 17:38:58,453 Epoch: [2][20/200]	Time 0.278s (0.319s)	Speed 115.1 samples/s	Data 0.001s (0.072s)	Loss 0.07873 (0.07834)
2022-11-21 17:39:00,860 Epoch: [2][30/200]	Time 0.218s (0.294s)	Speed 146.8 samples/s	Data 0.000s (0.049s)	Loss 0.06640 (0.07542)
2022-11-21 17:39:03,333 Epoch: [2][40/200]	Time 0.256s (0.283s)	Speed 124.9 samples/s	Data 0.000s (0.037s)	Loss 0.06607 (0.07479)
2022-11-21 17:39:05,704 Epoch: [2][50/200]	Time 0.248s (0.274s)	Speed 129.0 samples/s	Data 0.000s (0.030s)	Loss 0.06087 (0.07309)
2022-11-21 17:39:08,122 Epoch: [2][60/200]	Time 0.243s (0.268s)	Speed 131.8 samples/s	Data 0.000s (0.025s)	Loss 0.05802 (0.07172)
2022-11-21 17:39:10,550 Epoch: [2][70/200]	Time 0.264s (0.265s)	Speed 121.2 samples/s	Data 0.000s (0.022s)	Loss 0.07018 (0.07034)
2022-11-21 17:39:12,928 Epoch: [2][80/200]	Time 0.213s (0.262s)	Speed 150.2 samples/s	Data 0.000s (0.019s)	Loss 0.06275 (0.06926)
2022-11-21 17:39:15,322 Epoch: [2][90/200]	Time 0.262s (0.259s)	Speed 122.3 samples/s	Data 0.000s (0.017s)	Loss 0.05276 (0.06789)
2022-11-21 17:39:17,738 Epoch: [2][100/200]	Time 0.275s (0.257s)	Speed 116.3 samples/s	Data 0.001s (0.015s)	Loss 0.05790 (0.06650)
2022-11-21 17:39:20,098 Epoch: [2][110/200]	Time 0.217s (0.255s)	Speed 147.4 samples/s	Data 0.001s (0.014s)	Loss 0.05391 (0.06602)
2022-11-21 17:39:22,525 Epoch: [2][120/200]	Time 0.244s (0.254s)	Speed 131.2 samples/s	Data 0.000s (0.013s)	Loss 0.05882 (0.06487)
2022-11-21 17:39:24,903 Epoch: [2][130/200]	Time 0.205s (0.253s)	Speed 156.1 samples/s	Data 0.000s (0.012s)	Loss 0.06042 (0.06395)
2022-11-21 17:39:27,350 Epoch: [2][140/200]	Time 0.261s (0.253s)	Speed 122.7 samples/s	Data 0.000s (0.011s)	Loss 0.05196 (0.06314)
2022-11-21 17:39:29,734 Epoch: [2][150/200]	Time 0.241s (0.252s)	Speed 132.7 samples/s	Data 0.000s (0.010s)	Loss 0.04352 (0.06248)
2022-11-21 17:39:32,122 Epoch: [2][160/200]	Time 0.217s (0.251s)	Speed 147.5 samples/s	Data 0.000s (0.010s)	Loss 0.04041 (0.06153)
2022-11-21 17:39:34,558 Epoch: [2][170/200]	Time 0.239s (0.250s)	Speed 134.1 samples/s	Data 0.000s (0.009s)	Loss 0.04526 (0.06064)
2022-11-21 17:39:36,916 Epoch: [2][180/200]	Time 0.205s (0.250s)	Speed 156.1 samples/s	Data 0.000s (0.009s)	Loss 0.04428 (0.05966)
2022-11-21 17:39:39,366 Epoch: [2][190/200]	Time 0.259s (0.249s)	Speed 123.3 samples/s	Data 0.001s (0.008s)	Loss 0.05358 (0.05885)
2022-11-21 17:39:43,011 Test: [0/200]	Time 1.226 (1.226)	Loss 0.1134 (0.1134)
2022-11-21 17:39:43,202 Test: [10/200]	Time 0.018 (0.129)	Loss 0.0323 (0.1037)
2022-11-21 17:39:43,411 Test: [20/200]	Time 0.020 (0.077)	Loss 0.0708 (0.1058)
2022-11-21 17:39:43,601 Test: [30/200]	Time 0.019 (0.059)	Loss 0.1513 (0.1118)
2022-11-21 17:39:43,791 Test: [40/200]	Time 0.018 (0.049)	Loss 0.0953 (0.1161)
2022-11-21 17:39:43,991 Test: [50/200]	Time 0.023 (0.043)	Loss 0.1544 (0.1165)
2022-11-21 17:39:44,200 Test: [60/200]	Time 0.018 (0.040)	Loss 0.1404 (0.1196)
2022-11-21 17:39:44,400 Test: [70/200]	Time 0.021 (0.037)	Loss 0.1049 (0.1190)
2022-11-21 17:39:44,617 Test: [80/200]	Time 0.020 (0.035)	Loss 0.1259 (0.1171)
2022-11-21 17:39:44,823 Test: [90/200]	Time 0.021 (0.033)	Loss 0.1522 (0.1189)
2022-11-21 17:39:45,034 Test: [100/200]	Time 0.018 (0.032)	Loss 0.1521 (0.1183)
2022-11-21 17:39:45,241 Test: [110/200]	Time 0.021 (0.031)	Loss 0.1796 (0.1189)
2022-11-21 17:39:45,452 Test: [120/200]	Time 0.020 (0.030)	Loss 0.1456 (0.1174)
2022-11-21 17:39:45,675 Test: [130/200]	Time 0.018 (0.030)	Loss 0.1075 (0.1183)
2022-11-21 17:39:45,873 Test: [140/200]	Time 0.019 (0.029)	Loss 0.0946 (0.1172)
2022-11-21 17:39:46,079 Test: [150/200]	Time 0.019 (0.028)	Loss 0.1069 (0.1161)
2022-11-21 17:39:46,306 Test: [160/200]	Time 0.023 (0.028)	Loss 0.1167 (0.1158)
2022-11-21 17:39:46,547 Test: [170/200]	Time 0.021 (0.028)	Loss 0.1184 (0.1147)
2022-11-21 17:39:46,752 Test: [180/200]	Time 0.019 (0.027)	Loss 0.1052 (0.1138)
2022-11-21 17:39:46,953 Test: [190/200]	Time 0.019 (0.027)	Loss 0.0726 (0.1141)
2022-11-21 17:39:48,071 Mean IoU score: 0.757
2022-11-21 17:39:48,072 => saving checkpoint to out
2022-11-21 17:39:49,793 Epoch: [3][0/200]	Time 1.699s (1.699s)	Speed 18.8 samples/s	Data 1.367s (1.367s)	Loss 0.03936 (0.03936)
2022-11-21 17:39:52,315 Epoch: [3][10/200]	Time 0.244s (0.384s)	Speed 131.1 samples/s	Data 0.000s (0.125s)	Loss 0.04154 (0.04121)
2022-11-21 17:39:54,780 Epoch: [3][20/200]	Time 0.244s (0.318s)	Speed 131.3 samples/s	Data 0.000s (0.065s)	Loss 0.05779 (0.04023)
2022-11-21 17:39:57,182 Epoch: [3][30/200]	Time 0.226s (0.293s)	Speed 141.5 samples/s	Data 0.000s (0.044s)	Loss 0.02747 (0.03992)
2022-11-21 17:39:59,670 Epoch: [3][40/200]	Time 0.262s (0.282s)	Speed 122.1 samples/s	Data 0.001s (0.034s)	Loss 0.03545 (0.03919)
2022-11-21 17:40:02,083 Epoch: [3][50/200]	Time 0.240s (0.274s)	Speed 133.3 samples/s	Data 0.000s (0.027s)	Loss 0.02955 (0.03837)
2022-11-21 17:40:04,551 Epoch: [3][60/200]	Time 0.242s (0.270s)	Speed 132.2 samples/s	Data 0.001s (0.023s)	Loss 0.03121 (0.03755)
2022-11-21 17:40:06,969 Epoch: [3][70/200]	Time 0.245s (0.266s)	Speed 130.4 samples/s	Data 0.000s (0.020s)	Loss 0.03634 (0.03714)
2022-11-21 17:40:09,429 Epoch: [3][80/200]	Time 0.277s (0.263s)	Speed 115.6 samples/s	Data 0.001s (0.017s)	Loss 0.02760 (0.03698)
2022-11-21 17:40:11,837 Epoch: [3][90/200]	Time 0.243s (0.261s)	Speed 131.7 samples/s	Data 0.000s (0.015s)	Loss 0.03215 (0.03669)
2022-11-21 17:40:14,304 Epoch: [3][100/200]	Time 0.243s (0.260s)	Speed 131.5 samples/s	Data 0.001s (0.014s)	Loss 0.03375 (0.03641)
2022-11-21 17:40:16,681 Epoch: [3][110/200]	Time 0.259s (0.258s)	Speed 123.6 samples/s	Data 0.001s (0.013s)	Loss 0.02901 (0.03609)
2022-11-21 17:40:19,056 Epoch: [3][120/200]	Time 0.225s (0.256s)	Speed 142.4 samples/s	Data 0.000s (0.012s)	Loss 0.04133 (0.03601)
2022-11-21 17:40:21,467 Epoch: [3][130/200]	Time 0.274s (0.255s)	Speed 116.6 samples/s	Data 0.000s (0.011s)	Loss 0.03464 (0.03595)
2022-11-21 17:40:23,868 Epoch: [3][140/200]	Time 0.250s (0.254s)	Speed 128.0 samples/s	Data 0.000s (0.010s)	Loss 0.03437 (0.03580)
2022-11-21 17:40:26,220 Epoch: [3][150/200]	Time 0.213s (0.252s)	Speed 150.0 samples/s	Data 0.000s (0.009s)	Loss 0.02511 (0.03568)
2022-11-21 17:40:28,695 Epoch: [3][160/200]	Time 0.250s (0.252s)	Speed 128.0 samples/s	Data 0.000s (0.009s)	Loss 0.03142 (0.03573)
2022-11-21 17:40:31,061 Epoch: [3][170/200]	Time 0.226s (0.251s)	Speed 141.8 samples/s	Data 0.000s (0.008s)	Loss 0.04371 (0.03569)
2022-11-21 17:40:33,532 Epoch: [3][180/200]	Time 0.261s (0.251s)	Speed 122.7 samples/s	Data 0.000s (0.008s)	Loss 0.03433 (0.03544)
2022-11-21 17:40:35,923 Epoch: [3][190/200]	Time 0.231s (0.250s)	Speed 138.5 samples/s	Data 0.000s (0.008s)	Loss 0.02360 (0.03522)
2022-11-21 17:40:39,606 Test: [0/200]	Time 1.217 (1.217)	Loss 0.1003 (0.1003)
2022-11-21 17:40:39,794 Test: [10/200]	Time 0.018 (0.128)	Loss 0.0287 (0.0765)
2022-11-21 17:40:39,999 Test: [20/200]	Time 0.024 (0.077)	Loss 0.0546 (0.0809)
2022-11-21 17:40:40,195 Test: [30/200]	Time 0.020 (0.058)	Loss 0.1261 (0.0853)
2022-11-21 17:40:40,412 Test: [40/200]	Time 0.022 (0.049)	Loss 0.0786 (0.0890)
2022-11-21 17:40:40,613 Test: [50/200]	Time 0.017 (0.044)	Loss 0.1153 (0.0879)
2022-11-21 17:40:40,795 Test: [60/200]	Time 0.017 (0.039)	Loss 0.1121 (0.0906)
2022-11-21 17:40:40,998 Test: [70/200]	Time 0.024 (0.037)	Loss 0.1002 (0.0921)
2022-11-21 17:40:41,190 Test: [80/200]	Time 0.019 (0.035)	Loss 0.1033 (0.0905)
2022-11-21 17:40:41,414 Test: [90/200]	Time 0.024 (0.033)	Loss 0.1087 (0.0923)
2022-11-21 17:40:41,631 Test: [100/200]	Time 0.018 (0.032)	Loss 0.1412 (0.0924)
2022-11-21 17:40:41,821 Test: [110/200]	Time 0.017 (0.031)	Loss 0.1629 (0.0930)
2022-11-21 17:40:42,021 Test: [120/200]	Time 0.019 (0.030)	Loss 0.0995 (0.0918)
2022-11-21 17:40:42,229 Test: [130/200]	Time 0.020 (0.029)	Loss 0.0820 (0.0923)
2022-11-21 17:40:42,444 Test: [140/200]	Time 0.021 (0.029)	Loss 0.0953 (0.0920)
2022-11-21 17:40:42,654 Test: [150/200]	Time 0.019 (0.028)	Loss 0.0837 (0.0911)
2022-11-21 17:40:42,842 Test: [160/200]	Time 0.018 (0.028)	Loss 0.0917 (0.0909)
2022-11-21 17:40:43,030 Test: [170/200]	Time 0.017 (0.027)	Loss 0.0790 (0.0900)
2022-11-21 17:40:43,217 Test: [180/200]	Time 0.017 (0.027)	Loss 0.0602 (0.0895)
2022-11-21 17:40:43,435 Test: [190/200]	Time 0.020 (0.026)	Loss 0.0578 (0.0895)
2022-11-21 17:40:44,592 Mean IoU score: 0.801
2022-11-21 17:40:44,592 => saving checkpoint to out
2022-11-21 17:40:46,406 Epoch: [4][0/200]	Time 1.791s (1.791s)	Speed 17.9 samples/s	Data 1.428s (1.428s)	Loss 0.03506 (0.03506)
2022-11-21 17:40:48,844 Epoch: [4][10/200]	Time 0.228s (0.384s)	Speed 140.6 samples/s	Data 0.000s (0.130s)	Loss 0.02509 (0.02884)
2022-11-21 17:40:51,194 Epoch: [4][20/200]	Time 0.229s (0.313s)	Speed 139.8 samples/s	Data 0.000s (0.068s)	Loss 0.02275 (0.02723)
2022-11-21 17:40:53,667 Epoch: [4][30/200]	Time 0.251s (0.292s)	Speed 127.5 samples/s	Data 0.001s (0.046s)	Loss 0.02467 (0.02688)
2022-11-21 17:40:56,088 Epoch: [4][40/200]	Time 0.244s (0.280s)	Speed 131.4 samples/s	Data 0.000s (0.035s)	Loss 0.02450 (0.02703)
2022-11-21 17:40:58,530 Epoch: [4][50/200]	Time 0.252s (0.273s)	Speed 127.0 samples/s	Data 0.001s (0.028s)	Loss 0.02452 (0.02690)
2022-11-21 17:41:00,896 Epoch: [4][60/200]	Time 0.210s (0.267s)	Speed 152.4 samples/s	Data 0.000s (0.024s)	Loss 0.02171 (0.02663)
2022-11-21 17:41:03,449 Epoch: [4][70/200]	Time 0.270s (0.265s)	Speed 118.5 samples/s	Data 0.000s (0.020s)	Loss 0.02662 (0.02671)
2022-11-21 17:41:05,835 Epoch: [4][80/200]	Time 0.220s (0.262s)	Speed 145.5 samples/s	Data 0.000s (0.018s)	Loss 0.02445 (0.02647)
2022-11-21 17:41:08,288 Epoch: [4][90/200]	Time 0.234s (0.260s)	Speed 137.0 samples/s	Data 0.000s (0.016s)	Loss 0.02677 (0.02619)
2022-11-21 17:41:10,682 Epoch: [4][100/200]	Time 0.223s (0.258s)	Speed 143.5 samples/s	Data 0.000s (0.015s)	Loss 0.02421 (0.02613)
2022-11-21 17:41:13,080 Epoch: [4][110/200]	Time 0.216s (0.256s)	Speed 148.2 samples/s	Data 0.000s (0.013s)	Loss 0.02638 (0.02614)
2022-11-21 17:41:15,521 Epoch: [4][120/200]	Time 0.275s (0.255s)	Speed 116.4 samples/s	Data 0.000s (0.012s)	Loss 0.02660 (0.02601)
2022-11-21 17:41:17,952 Epoch: [4][130/200]	Time 0.227s (0.254s)	Speed 140.8 samples/s	Data 0.000s (0.011s)	Loss 0.02554 (0.02599)
2022-11-21 17:41:20,344 Epoch: [4][140/200]	Time 0.255s (0.253s)	Speed 125.7 samples/s	Data 0.000s (0.010s)	Loss 0.02274 (0.02606)
2022-11-21 17:41:22,798 Epoch: [4][150/200]	Time 0.269s (0.253s)	Speed 118.8 samples/s	Data 0.000s (0.010s)	Loss 0.02224 (0.02602)
2022-11-21 17:41:25,152 Epoch: [4][160/200]	Time 0.213s (0.252s)	Speed 150.0 samples/s	Data 0.000s (0.009s)	Loss 0.02248 (0.02585)
2022-11-21 17:41:27,635 Epoch: [4][170/200]	Time 0.271s (0.252s)	Speed 118.1 samples/s	Data 0.000s (0.009s)	Loss 0.02052 (0.02578)
2022-11-21 17:41:30,024 Epoch: [4][180/200]	Time 0.234s (0.251s)	Speed 136.7 samples/s	Data 0.000s (0.008s)	Loss 0.03430 (0.02573)
2022-11-21 17:41:32,450 Epoch: [4][190/200]	Time 0.270s (0.250s)	Speed 118.3 samples/s	Data 0.000s (0.008s)	Loss 0.02643 (0.02561)
2022-11-21 17:41:36,107 Test: [0/200]	Time 1.212 (1.212)	Loss 0.0782 (0.0782)
2022-11-21 17:41:36,296 Test: [10/200]	Time 0.022 (0.127)	Loss 0.0301 (0.0701)
2022-11-21 17:41:36,506 Test: [20/200]	Time 0.021 (0.077)	Loss 0.0557 (0.0712)
2022-11-21 17:41:36,694 Test: [30/200]	Time 0.017 (0.058)	Loss 0.1068 (0.0757)
2022-11-21 17:41:36,880 Test: [40/200]	Time 0.017 (0.048)	Loss 0.0569 (0.0778)
2022-11-21 17:41:37,089 Test: [50/200]	Time 0.017 (0.043)	Loss 0.0965 (0.0774)
2022-11-21 17:41:37,278 Test: [60/200]	Time 0.019 (0.039)	Loss 0.0988 (0.0795)
2022-11-21 17:41:37,485 Test: [70/200]	Time 0.019 (0.036)	Loss 0.0824 (0.0803)
2022-11-21 17:41:37,704 Test: [80/200]	Time 0.020 (0.035)	Loss 0.0779 (0.0783)
2022-11-21 17:41:37,901 Test: [90/200]	Time 0.021 (0.033)	Loss 0.1304 (0.0803)
2022-11-21 17:41:38,099 Test: [100/200]	Time 0.018 (0.032)	Loss 0.1151 (0.0798)
2022-11-21 17:41:38,300 Test: [110/200]	Time 0.020 (0.031)	Loss 0.1602 (0.0812)
2022-11-21 17:41:38,509 Test: [120/200]	Time 0.020 (0.030)	Loss 0.0848 (0.0796)
2022-11-21 17:41:38,711 Test: [130/200]	Time 0.016 (0.029)	Loss 0.0641 (0.0801)
2022-11-21 17:41:38,910 Test: [140/200]	Time 0.019 (0.028)	Loss 0.0762 (0.0794)
2022-11-21 17:41:39,096 Test: [150/200]	Time 0.020 (0.028)	Loss 0.0728 (0.0785)
2022-11-21 17:41:39,285 Test: [160/200]	Time 0.020 (0.027)	Loss 0.0825 (0.0783)
2022-11-21 17:41:39,498 Test: [170/200]	Time 0.021 (0.027)	Loss 0.0594 (0.0778)
2022-11-21 17:41:39,694 Test: [180/200]	Time 0.018 (0.027)	Loss 0.0463 (0.0770)
2022-11-21 17:41:39,882 Test: [190/200]	Time 0.017 (0.026)	Loss 0.0404 (0.0772)
2022-11-21 17:41:40,995 Mean IoU score: 0.820
2022-11-21 17:41:40,996 => saving checkpoint to out
2022-11-21 17:41:42,794 Epoch: [5][0/200]	Time 1.774s (1.774s)	Speed 18.0 samples/s	Data 1.413s (1.413s)	Loss 0.01724 (0.01724)
2022-11-21 17:41:45,188 Epoch: [5][10/200]	Time 0.228s (0.379s)	Speed 140.6 samples/s	Data 0.000s (0.129s)	Loss 0.01675 (0.02065)
2022-11-21 17:41:47,616 Epoch: [5][20/200]	Time 0.258s (0.314s)	Speed 124.3 samples/s	Data 0.000s (0.068s)	Loss 0.02275 (0.02116)
2022-11-21 17:41:50,027 Epoch: [5][30/200]	Time 0.226s (0.291s)	Speed 141.8 samples/s	Data 0.000s (0.046s)	Loss 0.02787 (0.02106)
2022-11-21 17:41:52,479 Epoch: [5][40/200]	Time 0.222s (0.279s)	Speed 144.1 samples/s	Data 0.000s (0.035s)	Loss 0.02071 (0.02106)
2022-11-21 17:41:54,877 Epoch: [5][50/200]	Time 0.209s (0.272s)	Speed 153.1 samples/s	Data 0.000s (0.028s)	Loss 0.02079 (0.02092)
2022-11-21 17:41:57,314 Epoch: [5][60/200]	Time 0.231s (0.267s)	Speed 138.8 samples/s	Data 0.000s (0.023s)	Loss 0.01582 (0.02056)
2022-11-21 17:41:59,705 Epoch: [5][70/200]	Time 0.220s (0.263s)	Speed 145.3 samples/s	Data 0.000s (0.020s)	Loss 0.01804 (0.02031)
2022-11-21 17:42:02,133 Epoch: [5][80/200]	Time 0.244s (0.261s)	Speed 131.1 samples/s	Data 0.000s (0.018s)	Loss 0.01832 (0.02014)
2022-11-21 17:42:04,635 Epoch: [5][90/200]	Time 0.253s (0.260s)	Speed 126.7 samples/s	Data 0.001s (0.016s)	Loss 0.01398 (0.02004)
2022-11-21 17:42:07,049 Epoch: [5][100/200]	Time 0.226s (0.258s)	Speed 141.8 samples/s	Data 0.000s (0.014s)	Loss 0.02069 (0.01995)
2022-11-21 17:42:09,534 Epoch: [5][110/200]	Time 0.271s (0.257s)	Speed 117.9 samples/s	Data 0.000s (0.013s)	Loss 0.02178 (0.02000)
2022-11-21 17:42:11,920 Epoch: [5][120/200]	Time 0.243s (0.255s)	Speed 131.5 samples/s	Data 0.000s (0.012s)	Loss 0.01795 (0.01981)
2022-11-21 17:42:14,284 Epoch: [5][130/200]	Time 0.227s (0.254s)	Speed 141.2 samples/s	Data 0.000s (0.011s)	Loss 0.02319 (0.01989)
2022-11-21 17:42:16,690 Epoch: [5][140/200]	Time 0.274s (0.253s)	Speed 116.7 samples/s	Data 0.001s (0.010s)	Loss 0.02193 (0.01991)
2022-11-21 17:42:19,076 Epoch: [5][150/200]	Time 0.213s (0.252s)	Speed 149.9 samples/s	Data 0.000s (0.010s)	Loss 0.02304 (0.01989)
2022-11-21 17:42:21,495 Epoch: [5][160/200]	Time 0.270s (0.251s)	Speed 118.7 samples/s	Data 0.000s (0.009s)	Loss 0.02033 (0.01978)
2022-11-21 17:42:23,955 Epoch: [5][170/200]	Time 0.234s (0.251s)	Speed 136.8 samples/s	Data 0.000s (0.009s)	Loss 0.02044 (0.01974)
2022-11-21 17:42:26,284 Epoch: [5][180/200]	Time 0.235s (0.250s)	Speed 136.4 samples/s	Data 0.001s (0.008s)	Loss 0.01847 (0.01980)
2022-11-21 17:42:28,727 Epoch: [5][190/200]	Time 0.245s (0.250s)	Speed 130.4 samples/s	Data 0.000s (0.008s)	Loss 0.01854 (0.01984)
2022-11-21 17:42:32,327 Test: [0/200]	Time 1.240 (1.240)	Loss 0.0848 (0.0848)
2022-11-21 17:42:32,530 Test: [10/200]	Time 0.022 (0.131)	Loss 0.0331 (0.0734)
2022-11-21 17:42:32,732 Test: [20/200]	Time 0.017 (0.078)	Loss 0.0752 (0.0758)
2022-11-21 17:42:32,922 Test: [30/200]	Time 0.017 (0.059)	Loss 0.1335 (0.0863)
2022-11-21 17:42:33,128 Test: [40/200]	Time 0.018 (0.050)	Loss 0.0512 (0.0896)
2022-11-21 17:42:33,319 Test: [50/200]	Time 0.019 (0.044)	Loss 0.1128 (0.0890)
2022-11-21 17:42:33,528 Test: [60/200]	Time 0.019 (0.040)	Loss 0.1046 (0.0903)
2022-11-21 17:42:33,730 Test: [70/200]	Time 0.019 (0.037)	Loss 0.0992 (0.0902)
2022-11-21 17:42:33,932 Test: [80/200]	Time 0.024 (0.035)	Loss 0.1356 (0.0889)
2022-11-21 17:42:34,132 Test: [90/200]	Time 0.018 (0.033)	Loss 0.1090 (0.0913)
2022-11-21 17:42:34,358 Test: [100/200]	Time 0.020 (0.032)	Loss 0.1404 (0.0907)
2022-11-21 17:42:34,571 Test: [110/200]	Time 0.021 (0.031)	Loss 0.1767 (0.0914)
2022-11-21 17:42:34,761 Test: [120/200]	Time 0.018 (0.030)	Loss 0.1017 (0.0893)
2022-11-21 17:42:34,941 Test: [130/200]	Time 0.016 (0.029)	Loss 0.0688 (0.0889)
2022-11-21 17:42:35,125 Test: [140/200]	Time 0.017 (0.029)	Loss 0.0921 (0.0888)
2022-11-21 17:42:35,318 Test: [150/200]	Time 0.019 (0.028)	Loss 0.0786 (0.0871)
2022-11-21 17:42:35,522 Test: [160/200]	Time 0.018 (0.028)	Loss 0.1022 (0.0873)
2022-11-21 17:42:35,729 Test: [170/200]	Time 0.017 (0.027)	Loss 0.0883 (0.0865)
2022-11-21 17:42:35,929 Test: [180/200]	Time 0.019 (0.027)	Loss 0.0503 (0.0856)
2022-11-21 17:42:36,126 Test: [190/200]	Time 0.018 (0.026)	Loss 0.0478 (0.0856)
2022-11-21 17:42:37,284 Mean IoU score: 0.794
2022-11-21 17:42:37,285 => saving checkpoint to out
2022-11-21 17:42:39,111 Epoch: [6][0/200]	Time 1.802s (1.802s)	Speed 17.8 samples/s	Data 1.446s (1.446s)	Loss 0.01804 (0.01804)
2022-11-21 17:42:41,554 Epoch: [6][10/200]	Time 0.282s (0.386s)	Speed 113.3 samples/s	Data 0.000s (0.132s)	Loss 0.02176 (0.01709)
2022-11-21 17:42:43,942 Epoch: [6][20/200]	Time 0.219s (0.316s)	Speed 146.1 samples/s	Data 0.001s (0.069s)	Loss 0.01563 (0.01780)
2022-11-21 17:42:46,374 Epoch: [6][30/200]	Time 0.255s (0.292s)	Speed 125.6 samples/s	Data 0.000s (0.047s)	Loss 0.01678 (0.01772)
2022-11-21 17:42:48,832 Epoch: [6][40/200]	Time 0.220s (0.281s)	Speed 145.5 samples/s	Data 0.000s (0.036s)	Loss 0.01665 (0.01743)
2022-11-21 17:42:51,181 Epoch: [6][50/200]	Time 0.222s (0.272s)	Speed 144.1 samples/s	Data 0.001s (0.029s)	Loss 0.01558 (0.01733)
2022-11-21 17:42:53,620 Epoch: [6][60/200]	Time 0.253s (0.267s)	Speed 126.6 samples/s	Data 0.001s (0.024s)	Loss 0.01378 (0.01703)
2022-11-21 17:42:55,970 Epoch: [6][70/200]	Time 0.216s (0.263s)	Speed 147.9 samples/s	Data 0.001s (0.021s)	Loss 0.01393 (0.01672)
2022-11-21 17:42:58,455 Epoch: [6][80/200]	Time 0.271s (0.261s)	Speed 118.2 samples/s	Data 0.001s (0.018s)	Loss 0.01521 (0.01660)
2022-11-21 17:43:00,825 Epoch: [6][90/200]	Time 0.227s (0.258s)	Speed 141.0 samples/s	Data 0.000s (0.016s)	Loss 0.01647 (0.01648)
2022-11-21 17:43:03,223 Epoch: [6][100/200]	Time 0.220s (0.257s)	Speed 145.7 samples/s	Data 0.001s (0.015s)	Loss 0.01584 (0.01643)
2022-11-21 17:43:05,648 Epoch: [6][110/200]	Time 0.241s (0.255s)	Speed 132.7 samples/s	Data 0.001s (0.013s)	Loss 0.01335 (0.01635)
2022-11-21 17:43:08,088 Epoch: [6][120/200]	Time 0.236s (0.254s)	Speed 135.6 samples/s	Data 0.001s (0.012s)	Loss 0.01633 (0.01629)
2022-11-21 17:43:10,476 Epoch: [6][130/200]	Time 0.263s (0.253s)	Speed 121.7 samples/s	Data 0.000s (0.011s)	Loss 0.01197 (0.01618)
2022-11-21 17:43:12,937 Epoch: [6][140/200]	Time 0.236s (0.253s)	Speed 135.4 samples/s	Data 0.001s (0.011s)	Loss 0.01438 (0.01612)
2022-11-21 17:43:15,324 Epoch: [6][150/200]	Time 0.239s (0.252s)	Speed 133.9 samples/s	Data 0.000s (0.010s)	Loss 0.01544 (0.01608)
2022-11-21 17:43:17,702 Epoch: [6][160/200]	Time 0.263s (0.251s)	Speed 121.7 samples/s	Data 0.001s (0.009s)	Loss 0.01876 (0.01609)
2022-11-21 17:43:20,060 Epoch: [6][170/200]	Time 0.235s (0.250s)	Speed 136.2 samples/s	Data 0.000s (0.009s)	Loss 0.01547 (0.01601)
2022-11-21 17:43:22,471 Epoch: [6][180/200]	Time 0.266s (0.250s)	Speed 120.2 samples/s	Data 0.000s (0.008s)	Loss 0.01066 (0.01600)
2022-11-21 17:43:24,855 Epoch: [6][190/200]	Time 0.224s (0.249s)	Speed 142.8 samples/s	Data 0.000s (0.008s)	Loss 0.01634 (0.01595)
2022-11-21 17:43:28,470 Test: [0/200]	Time 1.250 (1.250)	Loss 0.0626 (0.0626)
2022-11-21 17:43:28,673 Test: [10/200]	Time 0.022 (0.132)	Loss 0.0139 (0.0546)
2022-11-21 17:43:28,878 Test: [20/200]	Time 0.017 (0.079)	Loss 0.0426 (0.0591)
2022-11-21 17:43:29,076 Test: [30/200]	Time 0.019 (0.060)	Loss 0.0777 (0.0632)
2022-11-21 17:43:29,263 Test: [40/200]	Time 0.022 (0.050)	Loss 0.0434 (0.0649)
2022-11-21 17:43:29,470 Test: [50/200]	Time 0.020 (0.044)	Loss 0.0854 (0.0652)
2022-11-21 17:43:29,668 Test: [60/200]	Time 0.017 (0.040)	Loss 0.0804 (0.0673)
2022-11-21 17:43:29,855 Test: [70/200]	Time 0.020 (0.037)	Loss 0.0526 (0.0668)
2022-11-21 17:43:30,056 Test: [80/200]	Time 0.019 (0.035)	Loss 0.0971 (0.0654)
2022-11-21 17:43:30,254 Test: [90/200]	Time 0.022 (0.033)	Loss 0.1114 (0.0678)
2022-11-21 17:43:30,482 Test: [100/200]	Time 0.019 (0.032)	Loss 0.0860 (0.0676)
2022-11-21 17:43:30,680 Test: [110/200]	Time 0.018 (0.031)	Loss 0.1476 (0.0683)
2022-11-21 17:43:30,869 Test: [120/200]	Time 0.018 (0.030)	Loss 0.0669 (0.0665)
2022-11-21 17:43:31,063 Test: [130/200]	Time 0.018 (0.029)	Loss 0.0469 (0.0664)
2022-11-21 17:43:31,249 Test: [140/200]	Time 0.022 (0.029)	Loss 0.0669 (0.0658)
2022-11-21 17:43:31,480 Test: [150/200]	Time 0.024 (0.028)	Loss 0.0550 (0.0650)
2022-11-21 17:43:31,680 Test: [160/200]	Time 0.018 (0.028)	Loss 0.0712 (0.0651)
2022-11-21 17:43:31,859 Test: [170/200]	Time 0.017 (0.027)	Loss 0.0730 (0.0645)
2022-11-21 17:43:32,069 Test: [180/200]	Time 0.020 (0.027)	Loss 0.0402 (0.0641)
2022-11-21 17:43:32,268 Test: [190/200]	Time 0.021 (0.026)	Loss 0.0333 (0.0640)
2022-11-21 17:43:33,418 Mean IoU score: 0.847
2022-11-21 17:43:33,418 => saving checkpoint to out
2022-11-21 17:43:35,186 Epoch: [7][0/200]	Time 1.744s (1.744s)	Speed 18.4 samples/s	Data 1.416s (1.416s)	Loss 0.01414 (0.01414)
2022-11-21 17:43:37,672 Epoch: [7][10/200]	Time 0.256s (0.385s)	Speed 124.8 samples/s	Data 0.000s (0.129s)	Loss 0.01364 (0.01490)
2022-11-21 17:43:40,085 Epoch: [7][20/200]	Time 0.250s (0.316s)	Speed 127.9 samples/s	Data 0.001s (0.068s)	Loss 0.01672 (0.01481)
2022-11-21 17:43:42,515 Epoch: [7][30/200]	Time 0.261s (0.293s)	Speed 122.4 samples/s	Data 0.000s (0.046s)	Loss 0.01518 (0.01433)
2022-11-21 17:43:44,944 Epoch: [7][40/200]	Time 0.248s (0.281s)	Speed 129.2 samples/s	Data 0.000s (0.035s)	Loss 0.01070 (0.01421)
2022-11-21 17:43:47,365 Epoch: [7][50/200]	Time 0.246s (0.273s)	Speed 130.1 samples/s	Data 0.000s (0.028s)	Loss 0.01284 (0.01401)
2022-11-21 17:43:49,773 Epoch: [7][60/200]	Time 0.216s (0.268s)	Speed 148.5 samples/s	Data 0.001s (0.024s)	Loss 0.01245 (0.01391)
2022-11-21 17:43:52,118 Epoch: [7][70/200]	Time 0.228s (0.263s)	Speed 140.4 samples/s	Data 0.001s (0.020s)	Loss 0.01096 (0.01371)
2022-11-21 17:43:54,526 Epoch: [7][80/200]	Time 0.259s (0.260s)	Speed 123.6 samples/s	Data 0.000s (0.018s)	Loss 0.01165 (0.01365)
2022-11-21 17:43:56,903 Epoch: [7][90/200]	Time 0.227s (0.258s)	Speed 141.0 samples/s	Data 0.001s (0.016s)	Loss 0.01492 (0.01349)
2022-11-21 17:43:59,287 Epoch: [7][100/200]	Time 0.225s (0.256s)	Speed 142.5 samples/s	Data 0.000s (0.014s)	Loss 0.01488 (0.01351)
2022-11-21 17:44:01,688 Epoch: [7][110/200]	Time 0.252s (0.254s)	Speed 127.1 samples/s	Data 0.001s (0.013s)	Loss 0.00958 (0.01345)
2022-11-21 17:44:04,066 Epoch: [7][120/200]	Time 0.243s (0.253s)	Speed 131.8 samples/s	Data 0.000s (0.012s)	Loss 0.01241 (0.01351)
2022-11-21 17:44:06,431 Epoch: [7][130/200]	Time 0.263s (0.252s)	Speed 121.7 samples/s	Data 0.000s (0.011s)	Loss 0.01175 (0.01348)
2022-11-21 17:44:08,834 Epoch: [7][140/200]	Time 0.220s (0.251s)	Speed 145.5 samples/s	Data 0.000s (0.010s)	Loss 0.01572 (0.01341)
2022-11-21 17:44:11,176 Epoch: [7][150/200]	Time 0.210s (0.250s)	Speed 152.7 samples/s	Data 0.001s (0.010s)	Loss 0.01059 (0.01332)
2022-11-21 17:44:13,578 Epoch: [7][160/200]	Time 0.254s (0.249s)	Speed 126.2 samples/s	Data 0.000s (0.009s)	Loss 0.01556 (0.01326)
2022-11-21 17:44:15,908 Epoch: [7][170/200]	Time 0.219s (0.248s)	Speed 146.1 samples/s	Data 0.001s (0.009s)	Loss 0.01441 (0.01328)
2022-11-21 17:44:18,332 Epoch: [7][180/200]	Time 0.252s (0.248s)	Speed 126.9 samples/s	Data 0.001s (0.008s)	Loss 0.01179 (0.01327)
2022-11-21 17:44:20,676 Epoch: [7][190/200]	Time 0.229s (0.247s)	Speed 139.8 samples/s	Data 0.001s (0.008s)	Loss 0.01227 (0.01330)
2022-11-21 17:44:24,299 Test: [0/200]	Time 1.219 (1.219)	Loss 0.0580 (0.0580)
2022-11-21 17:44:24,488 Test: [10/200]	Time 0.017 (0.128)	Loss 0.0220 (0.0573)
2022-11-21 17:44:24,686 Test: [20/200]	Time 0.017 (0.076)	Loss 0.0344 (0.0579)
2022-11-21 17:44:24,878 Test: [30/200]	Time 0.018 (0.058)	Loss 0.0918 (0.0616)
2022-11-21 17:44:25,069 Test: [40/200]	Time 0.019 (0.048)	Loss 0.0443 (0.0628)
2022-11-21 17:44:25,243 Test: [50/200]	Time 0.019 (0.042)	Loss 0.0972 (0.0624)
2022-11-21 17:44:25,445 Test: [60/200]	Time 0.020 (0.039)	Loss 0.0901 (0.0656)
2022-11-21 17:44:25,635 Test: [70/200]	Time 0.017 (0.036)	Loss 0.0567 (0.0661)
2022-11-21 17:44:25,813 Test: [80/200]	Time 0.016 (0.034)	Loss 0.0656 (0.0642)
2022-11-21 17:44:26,007 Test: [90/200]	Time 0.022 (0.032)	Loss 0.1238 (0.0660)
2022-11-21 17:44:26,194 Test: [100/200]	Time 0.017 (0.031)	Loss 0.0966 (0.0658)
2022-11-21 17:44:26,422 Test: [110/200]	Time 0.039 (0.030)	Loss 0.1596 (0.0669)
2022-11-21 17:44:26,639 Test: [120/200]	Time 0.021 (0.029)	Loss 0.0732 (0.0650)
2022-11-21 17:44:26,833 Test: [130/200]	Time 0.019 (0.029)	Loss 0.0429 (0.0649)
2022-11-21 17:44:27,031 Test: [140/200]	Time 0.018 (0.028)	Loss 0.0651 (0.0644)
2022-11-21 17:44:27,222 Test: [150/200]	Time 0.016 (0.027)	Loss 0.0560 (0.0633)
2022-11-21 17:44:27,426 Test: [160/200]	Time 0.019 (0.027)	Loss 0.0708 (0.0634)
2022-11-21 17:44:27,640 Test: [170/200]	Time 0.022 (0.027)	Loss 0.0582 (0.0627)
2022-11-21 17:44:27,831 Test: [180/200]	Time 0.018 (0.026)	Loss 0.0326 (0.0623)
2022-11-21 17:44:28,019 Test: [190/200]	Time 0.020 (0.026)	Loss 0.0293 (0.0622)
2022-11-21 17:44:29,144 Mean IoU score: 0.852
2022-11-21 17:44:29,144 => saving checkpoint to out
2022-11-21 17:44:30,956 Epoch: [8][0/200]	Time 1.789s (1.789s)	Speed 17.9 samples/s	Data 1.436s (1.436s)	Loss 0.01130 (0.01130)
2022-11-21 17:44:33,384 Epoch: [8][10/200]	Time 0.244s (0.383s)	Speed 131.1 samples/s	Data 0.000s (0.131s)	Loss 0.01004 (0.01152)
2022-11-21 17:44:35,765 Epoch: [8][20/200]	Time 0.225s (0.314s)	Speed 142.2 samples/s	Data 0.000s (0.069s)	Loss 0.01112 (0.01189)
2022-11-21 17:44:38,231 Epoch: [8][30/200]	Time 0.227s (0.292s)	Speed 141.1 samples/s	Data 0.000s (0.047s)	Loss 0.01173 (0.01192)
2022-11-21 17:44:40,684 Epoch: [8][40/200]	Time 0.248s (0.281s)	Speed 128.9 samples/s	Data 0.000s (0.035s)	Loss 0.00906 (0.01180)
2022-11-21 17:44:43,110 Epoch: [8][50/200]	Time 0.245s (0.273s)	Speed 130.6 samples/s	Data 0.000s (0.029s)	Loss 0.01178 (0.01195)
2022-11-21 17:44:45,512 Epoch: [8][60/200]	Time 0.260s (0.268s)	Speed 123.0 samples/s	Data 0.001s (0.024s)	Loss 0.01350 (0.01189)
2022-11-21 17:44:47,916 Epoch: [8][70/200]	Time 0.230s (0.264s)	Speed 139.1 samples/s	Data 0.000s (0.021s)	Loss 0.01182 (0.01178)
2022-11-21 17:44:50,275 Epoch: [8][80/200]	Time 0.236s (0.261s)	Speed 135.8 samples/s	Data 0.000s (0.018s)	Loss 0.00885 (0.01170)
2022-11-21 17:44:52,672 Epoch: [8][90/200]	Time 0.253s (0.258s)	Speed 126.7 samples/s	Data 0.001s (0.016s)	Loss 0.00899 (0.01157)
2022-11-21 17:44:55,028 Epoch: [8][100/200]	Time 0.230s (0.256s)	Speed 139.1 samples/s	Data 0.001s (0.015s)	Loss 0.01102 (0.01156)
2022-11-21 17:44:57,400 Epoch: [8][110/200]	Time 0.252s (0.254s)	Speed 126.9 samples/s	Data 0.000s (0.013s)	Loss 0.01427 (0.01157)
2022-11-21 17:44:59,789 Epoch: [8][120/200]	Time 0.222s (0.253s)	Speed 144.0 samples/s	Data 0.000s (0.012s)	Loss 0.01191 (0.01165)
2022-11-21 17:45:02,167 Epoch: [8][130/200]	Time 0.230s (0.252s)	Speed 139.3 samples/s	Data 0.000s (0.011s)	Loss 0.00820 (0.01166)
2022-11-21 17:45:04,566 Epoch: [8][140/200]	Time 0.241s (0.251s)	Speed 133.1 samples/s	Data 0.000s (0.011s)	Loss 0.01359 (0.01170)
2022-11-21 17:45:06,906 Epoch: [8][150/200]	Time 0.236s (0.250s)	Speed 135.5 samples/s	Data 0.000s (0.010s)	Loss 0.01043 (0.01165)
2022-11-21 17:45:09,411 Epoch: [8][160/200]	Time 0.265s (0.250s)	Speed 120.8 samples/s	Data 0.000s (0.009s)	Loss 0.01219 (0.01167)
2022-11-21 17:45:11,812 Epoch: [8][170/200]	Time 0.234s (0.249s)	Speed 136.8 samples/s	Data 0.000s (0.009s)	Loss 0.01069 (0.01167)
2022-11-21 17:45:14,213 Epoch: [8][180/200]	Time 0.249s (0.249s)	Speed 128.7 samples/s	Data 0.000s (0.008s)	Loss 0.01302 (0.01166)
2022-11-21 17:45:16,612 Epoch: [8][190/200]	Time 0.271s (0.248s)	Speed 118.0 samples/s	Data 0.000s (0.008s)	Loss 0.01282 (0.01163)
2022-11-21 17:45:20,195 Test: [0/200]	Time 1.232 (1.232)	Loss 0.0591 (0.0591)
2022-11-21 17:45:20,392 Test: [10/200]	Time 0.019 (0.130)	Loss 0.0157 (0.0529)
2022-11-21 17:45:20,596 Test: [20/200]	Time 0.021 (0.078)	Loss 0.0262 (0.0531)
2022-11-21 17:45:20,791 Test: [30/200]	Time 0.017 (0.059)	Loss 0.0736 (0.0562)
2022-11-21 17:45:20,982 Test: [40/200]	Time 0.018 (0.049)	Loss 0.0539 (0.0586)
2022-11-21 17:45:21,159 Test: [50/200]	Time 0.015 (0.043)	Loss 0.0799 (0.0582)
2022-11-21 17:45:21,348 Test: [60/200]	Time 0.022 (0.039)	Loss 0.0761 (0.0612)
2022-11-21 17:45:21,567 Test: [70/200]	Time 0.019 (0.037)	Loss 0.0481 (0.0617)
2022-11-21 17:45:21,754 Test: [80/200]	Time 0.018 (0.034)	Loss 0.0582 (0.0596)
2022-11-21 17:45:21,961 Test: [90/200]	Time 0.018 (0.033)	Loss 0.1029 (0.0617)
2022-11-21 17:45:22,153 Test: [100/200]	Time 0.017 (0.032)	Loss 0.0808 (0.0612)
2022-11-21 17:45:22,352 Test: [110/200]	Time 0.020 (0.031)	Loss 0.1531 (0.0624)
2022-11-21 17:45:22,568 Test: [120/200]	Time 0.021 (0.030)	Loss 0.0594 (0.0610)
2022-11-21 17:45:22,773 Test: [130/200]	Time 0.019 (0.029)	Loss 0.0410 (0.0610)
2022-11-21 17:45:22,975 Test: [140/200]	Time 0.020 (0.028)	Loss 0.0660 (0.0608)
2022-11-21 17:45:23,170 Test: [150/200]	Time 0.017 (0.028)	Loss 0.0569 (0.0599)
2022-11-21 17:45:23,381 Test: [160/200]	Time 0.022 (0.027)	Loss 0.0704 (0.0601)
2022-11-21 17:45:23,579 Test: [170/200]	Time 0.017 (0.027)	Loss 0.0609 (0.0595)
2022-11-21 17:45:23,769 Test: [180/200]	Time 0.018 (0.027)	Loss 0.0344 (0.0591)
2022-11-21 17:45:23,960 Test: [190/200]	Time 0.019 (0.026)	Loss 0.0288 (0.0590)
2022-11-21 17:45:25,061 Mean IoU score: 0.858
2022-11-21 17:45:25,062 => saving checkpoint to out
2022-11-21 17:45:26,866 Epoch: [9][0/200]	Time 1.782s (1.782s)	Speed 18.0 samples/s	Data 1.420s (1.420s)	Loss 0.01116 (0.01116)
2022-11-21 17:45:29,304 Epoch: [9][10/200]	Time 0.224s (0.384s)	Speed 142.9 samples/s	Data 0.000s (0.129s)	Loss 0.00974 (0.01050)
2022-11-21 17:45:31,688 Epoch: [9][20/200]	Time 0.237s (0.314s)	Speed 135.2 samples/s	Data 0.001s (0.068s)	Loss 0.01525 (0.01089)
2022-11-21 17:45:34,108 Epoch: [9][30/200]	Time 0.230s (0.291s)	Speed 138.8 samples/s	Data 0.000s (0.046s)	Loss 0.00992 (0.01093)
2022-11-21 17:45:36,493 Epoch: [9][40/200]	Time 0.267s (0.278s)	Speed 119.8 samples/s	Data 0.000s (0.035s)	Loss 0.01048 (0.01094)
2022-11-21 17:45:38,883 Epoch: [9][50/200]	Time 0.218s (0.271s)	Speed 146.5 samples/s	Data 0.000s (0.028s)	Loss 0.00735 (0.01073)
2022-11-21 17:45:41,286 Epoch: [9][60/200]	Time 0.247s (0.266s)	Speed 129.6 samples/s	Data 0.000s (0.024s)	Loss 0.01102 (0.01056)
2022-11-21 17:45:43,643 Epoch: [9][70/200]	Time 0.237s (0.261s)	Speed 134.8 samples/s	Data 0.000s (0.020s)	Loss 0.01096 (0.01061)
2022-11-21 17:45:45,966 Epoch: [9][80/200]	Time 0.212s (0.258s)	Speed 150.9 samples/s	Data 0.000s (0.018s)	Loss 0.00761 (0.01062)
2022-11-21 17:45:48,424 Epoch: [9][90/200]	Time 0.264s (0.256s)	Speed 121.4 samples/s	Data 0.000s (0.016s)	Loss 0.01103 (0.01053)
2022-11-21 17:45:50,785 Epoch: [9][100/200]	Time 0.235s (0.254s)	Speed 136.2 samples/s	Data 0.000s (0.014s)	Loss 0.01522 (0.01057)
2022-11-21 17:45:53,162 Epoch: [9][110/200]	Time 0.234s (0.253s)	Speed 137.0 samples/s	Data 0.001s (0.013s)	Loss 0.01139 (0.01055)
2022-11-21 17:45:55,559 Epoch: [9][120/200]	Time 0.254s (0.252s)	Speed 126.0 samples/s	Data 0.001s (0.012s)	Loss 0.00949 (0.01048)
2022-11-21 17:45:57,911 Epoch: [9][130/200]	Time 0.205s (0.251s)	Speed 156.1 samples/s	Data 0.001s (0.011s)	Loss 0.00814 (0.01052)
2022-11-21 17:46:00,229 Epoch: [9][140/200]	Time 0.242s (0.249s)	Speed 132.3 samples/s	Data 0.000s (0.010s)	Loss 0.01092 (0.01052)
2022-11-21 17:46:02,626 Epoch: [9][150/200]	Time 0.254s (0.249s)	Speed 125.8 samples/s	Data 0.000s (0.010s)	Loss 0.00833 (0.01052)
2022-11-21 17:46:04,966 Epoch: [9][160/200]	Time 0.243s (0.248s)	Speed 131.6 samples/s	Data 0.000s (0.009s)	Loss 0.01110 (0.01051)
2022-11-21 17:46:07,330 Epoch: [9][170/200]	Time 0.245s (0.247s)	Speed 130.5 samples/s	Data 0.000s (0.009s)	Loss 0.01034 (0.01046)
2022-11-21 17:46:09,718 Epoch: [9][180/200]	Time 0.214s (0.247s)	Speed 149.5 samples/s	Data 0.000s (0.008s)	Loss 0.00941 (0.01044)
2022-11-21 17:46:12,076 Epoch: [9][190/200]	Time 0.224s (0.246s)	Speed 142.7 samples/s	Data 0.001s (0.008s)	Loss 0.00795 (0.01040)
2022-11-21 17:46:15,659 Test: [0/200]	Time 1.219 (1.219)	Loss 0.0614 (0.0614)
2022-11-21 17:46:15,854 Test: [10/200]	Time 0.017 (0.129)	Loss 0.0227 (0.0532)
2022-11-21 17:46:16,056 Test: [20/200]	Time 0.019 (0.077)	Loss 0.0311 (0.0552)
2022-11-21 17:46:16,245 Test: [30/200]	Time 0.015 (0.058)	Loss 0.0618 (0.0592)
2022-11-21 17:46:16,453 Test: [40/200]	Time 0.024 (0.049)	Loss 0.0547 (0.0616)
2022-11-21 17:46:16,673 Test: [50/200]	Time 0.020 (0.044)	Loss 0.0995 (0.0608)
2022-11-21 17:46:16,881 Test: [60/200]	Time 0.019 (0.040)	Loss 0.0720 (0.0630)
2022-11-21 17:46:17,077 Test: [70/200]	Time 0.018 (0.037)	Loss 0.0452 (0.0631)
2022-11-21 17:46:17,273 Test: [80/200]	Time 0.021 (0.035)	Loss 0.0552 (0.0609)
2022-11-21 17:46:17,488 Test: [90/200]	Time 0.020 (0.033)	Loss 0.1048 (0.0628)
2022-11-21 17:46:17,705 Test: [100/200]	Time 0.022 (0.032)	Loss 0.0781 (0.0626)
2022-11-21 17:46:17,889 Test: [110/200]	Time 0.017 (0.031)	Loss 0.1345 (0.0634)
2022-11-21 17:46:18,082 Test: [120/200]	Time 0.017 (0.030)	Loss 0.0539 (0.0618)
2022-11-21 17:46:18,257 Test: [130/200]	Time 0.019 (0.029)	Loss 0.0445 (0.0617)
2022-11-21 17:46:18,462 Test: [140/200]	Time 0.020 (0.029)	Loss 0.0617 (0.0611)
2022-11-21 17:46:18,674 Test: [150/200]	Time 0.018 (0.028)	Loss 0.0495 (0.0602)
2022-11-21 17:46:18,872 Test: [160/200]	Time 0.018 (0.028)	Loss 0.0812 (0.0603)
2022-11-21 17:46:19,067 Test: [170/200]	Time 0.017 (0.027)	Loss 0.0609 (0.0598)
2022-11-21 17:46:19,238 Test: [180/200]	Time 0.017 (0.027)	Loss 0.0404 (0.0594)
2022-11-21 17:46:19,449 Test: [190/200]	Time 0.022 (0.026)	Loss 0.0306 (0.0592)
2022-11-21 17:46:20,543 Mean IoU score: 0.859
2022-11-21 17:46:20,543 => saving checkpoint to out
2022-11-21 17:46:22,194 Epoch: [10][0/200]	Time 1.625s (1.625s)	Speed 19.7 samples/s	Data 1.330s (1.330s)	Loss 0.00742 (0.00742)
2022-11-21 17:46:24,703 Epoch: [10][10/200]	Time 0.251s (0.376s)	Speed 127.4 samples/s	Data 0.000s (0.121s)	Loss 0.00820 (0.00910)
2022-11-21 17:46:27,126 Epoch: [10][20/200]	Time 0.253s (0.312s)	Speed 126.5 samples/s	Data 0.000s (0.064s)	Loss 0.00890 (0.00883)
2022-11-21 17:46:29,533 Epoch: [10][30/200]	Time 0.241s (0.289s)	Speed 132.8 samples/s	Data 0.000s (0.043s)	Loss 0.01052 (0.00921)
2022-11-21 17:46:31,921 Epoch: [10][40/200]	Time 0.217s (0.277s)	Speed 147.5 samples/s	Data 0.000s (0.033s)	Loss 0.00843 (0.00956)
2022-11-21 17:46:34,277 Epoch: [10][50/200]	Time 0.230s (0.269s)	Speed 139.0 samples/s	Data 0.001s (0.026s)	Loss 0.01295 (0.00965)
2022-11-21 17:46:36,663 Epoch: [10][60/200]	Time 0.263s (0.264s)	Speed 121.9 samples/s	Data 0.000s (0.022s)	Loss 0.01357 (0.00972)
2022-11-21 17:46:39,024 Epoch: [10][70/200]	Time 0.239s (0.260s)	Speed 133.9 samples/s	Data 0.000s (0.019s)	Loss 0.00866 (0.00974)
2022-11-21 17:46:41,410 Epoch: [10][80/200]	Time 0.253s (0.257s)	Speed 126.5 samples/s	Data 0.001s (0.017s)	Loss 0.01087 (0.00978)
2022-11-21 17:46:43,767 Epoch: [10][90/200]	Time 0.218s (0.255s)	Speed 146.8 samples/s	Data 0.000s (0.015s)	Loss 0.00759 (0.00976)
2022-11-21 17:46:46,108 Epoch: [10][100/200]	Time 0.242s (0.253s)	Speed 132.1 samples/s	Data 0.001s (0.014s)	Loss 0.00886 (0.00982)
2022-11-21 17:46:48,476 Epoch: [10][110/200]	Time 0.246s (0.251s)	Speed 130.2 samples/s	Data 0.000s (0.012s)	Loss 0.00828 (0.00981)
2022-11-21 17:46:50,778 Epoch: [10][120/200]	Time 0.227s (0.250s)	Speed 141.0 samples/s	Data 0.001s (0.011s)	Loss 0.01144 (0.00993)
2022-11-21 17:46:53,146 Epoch: [10][130/200]	Time 0.248s (0.249s)	Speed 129.2 samples/s	Data 0.001s (0.011s)	Loss 0.01027 (0.00997)
2022-11-21 17:46:55,475 Epoch: [10][140/200]	Time 0.268s (0.248s)	Speed 119.4 samples/s	Data 0.000s (0.010s)	Loss 0.00974 (0.00999)
2022-11-21 17:46:57,845 Epoch: [10][150/200]	Time 0.248s (0.247s)	Speed 128.9 samples/s	Data 0.000s (0.009s)	Loss 0.00992 (0.00998)
2022-11-21 17:47:00,184 Epoch: [10][160/200]	Time 0.229s (0.246s)	Speed 139.5 samples/s	Data 0.000s (0.009s)	Loss 0.00912 (0.01000)
2022-11-21 17:47:02,563 Epoch: [10][170/200]	Time 0.236s (0.246s)	Speed 135.8 samples/s	Data 0.000s (0.008s)	Loss 0.01198 (0.01003)
2022-11-21 17:47:04,915 Epoch: [10][180/200]	Time 0.222s (0.245s)	Speed 144.1 samples/s	Data 0.001s (0.008s)	Loss 0.00910 (0.00998)
2022-11-21 17:47:07,316 Epoch: [10][190/200]	Time 0.247s (0.245s)	Speed 129.6 samples/s	Data 0.000s (0.007s)	Loss 0.00969 (0.00995)
2022-11-21 17:47:10,953 Test: [0/200]	Time 1.218 (1.218)	Loss 0.0647 (0.0647)
2022-11-21 17:47:11,150 Test: [10/200]	Time 0.020 (0.129)	Loss 0.0246 (0.0526)
2022-11-21 17:47:11,354 Test: [20/200]	Time 0.022 (0.077)	Loss 0.0278 (0.0536)
2022-11-21 17:47:11,569 Test: [30/200]	Time 0.018 (0.059)	Loss 0.0713 (0.0571)
2022-11-21 17:47:11,767 Test: [40/200]	Time 0.032 (0.050)	Loss 0.0611 (0.0597)
2022-11-21 17:47:11,954 Test: [50/200]	Time 0.017 (0.044)	Loss 0.0787 (0.0585)
2022-11-21 17:47:12,143 Test: [60/200]	Time 0.018 (0.039)	Loss 0.0808 (0.0616)
2022-11-21 17:47:12,320 Test: [70/200]	Time 0.019 (0.036)	Loss 0.0441 (0.0619)
2022-11-21 17:47:12,523 Test: [80/200]	Time 0.019 (0.034)	Loss 0.0641 (0.0599)
2022-11-21 17:47:12,725 Test: [90/200]	Time 0.018 (0.033)	Loss 0.0764 (0.0618)
2022-11-21 17:47:12,908 Test: [100/200]	Time 0.017 (0.031)	Loss 0.0808 (0.0618)
2022-11-21 17:47:13,105 Test: [110/200]	Time 0.031 (0.030)	Loss 0.1545 (0.0630)
2022-11-21 17:47:13,286 Test: [120/200]	Time 0.021 (0.029)	Loss 0.0636 (0.0613)
2022-11-21 17:47:13,490 Test: [130/200]	Time 0.019 (0.029)	Loss 0.0374 (0.0611)
2022-11-21 17:47:13,672 Test: [140/200]	Time 0.017 (0.028)	Loss 0.0643 (0.0606)
2022-11-21 17:47:13,867 Test: [150/200]	Time 0.019 (0.027)	Loss 0.0490 (0.0596)
2022-11-21 17:47:14,054 Test: [160/200]	Time 0.017 (0.027)	Loss 0.0618 (0.0599)
2022-11-21 17:47:14,228 Test: [170/200]	Time 0.019 (0.026)	Loss 0.0535 (0.0594)
2022-11-21 17:47:14,443 Test: [180/200]	Time 0.021 (0.026)	Loss 0.0316 (0.0590)
2022-11-21 17:47:14,638 Test: [190/200]	Time 0.019 (0.026)	Loss 0.0262 (0.0587)
2022-11-21 17:47:15,735 Mean IoU score: 0.861
2022-11-21 17:47:15,735 => saving checkpoint to out
2022-11-21 17:47:17,494 Epoch: [11][0/200]	Time 1.736s (1.736s)	Speed 18.4 samples/s	Data 1.396s (1.396s)	Loss 0.00799 (0.00799)
2022-11-21 17:47:19,935 Epoch: [11][10/200]	Time 0.229s (0.380s)	Speed 139.7 samples/s	Data 0.001s (0.127s)	Loss 0.00932 (0.00837)
2022-11-21 17:47:22,308 Epoch: [11][20/200]	Time 0.242s (0.312s)	Speed 132.0 samples/s	Data 0.000s (0.067s)	Loss 0.01147 (0.00856)
2022-11-21 17:47:24,678 Epoch: [11][30/200]	Time 0.228s (0.288s)	Speed 140.4 samples/s	Data 0.001s (0.045s)	Loss 0.00831 (0.00874)
2022-11-21 17:47:27,074 Epoch: [11][40/200]	Time 0.246s (0.276s)	Speed 130.0 samples/s	Data 0.000s (0.035s)	Loss 0.01236 (0.00890)
2022-11-21 17:47:29,472 Epoch: [11][50/200]	Time 0.255s (0.269s)	Speed 125.7 samples/s	Data 0.001s (0.028s)	Loss 0.00886 (0.00902)
2022-11-21 17:47:31,850 Epoch: [11][60/200]	Time 0.235s (0.264s)	Speed 136.2 samples/s	Data 0.001s (0.023s)	Loss 0.01076 (0.00911)
2022-11-21 17:47:34,212 Epoch: [11][70/200]	Time 0.216s (0.260s)	Speed 148.4 samples/s	Data 0.000s (0.020s)	Loss 0.00924 (0.00903)
2022-11-21 17:47:36,539 Epoch: [11][80/200]	Time 0.260s (0.257s)	Speed 122.8 samples/s	Data 0.000s (0.018s)	Loss 0.00934 (0.00904)
2022-11-21 17:47:38,953 Epoch: [11][90/200]	Time 0.233s (0.255s)	Speed 137.2 samples/s	Data 0.001s (0.016s)	Loss 0.00884 (0.00907)
2022-11-21 17:47:41,274 Epoch: [11][100/200]	Time 0.231s (0.253s)	Speed 138.3 samples/s	Data 0.001s (0.014s)	Loss 0.00971 (0.00913)
2022-11-21 17:47:43,688 Epoch: [11][110/200]	Time 0.217s (0.252s)	Speed 147.7 samples/s	Data 0.000s (0.013s)	Loss 0.01076 (0.00912)
2022-11-21 17:47:46,008 Epoch: [11][120/200]	Time 0.224s (0.250s)	Speed 142.8 samples/s	Data 0.001s (0.012s)	Loss 0.00793 (0.00913)
2022-11-21 17:47:48,431 Epoch: [11][130/200]	Time 0.242s (0.249s)	Speed 132.2 samples/s	Data 0.000s (0.011s)	Loss 0.00924 (0.00913)
2022-11-21 17:47:50,752 Epoch: [11][140/200]	Time 0.225s (0.248s)	Speed 142.3 samples/s	Data 0.000s (0.010s)	Loss 0.01197 (0.00922)
2022-11-21 17:47:53,103 Epoch: [11][150/200]	Time 0.226s (0.247s)	Speed 141.6 samples/s	Data 0.000s (0.010s)	Loss 0.01112 (0.00922)
2022-11-21 17:47:55,465 Epoch: [11][160/200]	Time 0.254s (0.247s)	Speed 125.9 samples/s	Data 0.000s (0.009s)	Loss 0.01051 (0.00925)
2022-11-21 17:47:57,858 Epoch: [11][170/200]	Time 0.255s (0.246s)	Speed 125.4 samples/s	Data 0.001s (0.009s)	Loss 0.01069 (0.00930)
2022-11-21 17:48:00,165 Epoch: [11][180/200]	Time 0.242s (0.245s)	Speed 132.0 samples/s	Data 0.001s (0.008s)	Loss 0.00854 (0.00931)
2022-11-21 17:48:02,516 Epoch: [11][190/200]	Time 0.246s (0.245s)	Speed 130.2 samples/s	Data 0.000s (0.008s)	Loss 0.00947 (0.00933)
2022-11-21 17:48:06,124 Test: [0/200]	Time 1.245 (1.245)	Loss 0.0512 (0.0512)
2022-11-21 17:48:06,319 Test: [10/200]	Time 0.021 (0.131)	Loss 0.0260 (0.0642)
2022-11-21 17:48:06,529 Test: [20/200]	Time 0.020 (0.079)	Loss 0.0316 (0.0618)
2022-11-21 17:48:06,733 Test: [30/200]	Time 0.020 (0.060)	Loss 0.0793 (0.0648)
2022-11-21 17:48:06,913 Test: [40/200]	Time 0.016 (0.050)	Loss 0.0440 (0.0669)
2022-11-21 17:48:07,092 Test: [50/200]	Time 0.016 (0.043)	Loss 0.0925 (0.0662)
2022-11-21 17:48:07,286 Test: [60/200]	Time 0.020 (0.039)	Loss 0.0862 (0.0686)
2022-11-21 17:48:07,491 Test: [70/200]	Time 0.018 (0.037)	Loss 0.0493 (0.0692)
2022-11-21 17:48:07,693 Test: [80/200]	Time 0.020 (0.035)	Loss 0.0708 (0.0673)
2022-11-21 17:48:07,884 Test: [90/200]	Time 0.019 (0.033)	Loss 0.1138 (0.0691)
2022-11-21 17:48:08,071 Test: [100/200]	Time 0.017 (0.032)	Loss 0.0795 (0.0685)
2022-11-21 17:48:08,244 Test: [110/200]	Time 0.017 (0.030)	Loss 0.1620 (0.0702)
2022-11-21 17:48:08,443 Test: [120/200]	Time 0.022 (0.029)	Loss 0.0639 (0.0682)
2022-11-21 17:48:08,654 Test: [130/200]	Time 0.019 (0.029)	Loss 0.0428 (0.0684)
2022-11-21 17:48:08,855 Test: [140/200]	Time 0.019 (0.028)	Loss 0.0661 (0.0678)
2022-11-21 17:48:09,051 Test: [150/200]	Time 0.018 (0.028)	Loss 0.0753 (0.0670)
2022-11-21 17:48:09,225 Test: [160/200]	Time 0.017 (0.027)	Loss 0.0679 (0.0672)
2022-11-21 17:48:09,429 Test: [170/200]	Time 0.019 (0.027)	Loss 0.0942 (0.0668)
2022-11-21 17:48:09,612 Test: [180/200]	Time 0.017 (0.026)	Loss 0.0383 (0.0662)
2022-11-21 17:48:09,797 Test: [190/200]	Time 0.018 (0.026)	Loss 0.0286 (0.0663)
2022-11-21 17:48:10,920 Mean IoU score: 0.846
2022-11-21 17:48:10,921 => saving checkpoint to out
2022-11-21 17:48:12,692 Epoch: [12][0/200]	Time 1.747s (1.747s)	Speed 18.3 samples/s	Data 1.414s (1.414s)	Loss 0.01135 (0.01135)
2022-11-21 17:48:15,113 Epoch: [12][10/200]	Time 0.242s (0.379s)	Speed 132.4 samples/s	Data 0.001s (0.129s)	Loss 0.01069 (0.01057)
2022-11-21 17:48:17,484 Epoch: [12][20/200]	Time 0.246s (0.311s)	Speed 130.2 samples/s	Data 0.001s (0.068s)	Loss 0.01055 (0.00961)
2022-11-21 17:48:19,827 Epoch: [12][30/200]	Time 0.212s (0.287s)	Speed 150.9 samples/s	Data 0.000s (0.046s)	Loss 0.00952 (0.00941)
2022-11-21 17:48:22,191 Epoch: [12][40/200]	Time 0.241s (0.274s)	Speed 132.7 samples/s	Data 0.000s (0.035s)	Loss 0.01001 (0.00935)
2022-11-21 17:48:24,529 Epoch: [12][50/200]	Time 0.229s (0.266s)	Speed 139.5 samples/s	Data 0.001s (0.028s)	Loss 0.00886 (0.00931)
2022-11-21 17:48:26,876 Epoch: [12][60/200]	Time 0.230s (0.261s)	Speed 139.0 samples/s	Data 0.000s (0.024s)	Loss 0.00771 (0.00936)
2022-11-21 17:48:29,230 Epoch: [12][70/200]	Time 0.231s (0.258s)	Speed 138.5 samples/s	Data 0.001s (0.020s)	Loss 0.01046 (0.00935)
2022-11-21 17:48:31,621 Epoch: [12][80/200]	Time 0.250s (0.255s)	Speed 127.8 samples/s	Data 0.001s (0.018s)	Loss 0.00982 (0.00941)
2022-11-21 17:48:33,946 Epoch: [12][90/200]	Time 0.239s (0.253s)	Speed 133.9 samples/s	Data 0.000s (0.016s)	Loss 0.00755 (0.00943)
2022-11-21 17:48:36,233 Epoch: [12][100/200]	Time 0.219s (0.250s)	Speed 145.8 samples/s	Data 0.001s (0.014s)	Loss 0.01022 (0.00946)
2022-11-21 17:48:38,566 Epoch: [12][110/200]	Time 0.219s (0.249s)	Speed 146.4 samples/s	Data 0.001s (0.013s)	Loss 0.00912 (0.00960)
2022-11-21 17:48:40,929 Epoch: [12][120/200]	Time 0.228s (0.248s)	Speed 140.5 samples/s	Data 0.000s (0.012s)	Loss 0.01192 (0.00978)
2022-11-21 17:48:43,324 Epoch: [12][130/200]	Time 0.242s (0.247s)	Speed 132.1 samples/s	Data 0.000s (0.011s)	Loss 0.01200 (0.01007)
2022-11-21 17:48:45,615 Epoch: [12][140/200]	Time 0.221s (0.246s)	Speed 144.8 samples/s	Data 0.000s (0.010s)	Loss 0.01416 (0.01041)
2022-11-21 17:48:48,036 Epoch: [12][150/200]	Time 0.244s (0.246s)	Speed 131.2 samples/s	Data 0.001s (0.010s)	Loss 0.02115 (0.01090)
2022-11-21 17:48:50,434 Epoch: [12][160/200]	Time 0.255s (0.245s)	Speed 125.5 samples/s	Data 0.000s (0.009s)	Loss 0.02095 (0.01147)
2022-11-21 17:48:52,863 Epoch: [12][170/200]	Time 0.229s (0.245s)	Speed 139.9 samples/s	Data 0.000s (0.009s)	Loss 0.01752 (0.01216)
2022-11-21 17:48:55,212 Epoch: [12][180/200]	Time 0.223s (0.245s)	Speed 143.4 samples/s	Data 0.000s (0.008s)	Loss 0.01416 (0.01253)
2022-11-21 17:48:57,666 Epoch: [12][190/200]	Time 0.287s (0.245s)	Speed 111.6 samples/s	Data 0.001s (0.008s)	Loss 0.01446 (0.01281)
2022-11-21 17:49:01,262 Test: [0/200]	Time 1.213 (1.213)	Loss 0.1383 (0.1383)
2022-11-21 17:49:01,480 Test: [10/200]	Time 0.021 (0.130)	Loss 0.0589 (0.0988)
2022-11-21 17:49:01,692 Test: [20/200]	Time 0.018 (0.078)	Loss 0.0972 (0.1056)
2022-11-21 17:49:01,875 Test: [30/200]	Time 0.017 (0.059)	Loss 0.1598 (0.1161)
2022-11-21 17:49:02,075 Test: [40/200]	Time 0.019 (0.049)	Loss 0.1017 (0.1194)
2022-11-21 17:49:02,263 Test: [50/200]	Time 0.019 (0.043)	Loss 0.1346 (0.1212)
2022-11-21 17:49:02,470 Test: [60/200]	Time 0.019 (0.040)	Loss 0.1614 (0.1246)
2022-11-21 17:49:02,691 Test: [70/200]	Time 0.020 (0.037)	Loss 0.0920 (0.1238)
2022-11-21 17:49:02,900 Test: [80/200]	Time 0.020 (0.035)	Loss 0.1140 (0.1227)
2022-11-21 17:49:03,105 Test: [90/200]	Time 0.018 (0.034)	Loss 0.1889 (0.1252)
2022-11-21 17:49:03,306 Test: [100/200]	Time 0.022 (0.032)	Loss 0.1956 (0.1236)
2022-11-21 17:49:03,521 Test: [110/200]	Time 0.019 (0.031)	Loss 0.1861 (0.1253)
2022-11-21 17:49:03,710 Test: [120/200]	Time 0.019 (0.030)	Loss 0.1451 (0.1220)
2022-11-21 17:49:03,894 Test: [130/200]	Time 0.017 (0.029)	Loss 0.1012 (0.1230)
2022-11-21 17:49:04,089 Test: [140/200]	Time 0.019 (0.029)	Loss 0.0989 (0.1223)
2022-11-21 17:49:04,283 Test: [150/200]	Time 0.020 (0.028)	Loss 0.1299 (0.1209)
2022-11-21 17:49:04,504 Test: [160/200]	Time 0.022 (0.028)	Loss 0.1480 (0.1212)
2022-11-21 17:49:04,709 Test: [170/200]	Time 0.020 (0.027)	Loss 0.1485 (0.1196)
2022-11-21 17:49:04,899 Test: [180/200]	Time 0.018 (0.027)	Loss 0.0992 (0.1184)
2022-11-21 17:49:05,096 Test: [190/200]	Time 0.019 (0.026)	Loss 0.0576 (0.1181)
2022-11-21 17:49:06,235 Mean IoU score: 0.736
2022-11-21 17:49:06,236 => saving checkpoint to out
2022-11-21 17:49:08,009 Epoch: [13][0/200]	Time 1.751s (1.751s)	Speed 18.3 samples/s	Data 1.418s (1.418s)	Loss 0.01046 (0.01046)
2022-11-21 17:49:10,434 Epoch: [13][10/200]	Time 0.255s (0.380s)	Speed 125.5 samples/s	Data 0.000s (0.129s)	Loss 0.01588 (0.01675)
2022-11-21 17:49:12,940 Epoch: [13][20/200]	Time 0.251s (0.318s)	Speed 127.4 samples/s	Data 0.001s (0.068s)	Loss 0.01118 (0.01530)
2022-11-21 17:49:15,397 Epoch: [13][30/200]	Time 0.264s (0.295s)	Speed 121.1 samples/s	Data 0.000s (0.046s)	Loss 0.01283 (0.01543)
2022-11-21 17:49:17,856 Epoch: [13][40/200]	Time 0.257s (0.283s)	Speed 124.5 samples/s	Data 0.000s (0.035s)	Loss 0.01512 (0.01528)
2022-11-21 17:49:20,245 Epoch: [13][50/200]	Time 0.216s (0.274s)	Speed 148.2 samples/s	Data 0.000s (0.028s)	Loss 0.01582 (0.01497)
2022-11-21 17:49:22,732 Epoch: [13][60/200]	Time 0.263s (0.270s)	Speed 121.7 samples/s	Data 0.001s (0.024s)	Loss 0.01594 (0.01479)
2022-11-21 17:49:25,134 Epoch: [13][70/200]	Time 0.219s (0.266s)	Speed 146.0 samples/s	Data 0.000s (0.020s)	Loss 0.01406 (0.01441)
2022-11-21 17:49:27,546 Epoch: [13][80/200]	Time 0.260s (0.263s)	Speed 123.1 samples/s	Data 0.000s (0.018s)	Loss 0.01466 (0.01458)
2022-11-21 17:49:29,986 Epoch: [13][90/200]	Time 0.241s (0.261s)	Speed 132.6 samples/s	Data 0.000s (0.016s)	Loss 0.02091 (0.01482)
2022-11-21 17:49:32,388 Epoch: [13][100/200]	Time 0.238s (0.259s)	Speed 134.4 samples/s	Data 0.001s (0.014s)	Loss 0.01325 (0.01497)
2022-11-21 17:49:34,840 Epoch: [13][110/200]	Time 0.252s (0.257s)	Speed 126.9 samples/s	Data 0.001s (0.013s)	Loss 0.02151 (0.01526)
2022-11-21 17:49:37,249 Epoch: [13][120/200]	Time 0.230s (0.256s)	Speed 139.2 samples/s	Data 0.000s (0.012s)	Loss 0.01431 (0.01522)
2022-11-21 17:49:39,693 Epoch: [13][130/200]	Time 0.260s (0.255s)	Speed 123.3 samples/s	Data 0.001s (0.011s)	Loss 0.02045 (0.01524)
2022-11-21 17:49:42,093 Epoch: [13][140/200]	Time 0.233s (0.254s)	Speed 137.2 samples/s	Data 0.001s (0.010s)	Loss 0.01559 (0.01526)
2022-11-21 17:49:44,502 Epoch: [13][150/200]	Time 0.268s (0.253s)	Speed 119.2 samples/s	Data 0.000s (0.010s)	Loss 0.01050 (0.01518)
2022-11-21 17:49:46,902 Epoch: [13][160/200]	Time 0.242s (0.252s)	Speed 132.2 samples/s	Data 0.000s (0.009s)	Loss 0.01467 (0.01519)
2022-11-21 17:49:49,314 Epoch: [13][170/200]	Time 0.233s (0.252s)	Speed 137.3 samples/s	Data 0.001s (0.009s)	Loss 0.01817 (0.01515)
2022-11-21 17:49:51,765 Epoch: [13][180/200]	Time 0.271s (0.251s)	Speed 118.3 samples/s	Data 0.000s (0.008s)	Loss 0.01626 (0.01506)
2022-11-21 17:49:54,148 Epoch: [13][190/200]	Time 0.224s (0.251s)	Speed 142.7 samples/s	Data 0.000s (0.008s)	Loss 0.01220 (0.01498)
2022-11-21 17:49:57,804 Test: [0/200]	Time 1.230 (1.230)	Loss 0.0716 (0.0716)
2022-11-21 17:49:58,013 Test: [10/200]	Time 0.022 (0.131)	Loss 0.0143 (0.0516)
2022-11-21 17:49:58,208 Test: [20/200]	Time 0.018 (0.078)	Loss 0.0511 (0.0586)
2022-11-21 17:49:58,415 Test: [30/200]	Time 0.021 (0.059)	Loss 0.0618 (0.0659)
2022-11-21 17:49:58,620 Test: [40/200]	Time 0.018 (0.050)	Loss 0.0600 (0.0691)
2022-11-21 17:49:58,805 Test: [50/200]	Time 0.017 (0.044)	Loss 0.1102 (0.0685)
2022-11-21 17:49:59,004 Test: [60/200]	Time 0.022 (0.040)	Loss 0.1058 (0.0708)
2022-11-21 17:49:59,194 Test: [70/200]	Time 0.020 (0.037)	Loss 0.0631 (0.0702)
2022-11-21 17:49:59,416 Test: [80/200]	Time 0.022 (0.035)	Loss 0.0590 (0.0681)
2022-11-21 17:49:59,623 Test: [90/200]	Time 0.019 (0.034)	Loss 0.0817 (0.0700)
2022-11-21 17:49:59,814 Test: [100/200]	Time 0.017 (0.032)	Loss 0.0751 (0.0692)
2022-11-21 17:50:00,017 Test: [110/200]	Time 0.027 (0.031)	Loss 0.1893 (0.0701)
2022-11-21 17:50:00,199 Test: [120/200]	Time 0.018 (0.030)	Loss 0.0580 (0.0686)
2022-11-21 17:50:00,404 Test: [130/200]	Time 0.021 (0.029)	Loss 0.0491 (0.0687)
2022-11-21 17:50:00,628 Test: [140/200]	Time 0.019 (0.029)	Loss 0.0637 (0.0683)
2022-11-21 17:50:00,811 Test: [150/200]	Time 0.017 (0.028)	Loss 0.0589 (0.0675)
2022-11-21 17:50:01,003 Test: [160/200]	Time 0.021 (0.028)	Loss 0.0741 (0.0679)
2022-11-21 17:50:01,192 Test: [170/200]	Time 0.018 (0.027)	Loss 0.0381 (0.0673)
2022-11-21 17:50:01,406 Test: [180/200]	Time 0.024 (0.027)	Loss 0.0452 (0.0669)
2022-11-21 17:50:01,625 Test: [190/200]	Time 0.020 (0.026)	Loss 0.0297 (0.0670)
2022-11-21 17:50:02,759 Mean IoU score: 0.839
2022-11-21 17:50:02,760 => saving checkpoint to out
2022-11-21 17:50:04,491 Epoch: [14][0/200]	Time 1.703s (1.703s)	Speed 18.8 samples/s	Data 1.383s (1.383s)	Loss 0.00945 (0.00945)
2022-11-21 17:50:06,937 Epoch: [14][10/200]	Time 0.213s (0.377s)	Speed 150.5 samples/s	Data 0.001s (0.126s)	Loss 0.00858 (0.01099)
2022-11-21 17:50:09,457 Epoch: [14][20/200]	Time 0.269s (0.318s)	Speed 119.1 samples/s	Data 0.000s (0.066s)	Loss 0.01053 (0.01094)
2022-11-21 17:50:11,969 Epoch: [14][30/200]	Time 0.247s (0.296s)	Speed 129.3 samples/s	Data 0.000s (0.045s)	Loss 0.01106 (0.01064)
2022-11-21 17:50:14,428 Epoch: [14][40/200]	Time 0.244s (0.284s)	Speed 131.4 samples/s	Data 0.000s (0.034s)	Loss 0.00902 (0.01080)
2022-11-21 17:50:16,856 Epoch: [14][50/200]	Time 0.243s (0.276s)	Speed 131.7 samples/s	Data 0.000s (0.027s)	Loss 0.01190 (0.01080)
2022-11-21 17:50:19,275 Epoch: [14][60/200]	Time 0.239s (0.270s)	Speed 134.0 samples/s	Data 0.000s (0.023s)	Loss 0.00905 (0.01076)
2022-11-21 17:50:21,742 Epoch: [14][70/200]	Time 0.258s (0.267s)	Speed 124.1 samples/s	Data 0.001s (0.020s)	Loss 0.01137 (0.01079)
2022-11-21 17:50:24,098 Epoch: [14][80/200]	Time 0.228s (0.263s)	Speed 140.4 samples/s	Data 0.000s (0.017s)	Loss 0.01138 (0.01070)
2022-11-21 17:50:26,497 Epoch: [14][90/200]	Time 0.259s (0.261s)	Speed 123.6 samples/s	Data 0.000s (0.016s)	Loss 0.01188 (0.01080)
2022-11-21 17:50:28,924 Epoch: [14][100/200]	Time 0.211s (0.259s)	Speed 151.6 samples/s	Data 0.000s (0.014s)	Loss 0.01230 (0.01074)
2022-11-21 17:50:31,323 Epoch: [14][110/200]	Time 0.239s (0.257s)	Speed 133.7 samples/s	Data 0.001s (0.013s)	Loss 0.00765 (0.01074)
2022-11-21 17:50:33,777 Epoch: [14][120/200]	Time 0.243s (0.256s)	Speed 131.7 samples/s	Data 0.001s (0.012s)	Loss 0.00921 (0.01069)
2022-11-21 17:50:36,148 Epoch: [14][130/200]	Time 0.236s (0.255s)	Speed 135.5 samples/s	Data 0.001s (0.011s)	Loss 0.00813 (0.01058)
2022-11-21 17:50:38,595 Epoch: [14][140/200]	Time 0.262s (0.254s)	Speed 121.9 samples/s	Data 0.000s (0.010s)	Loss 0.00768 (0.01054)
2022-11-21 17:50:40,955 Epoch: [14][150/200]	Time 0.214s (0.253s)	Speed 149.2 samples/s	Data 0.000s (0.010s)	Loss 0.01807 (0.01055)
2022-11-21 17:50:43,415 Epoch: [14][160/200]	Time 0.270s (0.252s)	Speed 118.6 samples/s	Data 0.000s (0.009s)	Loss 0.01201 (0.01061)
2022-11-21 17:50:45,819 Epoch: [14][170/200]	Time 0.226s (0.252s)	Speed 141.6 samples/s	Data 0.000s (0.009s)	Loss 0.01222 (0.01065)
2022-11-21 17:50:48,208 Epoch: [14][180/200]	Time 0.224s (0.251s)	Speed 142.9 samples/s	Data 0.001s (0.008s)	Loss 0.01034 (0.01061)
2022-11-21 17:50:50,622 Epoch: [14][190/200]	Time 0.277s (0.250s)	Speed 115.5 samples/s	Data 0.000s (0.008s)	Loss 0.00977 (0.01058)
2022-11-21 17:50:54,241 Test: [0/200]	Time 1.232 (1.232)	Loss 0.0564 (0.0564)
2022-11-21 17:50:54,431 Test: [10/200]	Time 0.018 (0.129)	Loss 0.0069 (0.0513)
2022-11-21 17:50:54,624 Test: [20/200]	Time 0.016 (0.077)	Loss 0.0354 (0.0523)
2022-11-21 17:50:54,812 Test: [30/200]	Time 0.017 (0.058)	Loss 0.0740 (0.0587)
2022-11-21 17:50:54,998 Test: [40/200]	Time 0.018 (0.049)	Loss 0.0400 (0.0600)
2022-11-21 17:50:55,176 Test: [50/200]	Time 0.016 (0.043)	Loss 0.1152 (0.0601)
2022-11-21 17:50:55,365 Test: [60/200]	Time 0.020 (0.039)	Loss 0.0938 (0.0622)
2022-11-21 17:50:55,587 Test: [70/200]	Time 0.022 (0.036)	Loss 0.0430 (0.0625)
2022-11-21 17:50:55,792 Test: [80/200]	Time 0.019 (0.034)	Loss 0.0551 (0.0604)
2022-11-21 17:50:55,989 Test: [90/200]	Time 0.022 (0.033)	Loss 0.0838 (0.0617)
2022-11-21 17:50:56,187 Test: [100/200]	Time 0.019 (0.031)	Loss 0.0806 (0.0613)
2022-11-21 17:50:56,388 Test: [110/200]	Time 0.023 (0.030)	Loss 0.1370 (0.0620)
2022-11-21 17:50:56,601 Test: [120/200]	Time 0.018 (0.030)	Loss 0.0703 (0.0606)
2022-11-21 17:50:56,814 Test: [130/200]	Time 0.017 (0.029)	Loss 0.0390 (0.0603)
2022-11-21 17:50:57,014 Test: [140/200]	Time 0.019 (0.028)	Loss 0.0500 (0.0600)
2022-11-21 17:50:57,200 Test: [150/200]	Time 0.019 (0.028)	Loss 0.0553 (0.0589)
2022-11-21 17:50:57,409 Test: [160/200]	Time 0.022 (0.027)	Loss 0.0549 (0.0590)
2022-11-21 17:50:57,624 Test: [170/200]	Time 0.019 (0.027)	Loss 0.0617 (0.0585)
2022-11-21 17:50:57,815 Test: [180/200]	Time 0.017 (0.027)	Loss 0.0401 (0.0580)
2022-11-21 17:50:58,014 Test: [190/200]	Time 0.021 (0.026)	Loss 0.0232 (0.0581)
2022-11-21 17:50:59,127 Mean IoU score: 0.859
2022-11-21 17:50:59,128 => saving checkpoint to out
2022-11-21 17:51:00,902 Epoch: [15][0/200]	Time 1.754s (1.754s)	Speed 18.2 samples/s	Data 1.401s (1.401s)	Loss 0.00837 (0.00837)
2022-11-21 17:51:03,322 Epoch: [15][10/200]	Time 0.246s (0.379s)	Speed 130.1 samples/s	Data 0.001s (0.128s)	Loss 0.01038 (0.00929)
2022-11-21 17:51:05,769 Epoch: [15][20/200]	Time 0.250s (0.315s)	Speed 127.8 samples/s	Data 0.001s (0.067s)	Loss 0.00851 (0.00945)
2022-11-21 17:51:08,211 Epoch: [15][30/200]	Time 0.241s (0.292s)	Speed 132.8 samples/s	Data 0.000s (0.046s)	Loss 0.00961 (0.00959)
2022-11-21 17:51:10,671 Epoch: [15][40/200]	Time 0.244s (0.281s)	Speed 130.9 samples/s	Data 0.000s (0.035s)	Loss 0.01181 (0.00951)
2022-11-21 17:51:13,083 Epoch: [15][50/200]	Time 0.221s (0.273s)	Speed 144.6 samples/s	Data 0.000s (0.028s)	Loss 0.01160 (0.00939)
2022-11-21 17:51:15,479 Epoch: [15][60/200]	Time 0.264s (0.268s)	Speed 121.2 samples/s	Data 0.001s (0.023s)	Loss 0.00822 (0.00938)
2022-11-21 17:51:17,896 Epoch: [15][70/200]	Time 0.261s (0.264s)	Speed 122.5 samples/s	Data 0.001s (0.020s)	Loss 0.00714 (0.00927)
2022-11-21 17:51:20,252 Epoch: [15][80/200]	Time 0.228s (0.261s)	Speed 140.1 samples/s	Data 0.000s (0.018s)	Loss 0.00840 (0.00916)
2022-11-21 17:51:22,710 Epoch: [15][90/200]	Time 0.260s (0.259s)	Speed 123.3 samples/s	Data 0.000s (0.016s)	Loss 0.00811 (0.00913)
2022-11-21 17:51:25,062 Epoch: [15][100/200]	Time 0.217s (0.257s)	Speed 147.5 samples/s	Data 0.000s (0.014s)	Loss 0.01034 (0.00913)
2022-11-21 17:51:27,456 Epoch: [15][110/200]	Time 0.265s (0.255s)	Speed 120.8 samples/s	Data 0.000s (0.013s)	Loss 0.00637 (0.00908)
2022-11-21 17:51:29,900 Epoch: [15][120/200]	Time 0.240s (0.254s)	Speed 133.3 samples/s	Data 0.000s (0.012s)	Loss 0.00941 (0.00905)
2022-11-21 17:51:32,334 Epoch: [15][130/200]	Time 0.248s (0.253s)	Speed 129.1 samples/s	Data 0.000s (0.011s)	Loss 0.00712 (0.00896)
2022-11-21 17:51:34,742 Epoch: [15][140/200]	Time 0.232s (0.252s)	Speed 137.9 samples/s	Data 0.000s (0.010s)	Loss 0.01203 (0.00893)
2022-11-21 17:51:37,120 Epoch: [15][150/200]	Time 0.233s (0.251s)	Speed 137.1 samples/s	Data 0.000s (0.010s)	Loss 0.01193 (0.00895)
2022-11-21 17:51:39,557 Epoch: [15][160/200]	Time 0.266s (0.251s)	Speed 120.3 samples/s	Data 0.001s (0.009s)	Loss 0.00950 (0.00893)
2022-11-21 17:51:41,893 Epoch: [15][170/200]	Time 0.231s (0.250s)	Speed 138.5 samples/s	Data 0.000s (0.009s)	Loss 0.00565 (0.00889)
2022-11-21 17:51:44,324 Epoch: [15][180/200]	Time 0.246s (0.250s)	Speed 130.1 samples/s	Data 0.000s (0.008s)	Loss 0.00676 (0.00883)
2022-11-21 17:51:46,745 Epoch: [15][190/200]	Time 0.234s (0.249s)	Speed 137.0 samples/s	Data 0.000s (0.008s)	Loss 0.00653 (0.00878)
2022-11-21 17:51:50,331 Test: [0/200]	Time 1.225 (1.225)	Loss 0.0524 (0.0524)
2022-11-21 17:51:50,513 Test: [10/200]	Time 0.017 (0.128)	Loss 0.0156 (0.0492)
2022-11-21 17:51:50,705 Test: [20/200]	Time 0.019 (0.076)	Loss 0.0356 (0.0501)
2022-11-21 17:51:50,890 Test: [30/200]	Time 0.017 (0.057)	Loss 0.0508 (0.0541)
2022-11-21 17:51:51,073 Test: [40/200]	Time 0.018 (0.048)	Loss 0.0435 (0.0570)
2022-11-21 17:51:51,252 Test: [50/200]	Time 0.017 (0.042)	Loss 0.0757 (0.0549)
2022-11-21 17:51:51,462 Test: [60/200]	Time 0.022 (0.039)	Loss 0.0689 (0.0571)
2022-11-21 17:51:51,685 Test: [70/200]	Time 0.020 (0.036)	Loss 0.0430 (0.0570)
2022-11-21 17:51:51,885 Test: [80/200]	Time 0.021 (0.034)	Loss 0.0584 (0.0552)
2022-11-21 17:51:52,105 Test: [90/200]	Time 0.019 (0.033)	Loss 0.0634 (0.0574)
2022-11-21 17:51:52,301 Test: [100/200]	Time 0.020 (0.032)	Loss 0.0700 (0.0569)
2022-11-21 17:51:52,508 Test: [110/200]	Time 0.020 (0.031)	Loss 0.1645 (0.0581)
2022-11-21 17:51:52,706 Test: [120/200]	Time 0.017 (0.030)	Loss 0.0500 (0.0563)
2022-11-21 17:51:52,896 Test: [130/200]	Time 0.019 (0.029)	Loss 0.0361 (0.0562)
2022-11-21 17:51:53,105 Test: [140/200]	Time 0.019 (0.028)	Loss 0.0496 (0.0557)
2022-11-21 17:51:53,296 Test: [150/200]	Time 0.021 (0.028)	Loss 0.0535 (0.0548)
2022-11-21 17:51:53,506 Test: [160/200]	Time 0.020 (0.027)	Loss 0.0710 (0.0550)
2022-11-21 17:51:53,701 Test: [170/200]	Time 0.020 (0.027)	Loss 0.0564 (0.0547)
2022-11-21 17:51:53,895 Test: [180/200]	Time 0.018 (0.026)	Loss 0.0378 (0.0543)
2022-11-21 17:51:54,108 Test: [190/200]	Time 0.017 (0.026)	Loss 0.0227 (0.0544)
2022-11-21 17:51:55,213 Mean IoU score: 0.871
2022-11-21 17:51:55,213 => saving checkpoint to out
2022-11-21 17:51:56,969 Epoch: [16][0/200]	Time 1.730s (1.730s)	Speed 18.5 samples/s	Data 1.419s (1.419s)	Loss 0.00628 (0.00628)
2022-11-21 17:51:59,392 Epoch: [16][10/200]	Time 0.240s (0.378s)	Speed 133.3 samples/s	Data 0.000s (0.129s)	Loss 0.00711 (0.00753)
2022-11-21 17:52:01,840 Epoch: [16][20/200]	Time 0.236s (0.314s)	Speed 135.5 samples/s	Data 0.001s (0.068s)	Loss 0.00825 (0.00785)
2022-11-21 17:52:04,257 Epoch: [16][30/200]	Time 0.225s (0.291s)	Speed 142.0 samples/s	Data 0.000s (0.046s)	Loss 0.00729 (0.00775)
2022-11-21 17:52:06,708 Epoch: [16][40/200]	Time 0.265s (0.280s)	Speed 120.9 samples/s	Data 0.000s (0.035s)	Loss 0.00777 (0.00762)
2022-11-21 17:52:09,097 Epoch: [16][50/200]	Time 0.216s (0.272s)	Speed 148.3 samples/s	Data 0.000s (0.028s)	Loss 0.00883 (0.00757)
2022-11-21 17:52:11,497 Epoch: [16][60/200]	Time 0.274s (0.267s)	Speed 116.8 samples/s	Data 0.001s (0.024s)	Loss 0.00866 (0.00758)
2022-11-21 17:52:13,918 Epoch: [16][70/200]	Time 0.227s (0.263s)	Speed 141.2 samples/s	Data 0.001s (0.020s)	Loss 0.00756 (0.00759)
2022-11-21 17:52:16,336 Epoch: [16][80/200]	Time 0.259s (0.260s)	Speed 123.6 samples/s	Data 0.001s (0.018s)	Loss 0.00506 (0.00750)
2022-11-21 17:52:18,739 Epoch: [16][90/200]	Time 0.219s (0.258s)	Speed 146.0 samples/s	Data 0.001s (0.016s)	Loss 0.00835 (0.00761)
2022-11-21 17:52:21,075 Epoch: [16][100/200]	Time 0.216s (0.256s)	Speed 147.9 samples/s	Data 0.000s (0.014s)	Loss 0.00924 (0.00765)
2022-11-21 17:52:23,514 Epoch: [16][110/200]	Time 0.263s (0.255s)	Speed 121.7 samples/s	Data 0.000s (0.013s)	Loss 0.00741 (0.00764)
2022-11-21 17:52:25,834 Epoch: [16][120/200]	Time 0.219s (0.253s)	Speed 146.3 samples/s	Data 0.000s (0.012s)	Loss 0.00899 (0.00767)
2022-11-21 17:52:28,307 Epoch: [16][130/200]	Time 0.243s (0.252s)	Speed 131.7 samples/s	Data 0.001s (0.011s)	Loss 0.00725 (0.00763)
2022-11-21 17:52:30,725 Epoch: [16][140/200]	Time 0.223s (0.252s)	Speed 143.5 samples/s	Data 0.000s (0.010s)	Loss 0.00842 (0.00762)
2022-11-21 17:52:33,111 Epoch: [16][150/200]	Time 0.236s (0.251s)	Speed 135.5 samples/s	Data 0.000s (0.010s)	Loss 0.00760 (0.00761)
2022-11-21 17:52:35,489 Epoch: [16][160/200]	Time 0.264s (0.250s)	Speed 121.3 samples/s	Data 0.000s (0.009s)	Loss 0.00679 (0.00760)
2022-11-21 17:52:37,913 Epoch: [16][170/200]	Time 0.259s (0.250s)	Speed 123.6 samples/s	Data 0.000s (0.009s)	Loss 0.00869 (0.00762)
2022-11-21 17:52:40,257 Epoch: [16][180/200]	Time 0.216s (0.249s)	Speed 148.1 samples/s	Data 0.001s (0.008s)	Loss 0.00721 (0.00758)
2022-11-21 17:52:42,724 Epoch: [16][190/200]	Time 0.240s (0.249s)	Speed 133.1 samples/s	Data 0.000s (0.008s)	Loss 0.00741 (0.00758)
2022-11-21 17:52:46,297 Test: [0/200]	Time 1.215 (1.215)	Loss 0.0507 (0.0507)
2022-11-21 17:52:46,526 Test: [10/200]	Time 0.018 (0.131)	Loss 0.0111 (0.0481)
2022-11-21 17:52:46,718 Test: [20/200]	Time 0.019 (0.078)	Loss 0.0299 (0.0487)
2022-11-21 17:52:46,913 Test: [30/200]	Time 0.018 (0.059)	Loss 0.0570 (0.0527)
2022-11-21 17:52:47,114 Test: [40/200]	Time 0.018 (0.050)	Loss 0.0430 (0.0552)
2022-11-21 17:52:47,300 Test: [50/200]	Time 0.020 (0.043)	Loss 0.0822 (0.0536)
2022-11-21 17:52:47,510 Test: [60/200]	Time 0.022 (0.040)	Loss 0.0736 (0.0563)
2022-11-21 17:52:47,733 Test: [70/200]	Time 0.019 (0.037)	Loss 0.0409 (0.0563)
2022-11-21 17:52:47,925 Test: [80/200]	Time 0.018 (0.035)	Loss 0.0658 (0.0545)
2022-11-21 17:52:48,130 Test: [90/200]	Time 0.019 (0.033)	Loss 0.0641 (0.0564)
2022-11-21 17:52:48,330 Test: [100/200]	Time 0.022 (0.032)	Loss 0.0707 (0.0561)
2022-11-21 17:52:48,543 Test: [110/200]	Time 0.018 (0.031)	Loss 0.1557 (0.0571)
2022-11-21 17:52:48,733 Test: [120/200]	Time 0.016 (0.030)	Loss 0.0540 (0.0555)
2022-11-21 17:52:48,910 Test: [130/200]	Time 0.017 (0.029)	Loss 0.0358 (0.0555)
2022-11-21 17:52:49,098 Test: [140/200]	Time 0.018 (0.028)	Loss 0.0483 (0.0553)
2022-11-21 17:52:49,288 Test: [150/200]	Time 0.018 (0.028)	Loss 0.0466 (0.0543)
2022-11-21 17:52:49,515 Test: [160/200]	Time 0.018 (0.028)	Loss 0.0685 (0.0546)
2022-11-21 17:52:49,721 Test: [170/200]	Time 0.019 (0.027)	Loss 0.0594 (0.0542)
2022-11-21 17:52:49,919 Test: [180/200]	Time 0.018 (0.027)	Loss 0.0368 (0.0538)
2022-11-21 17:52:50,124 Test: [190/200]	Time 0.018 (0.026)	Loss 0.0201 (0.0537)
2022-11-21 17:52:51,238 Mean IoU score: 0.874
2022-11-21 17:52:51,238 => saving checkpoint to out
2022-11-21 17:52:53,043 Epoch: [17][0/200]	Time 1.780s (1.780s)	Speed 18.0 samples/s	Data 1.446s (1.446s)	Loss 0.00820 (0.00820)
2022-11-21 17:52:55,475 Epoch: [17][10/200]	Time 0.269s (0.383s)	Speed 119.0 samples/s	Data 0.000s (0.132s)	Loss 0.00714 (0.00664)
2022-11-21 17:52:57,907 Epoch: [17][20/200]	Time 0.230s (0.316s)	Speed 139.3 samples/s	Data 0.000s (0.069s)	Loss 0.00723 (0.00686)
2022-11-21 17:53:00,323 Epoch: [17][30/200]	Time 0.256s (0.292s)	Speed 125.0 samples/s	Data 0.001s (0.047s)	Loss 0.00692 (0.00688)
2022-11-21 17:53:02,749 Epoch: [17][40/200]	Time 0.244s (0.280s)	Speed 131.1 samples/s	Data 0.000s (0.036s)	Loss 0.00712 (0.00703)
2022-11-21 17:53:05,117 Epoch: [17][50/200]	Time 0.226s (0.272s)	Speed 141.6 samples/s	Data 0.000s (0.029s)	Loss 0.00832 (0.00707)
2022-11-21 17:53:07,497 Epoch: [17][60/200]	Time 0.261s (0.266s)	Speed 122.7 samples/s	Data 0.000s (0.024s)	Loss 0.00830 (0.00704)
2022-11-21 17:53:09,841 Epoch: [17][70/200]	Time 0.220s (0.262s)	Speed 145.5 samples/s	Data 0.000s (0.021s)	Loss 0.00633 (0.00704)
2022-11-21 17:53:12,225 Epoch: [17][80/200]	Time 0.240s (0.259s)	Speed 133.4 samples/s	Data 0.001s (0.018s)	Loss 0.00853 (0.00703)
2022-11-21 17:53:14,644 Epoch: [17][90/200]	Time 0.268s (0.257s)	Speed 119.5 samples/s	Data 0.000s (0.016s)	Loss 0.00727 (0.00704)
2022-11-21 17:53:16,985 Epoch: [17][100/200]	Time 0.224s (0.255s)	Speed 142.9 samples/s	Data 0.000s (0.015s)	Loss 0.00599 (0.00698)
2022-11-21 17:53:19,393 Epoch: [17][110/200]	Time 0.248s (0.253s)	Speed 129.0 samples/s	Data 0.000s (0.013s)	Loss 0.00500 (0.00701)
2022-11-21 17:53:21,764 Epoch: [17][120/200]	Time 0.235s (0.252s)	Speed 136.1 samples/s	Data 0.000s (0.012s)	Loss 0.00672 (0.00701)
2022-11-21 17:53:24,113 Epoch: [17][130/200]	Time 0.238s (0.251s)	Speed 134.6 samples/s	Data 0.000s (0.011s)	Loss 0.00756 (0.00702)
2022-11-21 17:53:26,501 Epoch: [17][140/200]	Time 0.276s (0.250s)	Speed 115.8 samples/s	Data 0.000s (0.011s)	Loss 0.00615 (0.00699)
2022-11-21 17:53:28,946 Epoch: [17][150/200]	Time 0.249s (0.250s)	Speed 128.5 samples/s	Data 0.000s (0.010s)	Loss 0.00531 (0.00699)
2022-11-21 17:53:31,298 Epoch: [17][160/200]	Time 0.225s (0.249s)	Speed 142.1 samples/s	Data 0.001s (0.009s)	Loss 0.00701 (0.00699)
2022-11-21 17:53:33,742 Epoch: [17][170/200]	Time 0.232s (0.248s)	Speed 137.9 samples/s	Data 0.000s (0.009s)	Loss 0.00727 (0.00703)
2022-11-21 17:53:36,072 Epoch: [17][180/200]	Time 0.249s (0.248s)	Speed 128.4 samples/s	Data 0.000s (0.008s)	Loss 0.00659 (0.00702)
2022-11-21 17:53:38,458 Epoch: [17][190/200]	Time 0.259s (0.247s)	Speed 123.7 samples/s	Data 0.001s (0.008s)	Loss 0.00702 (0.00702)
2022-11-21 17:53:42,107 Test: [0/200]	Time 1.244 (1.244)	Loss 0.0490 (0.0490)
2022-11-21 17:53:42,301 Test: [10/200]	Time 0.020 (0.131)	Loss 0.0164 (0.0497)
2022-11-21 17:53:42,519 Test: [20/200]	Time 0.021 (0.079)	Loss 0.0303 (0.0493)
2022-11-21 17:53:42,731 Test: [30/200]	Time 0.019 (0.060)	Loss 0.0624 (0.0539)
2022-11-21 17:53:42,922 Test: [40/200]	Time 0.019 (0.050)	Loss 0.0442 (0.0564)
2022-11-21 17:53:43,115 Test: [50/200]	Time 0.019 (0.044)	Loss 0.0900 (0.0551)
2022-11-21 17:53:43,293 Test: [60/200]	Time 0.018 (0.040)	Loss 0.0818 (0.0581)
2022-11-21 17:53:43,497 Test: [70/200]	Time 0.023 (0.037)	Loss 0.0466 (0.0585)
2022-11-21 17:53:43,691 Test: [80/200]	Time 0.017 (0.035)	Loss 0.0554 (0.0564)
2022-11-21 17:53:43,883 Test: [90/200]	Time 0.019 (0.033)	Loss 0.0684 (0.0584)
2022-11-21 17:53:44,090 Test: [100/200]	Time 0.019 (0.032)	Loss 0.0741 (0.0579)
2022-11-21 17:53:44,280 Test: [110/200]	Time 0.020 (0.031)	Loss 0.1537 (0.0592)
2022-11-21 17:53:44,493 Test: [120/200]	Time 0.022 (0.030)	Loss 0.0592 (0.0575)
2022-11-21 17:53:44,706 Test: [130/200]	Time 0.020 (0.029)	Loss 0.0334 (0.0574)
2022-11-21 17:53:44,895 Test: [140/200]	Time 0.019 (0.029)	Loss 0.0480 (0.0571)
2022-11-21 17:53:45,087 Test: [150/200]	Time 0.018 (0.028)	Loss 0.0487 (0.0562)
2022-11-21 17:53:45,273 Test: [160/200]	Time 0.018 (0.027)	Loss 0.0768 (0.0565)
2022-11-21 17:53:45,492 Test: [170/200]	Time 0.020 (0.027)	Loss 0.0482 (0.0560)
2022-11-21 17:53:45,682 Test: [180/200]	Time 0.017 (0.027)	Loss 0.0368 (0.0555)
2022-11-21 17:53:45,877 Test: [190/200]	Time 0.019 (0.026)	Loss 0.0192 (0.0554)
2022-11-21 17:53:47,001 Mean IoU score: 0.873
2022-11-21 17:53:47,001 => saving checkpoint to out
2022-11-21 17:53:48,754 Epoch: [18][0/200]	Time 1.731s (1.731s)	Speed 18.5 samples/s	Data 1.388s (1.388s)	Loss 0.00752 (0.00752)
2022-11-21 17:53:51,123 Epoch: [18][10/200]	Time 0.216s (0.373s)	Speed 148.1 samples/s	Data 0.000s (0.126s)	Loss 0.00558 (0.00688)
2022-11-21 17:53:53,513 Epoch: [18][20/200]	Time 0.255s (0.309s)	Speed 125.7 samples/s	Data 0.000s (0.066s)	Loss 0.00886 (0.00693)
2022-11-21 17:53:55,882 Epoch: [18][30/200]	Time 0.226s (0.286s)	Speed 141.3 samples/s	Data 0.000s (0.045s)	Loss 0.00607 (0.00673)
2022-11-21 17:53:58,338 Epoch: [18][40/200]	Time 0.236s (0.276s)	Speed 135.6 samples/s	Data 0.000s (0.034s)	Loss 0.00804 (0.00671)
2022-11-21 17:54:00,719 Epoch: [18][50/200]	Time 0.228s (0.269s)	Speed 140.5 samples/s	Data 0.001s (0.028s)	Loss 0.00620 (0.00663)
2022-11-21 17:54:03,088 Epoch: [18][60/200]	Time 0.204s (0.263s)	Speed 156.9 samples/s	Data 0.001s (0.023s)	Loss 0.00463 (0.00662)
2022-11-21 17:54:05,424 Epoch: [18][70/200]	Time 0.247s (0.259s)	Speed 129.4 samples/s	Data 0.000s (0.020s)	Loss 0.00724 (0.00659)
2022-11-21 17:54:07,784 Epoch: [18][80/200]	Time 0.251s (0.256s)	Speed 127.4 samples/s	Data 0.000s (0.017s)	Loss 0.00695 (0.00655)
2022-11-21 17:54:10,183 Epoch: [18][90/200]	Time 0.249s (0.254s)	Speed 128.4 samples/s	Data 0.000s (0.016s)	Loss 0.00610 (0.00662)
2022-11-21 17:54:12,606 Epoch: [18][100/200]	Time 0.264s (0.253s)	Speed 121.1 samples/s	Data 0.001s (0.014s)	Loss 0.00803 (0.00658)
2022-11-21 17:54:14,985 Epoch: [18][110/200]	Time 0.239s (0.252s)	Speed 133.9 samples/s	Data 0.000s (0.013s)	Loss 0.00759 (0.00661)
2022-11-21 17:54:17,356 Epoch: [18][120/200]	Time 0.252s (0.251s)	Speed 127.0 samples/s	Data 0.000s (0.012s)	Loss 0.00683 (0.00662)
2022-11-21 17:54:19,715 Epoch: [18][130/200]	Time 0.243s (0.250s)	Speed 131.6 samples/s	Data 0.001s (0.011s)	Loss 0.00819 (0.00663)
2022-11-21 17:54:22,080 Epoch: [18][140/200]	Time 0.241s (0.249s)	Speed 133.0 samples/s	Data 0.000s (0.010s)	Loss 0.00546 (0.00665)
2022-11-21 17:54:24,464 Epoch: [18][150/200]	Time 0.264s (0.248s)	Speed 121.3 samples/s	Data 0.000s (0.010s)	Loss 0.00640 (0.00664)
2022-11-21 17:54:26,804 Epoch: [18][160/200]	Time 0.236s (0.247s)	Speed 135.6 samples/s	Data 0.000s (0.009s)	Loss 0.00502 (0.00666)
2022-11-21 17:54:29,153 Epoch: [18][170/200]	Time 0.217s (0.246s)	Speed 147.6 samples/s	Data 0.000s (0.008s)	Loss 0.00735 (0.00664)
2022-11-21 17:54:31,530 Epoch: [18][180/200]	Time 0.282s (0.246s)	Speed 113.4 samples/s	Data 0.000s (0.008s)	Loss 0.00756 (0.00665)
2022-11-21 17:54:33,874 Epoch: [18][190/200]	Time 0.225s (0.245s)	Speed 142.2 samples/s	Data 0.001s (0.008s)	Loss 0.00657 (0.00663)
2022-11-21 17:54:37,455 Test: [0/200]	Time 1.230 (1.230)	Loss 0.0518 (0.0518)
2022-11-21 17:54:37,658 Test: [10/200]	Time 0.019 (0.130)	Loss 0.0120 (0.0505)
2022-11-21 17:54:37,858 Test: [20/200]	Time 0.020 (0.078)	Loss 0.0305 (0.0528)
2022-11-21 17:54:38,065 Test: [30/200]	Time 0.019 (0.059)	Loss 0.0630 (0.0567)
2022-11-21 17:54:38,247 Test: [40/200]	Time 0.015 (0.049)	Loss 0.0476 (0.0597)
2022-11-21 17:54:38,452 Test: [50/200]	Time 0.019 (0.044)	Loss 0.0855 (0.0583)
2022-11-21 17:54:38,660 Test: [60/200]	Time 0.018 (0.040)	Loss 0.0850 (0.0610)
2022-11-21 17:54:38,860 Test: [70/200]	Time 0.019 (0.037)	Loss 0.0411 (0.0606)
2022-11-21 17:54:39,056 Test: [80/200]	Time 0.017 (0.035)	Loss 0.0590 (0.0583)
2022-11-21 17:54:39,243 Test: [90/200]	Time 0.017 (0.033)	Loss 0.0675 (0.0605)
2022-11-21 17:54:39,423 Test: [100/200]	Time 0.019 (0.032)	Loss 0.0748 (0.0600)
2022-11-21 17:54:39,628 Test: [110/200]	Time 0.020 (0.031)	Loss 0.1573 (0.0611)
2022-11-21 17:54:39,809 Test: [120/200]	Time 0.017 (0.030)	Loss 0.0590 (0.0593)
2022-11-21 17:54:40,010 Test: [130/200]	Time 0.021 (0.029)	Loss 0.0348 (0.0593)
2022-11-21 17:54:40,216 Test: [140/200]	Time 0.019 (0.028)	Loss 0.0523 (0.0589)
2022-11-21 17:54:40,411 Test: [150/200]	Time 0.021 (0.028)	Loss 0.0502 (0.0579)
2022-11-21 17:54:40,617 Test: [160/200]	Time 0.019 (0.027)	Loss 0.0703 (0.0580)
2022-11-21 17:54:40,812 Test: [170/200]	Time 0.019 (0.027)	Loss 0.0814 (0.0576)
2022-11-21 17:54:41,015 Test: [180/200]	Time 0.025 (0.026)	Loss 0.0394 (0.0571)
2022-11-21 17:54:41,204 Test: [190/200]	Time 0.018 (0.026)	Loss 0.0212 (0.0569)
2022-11-21 17:54:42,339 Mean IoU score: 0.871
2022-11-21 17:54:42,340 => saving checkpoint to out
2022-11-21 17:54:44,100 Epoch: [19][0/200]	Time 1.737s (1.737s)	Speed 18.4 samples/s	Data 1.411s (1.411s)	Loss 0.00728 (0.00728)
2022-11-21 17:54:46,568 Epoch: [19][10/200]	Time 0.279s (0.382s)	Speed 114.8 samples/s	Data 0.001s (0.129s)	Loss 0.00726 (0.00637)
2022-11-21 17:54:49,020 Epoch: [19][20/200]	Time 0.239s (0.317s)	Speed 133.8 samples/s	Data 0.001s (0.068s)	Loss 0.00602 (0.00608)
2022-11-21 17:54:51,395 Epoch: [19][30/200]	Time 0.247s (0.291s)	Speed 129.4 samples/s	Data 0.000s (0.046s)	Loss 0.00711 (0.00613)
2022-11-21 17:54:53,793 Epoch: [19][40/200]	Time 0.217s (0.279s)	Speed 147.3 samples/s	Data 0.001s (0.035s)	Loss 0.00561 (0.00612)
2022-11-21 17:54:56,158 Epoch: [19][50/200]	Time 0.248s (0.270s)	Speed 129.1 samples/s	Data 0.000s (0.028s)	Loss 0.00674 (0.00616)
2022-11-21 17:54:58,603 Epoch: [19][60/200]	Time 0.248s (0.266s)	Speed 129.3 samples/s	Data 0.001s (0.024s)	Loss 0.00654 (0.00614)
2022-11-21 17:55:01,011 Epoch: [19][70/200]	Time 0.257s (0.263s)	Speed 124.3 samples/s	Data 0.001s (0.020s)	Loss 0.00541 (0.00612)
2022-11-21 17:55:03,441 Epoch: [19][80/200]	Time 0.251s (0.260s)	Speed 127.5 samples/s	Data 0.000s (0.018s)	Loss 0.00649 (0.00615)
2022-11-21 17:55:05,745 Epoch: [19][90/200]	Time 0.213s (0.257s)	Speed 150.2 samples/s	Data 0.000s (0.016s)	Loss 0.00654 (0.00619)
2022-11-21 17:55:08,092 Epoch: [19][100/200]	Time 0.234s (0.255s)	Speed 137.0 samples/s	Data 0.000s (0.014s)	Loss 0.00767 (0.00621)
2022-11-21 17:55:10,486 Epoch: [19][110/200]	Time 0.265s (0.253s)	Speed 120.6 samples/s	Data 0.001s (0.013s)	Loss 0.00585 (0.00620)
2022-11-21 17:55:12,886 Epoch: [19][120/200]	Time 0.266s (0.252s)	Speed 120.2 samples/s	Data 0.000s (0.012s)	Loss 0.00584 (0.00619)
2022-11-21 17:55:15,194 Epoch: [19][130/200]	Time 0.223s (0.251s)	Speed 143.5 samples/s	Data 0.001s (0.011s)	Loss 0.00637 (0.00620)
2022-11-21 17:55:17,571 Epoch: [19][140/200]	Time 0.245s (0.250s)	Speed 130.4 samples/s	Data 0.000s (0.010s)	Loss 0.00532 (0.00627)
2022-11-21 17:55:19,899 Epoch: [19][150/200]	Time 0.213s (0.249s)	Speed 150.0 samples/s	Data 0.000s (0.010s)	Loss 0.00632 (0.00627)
2022-11-21 17:55:22,248 Epoch: [19][160/200]	Time 0.228s (0.248s)	Speed 140.2 samples/s	Data 0.000s (0.009s)	Loss 0.00776 (0.00630)
2022-11-21 17:55:24,652 Epoch: [19][170/200]	Time 0.235s (0.247s)	Speed 136.2 samples/s	Data 0.001s (0.009s)	Loss 0.00552 (0.00629)
2022-11-21 17:55:26,953 Epoch: [19][180/200]	Time 0.234s (0.246s)	Speed 136.5 samples/s	Data 0.001s (0.008s)	Loss 0.00704 (0.00630)
2022-11-21 17:55:29,344 Epoch: [19][190/200]	Time 0.231s (0.246s)	Speed 138.5 samples/s	Data 0.000s (0.008s)	Loss 0.00682 (0.00632)
2022-11-21 17:55:32,945 Test: [0/200]	Time 1.230 (1.230)	Loss 0.0564 (0.0564)
2022-11-21 17:55:33,138 Test: [10/200]	Time 0.020 (0.129)	Loss 0.0182 (0.0504)
2022-11-21 17:55:33,352 Test: [20/200]	Time 0.020 (0.078)	Loss 0.0306 (0.0525)
2022-11-21 17:55:33,564 Test: [30/200]	Time 0.020 (0.060)	Loss 0.0555 (0.0573)
2022-11-21 17:55:33,759 Test: [40/200]	Time 0.020 (0.050)	Loss 0.0546 (0.0604)
2022-11-21 17:55:33,951 Test: [50/200]	Time 0.017 (0.044)	Loss 0.0904 (0.0588)
2022-11-21 17:55:34,153 Test: [60/200]	Time 0.017 (0.040)	Loss 0.0777 (0.0615)
2022-11-21 17:55:34,343 Test: [70/200]	Time 0.022 (0.037)	Loss 0.0441 (0.0608)
2022-11-21 17:55:34,556 Test: [80/200]	Time 0.019 (0.035)	Loss 0.0629 (0.0586)
2022-11-21 17:55:34,763 Test: [90/200]	Time 0.019 (0.033)	Loss 0.0728 (0.0604)
2022-11-21 17:55:34,962 Test: [100/200]	Time 0.019 (0.032)	Loss 0.0696 (0.0597)
2022-11-21 17:55:35,151 Test: [110/200]	Time 0.017 (0.031)	Loss 0.1508 (0.0608)
2022-11-21 17:55:35,325 Test: [120/200]	Time 0.018 (0.030)	Loss 0.0529 (0.0590)
2022-11-21 17:55:35,513 Test: [130/200]	Time 0.019 (0.029)	Loss 0.0380 (0.0589)
2022-11-21 17:55:35,705 Test: [140/200]	Time 0.016 (0.028)	Loss 0.0534 (0.0586)
2022-11-21 17:55:35,898 Test: [150/200]	Time 0.019 (0.028)	Loss 0.0475 (0.0576)
2022-11-21 17:55:36,113 Test: [160/200]	Time 0.027 (0.027)	Loss 0.0699 (0.0580)
2022-11-21 17:55:36,296 Test: [170/200]	Time 0.017 (0.027)	Loss 0.0573 (0.0575)
2022-11-21 17:55:36,521 Test: [180/200]	Time 0.023 (0.027)	Loss 0.0346 (0.0569)
2022-11-21 17:55:36,722 Test: [190/200]	Time 0.018 (0.026)	Loss 0.0217 (0.0568)
2022-11-21 17:55:37,835 Mean IoU score: 0.871
2022-11-21 17:55:37,835 => saving checkpoint to out
2022-11-21 17:55:37,858 saving final model state to out\final_state.pth.tar
