2022-11-25 15:28:15,973 Namespace(eval_interval=1, frequent=10, gpu=False, num_workers=4, out_dir='out')
2022-11-25 15:28:15,985 => load 200 samples
2022-11-25 15:28:15,987 => load 200 samples
2022-11-25 15:28:17,924 Epoch: [0][0/200]	Time 1.936s (1.936s)	Speed 16.5 samples/s	Data 1.608s (1.608s)	Loss 2.53597 (2.53597)
2022-11-25 15:28:20,609 Epoch: [0][10/200]	Time 0.260s (0.420s)	Speed 123.2 samples/s	Data 0.001s (0.147s)	Loss 2.05191 (2.26257)
2022-11-25 15:28:23,318 Epoch: [0][20/200]	Time 0.287s (0.349s)	Speed 111.7 samples/s	Data 0.001s (0.077s)	Loss 1.76592 (2.08481)
2022-11-25 15:28:26,160 Epoch: [0][30/200]	Time 0.265s (0.328s)	Speed 120.7 samples/s	Data 0.000s (0.052s)	Loss 1.51303 (1.93433)
2022-11-25 15:28:28,913 Epoch: [0][40/200]	Time 0.263s (0.315s)	Speed 121.6 samples/s	Data 0.001s (0.040s)	Loss 1.29024 (1.80119)
2022-11-25 15:28:31,601 Epoch: [0][50/200]	Time 0.268s (0.306s)	Speed 119.6 samples/s	Data 0.000s (0.032s)	Loss 1.09872 (1.68069)
2022-11-25 15:28:34,297 Epoch: [0][60/200]	Time 0.266s (0.300s)	Speed 120.4 samples/s	Data 0.000s (0.027s)	Loss 0.92946 (1.56931)
2022-11-25 15:28:36,957 Epoch: [0][70/200]	Time 0.278s (0.295s)	Speed 115.0 samples/s	Data 0.000s (0.023s)	Loss 0.77078 (1.46748)
2022-11-25 15:28:39,631 Epoch: [0][80/200]	Time 0.266s (0.292s)	Speed 120.2 samples/s	Data 0.001s (0.020s)	Loss 0.65922 (1.37401)
2022-11-25 15:28:42,289 Epoch: [0][90/200]	Time 0.265s (0.289s)	Speed 120.7 samples/s	Data 0.000s (0.018s)	Loss 0.57890 (1.28972)
2022-11-25 15:28:44,983 Epoch: [0][100/200]	Time 0.250s (0.287s)	Speed 128.1 samples/s	Data 0.001s (0.016s)	Loss 0.48460 (1.21371)
2022-11-25 15:28:47,554 Epoch: [0][110/200]	Time 0.262s (0.284s)	Speed 122.1 samples/s	Data 0.000s (0.015s)	Loss 0.41472 (1.14499)
2022-11-25 15:28:50,167 Epoch: [0][120/200]	Time 0.253s (0.282s)	Speed 126.3 samples/s	Data 0.000s (0.014s)	Loss 0.36342 (1.08308)
2022-11-25 15:28:52,748 Epoch: [0][130/200]	Time 0.270s (0.281s)	Speed 118.4 samples/s	Data 0.000s (0.013s)	Loss 0.34486 (1.02694)
2022-11-25 15:28:55,363 Epoch: [0][140/200]	Time 0.256s (0.279s)	Speed 124.8 samples/s	Data 0.000s (0.012s)	Loss 0.30850 (0.97701)
2022-11-25 15:28:57,942 Epoch: [0][150/200]	Time 0.302s (0.278s)	Speed 105.9 samples/s	Data 0.000s (0.011s)	Loss 0.28593 (0.93140)
2022-11-25 15:29:00,870 Epoch: [0][160/200]	Time 0.243s (0.279s)	Speed 131.5 samples/s	Data 0.000s (0.010s)	Loss 0.26905 (0.89035)
2022-11-25 15:29:03,342 Epoch: [0][170/200]	Time 0.248s (0.277s)	Speed 128.8 samples/s	Data 0.000s (0.010s)	Loss 0.25815 (0.85307)
2022-11-25 15:29:05,827 Epoch: [0][180/200]	Time 0.246s (0.275s)	Speed 130.3 samples/s	Data 0.000s (0.009s)	Loss 0.23084 (0.81915)
2022-11-25 15:29:08,353 Epoch: [0][190/200]	Time 0.249s (0.274s)	Speed 128.3 samples/s	Data 0.000s (0.009s)	Loss 0.20731 (0.78764)
2022-11-25 15:29:12,344 Test: [0/200]	Time 1.192 (1.192)	Loss 0.4120 (0.4120)
2022-11-25 15:29:12,649 Test: [10/200]	Time 0.020 (0.136)	Loss 0.1481 (0.3438)
2022-11-25 15:29:12,886 Test: [20/200]	Time 0.029 (0.083)	Loss 0.2541 (0.3545)
2022-11-25 15:29:13,093 Test: [30/200]	Time 0.032 (0.063)	Loss 0.5083 (0.3613)
2022-11-25 15:29:13,298 Test: [40/200]	Time 0.021 (0.052)	Loss 0.3798 (0.3754)
2022-11-25 15:29:13,501 Test: [50/200]	Time 0.019 (0.046)	Loss 0.4459 (0.3781)
2022-11-25 15:29:13,707 Test: [60/200]	Time 0.019 (0.042)	Loss 0.4327 (0.3789)
2022-11-25 15:29:13,896 Test: [70/200]	Time 0.019 (0.039)	Loss 0.3698 (0.3781)
2022-11-25 15:29:14,095 Test: [80/200]	Time 0.018 (0.036)	Loss 0.4578 (0.3733)
2022-11-25 15:29:14,310 Test: [90/200]	Time 0.021 (0.035)	Loss 0.4635 (0.3766)
2022-11-25 15:29:14,508 Test: [100/200]	Time 0.019 (0.033)	Loss 0.4719 (0.3758)
2022-11-25 15:29:14,708 Test: [110/200]	Time 0.018 (0.032)	Loss 0.4470 (0.3773)
2022-11-25 15:29:14,895 Test: [120/200]	Time 0.019 (0.031)	Loss 0.4364 (0.3745)
2022-11-25 15:29:15,084 Test: [130/200]	Time 0.020 (0.030)	Loss 0.3601 (0.3785)
2022-11-25 15:29:15,287 Test: [140/200]	Time 0.020 (0.029)	Loss 0.3467 (0.3774)
2022-11-25 15:29:15,492 Test: [150/200]	Time 0.020 (0.029)	Loss 0.4070 (0.3762)
2022-11-25 15:29:15,689 Test: [160/200]	Time 0.020 (0.028)	Loss 0.3859 (0.3760)
2022-11-25 15:29:15,892 Test: [170/200]	Time 0.018 (0.028)	Loss 0.2839 (0.3739)
2022-11-25 15:29:16,080 Test: [180/200]	Time 0.018 (0.027)	Loss 0.3149 (0.3719)
2022-11-25 15:29:16,283 Test: [190/200]	Time 0.019 (0.027)	Loss 0.3113 (0.3729)
2022-11-25 15:29:17,378 Mean IoU score: 0.207
2022-11-25 15:29:17,378 => saving checkpoint to out
2022-11-25 15:29:19,145 Epoch: [1][0/200]	Time 1.744s (1.744s)	Speed 18.4 samples/s	Data 1.410s (1.410s)	Loss 0.20011 (0.20011)
2022-11-25 15:29:21,934 Epoch: [1][10/200]	Time 0.329s (0.412s)	Speed 97.3 samples/s	Data 0.000s (0.129s)	Loss 0.20040 (0.20689)
2022-11-25 15:29:25,236 Epoch: [1][20/200]	Time 0.277s (0.373s)	Speed 115.6 samples/s	Data 0.000s (0.068s)	Loss 0.24990 (0.20317)
2022-11-25 15:29:27,969 Epoch: [1][30/200]	Time 0.278s (0.341s)	Speed 115.3 samples/s	Data 0.001s (0.046s)	Loss 0.16510 (0.19982)
2022-11-25 15:29:30,488 Epoch: [1][40/200]	Time 0.248s (0.319s)	Speed 129.3 samples/s	Data 0.000s (0.035s)	Loss 0.17731 (0.19485)
2022-11-25 15:29:33,012 Epoch: [1][50/200]	Time 0.267s (0.306s)	Speed 119.8 samples/s	Data 0.000s (0.028s)	Loss 0.15251 (0.19084)
2022-11-25 15:29:35,922 Epoch: [1][60/200]	Time 0.254s (0.304s)	Speed 126.1 samples/s	Data 0.000s (0.023s)	Loss 0.16353 (0.18685)
2022-11-25 15:29:38,359 Epoch: [1][70/200]	Time 0.245s (0.295s)	Speed 130.7 samples/s	Data 0.000s (0.020s)	Loss 0.15566 (0.18277)
2022-11-25 15:29:40,895 Epoch: [1][80/200]	Time 0.276s (0.290s)	Speed 116.1 samples/s	Data 0.000s (0.018s)	Loss 0.11970 (0.17799)
2022-11-25 15:29:43,679 Epoch: [1][90/200]	Time 0.278s (0.289s)	Speed 115.0 samples/s	Data 0.001s (0.016s)	Loss 0.13756 (0.17331)
2022-11-25 15:29:46,384 Epoch: [1][100/200]	Time 0.260s (0.287s)	Speed 122.9 samples/s	Data 0.001s (0.014s)	Loss 0.12824 (0.17020)
2022-11-25 15:29:48,937 Epoch: [1][110/200]	Time 0.261s (0.284s)	Speed 122.8 samples/s	Data 0.000s (0.013s)	Loss 0.11949 (0.16676)
2022-11-25 15:29:51,488 Epoch: [1][120/200]	Time 0.252s (0.282s)	Speed 126.9 samples/s	Data 0.000s (0.012s)	Loss 0.10563 (0.16263)
2022-11-25 15:29:54,136 Epoch: [1][130/200]	Time 0.276s (0.280s)	Speed 115.9 samples/s	Data 0.000s (0.011s)	Loss 0.10356 (0.15878)
2022-11-25 15:29:56,749 Epoch: [1][140/200]	Time 0.244s (0.279s)	Speed 131.4 samples/s	Data 0.000s (0.010s)	Loss 0.12049 (0.15527)
2022-11-25 15:29:59,384 Epoch: [1][150/200]	Time 0.266s (0.278s)	Speed 120.3 samples/s	Data 0.000s (0.010s)	Loss 0.09149 (0.15182)
2022-11-25 15:30:01,969 Epoch: [1][160/200]	Time 0.269s (0.277s)	Speed 119.1 samples/s	Data 0.000s (0.009s)	Loss 0.10400 (0.14870)
2022-11-25 15:30:04,587 Epoch: [1][170/200]	Time 0.253s (0.276s)	Speed 126.3 samples/s	Data 0.001s (0.009s)	Loss 0.09051 (0.14576)
2022-11-25 15:30:07,175 Epoch: [1][180/200]	Time 0.254s (0.275s)	Speed 126.2 samples/s	Data 0.000s (0.008s)	Loss 0.09792 (0.14297)
2022-11-25 15:30:09,811 Epoch: [1][190/200]	Time 0.262s (0.274s)	Speed 122.2 samples/s	Data 0.001s (0.008s)	Loss 0.09554 (0.14033)
2022-11-25 15:30:13,604 Test: [0/200]	Time 1.213 (1.213)	Loss 0.2188 (0.2188)
2022-11-25 15:30:13,826 Test: [10/200]	Time 0.021 (0.130)	Loss 0.0579 (0.1687)
2022-11-25 15:30:14,045 Test: [20/200]	Time 0.019 (0.079)	Loss 0.1215 (0.1698)
2022-11-25 15:30:14,243 Test: [30/200]	Time 0.022 (0.060)	Loss 0.2361 (0.1768)
2022-11-25 15:30:14,459 Test: [40/200]	Time 0.021 (0.050)	Loss 0.1705 (0.1838)
2022-11-25 15:30:14,661 Test: [50/200]	Time 0.018 (0.045)	Loss 0.2283 (0.1837)
2022-11-25 15:30:14,865 Test: [60/200]	Time 0.020 (0.041)	Loss 0.2089 (0.1849)
2022-11-25 15:30:15,053 Test: [70/200]	Time 0.016 (0.037)	Loss 0.1628 (0.1845)
2022-11-25 15:30:15,254 Test: [80/200]	Time 0.023 (0.035)	Loss 0.2312 (0.1818)
2022-11-25 15:30:15,484 Test: [90/200]	Time 0.018 (0.034)	Loss 0.2415 (0.1846)
2022-11-25 15:30:15,687 Test: [100/200]	Time 0.021 (0.033)	Loss 0.2321 (0.1839)
2022-11-25 15:30:15,886 Test: [110/200]	Time 0.018 (0.031)	Loss 0.2486 (0.1848)
2022-11-25 15:30:16,079 Test: [120/200]	Time 0.020 (0.030)	Loss 0.2189 (0.1833)
2022-11-25 15:30:16,278 Test: [130/200]	Time 0.022 (0.030)	Loss 0.1574 (0.1854)
2022-11-25 15:30:16,485 Test: [140/200]	Time 0.018 (0.029)	Loss 0.1715 (0.1850)
2022-11-25 15:30:16,689 Test: [150/200]	Time 0.020 (0.028)	Loss 0.1834 (0.1839)
2022-11-25 15:30:16,887 Test: [160/200]	Time 0.016 (0.028)	Loss 0.1976 (0.1839)
2022-11-25 15:30:17,080 Test: [170/200]	Time 0.019 (0.027)	Loss 0.1334 (0.1822)
2022-11-25 15:30:17,310 Test: [180/200]	Time 0.022 (0.027)	Loss 0.1425 (0.1810)
2022-11-25 15:30:17,523 Test: [190/200]	Time 0.019 (0.027)	Loss 0.1214 (0.1817)
2022-11-25 15:30:18,663 Mean IoU score: 0.632
2022-11-25 15:30:18,664 => saving checkpoint to out
2022-11-25 15:30:20,504 Epoch: [2][0/200]	Time 1.817s (1.817s)	Speed 17.6 samples/s	Data 1.434s (1.434s)	Loss 0.07165 (0.07165)
2022-11-25 15:30:23,085 Epoch: [2][10/200]	Time 0.274s (0.400s)	Speed 116.9 samples/s	Data 0.001s (0.131s)	Loss 0.08097 (0.08147)
2022-11-25 15:30:25,729 Epoch: [2][20/200]	Time 0.263s (0.335s)	Speed 121.5 samples/s	Data 0.001s (0.069s)	Loss 0.07873 (0.07834)
2022-11-25 15:30:28,370 Epoch: [2][30/200]	Time 0.268s (0.312s)	Speed 119.6 samples/s	Data 0.000s (0.047s)	Loss 0.06640 (0.07542)
2022-11-25 15:30:31,016 Epoch: [2][40/200]	Time 0.266s (0.301s)	Speed 120.1 samples/s	Data 0.000s (0.035s)	Loss 0.06607 (0.07479)
2022-11-25 15:30:33,686 Epoch: [2][50/200]	Time 0.246s (0.294s)	Speed 130.2 samples/s	Data 0.000s (0.028s)	Loss 0.06087 (0.07309)
2022-11-25 15:30:36,312 Epoch: [2][60/200]	Time 0.265s (0.289s)	Speed 120.7 samples/s	Data 0.000s (0.024s)	Loss 0.05802 (0.07172)
2022-11-25 15:30:38,918 Epoch: [2][70/200]	Time 0.254s (0.285s)	Speed 126.2 samples/s	Data 0.001s (0.021s)	Loss 0.07018 (0.07034)
2022-11-25 15:30:41,544 Epoch: [2][80/200]	Time 0.257s (0.282s)	Speed 124.3 samples/s	Data 0.000s (0.018s)	Loss 0.06275 (0.06926)
2022-11-25 15:30:44,134 Epoch: [2][90/200]	Time 0.271s (0.280s)	Speed 117.9 samples/s	Data 0.000s (0.016s)	Loss 0.05276 (0.06789)
2022-11-25 15:30:46,719 Epoch: [2][100/200]	Time 0.248s (0.278s)	Speed 128.9 samples/s	Data 0.000s (0.015s)	Loss 0.05790 (0.06650)
2022-11-25 15:30:49,303 Epoch: [2][110/200]	Time 0.264s (0.276s)	Speed 121.4 samples/s	Data 0.000s (0.013s)	Loss 0.05391 (0.06602)
2022-11-25 15:30:51,925 Epoch: [2][120/200]	Time 0.270s (0.275s)	Speed 118.7 samples/s	Data 0.001s (0.012s)	Loss 0.05882 (0.06487)
2022-11-25 15:30:54,549 Epoch: [2][130/200]	Time 0.263s (0.274s)	Speed 121.5 samples/s	Data 0.000s (0.011s)	Loss 0.06042 (0.06395)
2022-11-25 15:30:57,120 Epoch: [2][140/200]	Time 0.251s (0.273s)	Speed 127.6 samples/s	Data 0.000s (0.011s)	Loss 0.05196 (0.06314)
2022-11-25 15:30:59,725 Epoch: [2][150/200]	Time 0.253s (0.272s)	Speed 126.6 samples/s	Data 0.001s (0.010s)	Loss 0.04352 (0.06248)
2022-11-25 15:31:02,566 Epoch: [2][160/200]	Time 0.401s (0.273s)	Speed 79.7 samples/s	Data 0.000s (0.009s)	Loss 0.04041 (0.06153)
2022-11-25 15:31:06,098 Epoch: [2][170/200]	Time 0.254s (0.277s)	Speed 125.8 samples/s	Data 0.001s (0.009s)	Loss 0.04526 (0.06064)
2022-11-25 15:31:09,120 Epoch: [2][180/200]	Time 0.259s (0.279s)	Speed 123.5 samples/s	Data 0.000s (0.008s)	Loss 0.04428 (0.05966)
2022-11-25 15:31:11,691 Epoch: [2][190/200]	Time 0.258s (0.278s)	Speed 123.9 samples/s	Data 0.000s (0.008s)	Loss 0.05358 (0.05885)
2022-11-25 15:31:15,798 Test: [0/200]	Time 1.210 (1.210)	Loss 0.1134 (0.1134)
2022-11-25 15:31:16,011 Test: [10/200]	Time 0.020 (0.129)	Loss 0.0323 (0.1037)
2022-11-25 15:31:16,238 Test: [20/200]	Time 0.021 (0.079)	Loss 0.0708 (0.1058)
2022-11-25 15:31:16,448 Test: [30/200]	Time 0.021 (0.060)	Loss 0.1513 (0.1118)
2022-11-25 15:31:16,659 Test: [40/200]	Time 0.019 (0.051)	Loss 0.0953 (0.1161)
2022-11-25 15:31:16,858 Test: [50/200]	Time 0.018 (0.045)	Loss 0.1544 (0.1165)
2022-11-25 15:31:17,048 Test: [60/200]	Time 0.017 (0.040)	Loss 0.1404 (0.1196)
2022-11-25 15:31:17,260 Test: [70/200]	Time 0.023 (0.038)	Loss 0.1049 (0.1190)
2022-11-25 15:31:17,483 Test: [80/200]	Time 0.020 (0.036)	Loss 0.1259 (0.1171)
2022-11-25 15:31:17,694 Test: [90/200]	Time 0.021 (0.034)	Loss 0.1522 (0.1189)
2022-11-25 15:31:17,914 Test: [100/200]	Time 0.023 (0.033)	Loss 0.1521 (0.1183)
2022-11-25 15:31:18,113 Test: [110/200]	Time 0.019 (0.032)	Loss 0.1796 (0.1189)
2022-11-25 15:31:18,328 Test: [120/200]	Time 0.023 (0.031)	Loss 0.1456 (0.1174)
2022-11-25 15:31:18,530 Test: [130/200]	Time 0.018 (0.030)	Loss 0.1075 (0.1183)
2022-11-25 15:31:18,730 Test: [140/200]	Time 0.018 (0.029)	Loss 0.0946 (0.1172)
2022-11-25 15:31:18,922 Test: [150/200]	Time 0.018 (0.029)	Loss 0.1069 (0.1161)
2022-11-25 15:31:19,123 Test: [160/200]	Time 0.018 (0.028)	Loss 0.1167 (0.1158)
2022-11-25 15:31:19,334 Test: [170/200]	Time 0.021 (0.028)	Loss 0.1184 (0.1147)
2022-11-25 15:31:19,544 Test: [180/200]	Time 0.021 (0.027)	Loss 0.1052 (0.1138)
2022-11-25 15:31:19,774 Test: [190/200]	Time 0.019 (0.027)	Loss 0.0726 (0.1141)
2022-11-25 15:31:20,885 Mean IoU score: 0.757
2022-11-25 15:31:20,886 => saving checkpoint to out
2022-11-25 15:31:22,689 Epoch: [3][0/200]	Time 1.775s (1.775s)	Speed 18.0 samples/s	Data 1.375s (1.375s)	Loss 0.03936 (0.03936)
2022-11-25 15:31:25,328 Epoch: [3][10/200]	Time 0.254s (0.401s)	Speed 125.8 samples/s	Data 0.000s (0.125s)	Loss 0.04154 (0.04121)
2022-11-25 15:31:27,959 Epoch: [3][20/200]	Time 0.281s (0.336s)	Speed 113.7 samples/s	Data 0.000s (0.066s)	Loss 0.05779 (0.04023)
2022-11-25 15:31:30,576 Epoch: [3][30/200]	Time 0.252s (0.312s)	Speed 127.1 samples/s	Data 0.000s (0.045s)	Loss 0.02747 (0.03992)
2022-11-25 15:31:33,209 Epoch: [3][40/200]	Time 0.249s (0.300s)	Speed 128.7 samples/s	Data 0.001s (0.034s)	Loss 0.03545 (0.03919)
2022-11-25 15:31:35,814 Epoch: [3][50/200]	Time 0.258s (0.292s)	Speed 124.1 samples/s	Data 0.000s (0.027s)	Loss 0.02955 (0.03837)
2022-11-25 15:31:38,402 Epoch: [3][60/200]	Time 0.263s (0.287s)	Speed 121.7 samples/s	Data 0.001s (0.023s)	Loss 0.03121 (0.03755)
2022-11-25 15:31:41,019 Epoch: [3][70/200]	Time 0.271s (0.283s)	Speed 118.1 samples/s	Data 0.000s (0.020s)	Loss 0.03634 (0.03714)
2022-11-25 15:31:43,732 Epoch: [3][80/200]	Time 0.276s (0.282s)	Speed 115.9 samples/s	Data 0.000s (0.017s)	Loss 0.02760 (0.03698)
2022-11-25 15:31:46,390 Epoch: [3][90/200]	Time 0.263s (0.280s)	Speed 121.7 samples/s	Data 0.000s (0.015s)	Loss 0.03215 (0.03669)
2022-11-25 15:31:49,163 Epoch: [3][100/200]	Time 0.287s (0.280s)	Speed 111.5 samples/s	Data 0.001s (0.014s)	Loss 0.03375 (0.03641)
2022-11-25 15:31:51,841 Epoch: [3][110/200]	Time 0.263s (0.279s)	Speed 121.8 samples/s	Data 0.001s (0.013s)	Loss 0.02901 (0.03609)
2022-11-25 15:31:54,516 Epoch: [3][120/200]	Time 0.258s (0.278s)	Speed 123.9 samples/s	Data 0.000s (0.012s)	Loss 0.04133 (0.03601)
2022-11-25 15:31:57,125 Epoch: [3][130/200]	Time 0.266s (0.276s)	Speed 120.3 samples/s	Data 0.000s (0.011s)	Loss 0.03464 (0.03595)
2022-11-25 15:31:59,756 Epoch: [3][140/200]	Time 0.268s (0.275s)	Speed 119.3 samples/s	Data 0.000s (0.010s)	Loss 0.03437 (0.03580)
2022-11-25 15:32:02,349 Epoch: [3][150/200]	Time 0.271s (0.274s)	Speed 118.1 samples/s	Data 0.001s (0.009s)	Loss 0.02511 (0.03568)
2022-11-25 15:32:04,977 Epoch: [3][160/200]	Time 0.269s (0.274s)	Speed 119.1 samples/s	Data 0.000s (0.009s)	Loss 0.03142 (0.03573)
2022-11-25 15:32:07,519 Epoch: [3][170/200]	Time 0.246s (0.273s)	Speed 130.3 samples/s	Data 0.001s (0.008s)	Loss 0.04371 (0.03569)
2022-11-25 15:32:10,148 Epoch: [3][180/200]	Time 0.259s (0.272s)	Speed 123.4 samples/s	Data 0.000s (0.008s)	Loss 0.03433 (0.03544)
2022-11-25 15:32:12,728 Epoch: [3][190/200]	Time 0.242s (0.271s)	Speed 132.0 samples/s	Data 0.001s (0.008s)	Loss 0.02360 (0.03522)
2022-11-25 15:32:16,544 Test: [0/200]	Time 1.192 (1.192)	Loss 0.1003 (0.1003)
2022-11-25 15:32:16,752 Test: [10/200]	Time 0.021 (0.127)	Loss 0.0287 (0.0765)
2022-11-25 15:32:16,958 Test: [20/200]	Time 0.018 (0.076)	Loss 0.0546 (0.0809)
2022-11-25 15:32:17,152 Test: [30/200]	Time 0.019 (0.058)	Loss 0.1261 (0.0853)
2022-11-25 15:32:17,362 Test: [40/200]	Time 0.020 (0.049)	Loss 0.0786 (0.0890)
2022-11-25 15:32:17,572 Test: [50/200]	Time 0.021 (0.044)	Loss 0.1153 (0.0879)
2022-11-25 15:32:17,777 Test: [60/200]	Time 0.020 (0.040)	Loss 0.1121 (0.0906)
2022-11-25 15:32:18,014 Test: [70/200]	Time 0.018 (0.038)	Loss 0.1002 (0.0921)
2022-11-25 15:32:18,212 Test: [80/200]	Time 0.019 (0.035)	Loss 0.1033 (0.0905)
2022-11-25 15:32:18,436 Test: [90/200]	Time 0.021 (0.034)	Loss 0.1087 (0.0923)
2022-11-25 15:32:18,637 Test: [100/200]	Time 0.020 (0.033)	Loss 0.1412 (0.0924)
2022-11-25 15:32:18,842 Test: [110/200]	Time 0.019 (0.031)	Loss 0.1629 (0.0930)
2022-11-25 15:32:19,049 Test: [120/200]	Time 0.018 (0.031)	Loss 0.0995 (0.0918)
2022-11-25 15:32:19,264 Test: [130/200]	Time 0.022 (0.030)	Loss 0.0820 (0.0923)
2022-11-25 15:32:19,476 Test: [140/200]	Time 0.020 (0.029)	Loss 0.0953 (0.0920)
2022-11-25 15:32:19,673 Test: [150/200]	Time 0.020 (0.029)	Loss 0.0837 (0.0911)
2022-11-25 15:32:19,881 Test: [160/200]	Time 0.018 (0.028)	Loss 0.0917 (0.0909)
2022-11-25 15:32:20,079 Test: [170/200]	Time 0.019 (0.028)	Loss 0.0790 (0.0900)
2022-11-25 15:32:20,281 Test: [180/200]	Time 0.020 (0.027)	Loss 0.0602 (0.0895)
2022-11-25 15:32:20,494 Test: [190/200]	Time 0.021 (0.027)	Loss 0.0578 (0.0895)
2022-11-25 15:32:21,599 Mean IoU score: 0.801
2022-11-25 15:32:21,600 => saving checkpoint to out
2022-11-25 15:32:23,371 Epoch: [4][0/200]	Time 1.748s (1.748s)	Speed 18.3 samples/s	Data 1.357s (1.357s)	Loss 0.03506 (0.03506)
2022-11-25 15:32:25,973 Epoch: [4][10/200]	Time 0.264s (0.395s)	Speed 121.4 samples/s	Data 0.000s (0.124s)	Loss 0.02509 (0.02884)
2022-11-25 15:32:28,607 Epoch: [4][20/200]	Time 0.246s (0.333s)	Speed 130.2 samples/s	Data 0.000s (0.065s)	Loss 0.02275 (0.02723)
2022-11-25 15:32:31,204 Epoch: [4][30/200]	Time 0.259s (0.309s)	Speed 123.8 samples/s	Data 0.000s (0.044s)	Loss 0.02467 (0.02688)
2022-11-25 15:32:33,825 Epoch: [4][40/200]	Time 0.259s (0.298s)	Speed 123.5 samples/s	Data 0.000s (0.033s)	Loss 0.02450 (0.02703)
2022-11-25 15:32:36,487 Epoch: [4][50/200]	Time 0.271s (0.291s)	Speed 118.1 samples/s	Data 0.000s (0.027s)	Loss 0.02452 (0.02690)
2022-11-25 15:32:39,120 Epoch: [4][60/200]	Time 0.266s (0.287s)	Speed 120.5 samples/s	Data 0.000s (0.023s)	Loss 0.02171 (0.02663)
2022-11-25 15:32:41,716 Epoch: [4][70/200]	Time 0.252s (0.283s)	Speed 127.2 samples/s	Data 0.000s (0.019s)	Loss 0.02662 (0.02671)
2022-11-25 15:32:44,333 Epoch: [4][80/200]	Time 0.266s (0.280s)	Speed 120.1 samples/s	Data 0.000s (0.017s)	Loss 0.02445 (0.02647)
2022-11-25 15:32:46,941 Epoch: [4][90/200]	Time 0.263s (0.278s)	Speed 121.5 samples/s	Data 0.000s (0.015s)	Loss 0.02677 (0.02619)
2022-11-25 15:32:49,568 Epoch: [4][100/200]	Time 0.251s (0.277s)	Speed 127.5 samples/s	Data 0.000s (0.014s)	Loss 0.02421 (0.02613)
2022-11-25 15:32:52,170 Epoch: [4][110/200]	Time 0.253s (0.275s)	Speed 126.7 samples/s	Data 0.000s (0.013s)	Loss 0.02638 (0.02614)
2022-11-25 15:32:54,797 Epoch: [4][120/200]	Time 0.253s (0.274s)	Speed 126.5 samples/s	Data 0.000s (0.012s)	Loss 0.02660 (0.02601)
2022-11-25 15:32:57,416 Epoch: [4][130/200]	Time 0.250s (0.273s)	Speed 127.9 samples/s	Data 0.000s (0.011s)	Loss 0.02554 (0.02599)
2022-11-25 15:33:00,036 Epoch: [4][140/200]	Time 0.268s (0.272s)	Speed 119.3 samples/s	Data 0.000s (0.010s)	Loss 0.02274 (0.02606)
2022-11-25 15:33:02,604 Epoch: [4][150/200]	Time 0.248s (0.271s)	Speed 129.0 samples/s	Data 0.001s (0.009s)	Loss 0.02224 (0.02602)
2022-11-25 15:33:05,219 Epoch: [4][160/200]	Time 0.258s (0.271s)	Speed 124.2 samples/s	Data 0.001s (0.009s)	Loss 0.02248 (0.02585)
2022-11-25 15:33:07,776 Epoch: [4][170/200]	Time 0.256s (0.270s)	Speed 124.9 samples/s	Data 0.000s (0.008s)	Loss 0.02052 (0.02578)
2022-11-25 15:33:10,411 Epoch: [4][180/200]	Time 0.268s (0.270s)	Speed 119.4 samples/s	Data 0.001s (0.008s)	Loss 0.03430 (0.02573)
2022-11-25 15:33:13,005 Epoch: [4][190/200]	Time 0.282s (0.269s)	Speed 113.4 samples/s	Data 0.000s (0.007s)	Loss 0.02643 (0.02561)
2022-11-25 15:33:16,763 Test: [0/200]	Time 1.209 (1.209)	Loss 0.0782 (0.0782)
2022-11-25 15:33:16,989 Test: [10/200]	Time 0.019 (0.130)	Loss 0.0301 (0.0701)
2022-11-25 15:33:17,192 Test: [20/200]	Time 0.019 (0.078)	Loss 0.0557 (0.0712)
2022-11-25 15:33:17,407 Test: [30/200]	Time 0.018 (0.060)	Loss 0.1068 (0.0757)
2022-11-25 15:33:17,613 Test: [40/200]	Time 0.021 (0.050)	Loss 0.0569 (0.0778)
2022-11-25 15:33:17,823 Test: [50/200]	Time 0.021 (0.044)	Loss 0.0965 (0.0774)
2022-11-25 15:33:18,044 Test: [60/200]	Time 0.019 (0.041)	Loss 0.0988 (0.0795)
2022-11-25 15:33:18,243 Test: [70/200]	Time 0.021 (0.038)	Loss 0.0824 (0.0803)
2022-11-25 15:33:18,461 Test: [80/200]	Time 0.020 (0.036)	Loss 0.0779 (0.0783)
2022-11-25 15:33:18,665 Test: [90/200]	Time 0.019 (0.034)	Loss 0.1304 (0.0803)
2022-11-25 15:33:18,862 Test: [100/200]	Time 0.016 (0.033)	Loss 0.1151 (0.0798)
2022-11-25 15:33:19,063 Test: [110/200]	Time 0.021 (0.032)	Loss 0.1602 (0.0812)
2022-11-25 15:33:19,263 Test: [120/200]	Time 0.022 (0.031)	Loss 0.0848 (0.0796)
2022-11-25 15:33:19,480 Test: [130/200]	Time 0.021 (0.030)	Loss 0.0641 (0.0801)
2022-11-25 15:33:19,680 Test: [140/200]	Time 0.020 (0.029)	Loss 0.0762 (0.0794)
2022-11-25 15:33:19,894 Test: [150/200]	Time 0.019 (0.029)	Loss 0.0728 (0.0785)
2022-11-25 15:33:20,090 Test: [160/200]	Time 0.017 (0.028)	Loss 0.0825 (0.0783)
2022-11-25 15:33:20,295 Test: [170/200]	Time 0.022 (0.028)	Loss 0.0594 (0.0778)
2022-11-25 15:33:20,507 Test: [180/200]	Time 0.020 (0.027)	Loss 0.0463 (0.0770)
2022-11-25 15:33:20,716 Test: [190/200]	Time 0.019 (0.027)	Loss 0.0404 (0.0772)
2022-11-25 15:33:21,829 Mean IoU score: 0.820
2022-11-25 15:33:21,829 => saving checkpoint to out
2022-11-25 15:33:23,627 Epoch: [5][0/200]	Time 1.775s (1.775s)	Speed 18.0 samples/s	Data 1.391s (1.391s)	Loss 0.01724 (0.01724)
2022-11-25 15:33:26,257 Epoch: [5][10/200]	Time 0.268s (0.400s)	Speed 119.3 samples/s	Data 0.000s (0.127s)	Loss 0.01675 (0.02065)
2022-11-25 15:33:28,913 Epoch: [5][20/200]	Time 0.263s (0.336s)	Speed 121.9 samples/s	Data 0.000s (0.067s)	Loss 0.02275 (0.02116)
2022-11-25 15:33:31,545 Epoch: [5][30/200]	Time 0.258s (0.313s)	Speed 124.2 samples/s	Data 0.000s (0.045s)	Loss 0.02787 (0.02106)
2022-11-25 15:33:34,171 Epoch: [5][40/200]	Time 0.267s (0.300s)	Speed 119.9 samples/s	Data 0.000s (0.034s)	Loss 0.02071 (0.02106)
2022-11-25 15:33:36,767 Epoch: [5][50/200]	Time 0.270s (0.292s)	Speed 118.5 samples/s	Data 0.001s (0.028s)	Loss 0.02079 (0.02092)
2022-11-25 15:33:39,338 Epoch: [5][60/200]	Time 0.254s (0.287s)	Speed 125.8 samples/s	Data 0.000s (0.023s)	Loss 0.01582 (0.02056)
2022-11-25 15:33:42,000 Epoch: [5][70/200]	Time 0.269s (0.284s)	Speed 119.0 samples/s	Data 0.001s (0.020s)	Loss 0.01804 (0.02031)
2022-11-25 15:33:44,837 Epoch: [5][80/200]	Time 0.289s (0.284s)	Speed 110.7 samples/s	Data 0.000s (0.018s)	Loss 0.01832 (0.02014)
2022-11-25 15:33:47,418 Epoch: [5][90/200]	Time 0.256s (0.281s)	Speed 125.2 samples/s	Data 0.000s (0.016s)	Loss 0.01398 (0.02004)
2022-11-25 15:33:50,049 Epoch: [5][100/200]	Time 0.265s (0.279s)	Speed 120.6 samples/s	Data 0.001s (0.014s)	Loss 0.02069 (0.01995)
2022-11-25 15:33:52,905 Epoch: [5][110/200]	Time 0.277s (0.280s)	Speed 115.5 samples/s	Data 0.001s (0.013s)	Loss 0.02178 (0.02000)
2022-11-25 15:33:55,529 Epoch: [5][120/200]	Time 0.249s (0.278s)	Speed 128.5 samples/s	Data 0.000s (0.012s)	Loss 0.01795 (0.01981)
2022-11-25 15:33:58,106 Epoch: [5][130/200]	Time 0.272s (0.277s)	Speed 117.8 samples/s	Data 0.000s (0.011s)	Loss 0.02319 (0.01989)
2022-11-25 15:34:00,700 Epoch: [5][140/200]	Time 0.253s (0.276s)	Speed 126.5 samples/s	Data 0.001s (0.010s)	Loss 0.02193 (0.01991)
2022-11-25 15:34:03,289 Epoch: [5][150/200]	Time 0.257s (0.274s)	Speed 124.6 samples/s	Data 0.000s (0.010s)	Loss 0.02304 (0.01989)
2022-11-25 15:34:05,837 Epoch: [5][160/200]	Time 0.258s (0.273s)	Speed 124.2 samples/s	Data 0.000s (0.009s)	Loss 0.02033 (0.01978)
2022-11-25 15:34:08,432 Epoch: [5][170/200]	Time 0.262s (0.272s)	Speed 122.1 samples/s	Data 0.000s (0.009s)	Loss 0.02044 (0.01974)
2022-11-25 15:34:11,008 Epoch: [5][180/200]	Time 0.262s (0.272s)	Speed 121.9 samples/s	Data 0.000s (0.008s)	Loss 0.01847 (0.01980)
2022-11-25 15:34:13,565 Epoch: [5][190/200]	Time 0.245s (0.271s)	Speed 130.4 samples/s	Data 0.001s (0.008s)	Loss 0.01854 (0.01984)
2022-11-25 15:34:17,301 Test: [0/200]	Time 1.197 (1.197)	Loss 0.0848 (0.0848)
2022-11-25 15:34:17,510 Test: [10/200]	Time 0.019 (0.128)	Loss 0.0331 (0.0734)
2022-11-25 15:34:17,708 Test: [20/200]	Time 0.017 (0.076)	Loss 0.0752 (0.0758)
2022-11-25 15:34:17,920 Test: [30/200]	Time 0.021 (0.059)	Loss 0.1335 (0.0863)
2022-11-25 15:34:18,133 Test: [40/200]	Time 0.034 (0.049)	Loss 0.0512 (0.0896)
2022-11-25 15:34:18,348 Test: [50/200]	Time 0.021 (0.044)	Loss 0.1128 (0.0890)
2022-11-25 15:34:18,557 Test: [60/200]	Time 0.020 (0.040)	Loss 0.1046 (0.0903)
2022-11-25 15:34:18,767 Test: [70/200]	Time 0.019 (0.038)	Loss 0.0992 (0.0902)
2022-11-25 15:34:18,960 Test: [80/200]	Time 0.020 (0.035)	Loss 0.1356 (0.0889)
2022-11-25 15:34:19,162 Test: [90/200]	Time 0.019 (0.034)	Loss 0.1090 (0.0913)
2022-11-25 15:34:19,377 Test: [100/200]	Time 0.019 (0.032)	Loss 0.1404 (0.0907)
2022-11-25 15:34:19,581 Test: [110/200]	Time 0.020 (0.031)	Loss 0.1767 (0.0914)
2022-11-25 15:34:19,777 Test: [120/200]	Time 0.018 (0.030)	Loss 0.1017 (0.0893)
2022-11-25 15:34:19,970 Test: [130/200]	Time 0.021 (0.030)	Loss 0.0688 (0.0889)
2022-11-25 15:34:20,166 Test: [140/200]	Time 0.018 (0.029)	Loss 0.0921 (0.0888)
2022-11-25 15:34:20,382 Test: [150/200]	Time 0.019 (0.028)	Loss 0.0786 (0.0871)
2022-11-25 15:34:20,590 Test: [160/200]	Time 0.020 (0.028)	Loss 0.1022 (0.0873)
2022-11-25 15:34:20,798 Test: [170/200]	Time 0.025 (0.027)	Loss 0.0883 (0.0865)
2022-11-25 15:34:21,005 Test: [180/200]	Time 0.021 (0.027)	Loss 0.0503 (0.0856)
2022-11-25 15:34:21,209 Test: [190/200]	Time 0.020 (0.027)	Loss 0.0478 (0.0856)
2022-11-25 15:34:22,333 Mean IoU score: 0.794
2022-11-25 15:34:22,334 => saving checkpoint to out
2022-11-25 15:34:24,095 Epoch: [6][0/200]	Time 1.743s (1.743s)	Speed 18.4 samples/s	Data 1.394s (1.394s)	Loss 0.01804 (0.01804)
2022-11-25 15:34:26,707 Epoch: [6][10/200]	Time 0.261s (0.396s)	Speed 122.7 samples/s	Data 0.000s (0.127s)	Loss 0.02176 (0.01709)
2022-11-25 15:34:29,385 Epoch: [6][20/200]	Time 0.255s (0.335s)	Speed 125.3 samples/s	Data 0.000s (0.067s)	Loss 0.01563 (0.01780)
2022-11-25 15:34:31,950 Epoch: [6][30/200]	Time 0.248s (0.310s)	Speed 129.0 samples/s	Data 0.000s (0.045s)	Loss 0.01678 (0.01772)
2022-11-25 15:34:34,662 Epoch: [6][40/200]	Time 0.258s (0.300s)	Speed 123.8 samples/s	Data 0.000s (0.034s)	Loss 0.01665 (0.01743)
2022-11-25 15:34:37,251 Epoch: [6][50/200]	Time 0.252s (0.292s)	Speed 126.8 samples/s	Data 0.000s (0.028s)	Loss 0.01558 (0.01733)
2022-11-25 15:34:39,862 Epoch: [6][60/200]	Time 0.254s (0.287s)	Speed 125.8 samples/s	Data 0.000s (0.023s)	Loss 0.01378 (0.01703)
2022-11-25 15:34:42,424 Epoch: [6][70/200]	Time 0.260s (0.283s)	Speed 123.3 samples/s	Data 0.001s (0.020s)	Loss 0.01393 (0.01672)
2022-11-25 15:34:45,019 Epoch: [6][80/200]	Time 0.244s (0.280s)	Speed 131.0 samples/s	Data 0.000s (0.018s)	Loss 0.01521 (0.01660)
2022-11-25 15:34:47,615 Epoch: [6][90/200]	Time 0.268s (0.278s)	Speed 119.4 samples/s	Data 0.000s (0.016s)	Loss 0.01647 (0.01648)
2022-11-25 15:34:50,244 Epoch: [6][100/200]	Time 0.270s (0.276s)	Speed 118.6 samples/s	Data 0.001s (0.014s)	Loss 0.01584 (0.01643)
2022-11-25 15:34:52,865 Epoch: [6][110/200]	Time 0.275s (0.275s)	Speed 116.2 samples/s	Data 0.000s (0.013s)	Loss 0.01335 (0.01635)
2022-11-25 15:34:55,455 Epoch: [6][120/200]	Time 0.250s (0.274s)	Speed 128.2 samples/s	Data 0.000s (0.012s)	Loss 0.01633 (0.01629)
2022-11-25 15:34:58,033 Epoch: [6][130/200]	Time 0.273s (0.272s)	Speed 117.2 samples/s	Data 0.001s (0.011s)	Loss 0.01197 (0.01618)
2022-11-25 15:35:00,676 Epoch: [6][140/200]	Time 0.265s (0.272s)	Speed 120.9 samples/s	Data 0.001s (0.010s)	Loss 0.01438 (0.01612)
2022-11-25 15:35:03,286 Epoch: [6][150/200]	Time 0.264s (0.271s)	Speed 121.2 samples/s	Data 0.000s (0.010s)	Loss 0.01544 (0.01608)
2022-11-25 15:35:05,894 Epoch: [6][160/200]	Time 0.261s (0.270s)	Speed 122.5 samples/s	Data 0.001s (0.009s)	Loss 0.01876 (0.01609)
2022-11-25 15:35:08,459 Epoch: [6][170/200]	Time 0.265s (0.270s)	Speed 120.9 samples/s	Data 0.000s (0.008s)	Loss 0.01547 (0.01601)
2022-11-25 15:35:11,039 Epoch: [6][180/200]	Time 0.253s (0.269s)	Speed 126.7 samples/s	Data 0.000s (0.008s)	Loss 0.01066 (0.01600)
2022-11-25 15:35:13,641 Epoch: [6][190/200]	Time 0.256s (0.269s)	Speed 125.2 samples/s	Data 0.000s (0.008s)	Loss 0.01634 (0.01595)
2022-11-25 15:35:17,376 Test: [0/200]	Time 1.182 (1.182)	Loss 0.0626 (0.0626)
2022-11-25 15:35:17,586 Test: [10/200]	Time 0.021 (0.127)	Loss 0.0139 (0.0546)
2022-11-25 15:35:17,780 Test: [20/200]	Time 0.018 (0.076)	Loss 0.0426 (0.0591)
2022-11-25 15:35:17,995 Test: [30/200]	Time 0.018 (0.058)	Loss 0.0777 (0.0632)
2022-11-25 15:35:18,181 Test: [40/200]	Time 0.018 (0.048)	Loss 0.0434 (0.0649)
2022-11-25 15:35:18,393 Test: [50/200]	Time 0.020 (0.043)	Loss 0.0854 (0.0652)
2022-11-25 15:35:18,596 Test: [60/200]	Time 0.020 (0.039)	Loss 0.0804 (0.0673)
2022-11-25 15:35:18,799 Test: [70/200]	Time 0.018 (0.037)	Loss 0.0526 (0.0668)
2022-11-25 15:35:19,002 Test: [80/200]	Time 0.020 (0.035)	Loss 0.0971 (0.0654)
2022-11-25 15:35:19,213 Test: [90/200]	Time 0.019 (0.033)	Loss 0.1114 (0.0678)
2022-11-25 15:35:19,428 Test: [100/200]	Time 0.020 (0.032)	Loss 0.0860 (0.0676)
2022-11-25 15:35:19,634 Test: [110/200]	Time 0.018 (0.031)	Loss 0.1476 (0.0683)
2022-11-25 15:35:19,826 Test: [120/200]	Time 0.017 (0.030)	Loss 0.0669 (0.0665)
2022-11-25 15:35:20,015 Test: [130/200]	Time 0.017 (0.029)	Loss 0.0469 (0.0664)
2022-11-25 15:35:20,203 Test: [140/200]	Time 0.019 (0.028)	Loss 0.0669 (0.0658)
2022-11-25 15:35:20,421 Test: [150/200]	Time 0.022 (0.028)	Loss 0.0550 (0.0650)
2022-11-25 15:35:20,640 Test: [160/200]	Time 0.021 (0.028)	Loss 0.0712 (0.0651)
2022-11-25 15:35:20,835 Test: [170/200]	Time 0.018 (0.027)	Loss 0.0730 (0.0645)
2022-11-25 15:35:21,049 Test: [180/200]	Time 0.018 (0.027)	Loss 0.0402 (0.0641)
2022-11-25 15:35:21,248 Test: [190/200]	Time 0.023 (0.026)	Loss 0.0333 (0.0640)
2022-11-25 15:35:22,367 Mean IoU score: 0.847
2022-11-25 15:35:22,367 => saving checkpoint to out
2022-11-25 15:35:24,168 Epoch: [7][0/200]	Time 1.777s (1.777s)	Speed 18.0 samples/s	Data 1.399s (1.399s)	Loss 0.01414 (0.01414)
2022-11-25 15:35:26,780 Epoch: [7][10/200]	Time 0.261s (0.399s)	Speed 122.7 samples/s	Data 0.001s (0.128s)	Loss 0.01364 (0.01490)
2022-11-25 15:35:29,432 Epoch: [7][20/200]	Time 0.267s (0.335s)	Speed 119.8 samples/s	Data 0.000s (0.067s)	Loss 0.01672 (0.01481)
2022-11-25 15:35:32,020 Epoch: [7][30/200]	Time 0.259s (0.311s)	Speed 123.8 samples/s	Data 0.000s (0.046s)	Loss 0.01518 (0.01433)
2022-11-25 15:35:34,681 Epoch: [7][40/200]	Time 0.266s (0.300s)	Speed 120.1 samples/s	Data 0.000s (0.035s)	Loss 0.01070 (0.01421)
2022-11-25 15:35:37,257 Epoch: [7][50/200]	Time 0.261s (0.291s)	Speed 122.6 samples/s	Data 0.000s (0.028s)	Loss 0.01284 (0.01401)
2022-11-25 15:35:39,881 Epoch: [7][60/200]	Time 0.264s (0.287s)	Speed 121.2 samples/s	Data 0.000s (0.023s)	Loss 0.01245 (0.01391)
2022-11-25 15:35:42,450 Epoch: [7][70/200]	Time 0.265s (0.283s)	Speed 120.9 samples/s	Data 0.000s (0.020s)	Loss 0.01096 (0.01371)
2022-11-25 15:35:45,082 Epoch: [7][80/200]	Time 0.247s (0.280s)	Speed 129.6 samples/s	Data 0.000s (0.018s)	Loss 0.01165 (0.01365)
2022-11-25 15:35:47,701 Epoch: [7][90/200]	Time 0.257s (0.278s)	Speed 124.5 samples/s	Data 0.000s (0.016s)	Loss 0.01492 (0.01349)
2022-11-25 15:35:50,338 Epoch: [7][100/200]	Time 0.267s (0.277s)	Speed 119.9 samples/s	Data 0.001s (0.014s)	Loss 0.01488 (0.01351)
2022-11-25 15:35:52,940 Epoch: [7][110/200]	Time 0.292s (0.275s)	Speed 109.7 samples/s	Data 0.000s (0.013s)	Loss 0.00958 (0.01345)
2022-11-25 15:35:55,572 Epoch: [7][120/200]	Time 0.254s (0.274s)	Speed 126.0 samples/s	Data 0.001s (0.012s)	Loss 0.01241 (0.01351)
2022-11-25 15:35:58,309 Epoch: [7][130/200]	Time 0.282s (0.274s)	Speed 113.6 samples/s	Data 0.001s (0.011s)	Loss 0.01175 (0.01348)
2022-11-25 15:36:00,972 Epoch: [7][140/200]	Time 0.262s (0.274s)	Speed 122.1 samples/s	Data 0.000s (0.010s)	Loss 0.01572 (0.01341)
2022-11-25 15:36:03,558 Epoch: [7][150/200]	Time 0.254s (0.273s)	Speed 126.1 samples/s	Data 0.001s (0.010s)	Loss 0.01059 (0.01332)
2022-11-25 15:36:06,124 Epoch: [7][160/200]	Time 0.239s (0.272s)	Speed 134.0 samples/s	Data 0.000s (0.009s)	Loss 0.01556 (0.01326)
2022-11-25 15:36:08,749 Epoch: [7][170/200]	Time 0.267s (0.271s)	Speed 119.6 samples/s	Data 0.000s (0.009s)	Loss 0.01441 (0.01328)
2022-11-25 15:36:11,361 Epoch: [7][180/200]	Time 0.249s (0.271s)	Speed 128.3 samples/s	Data 0.001s (0.008s)	Loss 0.01179 (0.01327)
2022-11-25 15:36:13,934 Epoch: [7][190/200]	Time 0.257s (0.270s)	Speed 124.8 samples/s	Data 0.001s (0.008s)	Loss 0.01227 (0.01330)
2022-11-25 15:36:17,725 Test: [0/200]	Time 1.201 (1.201)	Loss 0.0580 (0.0580)
2022-11-25 15:36:17,955 Test: [10/200]	Time 0.020 (0.130)	Loss 0.0220 (0.0573)
2022-11-25 15:36:18,172 Test: [20/200]	Time 0.019 (0.078)	Loss 0.0344 (0.0579)
2022-11-25 15:36:18,394 Test: [30/200]	Time 0.023 (0.060)	Loss 0.0918 (0.0616)
2022-11-25 15:36:18,608 Test: [40/200]	Time 0.023 (0.051)	Loss 0.0443 (0.0628)
2022-11-25 15:36:18,813 Test: [50/200]	Time 0.018 (0.045)	Loss 0.0972 (0.0624)
2022-11-25 15:36:19,013 Test: [60/200]	Time 0.022 (0.041)	Loss 0.0901 (0.0656)
2022-11-25 15:36:19,207 Test: [70/200]	Time 0.019 (0.038)	Loss 0.0567 (0.0661)
2022-11-25 15:36:19,443 Test: [80/200]	Time 0.020 (0.036)	Loss 0.0656 (0.0642)
2022-11-25 15:36:19,648 Test: [90/200]	Time 0.019 (0.034)	Loss 0.1238 (0.0660)
2022-11-25 15:36:19,840 Test: [100/200]	Time 0.019 (0.033)	Loss 0.0966 (0.0658)
2022-11-25 15:36:20,037 Test: [110/200]	Time 0.019 (0.032)	Loss 0.1596 (0.0669)
2022-11-25 15:36:20,225 Test: [120/200]	Time 0.020 (0.031)	Loss 0.0732 (0.0650)
2022-11-25 15:36:20,441 Test: [130/200]	Time 0.020 (0.030)	Loss 0.0429 (0.0649)
2022-11-25 15:36:20,659 Test: [140/200]	Time 0.019 (0.029)	Loss 0.0651 (0.0644)
2022-11-25 15:36:20,858 Test: [150/200]	Time 0.018 (0.029)	Loss 0.0560 (0.0633)
2022-11-25 15:36:21,071 Test: [160/200]	Time 0.019 (0.028)	Loss 0.0708 (0.0634)
2022-11-25 15:36:21,266 Test: [170/200]	Time 0.020 (0.028)	Loss 0.0582 (0.0627)
2022-11-25 15:36:21,475 Test: [180/200]	Time 0.020 (0.027)	Loss 0.0326 (0.0623)
2022-11-25 15:36:21,673 Test: [190/200]	Time 0.018 (0.027)	Loss 0.0293 (0.0622)
2022-11-25 15:36:22,788 Mean IoU score: 0.852
2022-11-25 15:36:22,789 => saving checkpoint to out
2022-11-25 15:36:24,667 Epoch: [8][0/200]	Time 1.852s (1.852s)	Speed 17.3 samples/s	Data 1.450s (1.450s)	Loss 0.01130 (0.01130)
2022-11-25 15:36:27,260 Epoch: [8][10/200]	Time 0.290s (0.404s)	Speed 110.2 samples/s	Data 0.001s (0.132s)	Loss 0.01004 (0.01152)
2022-11-25 15:36:29,894 Epoch: [8][20/200]	Time 0.267s (0.337s)	Speed 119.8 samples/s	Data 0.000s (0.069s)	Loss 0.01112 (0.01189)
2022-11-25 15:36:32,708 Epoch: [8][30/200]	Time 0.274s (0.319s)	Speed 116.8 samples/s	Data 0.001s (0.047s)	Loss 0.01173 (0.01192)
2022-11-25 15:36:35,492 Epoch: [8][40/200]	Time 0.247s (0.309s)	Speed 129.7 samples/s	Data 0.000s (0.036s)	Loss 0.00906 (0.01180)
2022-11-25 15:36:38,168 Epoch: [8][50/200]	Time 0.278s (0.301s)	Speed 115.1 samples/s	Data 0.001s (0.029s)	Loss 0.01178 (0.01195)
2022-11-25 15:36:41,307 Epoch: [8][60/200]	Time 0.309s (0.303s)	Speed 103.5 samples/s	Data 0.001s (0.024s)	Loss 0.01350 (0.01189)
2022-11-25 15:36:44,104 Epoch: [8][70/200]	Time 0.272s (0.300s)	Speed 117.5 samples/s	Data 0.000s (0.021s)	Loss 0.01182 (0.01178)
2022-11-25 15:36:46,778 Epoch: [8][80/200]	Time 0.276s (0.296s)	Speed 115.8 samples/s	Data 0.000s (0.018s)	Loss 0.00885 (0.01170)
2022-11-25 15:36:49,454 Epoch: [8][90/200]	Time 0.255s (0.293s)	Speed 125.4 samples/s	Data 0.000s (0.016s)	Loss 0.00899 (0.01157)
2022-11-25 15:36:52,155 Epoch: [8][100/200]	Time 0.256s (0.290s)	Speed 125.2 samples/s	Data 0.000s (0.015s)	Loss 0.01102 (0.01156)
2022-11-25 15:36:55,343 Epoch: [8][110/200]	Time 0.296s (0.293s)	Speed 108.1 samples/s	Data 0.000s (0.013s)	Loss 0.01427 (0.01157)
2022-11-25 15:36:58,072 Epoch: [8][120/200]	Time 0.281s (0.291s)	Speed 114.0 samples/s	Data 0.000s (0.012s)	Loss 0.01191 (0.01165)
2022-11-25 15:37:00,948 Epoch: [8][130/200]	Time 0.284s (0.291s)	Speed 112.6 samples/s	Data 0.000s (0.011s)	Loss 0.00820 (0.01166)
2022-11-25 15:37:03,712 Epoch: [8][140/200]	Time 0.260s (0.290s)	Speed 122.9 samples/s	Data 0.000s (0.011s)	Loss 0.01359 (0.01170)
2022-11-25 15:37:06,506 Epoch: [8][150/200]	Time 0.291s (0.289s)	Speed 110.1 samples/s	Data 0.000s (0.010s)	Loss 0.01043 (0.01165)
2022-11-25 15:37:09,356 Epoch: [8][160/200]	Time 0.330s (0.289s)	Speed 97.1 samples/s	Data 0.000s (0.009s)	Loss 0.01219 (0.01167)
2022-11-25 15:37:12,335 Epoch: [8][170/200]	Time 0.358s (0.290s)	Speed 89.3 samples/s	Data 0.000s (0.009s)	Loss 0.01069 (0.01167)
2022-11-25 15:37:15,279 Epoch: [8][180/200]	Time 0.274s (0.290s)	Speed 116.7 samples/s	Data 0.000s (0.008s)	Loss 0.01302 (0.01166)
2022-11-25 15:37:18,012 Epoch: [8][190/200]	Time 0.281s (0.289s)	Speed 113.9 samples/s	Data 0.000s (0.008s)	Loss 0.01282 (0.01163)
2022-11-25 15:37:21,979 Test: [0/200]	Time 1.210 (1.210)	Loss 0.0591 (0.0591)
2022-11-25 15:37:22,192 Test: [10/200]	Time 0.019 (0.129)	Loss 0.0157 (0.0529)
2022-11-25 15:37:22,417 Test: [20/200]	Time 0.020 (0.078)	Loss 0.0262 (0.0531)
2022-11-25 15:37:22,632 Test: [30/200]	Time 0.022 (0.060)	Loss 0.0736 (0.0562)
2022-11-25 15:37:22,859 Test: [40/200]	Time 0.023 (0.051)	Loss 0.0539 (0.0586)
2022-11-25 15:37:23,072 Test: [50/200]	Time 0.020 (0.045)	Loss 0.0799 (0.0582)
2022-11-25 15:37:23,268 Test: [60/200]	Time 0.021 (0.041)	Loss 0.0761 (0.0612)
2022-11-25 15:37:23,488 Test: [70/200]	Time 0.022 (0.038)	Loss 0.0481 (0.0617)
2022-11-25 15:37:23,699 Test: [80/200]	Time 0.022 (0.036)	Loss 0.0582 (0.0596)
2022-11-25 15:37:23,911 Test: [90/200]	Time 0.021 (0.035)	Loss 0.1029 (0.0617)
2022-11-25 15:37:24,143 Test: [100/200]	Time 0.024 (0.033)	Loss 0.0808 (0.0612)
2022-11-25 15:37:24,349 Test: [110/200]	Time 0.020 (0.032)	Loss 0.1531 (0.0624)
2022-11-25 15:37:24,575 Test: [120/200]	Time 0.025 (0.031)	Loss 0.0594 (0.0610)
2022-11-25 15:37:24,797 Test: [130/200]	Time 0.020 (0.031)	Loss 0.0410 (0.0610)
2022-11-25 15:37:25,006 Test: [140/200]	Time 0.019 (0.030)	Loss 0.0660 (0.0608)
2022-11-25 15:37:25,219 Test: [150/200]	Time 0.021 (0.029)	Loss 0.0569 (0.0599)
2022-11-25 15:37:25,438 Test: [160/200]	Time 0.023 (0.029)	Loss 0.0704 (0.0601)
2022-11-25 15:37:25,658 Test: [170/200]	Time 0.019 (0.029)	Loss 0.0609 (0.0595)
2022-11-25 15:37:25,870 Test: [180/200]	Time 0.023 (0.028)	Loss 0.0344 (0.0591)
2022-11-25 15:37:26,080 Test: [190/200]	Time 0.022 (0.028)	Loss 0.0288 (0.0590)
2022-11-25 15:37:27,211 Mean IoU score: 0.858
2022-11-25 15:37:27,212 => saving checkpoint to out
2022-11-25 15:37:29,067 Epoch: [9][0/200]	Time 1.832s (1.832s)	Speed 17.5 samples/s	Data 1.439s (1.439s)	Loss 0.01116 (0.01116)
2022-11-25 15:37:31,792 Epoch: [9][10/200]	Time 0.288s (0.414s)	Speed 111.2 samples/s	Data 0.000s (0.131s)	Loss 0.00974 (0.01050)
2022-11-25 15:37:34,762 Epoch: [9][20/200]	Time 0.268s (0.358s)	Speed 119.6 samples/s	Data 0.001s (0.069s)	Loss 0.01525 (0.01089)
2022-11-25 15:37:37,491 Epoch: [9][30/200]	Time 0.298s (0.331s)	Speed 107.5 samples/s	Data 0.000s (0.047s)	Loss 0.00992 (0.01093)
2022-11-25 15:37:40,215 Epoch: [9][40/200]	Time 0.288s (0.317s)	Speed 111.1 samples/s	Data 0.001s (0.036s)	Loss 0.01048 (0.01094)
2022-11-25 15:37:42,973 Epoch: [9][50/200]	Time 0.283s (0.309s)	Speed 113.1 samples/s	Data 0.000s (0.029s)	Loss 0.00735 (0.01073)
2022-11-25 15:37:45,678 Epoch: [9][60/200]	Time 0.258s (0.302s)	Speed 124.0 samples/s	Data 0.001s (0.024s)	Loss 0.01102 (0.01056)
2022-11-25 15:37:48,404 Epoch: [9][70/200]	Time 0.282s (0.298s)	Speed 113.5 samples/s	Data 0.000s (0.021s)	Loss 0.01096 (0.01061)
2022-11-25 15:37:51,079 Epoch: [9][80/200]	Time 0.267s (0.294s)	Speed 119.8 samples/s	Data 0.000s (0.018s)	Loss 0.00761 (0.01062)
2022-11-25 15:37:53,740 Epoch: [9][90/200]	Time 0.244s (0.291s)	Speed 130.9 samples/s	Data 0.001s (0.016s)	Loss 0.01103 (0.01053)
2022-11-25 15:37:56,451 Epoch: [9][100/200]	Time 0.288s (0.289s)	Speed 110.9 samples/s	Data 0.001s (0.015s)	Loss 0.01522 (0.01057)
2022-11-25 15:37:59,127 Epoch: [9][110/200]	Time 0.276s (0.287s)	Speed 116.0 samples/s	Data 0.000s (0.013s)	Loss 0.01139 (0.01055)
2022-11-25 15:38:01,804 Epoch: [9][120/200]	Time 0.250s (0.286s)	Speed 128.2 samples/s	Data 0.001s (0.012s)	Loss 0.00949 (0.01048)
2022-11-25 15:38:04,497 Epoch: [9][130/200]	Time 0.277s (0.284s)	Speed 115.5 samples/s	Data 0.000s (0.011s)	Loss 0.00814 (0.01052)
2022-11-25 15:38:07,188 Epoch: [9][140/200]	Time 0.269s (0.283s)	Speed 118.8 samples/s	Data 0.000s (0.011s)	Loss 0.01092 (0.01052)
2022-11-25 15:38:09,896 Epoch: [9][150/200]	Time 0.262s (0.283s)	Speed 122.3 samples/s	Data 0.001s (0.010s)	Loss 0.00833 (0.01052)
2022-11-25 15:38:12,567 Epoch: [9][160/200]	Time 0.263s (0.282s)	Speed 121.7 samples/s	Data 0.000s (0.009s)	Loss 0.01110 (0.01051)
2022-11-25 15:38:15,270 Epoch: [9][170/200]	Time 0.279s (0.281s)	Speed 114.8 samples/s	Data 0.001s (0.009s)	Loss 0.01034 (0.01046)
2022-11-25 15:38:17,919 Epoch: [9][180/200]	Time 0.269s (0.280s)	Speed 119.1 samples/s	Data 0.001s (0.008s)	Loss 0.00941 (0.01044)
2022-11-25 15:38:20,592 Epoch: [9][190/200]	Time 0.259s (0.279s)	Speed 123.5 samples/s	Data 0.000s (0.008s)	Loss 0.00795 (0.01040)
2022-11-25 15:38:24,627 Test: [0/200]	Time 1.207 (1.207)	Loss 0.0614 (0.0614)
2022-11-25 15:38:24,838 Test: [10/200]	Time 0.019 (0.129)	Loss 0.0227 (0.0532)
2022-11-25 15:38:25,050 Test: [20/200]	Time 0.021 (0.078)	Loss 0.0311 (0.0552)
2022-11-25 15:38:25,279 Test: [30/200]	Time 0.020 (0.060)	Loss 0.0618 (0.0592)
2022-11-25 15:38:25,510 Test: [40/200]	Time 0.021 (0.051)	Loss 0.0547 (0.0616)
2022-11-25 15:38:25,709 Test: [50/200]	Time 0.019 (0.045)	Loss 0.0995 (0.0608)
2022-11-25 15:38:25,906 Test: [60/200]	Time 0.019 (0.041)	Loss 0.0720 (0.0630)
2022-11-25 15:38:26,104 Test: [70/200]	Time 0.017 (0.038)	Loss 0.0452 (0.0631)
2022-11-25 15:38:26,299 Test: [80/200]	Time 0.020 (0.036)	Loss 0.0552 (0.0609)
2022-11-25 15:38:26,537 Test: [90/200]	Time 0.021 (0.034)	Loss 0.1048 (0.0628)
2022-11-25 15:38:26,753 Test: [100/200]	Time 0.021 (0.033)	Loss 0.0781 (0.0626)
2022-11-25 15:38:26,965 Test: [110/200]	Time 0.021 (0.032)	Loss 0.1345 (0.0634)
2022-11-25 15:38:27,172 Test: [120/200]	Time 0.020 (0.031)	Loss 0.0539 (0.0618)
2022-11-25 15:38:27,381 Test: [130/200]	Time 0.022 (0.030)	Loss 0.0445 (0.0617)
2022-11-25 15:38:27,599 Test: [140/200]	Time 0.020 (0.030)	Loss 0.0617 (0.0611)
2022-11-25 15:38:27,821 Test: [150/200]	Time 0.022 (0.029)	Loss 0.0495 (0.0602)
2022-11-25 15:38:28,033 Test: [160/200]	Time 0.020 (0.029)	Loss 0.0812 (0.0603)
2022-11-25 15:38:28,228 Test: [170/200]	Time 0.019 (0.028)	Loss 0.0609 (0.0598)
2022-11-25 15:38:28,446 Test: [180/200]	Time 0.021 (0.028)	Loss 0.0404 (0.0594)
2022-11-25 15:38:28,661 Test: [190/200]	Time 0.023 (0.027)	Loss 0.0306 (0.0592)
2022-11-25 15:38:29,796 Mean IoU score: 0.859
2022-11-25 15:38:29,797 => saving checkpoint to out
2022-11-25 15:38:31,632 Epoch: [10][0/200]	Time 1.811s (1.811s)	Speed 17.7 samples/s	Data 1.419s (1.419s)	Loss 0.00742 (0.00742)
2022-11-25 15:38:34,509 Epoch: [10][10/200]	Time 0.281s (0.426s)	Speed 113.9 samples/s	Data 0.000s (0.129s)	Loss 0.00820 (0.00910)
2022-11-25 15:38:37,197 Epoch: [10][20/200]	Time 0.267s (0.351s)	Speed 119.7 samples/s	Data 0.000s (0.068s)	Loss 0.00890 (0.00883)
2022-11-25 15:38:39,921 Epoch: [10][30/200]	Time 0.267s (0.326s)	Speed 119.7 samples/s	Data 0.000s (0.046s)	Loss 0.01052 (0.00921)
2022-11-25 15:38:42,591 Epoch: [10][40/200]	Time 0.260s (0.311s)	Speed 123.3 samples/s	Data 0.000s (0.035s)	Loss 0.00843 (0.00956)
2022-11-25 15:38:45,285 Epoch: [10][50/200]	Time 0.273s (0.303s)	Speed 117.3 samples/s	Data 0.001s (0.028s)	Loss 0.01295 (0.00965)
2022-11-25 15:38:47,970 Epoch: [10][60/200]	Time 0.283s (0.298s)	Speed 112.9 samples/s	Data 0.000s (0.024s)	Loss 0.01357 (0.00972)
2022-11-25 15:38:50,627 Epoch: [10][70/200]	Time 0.257s (0.293s)	Speed 124.4 samples/s	Data 0.000s (0.020s)	Loss 0.00866 (0.00974)
2022-11-25 15:38:53,424 Epoch: [10][80/200]	Time 0.370s (0.291s)	Speed 86.6 samples/s	Data 0.001s (0.018s)	Loss 0.01087 (0.00978)
2022-11-25 15:38:56,078 Epoch: [10][90/200]	Time 0.261s (0.289s)	Speed 122.7 samples/s	Data 0.000s (0.016s)	Loss 0.00759 (0.00976)
2022-11-25 15:38:58,821 Epoch: [10][100/200]	Time 0.258s (0.287s)	Speed 123.9 samples/s	Data 0.000s (0.014s)	Loss 0.00886 (0.00982)
2022-11-25 15:39:01,462 Epoch: [10][110/200]	Time 0.271s (0.285s)	Speed 118.1 samples/s	Data 0.001s (0.013s)	Loss 0.00828 (0.00981)
2022-11-25 15:39:04,112 Epoch: [10][120/200]	Time 0.262s (0.283s)	Speed 122.2 samples/s	Data 0.001s (0.012s)	Loss 0.01144 (0.00993)
2022-11-25 15:39:06,756 Epoch: [10][130/200]	Time 0.260s (0.282s)	Speed 123.2 samples/s	Data 0.000s (0.011s)	Loss 0.01027 (0.00997)
2022-11-25 15:39:09,421 Epoch: [10][140/200]	Time 0.279s (0.281s)	Speed 114.9 samples/s	Data 0.000s (0.010s)	Loss 0.00974 (0.00999)
2022-11-25 15:39:12,060 Epoch: [10][150/200]	Time 0.260s (0.280s)	Speed 123.0 samples/s	Data 0.000s (0.010s)	Loss 0.00992 (0.00998)
2022-11-25 15:39:14,756 Epoch: [10][160/200]	Time 0.256s (0.279s)	Speed 124.9 samples/s	Data 0.001s (0.009s)	Loss 0.00912 (0.01000)
2022-11-25 15:39:17,420 Epoch: [10][170/200]	Time 0.289s (0.278s)	Speed 110.8 samples/s	Data 0.001s (0.009s)	Loss 0.01198 (0.01003)
2022-11-25 15:39:20,350 Epoch: [10][180/200]	Time 0.278s (0.279s)	Speed 114.9 samples/s	Data 0.000s (0.008s)	Loss 0.00910 (0.00998)
2022-11-25 15:39:23,111 Epoch: [10][190/200]	Time 0.273s (0.279s)	Speed 117.3 samples/s	Data 0.000s (0.008s)	Loss 0.00969 (0.00995)
2022-11-25 15:39:26,977 Test: [0/200]	Time 1.228 (1.228)	Loss 0.0647 (0.0647)
2022-11-25 15:39:27,218 Test: [10/200]	Time 0.022 (0.133)	Loss 0.0246 (0.0526)
2022-11-25 15:39:27,443 Test: [20/200]	Time 0.021 (0.081)	Loss 0.0278 (0.0536)
2022-11-25 15:39:27,700 Test: [30/200]	Time 0.030 (0.063)	Loss 0.0713 (0.0571)
2022-11-25 15:39:27,951 Test: [40/200]	Time 0.024 (0.054)	Loss 0.0611 (0.0597)
2022-11-25 15:39:28,168 Test: [50/200]	Time 0.020 (0.047)	Loss 0.0787 (0.0585)
2022-11-25 15:39:28,400 Test: [60/200]	Time 0.021 (0.043)	Loss 0.0808 (0.0616)
2022-11-25 15:39:28,665 Test: [70/200]	Time 0.023 (0.041)	Loss 0.0441 (0.0619)
2022-11-25 15:39:28,908 Test: [80/200]	Time 0.020 (0.039)	Loss 0.0641 (0.0599)
2022-11-25 15:39:29,199 Test: [90/200]	Time 0.023 (0.038)	Loss 0.0764 (0.0618)
2022-11-25 15:39:29,524 Test: [100/200]	Time 0.030 (0.037)	Loss 0.0808 (0.0618)
2022-11-25 15:39:29,803 Test: [110/200]	Time 0.024 (0.037)	Loss 0.1545 (0.0630)
2022-11-25 15:39:30,090 Test: [120/200]	Time 0.026 (0.036)	Loss 0.0636 (0.0613)
2022-11-25 15:39:30,399 Test: [130/200]	Time 0.030 (0.035)	Loss 0.0374 (0.0611)
2022-11-25 15:39:30,681 Test: [140/200]	Time 0.024 (0.035)	Loss 0.0643 (0.0606)
2022-11-25 15:39:30,911 Test: [150/200]	Time 0.019 (0.034)	Loss 0.0490 (0.0596)
2022-11-25 15:39:31,147 Test: [160/200]	Time 0.020 (0.034)	Loss 0.0618 (0.0599)
2022-11-25 15:39:31,403 Test: [170/200]	Time 0.027 (0.033)	Loss 0.0535 (0.0594)
2022-11-25 15:39:31,689 Test: [180/200]	Time 0.026 (0.033)	Loss 0.0316 (0.0590)
2022-11-25 15:39:31,902 Test: [190/200]	Time 0.018 (0.032)	Loss 0.0262 (0.0587)
2022-11-25 15:39:33,027 Mean IoU score: 0.861
2022-11-25 15:39:33,028 => saving checkpoint to out
2022-11-25 15:39:34,926 Epoch: [11][0/200]	Time 1.876s (1.876s)	Speed 17.1 samples/s	Data 1.477s (1.477s)	Loss 0.00799 (0.00799)
2022-11-25 15:39:37,599 Epoch: [11][10/200]	Time 0.256s (0.414s)	Speed 125.2 samples/s	Data 0.000s (0.135s)	Loss 0.00932 (0.00837)
2022-11-25 15:39:40,296 Epoch: [11][20/200]	Time 0.274s (0.345s)	Speed 116.7 samples/s	Data 0.000s (0.071s)	Loss 0.01147 (0.00856)
2022-11-25 15:39:43,515 Epoch: [11][30/200]	Time 0.313s (0.338s)	Speed 102.2 samples/s	Data 0.000s (0.048s)	Loss 0.00831 (0.00874)
2022-11-25 15:39:46,270 Epoch: [11][40/200]	Time 0.271s (0.322s)	Speed 118.0 samples/s	Data 0.000s (0.036s)	Loss 0.01236 (0.00890)
2022-11-25 15:39:49,027 Epoch: [11][50/200]	Time 0.277s (0.313s)	Speed 115.6 samples/s	Data 0.000s (0.029s)	Loss 0.00886 (0.00902)
2022-11-25 15:39:51,828 Epoch: [11][60/200]	Time 0.286s (0.308s)	Speed 112.1 samples/s	Data 0.000s (0.025s)	Loss 0.01076 (0.00911)
2022-11-25 15:39:54,573 Epoch: [11][70/200]	Time 0.248s (0.303s)	Speed 128.9 samples/s	Data 0.000s (0.021s)	Loss 0.00924 (0.00903)
2022-11-25 15:39:57,365 Epoch: [11][80/200]	Time 0.284s (0.300s)	Speed 112.5 samples/s	Data 0.000s (0.019s)	Loss 0.00934 (0.00904)
2022-11-25 15:40:00,108 Epoch: [11][90/200]	Time 0.276s (0.297s)	Speed 116.1 samples/s	Data 0.000s (0.017s)	Loss 0.00884 (0.00907)
2022-11-25 15:40:02,820 Epoch: [11][100/200]	Time 0.276s (0.295s)	Speed 116.1 samples/s	Data 0.000s (0.015s)	Loss 0.00971 (0.00913)
2022-11-25 15:40:05,497 Epoch: [11][110/200]	Time 0.250s (0.292s)	Speed 128.2 samples/s	Data 0.001s (0.014s)	Loss 0.01076 (0.00912)
2022-11-25 15:40:08,200 Epoch: [11][120/200]	Time 0.263s (0.290s)	Speed 121.8 samples/s	Data 0.000s (0.013s)	Loss 0.00793 (0.00913)
2022-11-25 15:40:10,955 Epoch: [11][130/200]	Time 0.284s (0.289s)	Speed 112.8 samples/s	Data 0.001s (0.012s)	Loss 0.00924 (0.00913)
2022-11-25 15:40:13,725 Epoch: [11][140/200]	Time 0.277s (0.288s)	Speed 115.6 samples/s	Data 0.000s (0.011s)	Loss 0.01197 (0.00922)
2022-11-25 15:40:16,604 Epoch: [11][150/200]	Time 0.275s (0.288s)	Speed 116.5 samples/s	Data 0.001s (0.010s)	Loss 0.01112 (0.00922)
2022-11-25 15:40:19,452 Epoch: [11][160/200]	Time 0.269s (0.288s)	Speed 118.8 samples/s	Data 0.000s (0.010s)	Loss 0.01051 (0.00925)
2022-11-25 15:40:22,184 Epoch: [11][170/200]	Time 0.278s (0.287s)	Speed 115.1 samples/s	Data 0.001s (0.009s)	Loss 0.01069 (0.00930)
2022-11-25 15:40:25,136 Epoch: [11][180/200]	Time 0.274s (0.288s)	Speed 116.9 samples/s	Data 0.000s (0.009s)	Loss 0.00854 (0.00931)
2022-11-25 15:40:27,998 Epoch: [11][190/200]	Time 0.284s (0.288s)	Speed 112.8 samples/s	Data 0.000s (0.008s)	Loss 0.00947 (0.00933)
2022-11-25 15:40:31,971 Test: [0/200]	Time 1.231 (1.231)	Loss 0.0512 (0.0512)
2022-11-25 15:40:32,181 Test: [10/200]	Time 0.020 (0.131)	Loss 0.0260 (0.0642)
2022-11-25 15:40:32,405 Test: [20/200]	Time 0.021 (0.079)	Loss 0.0316 (0.0618)
2022-11-25 15:40:32,629 Test: [30/200]	Time 0.036 (0.061)	Loss 0.0793 (0.0648)
2022-11-25 15:40:32,857 Test: [40/200]	Time 0.027 (0.052)	Loss 0.0440 (0.0669)
2022-11-25 15:40:33,080 Test: [50/200]	Time 0.020 (0.046)	Loss 0.0925 (0.0662)
2022-11-25 15:40:33,289 Test: [60/200]	Time 0.020 (0.042)	Loss 0.0862 (0.0686)
2022-11-25 15:40:33,515 Test: [70/200]	Time 0.020 (0.039)	Loss 0.0493 (0.0692)
2022-11-25 15:40:33,732 Test: [80/200]	Time 0.020 (0.037)	Loss 0.0708 (0.0673)
2022-11-25 15:40:33,938 Test: [90/200]	Time 0.021 (0.035)	Loss 0.1138 (0.0691)
2022-11-25 15:40:34,144 Test: [100/200]	Time 0.018 (0.034)	Loss 0.0795 (0.0685)
2022-11-25 15:40:34,349 Test: [110/200]	Time 0.020 (0.032)	Loss 0.1620 (0.0702)
2022-11-25 15:40:34,570 Test: [120/200]	Time 0.020 (0.032)	Loss 0.0639 (0.0682)
2022-11-25 15:40:34,787 Test: [130/200]	Time 0.020 (0.031)	Loss 0.0428 (0.0684)
2022-11-25 15:40:34,983 Test: [140/200]	Time 0.018 (0.030)	Loss 0.0661 (0.0678)
2022-11-25 15:40:35,185 Test: [150/200]	Time 0.019 (0.029)	Loss 0.0753 (0.0670)
2022-11-25 15:40:35,397 Test: [160/200]	Time 0.021 (0.029)	Loss 0.0679 (0.0672)
2022-11-25 15:40:35,611 Test: [170/200]	Time 0.021 (0.028)	Loss 0.0942 (0.0668)
2022-11-25 15:40:35,819 Test: [180/200]	Time 0.018 (0.028)	Loss 0.0383 (0.0662)
2022-11-25 15:40:36,012 Test: [190/200]	Time 0.019 (0.028)	Loss 0.0286 (0.0663)
2022-11-25 15:40:37,126 Mean IoU score: 0.846
2022-11-25 15:40:37,127 => saving checkpoint to out
2022-11-25 15:40:38,939 Epoch: [12][0/200]	Time 1.793s (1.793s)	Speed 17.8 samples/s	Data 1.403s (1.403s)	Loss 0.01135 (0.01135)
2022-11-25 15:40:41,585 Epoch: [12][10/200]	Time 0.273s (0.404s)	Speed 117.1 samples/s	Data 0.000s (0.128s)	Loss 0.01069 (0.01057)
2022-11-25 15:40:44,278 Epoch: [12][20/200]	Time 0.271s (0.340s)	Speed 118.2 samples/s	Data 0.000s (0.067s)	Loss 0.01055 (0.00961)
2022-11-25 15:40:46,927 Epoch: [12][30/200]	Time 0.270s (0.315s)	Speed 118.3 samples/s	Data 0.001s (0.046s)	Loss 0.00952 (0.00941)
2022-11-25 15:40:49,761 Epoch: [12][40/200]	Time 0.279s (0.308s)	Speed 114.6 samples/s	Data 0.001s (0.035s)	Loss 0.01001 (0.00935)
2022-11-25 15:40:52,549 Epoch: [12][50/200]	Time 0.254s (0.302s)	Speed 126.0 samples/s	Data 0.001s (0.028s)	Loss 0.00886 (0.00931)
2022-11-25 15:40:55,123 Epoch: [12][60/200]	Time 0.258s (0.295s)	Speed 124.0 samples/s	Data 0.000s (0.023s)	Loss 0.00771 (0.00936)
2022-11-25 15:40:57,699 Epoch: [12][70/200]	Time 0.256s (0.289s)	Speed 125.2 samples/s	Data 0.000s (0.020s)	Loss 0.01046 (0.00935)
2022-11-25 15:41:00,304 Epoch: [12][80/200]	Time 0.257s (0.286s)	Speed 124.7 samples/s	Data 0.000s (0.018s)	Loss 0.00982 (0.00941)
2022-11-25 15:41:03,030 Epoch: [12][90/200]	Time 0.274s (0.284s)	Speed 116.8 samples/s	Data 0.000s (0.016s)	Loss 0.00755 (0.00943)
2022-11-25 15:41:05,624 Epoch: [12][100/200]	Time 0.257s (0.282s)	Speed 124.3 samples/s	Data 0.000s (0.014s)	Loss 0.01022 (0.00946)
2022-11-25 15:41:08,179 Epoch: [12][110/200]	Time 0.252s (0.280s)	Speed 126.8 samples/s	Data 0.000s (0.013s)	Loss 0.00912 (0.00960)
2022-11-25 15:41:10,776 Epoch: [12][120/200]	Time 0.256s (0.278s)	Speed 125.1 samples/s	Data 0.000s (0.012s)	Loss 0.01192 (0.00978)
2022-11-25 15:41:13,422 Epoch: [12][130/200]	Time 0.274s (0.277s)	Speed 116.9 samples/s	Data 0.001s (0.011s)	Loss 0.01200 (0.01007)
2022-11-25 15:41:16,219 Epoch: [12][140/200]	Time 0.285s (0.277s)	Speed 112.4 samples/s	Data 0.001s (0.010s)	Loss 0.01416 (0.01041)
2022-11-25 15:41:19,175 Epoch: [12][150/200]	Time 0.300s (0.278s)	Speed 106.8 samples/s	Data 0.000s (0.010s)	Loss 0.02115 (0.01090)
2022-11-25 15:41:22,070 Epoch: [12][160/200]	Time 0.282s (0.279s)	Speed 113.3 samples/s	Data 0.000s (0.009s)	Loss 0.02095 (0.01147)
2022-11-25 15:41:24,965 Epoch: [12][170/200]	Time 0.297s (0.280s)	Speed 107.6 samples/s	Data 0.000s (0.009s)	Loss 0.01752 (0.01216)
2022-11-25 15:41:27,790 Epoch: [12][180/200]	Time 0.278s (0.280s)	Speed 115.0 samples/s	Data 0.000s (0.008s)	Loss 0.01416 (0.01253)
2022-11-25 15:41:30,623 Epoch: [12][190/200]	Time 0.263s (0.280s)	Speed 121.7 samples/s	Data 0.000s (0.008s)	Loss 0.01446 (0.01281)
2022-11-25 15:41:34,506 Test: [0/200]	Time 1.205 (1.205)	Loss 0.1383 (0.1383)
2022-11-25 15:41:34,718 Test: [10/200]	Time 0.020 (0.129)	Loss 0.0589 (0.0988)
2022-11-25 15:41:34,924 Test: [20/200]	Time 0.019 (0.077)	Loss 0.0972 (0.1056)
2022-11-25 15:41:35,117 Test: [30/200]	Time 0.019 (0.059)	Loss 0.1598 (0.1161)
2022-11-25 15:41:35,329 Test: [40/200]	Time 0.023 (0.049)	Loss 0.1017 (0.1194)
2022-11-25 15:41:35,546 Test: [50/200]	Time 0.020 (0.044)	Loss 0.1346 (0.1212)
2022-11-25 15:41:35,766 Test: [60/200]	Time 0.024 (0.040)	Loss 0.1614 (0.1246)
2022-11-25 15:41:35,978 Test: [70/200]	Time 0.020 (0.038)	Loss 0.0920 (0.1238)
2022-11-25 15:41:36,191 Test: [80/200]	Time 0.020 (0.036)	Loss 0.1140 (0.1227)
2022-11-25 15:41:36,405 Test: [90/200]	Time 0.022 (0.034)	Loss 0.1889 (0.1252)
2022-11-25 15:41:36,616 Test: [100/200]	Time 0.024 (0.033)	Loss 0.1956 (0.1236)
2022-11-25 15:41:36,823 Test: [110/200]	Time 0.018 (0.032)	Loss 0.1861 (0.1253)
2022-11-25 15:41:37,012 Test: [120/200]	Time 0.018 (0.031)	Loss 0.1451 (0.1220)
2022-11-25 15:41:37,211 Test: [130/200]	Time 0.019 (0.030)	Loss 0.1012 (0.1230)
2022-11-25 15:41:37,432 Test: [140/200]	Time 0.022 (0.029)	Loss 0.0989 (0.1223)
2022-11-25 15:41:37,645 Test: [150/200]	Time 0.022 (0.029)	Loss 0.1299 (0.1209)
2022-11-25 15:41:37,859 Test: [160/200]	Time 0.021 (0.028)	Loss 0.1480 (0.1212)
2022-11-25 15:41:38,074 Test: [170/200]	Time 0.022 (0.028)	Loss 0.1485 (0.1196)
2022-11-25 15:41:38,273 Test: [180/200]	Time 0.020 (0.027)	Loss 0.0992 (0.1184)
2022-11-25 15:41:38,492 Test: [190/200]	Time 0.021 (0.027)	Loss 0.0576 (0.1181)
2022-11-25 15:41:39,632 Mean IoU score: 0.736
2022-11-25 15:41:39,632 => saving checkpoint to out
2022-11-25 15:41:41,404 Epoch: [13][0/200]	Time 1.752s (1.752s)	Speed 18.3 samples/s	Data 1.405s (1.405s)	Loss 0.01046 (0.01046)
2022-11-25 15:41:44,481 Epoch: [13][10/200]	Time 0.274s (0.439s)	Speed 116.9 samples/s	Data 0.000s (0.128s)	Loss 0.01588 (0.01675)
2022-11-25 15:41:47,428 Epoch: [13][20/200]	Time 0.292s (0.370s)	Speed 109.7 samples/s	Data 0.000s (0.067s)	Loss 0.01118 (0.01530)
2022-11-25 15:41:50,411 Epoch: [13][30/200]	Time 0.373s (0.347s)	Speed 85.7 samples/s	Data 0.001s (0.046s)	Loss 0.01283 (0.01543)
2022-11-25 15:41:53,053 Epoch: [13][40/200]	Time 0.261s (0.327s)	Speed 122.5 samples/s	Data 0.001s (0.035s)	Loss 0.01512 (0.01528)
2022-11-25 15:41:55,578 Epoch: [13][50/200]	Time 0.241s (0.312s)	Speed 132.9 samples/s	Data 0.000s (0.028s)	Loss 0.01582 (0.01497)
2022-11-25 15:41:58,100 Epoch: [13][60/200]	Time 0.278s (0.302s)	Speed 114.9 samples/s	Data 0.001s (0.023s)	Loss 0.01594 (0.01479)
2022-11-25 15:42:00,614 Epoch: [13][70/200]	Time 0.236s (0.295s)	Speed 135.3 samples/s	Data 0.000s (0.020s)	Loss 0.01406 (0.01441)
2022-11-25 15:42:03,190 Epoch: [13][80/200]	Time 0.252s (0.291s)	Speed 127.1 samples/s	Data 0.000s (0.018s)	Loss 0.01466 (0.01458)
2022-11-25 15:42:05,742 Epoch: [13][90/200]	Time 0.231s (0.287s)	Speed 138.4 samples/s	Data 0.000s (0.016s)	Loss 0.02091 (0.01482)
2022-11-25 15:42:08,269 Epoch: [13][100/200]	Time 0.259s (0.283s)	Speed 123.6 samples/s	Data 0.000s (0.014s)	Loss 0.01325 (0.01497)
2022-11-25 15:42:10,760 Epoch: [13][110/200]	Time 0.244s (0.280s)	Speed 131.3 samples/s	Data 0.001s (0.013s)	Loss 0.02151 (0.01526)
2022-11-25 15:42:13,254 Epoch: [13][120/200]	Time 0.242s (0.278s)	Speed 132.4 samples/s	Data 0.000s (0.012s)	Loss 0.01431 (0.01522)
2022-11-25 15:42:15,869 Epoch: [13][130/200]	Time 0.274s (0.276s)	Speed 116.9 samples/s	Data 0.000s (0.011s)	Loss 0.02045 (0.01524)
2022-11-25 15:42:18,729 Epoch: [13][140/200]	Time 0.275s (0.277s)	Speed 116.4 samples/s	Data 0.000s (0.010s)	Loss 0.01559 (0.01526)
2022-11-25 15:42:21,651 Epoch: [13][150/200]	Time 0.277s (0.278s)	Speed 115.7 samples/s	Data 0.000s (0.010s)	Loss 0.01050 (0.01518)
2022-11-25 15:42:24,535 Epoch: [13][160/200]	Time 0.289s (0.279s)	Speed 110.8 samples/s	Data 0.000s (0.009s)	Loss 0.01467 (0.01519)
2022-11-25 15:42:27,410 Epoch: [13][170/200]	Time 0.300s (0.279s)	Speed 106.7 samples/s	Data 0.000s (0.009s)	Loss 0.01817 (0.01515)
2022-11-25 15:42:30,312 Epoch: [13][180/200]	Time 0.295s (0.280s)	Speed 108.5 samples/s	Data 0.001s (0.008s)	Loss 0.01626 (0.01506)
2022-11-25 15:42:33,178 Epoch: [13][190/200]	Time 0.268s (0.280s)	Speed 119.3 samples/s	Data 0.000s (0.008s)	Loss 0.01220 (0.01498)
2022-11-25 15:42:37,255 Test: [0/200]	Time 1.215 (1.215)	Loss 0.0716 (0.0716)
2022-11-25 15:42:37,480 Test: [10/200]	Time 0.022 (0.131)	Loss 0.0143 (0.0516)
2022-11-25 15:42:37,719 Test: [20/200]	Time 0.021 (0.080)	Loss 0.0511 (0.0586)
2022-11-25 15:42:37,964 Test: [30/200]	Time 0.026 (0.062)	Loss 0.0618 (0.0659)
2022-11-25 15:42:38,188 Test: [40/200]	Time 0.021 (0.052)	Loss 0.0600 (0.0691)
2022-11-25 15:42:38,419 Test: [50/200]	Time 0.022 (0.047)	Loss 0.1102 (0.0685)
2022-11-25 15:42:38,663 Test: [60/200]	Time 0.023 (0.043)	Loss 0.1058 (0.0708)
2022-11-25 15:42:38,882 Test: [70/200]	Time 0.021 (0.040)	Loss 0.0631 (0.0702)
2022-11-25 15:42:39,116 Test: [80/200]	Time 0.023 (0.038)	Loss 0.0590 (0.0681)
2022-11-25 15:42:39,346 Test: [90/200]	Time 0.023 (0.036)	Loss 0.0817 (0.0700)
2022-11-25 15:42:39,588 Test: [100/200]	Time 0.023 (0.035)	Loss 0.0751 (0.0692)
2022-11-25 15:42:39,831 Test: [110/200]	Time 0.037 (0.034)	Loss 0.1893 (0.0701)
2022-11-25 15:42:40,076 Test: [120/200]	Time 0.027 (0.033)	Loss 0.0580 (0.0686)
2022-11-25 15:42:40,329 Test: [130/200]	Time 0.024 (0.033)	Loss 0.0491 (0.0687)
2022-11-25 15:42:40,565 Test: [140/200]	Time 0.023 (0.032)	Loss 0.0637 (0.0683)
2022-11-25 15:42:40,797 Test: [150/200]	Time 0.022 (0.031)	Loss 0.0589 (0.0675)
2022-11-25 15:42:41,031 Test: [160/200]	Time 0.024 (0.031)	Loss 0.0741 (0.0679)
2022-11-25 15:42:41,290 Test: [170/200]	Time 0.023 (0.031)	Loss 0.0381 (0.0673)
2022-11-25 15:42:41,536 Test: [180/200]	Time 0.023 (0.030)	Loss 0.0452 (0.0669)
2022-11-25 15:42:41,771 Test: [190/200]	Time 0.023 (0.030)	Loss 0.0297 (0.0670)
2022-11-25 15:42:43,042 Mean IoU score: 0.839
2022-11-25 15:42:43,042 => saving checkpoint to out
2022-11-25 15:42:44,878 Epoch: [14][0/200]	Time 1.809s (1.809s)	Speed 17.7 samples/s	Data 1.423s (1.423s)	Loss 0.00945 (0.00945)
2022-11-25 15:42:47,767 Epoch: [14][10/200]	Time 0.285s (0.427s)	Speed 112.4 samples/s	Data 0.001s (0.130s)	Loss 0.00858 (0.01099)
2022-11-25 15:42:50,640 Epoch: [14][20/200]	Time 0.288s (0.361s)	Speed 111.3 samples/s	Data 0.000s (0.068s)	Loss 0.01053 (0.01094)
2022-11-25 15:42:53,528 Epoch: [14][30/200]	Time 0.309s (0.337s)	Speed 103.4 samples/s	Data 0.001s (0.046s)	Loss 0.01106 (0.01064)
2022-11-25 15:42:56,403 Epoch: [14][40/200]	Time 0.293s (0.325s)	Speed 109.3 samples/s	Data 0.000s (0.035s)	Loss 0.00902 (0.01080)
2022-11-25 15:42:59,284 Epoch: [14][50/200]	Time 0.284s (0.318s)	Speed 112.8 samples/s	Data 0.000s (0.028s)	Loss 0.01190 (0.01080)
2022-11-25 15:43:02,172 Epoch: [14][60/200]	Time 0.275s (0.313s)	Speed 116.5 samples/s	Data 0.000s (0.024s)	Loss 0.00905 (0.01076)
2022-11-25 15:43:05,104 Epoch: [14][70/200]	Time 0.291s (0.310s)	Speed 109.8 samples/s	Data 0.000s (0.020s)	Loss 0.01137 (0.01079)
2022-11-25 15:43:07,942 Epoch: [14][80/200]	Time 0.283s (0.307s)	Speed 113.0 samples/s	Data 0.001s (0.018s)	Loss 0.01138 (0.01070)
2022-11-25 15:43:10,868 Epoch: [14][90/200]	Time 0.276s (0.305s)	Speed 116.1 samples/s	Data 0.001s (0.016s)	Loss 0.01188 (0.01080)
2022-11-25 15:43:13,788 Epoch: [14][100/200]	Time 0.286s (0.304s)	Speed 111.8 samples/s	Data 0.001s (0.014s)	Loss 0.01230 (0.01074)
2022-11-25 15:43:16,703 Epoch: [14][110/200]	Time 0.289s (0.303s)	Speed 110.6 samples/s	Data 0.000s (0.013s)	Loss 0.00765 (0.01074)
2022-11-25 15:43:19,683 Epoch: [14][120/200]	Time 0.301s (0.303s)	Speed 106.4 samples/s	Data 0.000s (0.012s)	Loss 0.00921 (0.01069)
2022-11-25 15:43:22,655 Epoch: [14][130/200]	Time 0.309s (0.302s)	Speed 103.7 samples/s	Data 0.000s (0.011s)	Loss 0.00813 (0.01058)
2022-11-25 15:43:25,540 Epoch: [14][140/200]	Time 0.313s (0.301s)	Speed 102.3 samples/s	Data 0.001s (0.011s)	Loss 0.00768 (0.01054)
2022-11-25 15:43:28,467 Epoch: [14][150/200]	Time 0.314s (0.301s)	Speed 101.9 samples/s	Data 0.000s (0.010s)	Loss 0.01807 (0.01055)
2022-11-25 15:43:31,329 Epoch: [14][160/200]	Time 0.291s (0.300s)	Speed 110.1 samples/s	Data 0.000s (0.009s)	Loss 0.01201 (0.01061)
2022-11-25 15:43:34,193 Epoch: [14][170/200]	Time 0.285s (0.299s)	Speed 112.3 samples/s	Data 0.000s (0.009s)	Loss 0.01222 (0.01065)
2022-11-25 15:43:37,044 Epoch: [14][180/200]	Time 0.269s (0.298s)	Speed 119.1 samples/s	Data 0.001s (0.008s)	Loss 0.01034 (0.01061)
2022-11-25 15:43:39,939 Epoch: [14][190/200]	Time 0.295s (0.298s)	Speed 108.5 samples/s	Data 0.001s (0.008s)	Loss 0.00977 (0.01058)
2022-11-25 15:43:44,038 Test: [0/200]	Time 1.226 (1.226)	Loss 0.0564 (0.0564)
2022-11-25 15:43:44,285 Test: [10/200]	Time 0.025 (0.134)	Loss 0.0069 (0.0513)
2022-11-25 15:43:44,565 Test: [20/200]	Time 0.028 (0.083)	Loss 0.0354 (0.0523)
2022-11-25 15:43:44,793 Test: [30/200]	Time 0.021 (0.064)	Loss 0.0740 (0.0587)
2022-11-25 15:43:45,028 Test: [40/200]	Time 0.021 (0.054)	Loss 0.0400 (0.0600)
2022-11-25 15:43:45,266 Test: [50/200]	Time 0.027 (0.048)	Loss 0.1152 (0.0601)
2022-11-25 15:43:45,510 Test: [60/200]	Time 0.022 (0.044)	Loss 0.0938 (0.0622)
2022-11-25 15:43:45,747 Test: [70/200]	Time 0.022 (0.041)	Loss 0.0430 (0.0625)
2022-11-25 15:43:45,978 Test: [80/200]	Time 0.022 (0.039)	Loss 0.0551 (0.0604)
2022-11-25 15:43:46,205 Test: [90/200]	Time 0.022 (0.037)	Loss 0.0838 (0.0617)
2022-11-25 15:43:46,451 Test: [100/200]	Time 0.023 (0.036)	Loss 0.0806 (0.0613)
2022-11-25 15:43:46,681 Test: [110/200]	Time 0.021 (0.035)	Loss 0.1370 (0.0620)
2022-11-25 15:43:46,915 Test: [120/200]	Time 0.021 (0.034)	Loss 0.0703 (0.0606)
2022-11-25 15:43:47,159 Test: [130/200]	Time 0.023 (0.033)	Loss 0.0390 (0.0603)
2022-11-25 15:43:47,406 Test: [140/200]	Time 0.023 (0.033)	Loss 0.0500 (0.0600)
2022-11-25 15:43:47,644 Test: [150/200]	Time 0.021 (0.032)	Loss 0.0553 (0.0589)
2022-11-25 15:43:47,883 Test: [160/200]	Time 0.023 (0.031)	Loss 0.0549 (0.0590)
2022-11-25 15:43:48,116 Test: [170/200]	Time 0.022 (0.031)	Loss 0.0617 (0.0585)
2022-11-25 15:43:48,352 Test: [180/200]	Time 0.024 (0.031)	Loss 0.0401 (0.0580)
2022-11-25 15:43:48,607 Test: [190/200]	Time 0.029 (0.030)	Loss 0.0232 (0.0581)
2022-11-25 15:43:49,821 Mean IoU score: 0.859
2022-11-25 15:43:49,822 => saving checkpoint to out
2022-11-25 15:43:51,609 Epoch: [15][0/200]	Time 1.766s (1.766s)	Speed 18.1 samples/s	Data 1.388s (1.388s)	Loss 0.00837 (0.00837)
2022-11-25 15:43:54,496 Epoch: [15][10/200]	Time 0.297s (0.423s)	Speed 107.7 samples/s	Data 0.000s (0.126s)	Loss 0.01038 (0.00929)
2022-11-25 15:43:57,329 Epoch: [15][20/200]	Time 0.298s (0.356s)	Speed 107.5 samples/s	Data 0.000s (0.066s)	Loss 0.00851 (0.00945)
2022-11-25 15:44:00,206 Epoch: [15][30/200]	Time 0.284s (0.334s)	Speed 112.5 samples/s	Data 0.000s (0.045s)	Loss 0.00961 (0.00959)
2022-11-25 15:44:03,097 Epoch: [15][40/200]	Time 0.282s (0.323s)	Speed 113.3 samples/s	Data 0.001s (0.034s)	Loss 0.01181 (0.00951)
2022-11-25 15:44:06,015 Epoch: [15][50/200]	Time 0.323s (0.317s)	Speed 99.1 samples/s	Data 0.000s (0.028s)	Loss 0.01160 (0.00939)
2022-11-25 15:44:08,919 Epoch: [15][60/200]	Time 0.281s (0.313s)	Speed 114.0 samples/s	Data 0.000s (0.023s)	Loss 0.00822 (0.00938)
2022-11-25 15:44:11,846 Epoch: [15][70/200]	Time 0.282s (0.310s)	Speed 113.7 samples/s	Data 0.000s (0.020s)	Loss 0.00714 (0.00927)
2022-11-25 15:44:14,701 Epoch: [15][80/200]	Time 0.283s (0.307s)	Speed 112.9 samples/s	Data 0.000s (0.017s)	Loss 0.00840 (0.00916)
2022-11-25 15:44:17,582 Epoch: [15][90/200]	Time 0.297s (0.305s)	Speed 107.9 samples/s	Data 0.000s (0.016s)	Loss 0.00811 (0.00913)
2022-11-25 15:44:20,464 Epoch: [15][100/200]	Time 0.302s (0.303s)	Speed 105.8 samples/s	Data 0.000s (0.014s)	Loss 0.01034 (0.00913)
2022-11-25 15:44:23,455 Epoch: [15][110/200]	Time 0.317s (0.303s)	Speed 100.8 samples/s	Data 0.001s (0.013s)	Loss 0.00637 (0.00908)
2022-11-25 15:44:26,332 Epoch: [15][120/200]	Time 0.309s (0.302s)	Speed 103.5 samples/s	Data 0.001s (0.012s)	Loss 0.00941 (0.00905)
2022-11-25 15:44:29,218 Epoch: [15][130/200]	Time 0.298s (0.301s)	Speed 107.3 samples/s	Data 0.000s (0.011s)	Loss 0.00712 (0.00896)
2022-11-25 15:44:32,280 Epoch: [15][140/200]	Time 0.302s (0.301s)	Speed 105.9 samples/s	Data 0.001s (0.010s)	Loss 0.01203 (0.00893)
2022-11-25 15:44:35,809 Epoch: [15][150/200]	Time 0.399s (0.304s)	Speed 80.3 samples/s	Data 0.000s (0.010s)	Loss 0.01193 (0.00895)
2022-11-25 15:44:39,281 Epoch: [15][160/200]	Time 0.352s (0.307s)	Speed 90.8 samples/s	Data 0.000s (0.009s)	Loss 0.00950 (0.00893)
2022-11-25 15:44:42,328 Epoch: [15][170/200]	Time 0.288s (0.307s)	Speed 111.0 samples/s	Data 0.000s (0.008s)	Loss 0.00565 (0.00889)
2022-11-25 15:44:45,422 Epoch: [15][180/200]	Time 0.297s (0.307s)	Speed 107.8 samples/s	Data 0.000s (0.008s)	Loss 0.00676 (0.00883)
2022-11-25 15:44:48,808 Epoch: [15][190/200]	Time 0.416s (0.309s)	Speed 76.9 samples/s	Data 0.000s (0.008s)	Loss 0.00653 (0.00878)
2022-11-25 15:44:53,399 Test: [0/200]	Time 1.211 (1.211)	Loss 0.0524 (0.0524)
2022-11-25 15:44:53,629 Test: [10/200]	Time 0.022 (0.131)	Loss 0.0156 (0.0492)
2022-11-25 15:44:53,875 Test: [20/200]	Time 0.021 (0.080)	Loss 0.0356 (0.0501)
2022-11-25 15:44:54,112 Test: [30/200]	Time 0.023 (0.062)	Loss 0.0508 (0.0541)
2022-11-25 15:44:54,340 Test: [40/200]	Time 0.024 (0.052)	Loss 0.0435 (0.0570)
2022-11-25 15:44:54,574 Test: [50/200]	Time 0.022 (0.047)	Loss 0.0757 (0.0549)
2022-11-25 15:44:54,823 Test: [60/200]	Time 0.023 (0.043)	Loss 0.0689 (0.0571)
2022-11-25 15:44:55,046 Test: [70/200]	Time 0.024 (0.040)	Loss 0.0430 (0.0570)
2022-11-25 15:44:55,284 Test: [80/200]	Time 0.028 (0.038)	Loss 0.0584 (0.0552)
2022-11-25 15:44:55,512 Test: [90/200]	Time 0.023 (0.037)	Loss 0.0634 (0.0574)
2022-11-25 15:44:55,751 Test: [100/200]	Time 0.023 (0.035)	Loss 0.0700 (0.0569)
2022-11-25 15:44:55,994 Test: [110/200]	Time 0.029 (0.034)	Loss 0.1645 (0.0581)
2022-11-25 15:44:56,229 Test: [120/200]	Time 0.023 (0.033)	Loss 0.0500 (0.0563)
2022-11-25 15:44:56,479 Test: [130/200]	Time 0.023 (0.033)	Loss 0.0361 (0.0562)
2022-11-25 15:44:56,719 Test: [140/200]	Time 0.022 (0.032)	Loss 0.0496 (0.0557)
2022-11-25 15:44:56,967 Test: [150/200]	Time 0.023 (0.032)	Loss 0.0535 (0.0548)
2022-11-25 15:44:57,201 Test: [160/200]	Time 0.025 (0.031)	Loss 0.0710 (0.0550)
2022-11-25 15:44:57,437 Test: [170/200]	Time 0.023 (0.031)	Loss 0.0564 (0.0547)
2022-11-25 15:44:57,690 Test: [180/200]	Time 0.024 (0.030)	Loss 0.0378 (0.0543)
2022-11-25 15:44:57,926 Test: [190/200]	Time 0.024 (0.030)	Loss 0.0227 (0.0544)
2022-11-25 15:44:59,155 Mean IoU score: 0.871
2022-11-25 15:44:59,155 => saving checkpoint to out
2022-11-25 15:45:00,950 Epoch: [16][0/200]	Time 1.769s (1.769s)	Speed 18.1 samples/s	Data 1.405s (1.405s)	Loss 0.00628 (0.00628)
2022-11-25 15:45:03,906 Epoch: [16][10/200]	Time 0.267s (0.430s)	Speed 120.0 samples/s	Data 0.000s (0.128s)	Loss 0.00711 (0.00753)
2022-11-25 15:45:06,841 Epoch: [16][20/200]	Time 0.287s (0.365s)	Speed 111.5 samples/s	Data 0.001s (0.068s)	Loss 0.00825 (0.00785)
2022-11-25 15:45:09,731 Epoch: [16][30/200]	Time 0.297s (0.340s)	Speed 107.8 samples/s	Data 0.001s (0.046s)	Loss 0.00729 (0.00775)
2022-11-25 15:45:12,620 Epoch: [16][40/200]	Time 0.282s (0.328s)	Speed 113.4 samples/s	Data 0.000s (0.035s)	Loss 0.00777 (0.00762)
2022-11-25 15:45:15,505 Epoch: [16][50/200]	Time 0.307s (0.320s)	Speed 104.2 samples/s	Data 0.000s (0.028s)	Loss 0.00883 (0.00757)
2022-11-25 15:45:18,376 Epoch: [16][60/200]	Time 0.311s (0.315s)	Speed 102.8 samples/s	Data 0.001s (0.024s)	Loss 0.00866 (0.00758)
2022-11-25 15:45:21,208 Epoch: [16][70/200]	Time 0.288s (0.310s)	Speed 111.1 samples/s	Data 0.000s (0.020s)	Loss 0.00756 (0.00759)
2022-11-25 15:45:24,108 Epoch: [16][80/200]	Time 0.291s (0.308s)	Speed 110.0 samples/s	Data 0.000s (0.018s)	Loss 0.00506 (0.00750)
2022-11-25 15:45:26,987 Epoch: [16][90/200]	Time 0.287s (0.306s)	Speed 111.7 samples/s	Data 0.000s (0.016s)	Loss 0.00835 (0.00761)
2022-11-25 15:45:29,865 Epoch: [16][100/200]	Time 0.279s (0.304s)	Speed 114.7 samples/s	Data 0.001s (0.014s)	Loss 0.00924 (0.00765)
2022-11-25 15:45:32,771 Epoch: [16][110/200]	Time 0.284s (0.303s)	Speed 112.7 samples/s	Data 0.000s (0.013s)	Loss 0.00741 (0.00764)
2022-11-25 15:45:35,629 Epoch: [16][120/200]	Time 0.283s (0.301s)	Speed 113.0 samples/s	Data 0.000s (0.012s)	Loss 0.00899 (0.00767)
2022-11-25 15:45:38,492 Epoch: [16][130/200]	Time 0.300s (0.300s)	Speed 106.8 samples/s	Data 0.000s (0.011s)	Loss 0.00725 (0.00763)
2022-11-25 15:45:41,475 Epoch: [16][140/200]	Time 0.302s (0.300s)	Speed 105.9 samples/s	Data 0.001s (0.010s)	Loss 0.00842 (0.00762)
2022-11-25 15:45:44,379 Epoch: [16][150/200]	Time 0.305s (0.299s)	Speed 105.0 samples/s	Data 0.000s (0.010s)	Loss 0.00760 (0.00761)
2022-11-25 15:45:47,248 Epoch: [16][160/200]	Time 0.285s (0.299s)	Speed 112.5 samples/s	Data 0.000s (0.009s)	Loss 0.00679 (0.00760)
2022-11-25 15:45:50,137 Epoch: [16][170/200]	Time 0.291s (0.298s)	Speed 109.9 samples/s	Data 0.001s (0.009s)	Loss 0.00869 (0.00762)
2022-11-25 15:45:53,025 Epoch: [16][180/200]	Time 0.286s (0.297s)	Speed 112.0 samples/s	Data 0.001s (0.008s)	Loss 0.00721 (0.00758)
2022-11-25 15:45:55,934 Epoch: [16][190/200]	Time 0.320s (0.297s)	Speed 100.1 samples/s	Data 0.001s (0.008s)	Loss 0.00741 (0.00758)
2022-11-25 15:46:00,024 Test: [0/200]	Time 1.224 (1.224)	Loss 0.0507 (0.0507)
2022-11-25 15:46:00,270 Test: [10/200]	Time 0.024 (0.134)	Loss 0.0111 (0.0481)
2022-11-25 15:46:00,502 Test: [20/200]	Time 0.022 (0.081)	Loss 0.0299 (0.0487)
2022-11-25 15:46:00,753 Test: [30/200]	Time 0.028 (0.063)	Loss 0.0570 (0.0527)
2022-11-25 15:46:00,990 Test: [40/200]	Time 0.024 (0.053)	Loss 0.0430 (0.0552)
2022-11-25 15:46:01,206 Test: [50/200]	Time 0.021 (0.047)	Loss 0.0822 (0.0536)
2022-11-25 15:46:01,434 Test: [60/200]	Time 0.023 (0.043)	Loss 0.0736 (0.0563)
2022-11-25 15:46:01,671 Test: [70/200]	Time 0.021 (0.040)	Loss 0.0409 (0.0563)
2022-11-25 15:46:01,907 Test: [80/200]	Time 0.024 (0.038)	Loss 0.0658 (0.0545)
2022-11-25 15:46:02,168 Test: [90/200]	Time 0.023 (0.037)	Loss 0.0641 (0.0564)
2022-11-25 15:46:02,410 Test: [100/200]	Time 0.024 (0.036)	Loss 0.0707 (0.0561)
2022-11-25 15:46:02,644 Test: [110/200]	Time 0.023 (0.035)	Loss 0.1557 (0.0571)
2022-11-25 15:46:02,898 Test: [120/200]	Time 0.023 (0.034)	Loss 0.0540 (0.0555)
2022-11-25 15:46:03,119 Test: [130/200]	Time 0.023 (0.033)	Loss 0.0358 (0.0555)
2022-11-25 15:46:03,351 Test: [140/200]	Time 0.021 (0.032)	Loss 0.0483 (0.0553)
2022-11-25 15:46:03,585 Test: [150/200]	Time 0.024 (0.032)	Loss 0.0466 (0.0543)
2022-11-25 15:46:03,834 Test: [160/200]	Time 0.036 (0.031)	Loss 0.0685 (0.0546)
2022-11-25 15:46:04,075 Test: [170/200]	Time 0.024 (0.031)	Loss 0.0594 (0.0542)
2022-11-25 15:46:04,299 Test: [180/200]	Time 0.021 (0.030)	Loss 0.0368 (0.0538)
2022-11-25 15:46:04,530 Test: [190/200]	Time 0.022 (0.030)	Loss 0.0201 (0.0537)
2022-11-25 15:46:05,755 Mean IoU score: 0.874
2022-11-25 15:46:05,755 => saving checkpoint to out
2022-11-25 15:46:07,577 Epoch: [17][0/200]	Time 1.797s (1.797s)	Speed 17.8 samples/s	Data 1.394s (1.394s)	Loss 0.00820 (0.00820)
2022-11-25 15:46:10,779 Epoch: [17][10/200]	Time 0.279s (0.454s)	Speed 114.6 samples/s	Data 0.000s (0.127s)	Loss 0.00714 (0.00664)
2022-11-25 15:46:13,742 Epoch: [17][20/200]	Time 0.309s (0.379s)	Speed 103.6 samples/s	Data 0.000s (0.067s)	Loss 0.00723 (0.00686)
2022-11-25 15:46:17,036 Epoch: [17][30/200]	Time 0.289s (0.363s)	Speed 110.6 samples/s	Data 0.000s (0.045s)	Loss 0.00692 (0.00688)
2022-11-25 15:46:20,173 Epoch: [17][40/200]	Time 0.283s (0.351s)	Speed 113.2 samples/s	Data 0.001s (0.034s)	Loss 0.00712 (0.00703)
2022-11-25 15:46:23,122 Epoch: [17][50/200]	Time 0.286s (0.340s)	Speed 111.7 samples/s	Data 0.000s (0.028s)	Loss 0.00832 (0.00707)
2022-11-25 15:46:26,046 Epoch: [17][60/200]	Time 0.286s (0.332s)	Speed 111.7 samples/s	Data 0.001s (0.023s)	Loss 0.00830 (0.00704)
2022-11-25 15:46:28,897 Epoch: [17][70/200]	Time 0.276s (0.326s)	Speed 115.9 samples/s	Data 0.001s (0.020s)	Loss 0.00633 (0.00704)
2022-11-25 15:46:31,637 Epoch: [17][80/200]	Time 0.275s (0.319s)	Speed 116.2 samples/s	Data 0.001s (0.018s)	Loss 0.00853 (0.00703)
2022-11-25 15:46:34,780 Epoch: [17][90/200]	Time 0.348s (0.319s)	Speed 91.9 samples/s	Data 0.000s (0.016s)	Loss 0.00727 (0.00704)
2022-11-25 15:46:37,800 Epoch: [17][100/200]	Time 0.397s (0.317s)	Speed 80.6 samples/s	Data 0.001s (0.014s)	Loss 0.00599 (0.00698)
2022-11-25 15:46:41,174 Epoch: [17][110/200]	Time 0.281s (0.319s)	Speed 114.1 samples/s	Data 0.000s (0.013s)	Loss 0.00500 (0.00701)
2022-11-25 15:46:44,127 Epoch: [17][120/200]	Time 0.302s (0.317s)	Speed 105.9 samples/s	Data 0.000s (0.012s)	Loss 0.00672 (0.00701)
2022-11-25 15:46:46,987 Epoch: [17][130/200]	Time 0.296s (0.315s)	Speed 108.0 samples/s	Data 0.001s (0.011s)	Loss 0.00756 (0.00702)
2022-11-25 15:46:49,714 Epoch: [17][140/200]	Time 0.276s (0.312s)	Speed 115.9 samples/s	Data 0.000s (0.010s)	Loss 0.00615 (0.00699)
2022-11-25 15:46:52,484 Epoch: [17][150/200]	Time 0.285s (0.309s)	Speed 112.3 samples/s	Data 0.000s (0.010s)	Loss 0.00531 (0.00699)
2022-11-25 15:46:55,321 Epoch: [17][160/200]	Time 0.269s (0.308s)	Speed 119.2 samples/s	Data 0.001s (0.009s)	Loss 0.00701 (0.00699)
2022-11-25 15:46:58,072 Epoch: [17][170/200]	Time 0.275s (0.306s)	Speed 116.2 samples/s	Data 0.000s (0.009s)	Loss 0.00727 (0.00703)
2022-11-25 15:47:00,828 Epoch: [17][180/200]	Time 0.277s (0.304s)	Speed 115.7 samples/s	Data 0.000s (0.008s)	Loss 0.00659 (0.00702)
2022-11-25 15:47:03,615 Epoch: [17][190/200]	Time 0.266s (0.303s)	Speed 120.2 samples/s	Data 0.001s (0.008s)	Loss 0.00702 (0.00702)
2022-11-25 15:47:07,574 Test: [0/200]	Time 1.160 (1.160)	Loss 0.0490 (0.0490)
2022-11-25 15:47:07,819 Test: [10/200]	Time 0.025 (0.128)	Loss 0.0164 (0.0497)
2022-11-25 15:47:08,047 Test: [20/200]	Time 0.021 (0.078)	Loss 0.0303 (0.0493)
2022-11-25 15:47:08,262 Test: [30/200]	Time 0.022 (0.060)	Loss 0.0624 (0.0539)
2022-11-25 15:47:08,493 Test: [40/200]	Time 0.020 (0.051)	Loss 0.0442 (0.0564)
2022-11-25 15:47:08,724 Test: [50/200]	Time 0.023 (0.045)	Loss 0.0900 (0.0551)
2022-11-25 15:47:08,950 Test: [60/200]	Time 0.026 (0.042)	Loss 0.0818 (0.0581)
2022-11-25 15:47:09,191 Test: [70/200]	Time 0.020 (0.039)	Loss 0.0466 (0.0585)
2022-11-25 15:47:09,450 Test: [80/200]	Time 0.023 (0.037)	Loss 0.0554 (0.0564)
2022-11-25 15:47:09,677 Test: [90/200]	Time 0.021 (0.036)	Loss 0.0684 (0.0584)
2022-11-25 15:47:09,899 Test: [100/200]	Time 0.019 (0.035)	Loss 0.0741 (0.0579)
2022-11-25 15:47:10,116 Test: [110/200]	Time 0.021 (0.033)	Loss 0.1537 (0.0592)
2022-11-25 15:47:10,333 Test: [120/200]	Time 0.022 (0.032)	Loss 0.0592 (0.0575)
2022-11-25 15:47:10,561 Test: [130/200]	Time 0.023 (0.032)	Loss 0.0334 (0.0574)
2022-11-25 15:47:10,805 Test: [140/200]	Time 0.024 (0.031)	Loss 0.0480 (0.0571)
2022-11-25 15:47:11,040 Test: [150/200]	Time 0.022 (0.031)	Loss 0.0487 (0.0562)
2022-11-25 15:47:11,255 Test: [160/200]	Time 0.029 (0.030)	Loss 0.0768 (0.0565)
2022-11-25 15:47:11,557 Test: [170/200]	Time 0.028 (0.030)	Loss 0.0482 (0.0560)
2022-11-25 15:47:11,807 Test: [180/200]	Time 0.024 (0.030)	Loss 0.0368 (0.0555)
2022-11-25 15:47:12,041 Test: [190/200]	Time 0.023 (0.029)	Loss 0.0192 (0.0554)
2022-11-25 15:47:13,349 Mean IoU score: 0.873
2022-11-25 15:47:13,350 => saving checkpoint to out
2022-11-25 15:47:15,267 Epoch: [18][0/200]	Time 1.893s (1.893s)	Speed 16.9 samples/s	Data 1.513s (1.513s)	Loss 0.00752 (0.00752)
2022-11-25 15:47:18,228 Epoch: [18][10/200]	Time 0.290s (0.441s)	Speed 110.5 samples/s	Data 0.000s (0.138s)	Loss 0.00558 (0.00688)
2022-11-25 15:47:21,073 Epoch: [18][20/200]	Time 0.279s (0.367s)	Speed 114.7 samples/s	Data 0.000s (0.072s)	Loss 0.00886 (0.00693)
2022-11-25 15:47:23,927 Epoch: [18][30/200]	Time 0.282s (0.340s)	Speed 113.6 samples/s	Data 0.001s (0.049s)	Loss 0.00607 (0.00673)
2022-11-25 15:47:27,004 Epoch: [18][40/200]	Time 0.285s (0.332s)	Speed 112.1 samples/s	Data 0.000s (0.037s)	Loss 0.00804 (0.00671)
2022-11-25 15:47:29,965 Epoch: [18][50/200]	Time 0.269s (0.325s)	Speed 118.9 samples/s	Data 0.000s (0.030s)	Loss 0.00620 (0.00663)
2022-11-25 15:47:32,686 Epoch: [18][60/200]	Time 0.269s (0.317s)	Speed 119.1 samples/s	Data 0.001s (0.025s)	Loss 0.00463 (0.00662)
2022-11-25 15:47:35,523 Epoch: [18][70/200]	Time 0.281s (0.312s)	Speed 114.0 samples/s	Data 0.001s (0.022s)	Loss 0.00724 (0.00659)
2022-11-25 15:47:38,405 Epoch: [18][80/200]	Time 0.279s (0.309s)	Speed 114.8 samples/s	Data 0.001s (0.019s)	Loss 0.00695 (0.00655)
2022-11-25 15:47:41,454 Epoch: [18][90/200]	Time 0.293s (0.309s)	Speed 109.1 samples/s	Data 0.000s (0.017s)	Loss 0.00610 (0.00662)
2022-11-25 15:47:44,559 Epoch: [18][100/200]	Time 0.298s (0.309s)	Speed 107.5 samples/s	Data 0.001s (0.015s)	Loss 0.00803 (0.00658)
2022-11-25 15:47:47,599 Epoch: [18][110/200]	Time 0.294s (0.308s)	Speed 109.0 samples/s	Data 0.000s (0.014s)	Loss 0.00759 (0.00661)
2022-11-25 15:47:50,649 Epoch: [18][120/200]	Time 0.293s (0.308s)	Speed 109.1 samples/s	Data 0.000s (0.013s)	Loss 0.00683 (0.00662)
2022-11-25 15:47:53,653 Epoch: [18][130/200]	Time 0.303s (0.307s)	Speed 105.8 samples/s	Data 0.000s (0.012s)	Loss 0.00819 (0.00663)
2022-11-25 15:47:56,621 Epoch: [18][140/200]	Time 0.264s (0.307s)	Speed 121.0 samples/s	Data 0.000s (0.011s)	Loss 0.00546 (0.00665)
2022-11-25 15:47:59,414 Epoch: [18][150/200]	Time 0.273s (0.305s)	Speed 117.3 samples/s	Data 0.000s (0.010s)	Loss 0.00640 (0.00664)
2022-11-25 15:48:02,135 Epoch: [18][160/200]	Time 0.260s (0.303s)	Speed 123.3 samples/s	Data 0.000s (0.010s)	Loss 0.00502 (0.00666)
2022-11-25 15:48:04,858 Epoch: [18][170/200]	Time 0.280s (0.301s)	Speed 114.4 samples/s	Data 0.000s (0.009s)	Loss 0.00735 (0.00664)
2022-11-25 15:48:07,596 Epoch: [18][180/200]	Time 0.265s (0.300s)	Speed 120.7 samples/s	Data 0.000s (0.009s)	Loss 0.00756 (0.00665)
2022-11-25 15:48:10,656 Epoch: [18][190/200]	Time 0.254s (0.300s)	Speed 126.1 samples/s	Data 0.001s (0.008s)	Loss 0.00657 (0.00663)
2022-11-25 15:48:14,936 Test: [0/200]	Time 1.286 (1.286)	Loss 0.0518 (0.0518)
2022-11-25 15:48:15,182 Test: [10/200]	Time 0.028 (0.139)	Loss 0.0120 (0.0505)
2022-11-25 15:48:15,421 Test: [20/200]	Time 0.024 (0.084)	Loss 0.0305 (0.0528)
2022-11-25 15:48:15,653 Test: [30/200]	Time 0.022 (0.065)	Loss 0.0630 (0.0567)
2022-11-25 15:48:15,895 Test: [40/200]	Time 0.023 (0.055)	Loss 0.0476 (0.0597)
2022-11-25 15:48:16,106 Test: [50/200]	Time 0.019 (0.048)	Loss 0.0855 (0.0583)
2022-11-25 15:48:16,320 Test: [60/200]	Time 0.020 (0.044)	Loss 0.0850 (0.0610)
2022-11-25 15:48:16,542 Test: [70/200]	Time 0.023 (0.041)	Loss 0.0411 (0.0606)
2022-11-25 15:48:16,762 Test: [80/200]	Time 0.020 (0.038)	Loss 0.0590 (0.0583)
2022-11-25 15:48:17,012 Test: [90/200]	Time 0.027 (0.037)	Loss 0.0675 (0.0605)
2022-11-25 15:48:17,257 Test: [100/200]	Time 0.030 (0.036)	Loss 0.0748 (0.0600)
2022-11-25 15:48:17,497 Test: [110/200]	Time 0.033 (0.035)	Loss 0.1573 (0.0611)
2022-11-25 15:48:17,717 Test: [120/200]	Time 0.020 (0.034)	Loss 0.0590 (0.0593)
2022-11-25 15:48:17,939 Test: [130/200]	Time 0.023 (0.033)	Loss 0.0348 (0.0593)
2022-11-25 15:48:18,145 Test: [140/200]	Time 0.024 (0.032)	Loss 0.0523 (0.0589)
2022-11-25 15:48:18,367 Test: [150/200]	Time 0.023 (0.031)	Loss 0.0502 (0.0579)
2022-11-25 15:48:18,587 Test: [160/200]	Time 0.024 (0.031)	Loss 0.0703 (0.0580)
2022-11-25 15:48:18,828 Test: [170/200]	Time 0.033 (0.030)	Loss 0.0814 (0.0576)
2022-11-25 15:48:19,070 Test: [180/200]	Time 0.020 (0.030)	Loss 0.0394 (0.0571)
2022-11-25 15:48:19,278 Test: [190/200]	Time 0.022 (0.029)	Loss 0.0212 (0.0569)
2022-11-25 15:48:20,488 Mean IoU score: 0.871
2022-11-25 15:48:20,489 => saving checkpoint to out
2022-11-25 15:48:22,271 Epoch: [19][0/200]	Time 1.760s (1.760s)	Speed 18.2 samples/s	Data 1.410s (1.410s)	Loss 0.00728 (0.00728)
2022-11-25 15:48:25,144 Epoch: [19][10/200]	Time 0.276s (0.421s)	Speed 115.9 samples/s	Data 0.000s (0.128s)	Loss 0.00726 (0.00637)
2022-11-25 15:48:27,987 Epoch: [19][20/200]	Time 0.284s (0.356s)	Speed 112.5 samples/s	Data 0.001s (0.067s)	Loss 0.00602 (0.00608)
2022-11-25 15:48:30,686 Epoch: [19][30/200]	Time 0.249s (0.328s)	Speed 128.3 samples/s	Data 0.000s (0.046s)	Loss 0.00711 (0.00613)
2022-11-25 15:48:33,941 Epoch: [19][40/200]	Time 0.290s (0.328s)	Speed 110.4 samples/s	Data 0.000s (0.035s)	Loss 0.00561 (0.00612)
2022-11-25 15:48:36,908 Epoch: [19][50/200]	Time 0.296s (0.321s)	Speed 108.0 samples/s	Data 0.001s (0.028s)	Loss 0.00674 (0.00616)
2022-11-25 15:48:39,920 Epoch: [19][60/200]	Time 0.383s (0.318s)	Speed 83.5 samples/s	Data 0.000s (0.023s)	Loss 0.00654 (0.00614)
2022-11-25 15:48:43,290 Epoch: [19][70/200]	Time 0.291s (0.321s)	Speed 109.8 samples/s	Data 0.000s (0.020s)	Loss 0.00541 (0.00612)
2022-11-25 15:48:47,407 Epoch: [19][80/200]	Time 0.477s (0.332s)	Speed 67.1 samples/s	Data 0.001s (0.018s)	Loss 0.00649 (0.00615)
2022-11-25 15:48:50,854 Epoch: [19][90/200]	Time 0.348s (0.333s)	Speed 91.9 samples/s	Data 0.001s (0.016s)	Loss 0.00654 (0.00619)
2022-11-25 15:48:53,814 Epoch: [19][100/200]	Time 0.353s (0.330s)	Speed 90.7 samples/s	Data 0.001s (0.014s)	Loss 0.00767 (0.00621)
2022-11-25 15:48:56,985 Epoch: [19][110/200]	Time 0.320s (0.329s)	Speed 100.1 samples/s	Data 0.000s (0.013s)	Loss 0.00585 (0.00620)
2022-11-25 15:48:59,891 Epoch: [19][120/200]	Time 0.327s (0.325s)	Speed 97.8 samples/s	Data 0.000s (0.012s)	Loss 0.00584 (0.00619)
2022-11-25 15:49:03,204 Epoch: [19][130/200]	Time 0.273s (0.326s)	Speed 117.1 samples/s	Data 0.000s (0.011s)	Loss 0.00637 (0.00620)
2022-11-25 15:49:06,079 Epoch: [19][140/200]	Time 0.276s (0.323s)	Speed 116.0 samples/s	Data 0.000s (0.010s)	Loss 0.00532 (0.00627)
2022-11-25 15:49:08,935 Epoch: [19][150/200]	Time 0.292s (0.321s)	Speed 109.6 samples/s	Data 0.000s (0.010s)	Loss 0.00632 (0.00627)
2022-11-25 15:49:11,745 Epoch: [19][160/200]	Time 0.271s (0.318s)	Speed 118.2 samples/s	Data 0.000s (0.009s)	Loss 0.00776 (0.00630)
2022-11-25 15:49:14,590 Epoch: [19][170/200]	Time 0.288s (0.316s)	Speed 111.0 samples/s	Data 0.000s (0.009s)	Loss 0.00552 (0.00629)
2022-11-25 15:49:17,395 Epoch: [19][180/200]	Time 0.277s (0.314s)	Speed 115.3 samples/s	Data 0.001s (0.008s)	Loss 0.00704 (0.00630)
2022-11-25 15:49:20,225 Epoch: [19][190/200]	Time 0.273s (0.313s)	Speed 117.4 samples/s	Data 0.001s (0.008s)	Loss 0.00682 (0.00632)
2022-11-25 15:49:24,318 Test: [0/200]	Time 1.208 (1.208)	Loss 0.0564 (0.0564)
2022-11-25 15:49:24,542 Test: [10/200]	Time 0.022 (0.130)	Loss 0.0182 (0.0504)
2022-11-25 15:49:24,777 Test: [20/200]	Time 0.023 (0.079)	Loss 0.0306 (0.0525)
2022-11-25 15:49:25,015 Test: [30/200]	Time 0.022 (0.061)	Loss 0.0555 (0.0573)
2022-11-25 15:49:25,256 Test: [40/200]	Time 0.025 (0.052)	Loss 0.0546 (0.0604)
2022-11-25 15:49:25,498 Test: [50/200]	Time 0.025 (0.047)	Loss 0.0904 (0.0588)
2022-11-25 15:49:25,740 Test: [60/200]	Time 0.025 (0.043)	Loss 0.0777 (0.0615)
2022-11-25 15:49:25,973 Test: [70/200]	Time 0.025 (0.040)	Loss 0.0441 (0.0608)
2022-11-25 15:49:26,197 Test: [80/200]	Time 0.021 (0.038)	Loss 0.0629 (0.0586)
2022-11-25 15:49:26,444 Test: [90/200]	Time 0.022 (0.037)	Loss 0.0728 (0.0604)
2022-11-25 15:49:26,683 Test: [100/200]	Time 0.022 (0.035)	Loss 0.0696 (0.0597)
2022-11-25 15:49:26,909 Test: [110/200]	Time 0.022 (0.034)	Loss 0.1508 (0.0608)
2022-11-25 15:49:27,136 Test: [120/200]	Time 0.023 (0.033)	Loss 0.0529 (0.0590)
2022-11-25 15:49:27,376 Test: [130/200]	Time 0.027 (0.033)	Loss 0.0380 (0.0589)
2022-11-25 15:49:27,618 Test: [140/200]	Time 0.025 (0.032)	Loss 0.0534 (0.0586)
2022-11-25 15:49:27,881 Test: [150/200]	Time 0.024 (0.032)	Loss 0.0475 (0.0576)
2022-11-25 15:49:28,111 Test: [160/200]	Time 0.023 (0.031)	Loss 0.0699 (0.0580)
2022-11-25 15:49:28,336 Test: [170/200]	Time 0.022 (0.031)	Loss 0.0573 (0.0575)
2022-11-25 15:49:28,575 Test: [180/200]	Time 0.025 (0.030)	Loss 0.0346 (0.0569)
2022-11-25 15:49:28,815 Test: [190/200]	Time 0.021 (0.030)	Loss 0.0217 (0.0568)
2022-11-25 15:49:30,125 Mean IoU score: 0.871
2022-11-25 15:49:30,125 => saving checkpoint to out
2022-11-25 15:49:30,147 saving final model state to out\final_state.pth.tar
