2022-11-21 17:07:46,830 Namespace(eval_interval=1, frequent=10, gpu=False, num_workers=4, out_dir='out')
2022-11-21 17:07:46,837 => load 200 samples
2022-11-21 17:07:46,838 => load 200 samples
2022-11-21 17:07:48,853 Epoch: [0][0/200]	Time 2.014s (2.014s)	Speed 15.9 samples/s	Data 1.628s (1.628s)	Loss 2.53597 (2.53597)
2022-11-21 17:07:51,200 Epoch: [0][10/200]	Time 0.239s (0.397s)	Speed 133.9 samples/s	Data 0.000s (0.149s)	Loss 2.05191 (2.26257)
2022-11-21 17:07:53,541 Epoch: [0][20/200]	Time 0.227s (0.319s)	Speed 140.8 samples/s	Data 0.000s (0.078s)	Loss 1.76592 (2.08481)
2022-11-21 17:07:55,809 Epoch: [0][30/200]	Time 0.213s (0.289s)	Speed 150.2 samples/s	Data 0.000s (0.053s)	Loss 1.51303 (1.93433)
2022-11-21 17:07:58,171 Epoch: [0][40/200]	Time 0.240s (0.276s)	Speed 133.3 samples/s	Data 0.000s (0.040s)	Loss 1.29024 (1.80119)
2022-11-21 17:08:00,406 Epoch: [0][50/200]	Time 0.217s (0.266s)	Speed 147.3 samples/s	Data 0.001s (0.032s)	Loss 1.09872 (1.68069)
2022-11-21 17:08:02,730 Epoch: [0][60/200]	Time 0.256s (0.261s)	Speed 125.1 samples/s	Data 0.000s (0.027s)	Loss 0.92946 (1.56931)
2022-11-21 17:08:04,994 Epoch: [0][70/200]	Time 0.231s (0.256s)	Speed 138.4 samples/s	Data 0.000s (0.023s)	Loss 0.77078 (1.46748)
2022-11-21 17:08:07,253 Epoch: [0][80/200]	Time 0.218s (0.252s)	Speed 147.0 samples/s	Data 0.000s (0.020s)	Loss 0.65922 (1.37401)
2022-11-21 17:08:09,553 Epoch: [0][90/200]	Time 0.230s (0.250s)	Speed 138.9 samples/s	Data 0.000s (0.018s)	Loss 0.57890 (1.28972)
2022-11-21 17:08:11,888 Epoch: [0][100/200]	Time 0.220s (0.248s)	Speed 145.4 samples/s	Data 0.000s (0.016s)	Loss 0.48460 (1.21371)
2022-11-21 17:08:14,169 Epoch: [0][110/200]	Time 0.225s (0.246s)	Speed 142.5 samples/s	Data 0.000s (0.015s)	Loss 0.41472 (1.14499)
2022-11-21 17:08:16,431 Epoch: [0][120/200]	Time 0.228s (0.245s)	Speed 140.1 samples/s	Data 0.000s (0.014s)	Loss 0.36342 (1.08308)
2022-11-21 17:08:19,030 Epoch: [0][130/200]	Time 0.217s (0.246s)	Speed 147.6 samples/s	Data 0.000s (0.013s)	Loss 0.34486 (1.02694)
2022-11-21 17:08:21,714 Epoch: [0][140/200]	Time 0.222s (0.247s)	Speed 144.4 samples/s	Data 0.000s (0.012s)	Loss 0.30850 (0.97701)
2022-11-21 17:08:24,110 Epoch: [0][150/200]	Time 0.223s (0.247s)	Speed 143.7 samples/s	Data 0.000s (0.011s)	Loss 0.28593 (0.93140)
2022-11-21 17:08:26,577 Epoch: [0][160/200]	Time 0.279s (0.247s)	Speed 114.6 samples/s	Data 0.000s (0.010s)	Loss 0.26905 (0.89035)
2022-11-21 17:08:29,253 Epoch: [0][170/200]	Time 0.246s (0.248s)	Speed 129.8 samples/s	Data 0.000s (0.010s)	Loss 0.25815 (0.85307)
2022-11-21 17:08:31,980 Epoch: [0][180/200]	Time 0.247s (0.249s)	Speed 129.7 samples/s	Data 0.000s (0.009s)	Loss 0.23084 (0.81915)
2022-11-21 17:08:35,048 Epoch: [0][190/200]	Time 0.260s (0.252s)	Speed 122.9 samples/s	Data 0.000s (0.009s)	Loss 0.20731 (0.78764)
2022-11-21 17:08:39,114 Test: [0/200]	Time 1.287 (1.287)	Loss 0.4120 (0.4120)
2022-11-21 17:08:39,404 Test: [10/200]	Time 0.023 (0.143)	Loss 0.1481 (0.3438)
2022-11-21 17:08:39,615 Test: [20/200]	Time 0.019 (0.085)	Loss 0.2541 (0.3545)
2022-11-21 17:08:39,827 Test: [30/200]	Time 0.020 (0.065)	Loss 0.5083 (0.3613)
2022-11-21 17:08:40,057 Test: [40/200]	Time 0.021 (0.054)	Loss 0.3798 (0.3754)
2022-11-21 17:08:40,325 Test: [50/200]	Time 0.020 (0.049)	Loss 0.4459 (0.3781)
2022-11-21 17:08:40,623 Test: [60/200]	Time 0.029 (0.046)	Loss 0.4327 (0.3789)
2022-11-21 17:08:40,846 Test: [70/200]	Time 0.020 (0.043)	Loss 0.3698 (0.3781)
2022-11-21 17:08:41,057 Test: [80/200]	Time 0.020 (0.040)	Loss 0.4578 (0.3733)
2022-11-21 17:08:41,271 Test: [90/200]	Time 0.021 (0.038)	Loss 0.4635 (0.3766)
2022-11-21 17:08:41,508 Test: [100/200]	Time 0.023 (0.036)	Loss 0.4719 (0.3758)
2022-11-21 17:08:41,726 Test: [110/200]	Time 0.019 (0.035)	Loss 0.4470 (0.3773)
2022-11-21 17:08:41,937 Test: [120/200]	Time 0.021 (0.034)	Loss 0.4364 (0.3745)
2022-11-21 17:08:42,157 Test: [130/200]	Time 0.020 (0.033)	Loss 0.3601 (0.3785)
2022-11-21 17:08:42,368 Test: [140/200]	Time 0.021 (0.032)	Loss 0.3467 (0.3774)
2022-11-21 17:08:42,602 Test: [150/200]	Time 0.024 (0.032)	Loss 0.4070 (0.3762)
2022-11-21 17:08:42,831 Test: [160/200]	Time 0.021 (0.031)	Loss 0.3859 (0.3760)
2022-11-21 17:08:43,062 Test: [170/200]	Time 0.029 (0.031)	Loss 0.2839 (0.3739)
2022-11-21 17:08:43,277 Test: [180/200]	Time 0.021 (0.030)	Loss 0.3149 (0.3719)
2022-11-21 17:08:43,505 Test: [190/200]	Time 0.023 (0.030)	Loss 0.3113 (0.3729)
2022-11-21 17:08:44,737 Mean IoU score: 0.207
2022-11-21 17:08:44,738 => saving checkpoint to out
2022-11-21 17:08:46,594 Epoch: [1][0/200]	Time 1.838s (1.838s)	Speed 17.4 samples/s	Data 1.459s (1.459s)	Loss 0.20011 (0.20011)
2022-11-21 17:08:49,219 Epoch: [1][10/200]	Time 0.272s (0.406s)	Speed 117.6 samples/s	Data 0.000s (0.133s)	Loss 0.20040 (0.20689)
2022-11-21 17:08:51,829 Epoch: [1][20/200]	Time 0.247s (0.337s)	Speed 129.5 samples/s	Data 0.000s (0.070s)	Loss 0.24990 (0.20317)
2022-11-21 17:08:54,490 Epoch: [1][30/200]	Time 0.268s (0.314s)	Speed 119.4 samples/s	Data 0.000s (0.047s)	Loss 0.16510 (0.19982)
2022-11-21 17:08:57,143 Epoch: [1][40/200]	Time 0.267s (0.302s)	Speed 119.7 samples/s	Data 0.001s (0.036s)	Loss 0.17731 (0.19485)
2022-11-21 17:08:59,790 Epoch: [1][50/200]	Time 0.252s (0.295s)	Speed 127.0 samples/s	Data 0.000s (0.029s)	Loss 0.15251 (0.19084)
2022-11-21 17:09:02,439 Epoch: [1][60/200]	Time 0.268s (0.290s)	Speed 119.4 samples/s	Data 0.000s (0.024s)	Loss 0.16353 (0.18685)
2022-11-21 17:09:05,035 Epoch: [1][70/200]	Time 0.268s (0.286s)	Speed 119.4 samples/s	Data 0.000s (0.021s)	Loss 0.15566 (0.18277)
2022-11-21 17:09:07,711 Epoch: [1][80/200]	Time 0.278s (0.283s)	Speed 115.1 samples/s	Data 0.001s (0.018s)	Loss 0.11970 (0.17799)
2022-11-21 17:09:10,350 Epoch: [1][90/200]	Time 0.270s (0.281s)	Speed 118.6 samples/s	Data 0.000s (0.016s)	Loss 0.13756 (0.17331)
2022-11-21 17:09:13,000 Epoch: [1][100/200]	Time 0.254s (0.280s)	Speed 126.2 samples/s	Data 0.000s (0.015s)	Loss 0.12824 (0.17020)
2022-11-21 17:09:15,692 Epoch: [1][110/200]	Time 0.261s (0.279s)	Speed 122.7 samples/s	Data 0.000s (0.013s)	Loss 0.11949 (0.16676)
2022-11-21 17:09:18,328 Epoch: [1][120/200]	Time 0.259s (0.277s)	Speed 123.5 samples/s	Data 0.000s (0.012s)	Loss 0.10563 (0.16263)
2022-11-21 17:09:20,964 Epoch: [1][130/200]	Time 0.260s (0.276s)	Speed 123.3 samples/s	Data 0.000s (0.011s)	Loss 0.10356 (0.15878)
2022-11-21 17:09:23,626 Epoch: [1][140/200]	Time 0.266s (0.276s)	Speed 120.2 samples/s	Data 0.000s (0.011s)	Loss 0.12049 (0.15527)
2022-11-21 17:09:26,252 Epoch: [1][150/200]	Time 0.270s (0.275s)	Speed 118.4 samples/s	Data 0.000s (0.010s)	Loss 0.09149 (0.15182)
2022-11-21 17:09:28,932 Epoch: [1][160/200]	Time 0.262s (0.274s)	Speed 122.3 samples/s	Data 0.000s (0.009s)	Loss 0.10400 (0.14870)
2022-11-21 17:09:31,539 Epoch: [1][170/200]	Time 0.289s (0.274s)	Speed 110.7 samples/s	Data 0.000s (0.009s)	Loss 0.09051 (0.14576)
2022-11-21 17:09:34,169 Epoch: [1][180/200]	Time 0.269s (0.273s)	Speed 119.0 samples/s	Data 0.000s (0.008s)	Loss 0.09792 (0.14297)
2022-11-21 17:09:36,767 Epoch: [1][190/200]	Time 0.264s (0.272s)	Speed 121.2 samples/s	Data 0.000s (0.008s)	Loss 0.09554 (0.14033)
2022-11-21 17:09:40,612 Test: [0/200]	Time 1.234 (1.234)	Loss 0.2188 (0.2188)
2022-11-21 17:09:40,827 Test: [10/200]	Time 0.021 (0.132)	Loss 0.0579 (0.1687)
2022-11-21 17:09:41,053 Test: [20/200]	Time 0.023 (0.080)	Loss 0.1215 (0.1698)
2022-11-21 17:09:41,258 Test: [30/200]	Time 0.019 (0.061)	Loss 0.2361 (0.1768)
2022-11-21 17:09:41,479 Test: [40/200]	Time 0.024 (0.051)	Loss 0.1705 (0.1838)
2022-11-21 17:09:41,697 Test: [50/200]	Time 0.022 (0.045)	Loss 0.2283 (0.1837)
2022-11-21 17:09:41,937 Test: [60/200]	Time 0.036 (0.042)	Loss 0.2089 (0.1849)
2022-11-21 17:09:42,149 Test: [70/200]	Time 0.020 (0.039)	Loss 0.1628 (0.1845)
2022-11-21 17:09:42,361 Test: [80/200]	Time 0.021 (0.037)	Loss 0.2312 (0.1818)
2022-11-21 17:09:42,586 Test: [90/200]	Time 0.022 (0.035)	Loss 0.2415 (0.1846)
2022-11-21 17:09:42,805 Test: [100/200]	Time 0.020 (0.034)	Loss 0.2321 (0.1839)
2022-11-21 17:09:43,041 Test: [110/200]	Time 0.024 (0.033)	Loss 0.2486 (0.1848)
2022-11-21 17:09:43,256 Test: [120/200]	Time 0.020 (0.032)	Loss 0.2189 (0.1833)
2022-11-21 17:09:43,457 Test: [130/200]	Time 0.022 (0.031)	Loss 0.1574 (0.1854)
2022-11-21 17:09:43,669 Test: [140/200]	Time 0.020 (0.030)	Loss 0.1715 (0.1850)
2022-11-21 17:09:43,873 Test: [150/200]	Time 0.019 (0.030)	Loss 0.1834 (0.1839)
2022-11-21 17:09:44,091 Test: [160/200]	Time 0.022 (0.029)	Loss 0.1976 (0.1839)
2022-11-21 17:09:44,298 Test: [170/200]	Time 0.017 (0.029)	Loss 0.1334 (0.1822)
2022-11-21 17:09:44,535 Test: [180/200]	Time 0.021 (0.028)	Loss 0.1425 (0.1810)
2022-11-21 17:09:44,744 Test: [190/200]	Time 0.020 (0.028)	Loss 0.1214 (0.1817)
2022-11-21 17:09:45,946 Mean IoU score: 0.632
2022-11-21 17:09:45,947 => saving checkpoint to out
2022-11-21 17:09:47,762 Epoch: [2][0/200]	Time 1.788s (1.788s)	Speed 17.9 samples/s	Data 1.459s (1.459s)	Loss 0.07165 (0.07165)
2022-11-21 17:09:50,491 Epoch: [2][10/200]	Time 0.275s (0.411s)	Speed 116.5 samples/s	Data 0.000s (0.134s)	Loss 0.08097 (0.08147)
2022-11-21 17:09:53,170 Epoch: [2][20/200]	Time 0.266s (0.343s)	Speed 120.3 samples/s	Data 0.000s (0.070s)	Loss 0.07873 (0.07834)
2022-11-21 17:09:55,857 Epoch: [2][30/200]	Time 0.244s (0.319s)	Speed 131.1 samples/s	Data 0.000s (0.048s)	Loss 0.06640 (0.07542)
2022-11-21 17:09:58,550 Epoch: [2][40/200]	Time 0.287s (0.307s)	Speed 111.3 samples/s	Data 0.001s (0.036s)	Loss 0.06607 (0.07479)
2022-11-21 17:10:01,190 Epoch: [2][50/200]	Time 0.259s (0.298s)	Speed 123.7 samples/s	Data 0.000s (0.029s)	Loss 0.06087 (0.07309)
2022-11-21 17:10:03,835 Epoch: [2][60/200]	Time 0.245s (0.293s)	Speed 130.5 samples/s	Data 0.000s (0.024s)	Loss 0.05802 (0.07172)
2022-11-21 17:10:06,462 Epoch: [2][70/200]	Time 0.275s (0.289s)	Speed 116.2 samples/s	Data 0.000s (0.021s)	Loss 0.07018 (0.07034)
2022-11-21 17:10:09,090 Epoch: [2][80/200]	Time 0.255s (0.285s)	Speed 125.5 samples/s	Data 0.000s (0.018s)	Loss 0.06275 (0.06926)
2022-11-21 17:10:12,107 Epoch: [2][90/200]	Time 0.327s (0.287s)	Speed 97.8 samples/s	Data 0.001s (0.016s)	Loss 0.05276 (0.06789)
2022-11-21 17:10:15,224 Epoch: [2][100/200]	Time 0.294s (0.290s)	Speed 108.7 samples/s	Data 0.001s (0.015s)	Loss 0.05790 (0.06650)
2022-11-21 17:10:18,323 Epoch: [2][110/200]	Time 0.314s (0.291s)	Speed 102.0 samples/s	Data 0.000s (0.014s)	Loss 0.05391 (0.06602)
2022-11-21 17:10:21,187 Epoch: [2][120/200]	Time 0.285s (0.291s)	Speed 112.5 samples/s	Data 0.000s (0.012s)	Loss 0.05882 (0.06487)
2022-11-21 17:10:24,139 Epoch: [2][130/200]	Time 0.284s (0.291s)	Speed 112.7 samples/s	Data 0.000s (0.012s)	Loss 0.06042 (0.06395)
2022-11-21 17:10:27,213 Epoch: [2][140/200]	Time 0.310s (0.292s)	Speed 103.1 samples/s	Data 0.001s (0.011s)	Loss 0.05196 (0.06314)
2022-11-21 17:10:30,342 Epoch: [2][150/200]	Time 0.317s (0.294s)	Speed 100.8 samples/s	Data 0.000s (0.010s)	Loss 0.04352 (0.06248)
2022-11-21 17:10:33,557 Epoch: [2][160/200]	Time 0.360s (0.296s)	Speed 88.8 samples/s	Data 0.000s (0.009s)	Loss 0.04041 (0.06153)
2022-11-21 17:10:36,709 Epoch: [2][170/200]	Time 0.285s (0.297s)	Speed 112.2 samples/s	Data 0.001s (0.009s)	Loss 0.04526 (0.06064)
2022-11-21 17:10:39,480 Epoch: [2][180/200]	Time 0.284s (0.296s)	Speed 112.7 samples/s	Data 0.001s (0.009s)	Loss 0.04428 (0.05966)
2022-11-21 17:10:42,348 Epoch: [2][190/200]	Time 0.273s (0.295s)	Speed 117.3 samples/s	Data 0.000s (0.008s)	Loss 0.05358 (0.05885)
2022-11-21 17:10:46,233 Test: [0/200]	Time 1.237 (1.237)	Loss 0.1134 (0.1134)
2022-11-21 17:10:46,449 Test: [10/200]	Time 0.024 (0.132)	Loss 0.0323 (0.1037)
2022-11-21 17:10:46,665 Test: [20/200]	Time 0.020 (0.080)	Loss 0.0708 (0.1058)
2022-11-21 17:10:46,892 Test: [30/200]	Time 0.022 (0.061)	Loss 0.1513 (0.1118)
2022-11-21 17:10:47,100 Test: [40/200]	Time 0.020 (0.051)	Loss 0.0953 (0.1161)
2022-11-21 17:10:47,297 Test: [50/200]	Time 0.018 (0.045)	Loss 0.1544 (0.1165)
2022-11-21 17:10:47,505 Test: [60/200]	Time 0.021 (0.041)	Loss 0.1404 (0.1196)
2022-11-21 17:10:47,732 Test: [70/200]	Time 0.022 (0.039)	Loss 0.1049 (0.1190)
2022-11-21 17:10:47,942 Test: [80/200]	Time 0.021 (0.036)	Loss 0.1259 (0.1171)
2022-11-21 17:10:48,158 Test: [90/200]	Time 0.020 (0.035)	Loss 0.1522 (0.1189)
2022-11-21 17:10:48,349 Test: [100/200]	Time 0.019 (0.033)	Loss 0.1521 (0.1183)
2022-11-21 17:10:48,563 Test: [110/200]	Time 0.021 (0.032)	Loss 0.1796 (0.1189)
2022-11-21 17:10:48,773 Test: [120/200]	Time 0.019 (0.031)	Loss 0.1456 (0.1174)
2022-11-21 17:10:48,987 Test: [130/200]	Time 0.020 (0.030)	Loss 0.1075 (0.1183)
2022-11-21 17:10:49,186 Test: [140/200]	Time 0.018 (0.030)	Loss 0.0946 (0.1172)
2022-11-21 17:10:49,377 Test: [150/200]	Time 0.019 (0.029)	Loss 0.1069 (0.1161)
2022-11-21 17:10:49,593 Test: [160/200]	Time 0.020 (0.029)	Loss 0.1167 (0.1158)
2022-11-21 17:10:49,799 Test: [170/200]	Time 0.018 (0.028)	Loss 0.1184 (0.1147)
2022-11-21 17:10:50,007 Test: [180/200]	Time 0.023 (0.028)	Loss 0.1052 (0.1138)
2022-11-21 17:10:50,202 Test: [190/200]	Time 0.017 (0.027)	Loss 0.0726 (0.1141)
2022-11-21 17:10:51,352 Mean IoU score: 0.757
2022-11-21 17:10:51,353 => saving checkpoint to out
2022-11-21 17:10:53,323 Epoch: [3][0/200]	Time 1.943s (1.943s)	Speed 16.5 samples/s	Data 1.552s (1.552s)	Loss 0.03936 (0.03936)
2022-11-21 17:10:55,957 Epoch: [3][10/200]	Time 0.264s (0.416s)	Speed 121.1 samples/s	Data 0.000s (0.141s)	Loss 0.04154 (0.04121)
2022-11-21 17:10:58,610 Epoch: [3][20/200]	Time 0.265s (0.344s)	Speed 120.8 samples/s	Data 0.000s (0.074s)	Loss 0.05779 (0.04023)
2022-11-21 17:11:01,230 Epoch: [3][30/200]	Time 0.261s (0.318s)	Speed 122.5 samples/s	Data 0.000s (0.050s)	Loss 0.02747 (0.03992)
2022-11-21 17:11:04,285 Epoch: [3][40/200]	Time 0.259s (0.315s)	Speed 123.4 samples/s	Data 0.001s (0.038s)	Loss 0.03545 (0.03919)
2022-11-21 17:11:07,062 Epoch: [3][50/200]	Time 0.295s (0.307s)	Speed 108.3 samples/s	Data 0.000s (0.031s)	Loss 0.02955 (0.03837)
2022-11-21 17:11:10,137 Epoch: [3][60/200]	Time 0.319s (0.307s)	Speed 100.2 samples/s	Data 0.000s (0.026s)	Loss 0.03121 (0.03755)
2022-11-21 17:11:13,437 Epoch: [3][70/200]	Time 0.365s (0.311s)	Speed 87.6 samples/s	Data 0.001s (0.022s)	Loss 0.03634 (0.03714)
2022-11-21 17:11:16,962 Epoch: [3][80/200]	Time 0.291s (0.316s)	Speed 109.9 samples/s	Data 0.000s (0.020s)	Loss 0.02760 (0.03698)
2022-11-21 17:11:19,878 Epoch: [3][90/200]	Time 0.257s (0.313s)	Speed 124.5 samples/s	Data 0.000s (0.017s)	Loss 0.03215 (0.03669)
2022-11-21 17:11:22,644 Epoch: [3][100/200]	Time 0.272s (0.310s)	Speed 117.6 samples/s	Data 0.000s (0.016s)	Loss 0.03375 (0.03641)
2022-11-21 17:11:25,279 Epoch: [3][110/200]	Time 0.273s (0.305s)	Speed 117.2 samples/s	Data 0.001s (0.014s)	Loss 0.02901 (0.03609)
2022-11-21 17:11:27,931 Epoch: [3][120/200]	Time 0.255s (0.302s)	Speed 125.6 samples/s	Data 0.000s (0.013s)	Loss 0.04133 (0.03601)
2022-11-21 17:11:30,675 Epoch: [3][130/200]	Time 0.288s (0.300s)	Speed 111.2 samples/s	Data 0.001s (0.012s)	Loss 0.03464 (0.03595)
2022-11-21 17:11:33,484 Epoch: [3][140/200]	Time 0.304s (0.299s)	Speed 105.1 samples/s	Data 0.000s (0.011s)	Loss 0.03437 (0.03580)
2022-11-21 17:11:36,407 Epoch: [3][150/200]	Time 0.262s (0.298s)	Speed 122.3 samples/s	Data 0.000s (0.011s)	Loss 0.02511 (0.03568)
2022-11-21 17:11:39,206 Epoch: [3][160/200]	Time 0.344s (0.297s)	Speed 93.1 samples/s	Data 0.000s (0.010s)	Loss 0.03142 (0.03573)
2022-11-21 17:11:42,110 Epoch: [3][170/200]	Time 0.266s (0.297s)	Speed 120.3 samples/s	Data 0.000s (0.009s)	Loss 0.04371 (0.03569)
2022-11-21 17:11:45,042 Epoch: [3][180/200]	Time 0.281s (0.296s)	Speed 113.8 samples/s	Data 0.000s (0.009s)	Loss 0.03433 (0.03544)
2022-11-21 17:11:47,914 Epoch: [3][190/200]	Time 0.277s (0.296s)	Speed 115.6 samples/s	Data 0.000s (0.009s)	Loss 0.02360 (0.03522)
2022-11-21 17:11:52,315 Test: [0/200]	Time 1.391 (1.391)	Loss 0.1003 (0.1003)
2022-11-21 17:11:52,545 Test: [10/200]	Time 0.023 (0.147)	Loss 0.0287 (0.0765)
2022-11-21 17:11:52,779 Test: [20/200]	Time 0.020 (0.088)	Loss 0.0546 (0.0809)
2022-11-21 17:11:52,978 Test: [30/200]	Time 0.018 (0.066)	Loss 0.1261 (0.0853)
2022-11-21 17:11:53,199 Test: [40/200]	Time 0.019 (0.055)	Loss 0.0786 (0.0890)
2022-11-21 17:11:53,416 Test: [50/200]	Time 0.024 (0.049)	Loss 0.1153 (0.0879)
2022-11-21 17:11:53,632 Test: [60/200]	Time 0.020 (0.044)	Loss 0.1121 (0.0906)
2022-11-21 17:11:53,856 Test: [70/200]	Time 0.019 (0.041)	Loss 0.1002 (0.0921)
2022-11-21 17:11:54,056 Test: [80/200]	Time 0.019 (0.039)	Loss 0.1033 (0.0905)
2022-11-21 17:11:54,251 Test: [90/200]	Time 0.018 (0.037)	Loss 0.1087 (0.0923)
2022-11-21 17:11:54,460 Test: [100/200]	Time 0.021 (0.035)	Loss 0.1412 (0.0924)
2022-11-21 17:11:54,693 Test: [110/200]	Time 0.023 (0.034)	Loss 0.1629 (0.0930)
2022-11-21 17:11:54,927 Test: [120/200]	Time 0.034 (0.033)	Loss 0.0995 (0.0918)
2022-11-21 17:11:55,144 Test: [130/200]	Time 0.019 (0.032)	Loss 0.0820 (0.0923)
2022-11-21 17:11:55,345 Test: [140/200]	Time 0.019 (0.031)	Loss 0.0953 (0.0920)
2022-11-21 17:11:55,563 Test: [150/200]	Time 0.020 (0.031)	Loss 0.0837 (0.0911)
2022-11-21 17:11:55,785 Test: [160/200]	Time 0.021 (0.030)	Loss 0.0917 (0.0909)
2022-11-21 17:11:55,989 Test: [170/200]	Time 0.017 (0.030)	Loss 0.0790 (0.0900)
2022-11-21 17:11:56,186 Test: [180/200]	Time 0.021 (0.029)	Loss 0.0602 (0.0895)
2022-11-21 17:11:56,383 Test: [190/200]	Time 0.021 (0.029)	Loss 0.0578 (0.0895)
2022-11-21 17:11:57,866 Mean IoU score: 0.801
2022-11-21 17:11:57,866 => saving checkpoint to out
2022-11-21 17:11:59,781 Epoch: [4][0/200]	Time 1.876s (1.876s)	Speed 17.1 samples/s	Data 1.513s (1.513s)	Loss 0.03506 (0.03506)
2022-11-21 17:12:02,619 Epoch: [4][10/200]	Time 0.270s (0.429s)	Speed 118.5 samples/s	Data 0.000s (0.138s)	Loss 0.02509 (0.02884)
2022-11-21 17:12:05,387 Epoch: [4][20/200]	Time 0.321s (0.356s)	Speed 99.8 samples/s	Data 0.000s (0.072s)	Loss 0.02275 (0.02723)
2022-11-21 17:12:08,202 Epoch: [4][30/200]	Time 0.271s (0.332s)	Speed 118.1 samples/s	Data 0.000s (0.049s)	Loss 0.02467 (0.02688)
2022-11-21 17:12:10,890 Epoch: [4][40/200]	Time 0.254s (0.317s)	Speed 126.2 samples/s	Data 0.000s (0.037s)	Loss 0.02450 (0.02703)
2022-11-21 17:12:13,699 Epoch: [4][50/200]	Time 0.258s (0.310s)	Speed 123.9 samples/s	Data 0.000s (0.030s)	Loss 0.02452 (0.02690)
2022-11-21 17:12:16,250 Epoch: [4][60/200]	Time 0.238s (0.301s)	Speed 134.6 samples/s	Data 0.001s (0.025s)	Loss 0.02171 (0.02663)
2022-11-21 17:12:18,727 Epoch: [4][70/200]	Time 0.233s (0.293s)	Speed 137.3 samples/s	Data 0.000s (0.022s)	Loss 0.02662 (0.02671)
2022-11-21 17:12:21,114 Epoch: [4][80/200]	Time 0.223s (0.287s)	Speed 143.7 samples/s	Data 0.000s (0.019s)	Loss 0.02445 (0.02647)
2022-11-21 17:12:23,549 Epoch: [4][90/200]	Time 0.264s (0.282s)	Speed 121.4 samples/s	Data 0.001s (0.017s)	Loss 0.02677 (0.02619)
2022-11-21 17:12:25,871 Epoch: [4][100/200]	Time 0.210s (0.277s)	Speed 152.4 samples/s	Data 0.001s (0.015s)	Loss 0.02421 (0.02613)
2022-11-21 17:12:28,274 Epoch: [4][110/200]	Time 0.244s (0.274s)	Speed 131.1 samples/s	Data 0.001s (0.014s)	Loss 0.02638 (0.02614)
2022-11-21 17:12:30,811 Epoch: [4][120/200]	Time 0.245s (0.272s)	Speed 130.7 samples/s	Data 0.000s (0.013s)	Loss 0.02660 (0.02601)
2022-11-21 17:12:33,488 Epoch: [4][130/200]	Time 0.272s (0.272s)	Speed 117.8 samples/s	Data 0.000s (0.012s)	Loss 0.02554 (0.02599)
2022-11-21 17:12:35,863 Epoch: [4][140/200]	Time 0.230s (0.269s)	Speed 139.0 samples/s	Data 0.000s (0.011s)	Loss 0.02274 (0.02606)
2022-11-21 17:12:38,284 Epoch: [4][150/200]	Time 0.235s (0.267s)	Speed 136.1 samples/s	Data 0.000s (0.010s)	Loss 0.02224 (0.02602)
2022-11-21 17:12:40,669 Epoch: [4][160/200]	Time 0.224s (0.266s)	Speed 142.6 samples/s	Data 0.000s (0.010s)	Loss 0.02248 (0.02585)
2022-11-21 17:12:43,206 Epoch: [4][170/200]	Time 0.246s (0.265s)	Speed 130.0 samples/s	Data 0.000s (0.009s)	Loss 0.02052 (0.02578)
2022-11-21 17:12:45,740 Epoch: [4][180/200]	Time 0.220s (0.264s)	Speed 145.5 samples/s	Data 0.000s (0.009s)	Loss 0.03430 (0.02573)
2022-11-21 17:12:48,692 Epoch: [4][190/200]	Time 0.254s (0.266s)	Speed 126.2 samples/s	Data 0.001s (0.008s)	Loss 0.02643 (0.02561)
2022-11-21 17:12:52,650 Test: [0/200]	Time 1.313 (1.313)	Loss 0.0782 (0.0782)
2022-11-21 17:12:52,875 Test: [10/200]	Time 0.020 (0.140)	Loss 0.0301 (0.0701)
2022-11-21 17:12:53,095 Test: [20/200]	Time 0.019 (0.084)	Loss 0.0557 (0.0712)
2022-11-21 17:12:53,304 Test: [30/200]	Time 0.032 (0.063)	Loss 0.1068 (0.0757)
2022-11-21 17:12:53,527 Test: [40/200]	Time 0.022 (0.053)	Loss 0.0569 (0.0778)
2022-11-21 17:12:53,735 Test: [50/200]	Time 0.020 (0.047)	Loss 0.0965 (0.0774)
2022-11-21 17:12:53,951 Test: [60/200]	Time 0.021 (0.043)	Loss 0.0988 (0.0795)
2022-11-21 17:12:54,161 Test: [70/200]	Time 0.021 (0.040)	Loss 0.0824 (0.0803)
2022-11-21 17:12:54,374 Test: [80/200]	Time 0.018 (0.037)	Loss 0.0779 (0.0783)
2022-11-21 17:12:54,589 Test: [90/200]	Time 0.019 (0.036)	Loss 0.1304 (0.0803)
2022-11-21 17:12:54,813 Test: [100/200]	Time 0.023 (0.034)	Loss 0.1151 (0.0798)
2022-11-21 17:12:55,026 Test: [110/200]	Time 0.020 (0.033)	Loss 0.1602 (0.0812)
2022-11-21 17:12:55,244 Test: [120/200]	Time 0.021 (0.032)	Loss 0.0848 (0.0796)
2022-11-21 17:12:55,443 Test: [130/200]	Time 0.023 (0.031)	Loss 0.0641 (0.0801)
2022-11-21 17:12:55,704 Test: [140/200]	Time 0.021 (0.031)	Loss 0.0762 (0.0794)
2022-11-21 17:12:55,912 Test: [150/200]	Time 0.020 (0.030)	Loss 0.0728 (0.0785)
2022-11-21 17:12:56,129 Test: [160/200]	Time 0.022 (0.030)	Loss 0.0825 (0.0783)
2022-11-21 17:12:56,312 Test: [170/200]	Time 0.020 (0.029)	Loss 0.0594 (0.0778)
2022-11-21 17:12:56,529 Test: [180/200]	Time 0.022 (0.029)	Loss 0.0463 (0.0770)
2022-11-21 17:12:56,763 Test: [190/200]	Time 0.021 (0.028)	Loss 0.0404 (0.0772)
2022-11-21 17:12:58,042 Mean IoU score: 0.820
2022-11-21 17:12:58,042 => saving checkpoint to out
2022-11-21 17:13:00,008 Epoch: [5][0/200]	Time 1.941s (1.941s)	Speed 16.5 samples/s	Data 1.570s (1.570s)	Loss 0.01724 (0.01724)
2022-11-21 17:13:03,061 Epoch: [5][10/200]	Time 0.304s (0.454s)	Speed 105.1 samples/s	Data 0.000s (0.143s)	Loss 0.01675 (0.02065)
2022-11-21 17:13:06,335 Epoch: [5][20/200]	Time 0.301s (0.394s)	Speed 106.4 samples/s	Data 0.000s (0.075s)	Loss 0.02275 (0.02116)
2022-11-21 17:13:09,047 Epoch: [5][30/200]	Time 0.282s (0.354s)	Speed 113.3 samples/s	Data 0.000s (0.051s)	Loss 0.02787 (0.02106)
2022-11-21 17:13:11,757 Epoch: [5][40/200]	Time 0.265s (0.334s)	Speed 120.9 samples/s	Data 0.000s (0.039s)	Loss 0.02071 (0.02106)
2022-11-21 17:13:14,455 Epoch: [5][50/200]	Time 0.257s (0.321s)	Speed 124.4 samples/s	Data 0.001s (0.031s)	Loss 0.02079 (0.02092)
2022-11-21 17:13:17,105 Epoch: [5][60/200]	Time 0.261s (0.312s)	Speed 122.6 samples/s	Data 0.001s (0.026s)	Loss 0.01582 (0.02056)
2022-11-21 17:13:19,797 Epoch: [5][70/200]	Time 0.323s (0.306s)	Speed 99.1 samples/s	Data 0.000s (0.022s)	Loss 0.01804 (0.02031)
2022-11-21 17:13:22,615 Epoch: [5][80/200]	Time 0.316s (0.303s)	Speed 101.1 samples/s	Data 0.000s (0.020s)	Loss 0.01832 (0.02014)
2022-11-21 17:13:25,359 Epoch: [5][90/200]	Time 0.264s (0.300s)	Speed 121.4 samples/s	Data 0.001s (0.018s)	Loss 0.01398 (0.02004)
2022-11-21 17:13:28,303 Epoch: [5][100/200]	Time 0.298s (0.299s)	Speed 107.5 samples/s	Data 0.000s (0.016s)	Loss 0.02069 (0.01995)
2022-11-21 17:13:32,058 Epoch: [5][110/200]	Time 0.392s (0.306s)	Speed 81.7 samples/s	Data 0.001s (0.015s)	Loss 0.02178 (0.02000)
2022-11-21 17:13:35,613 Epoch: [5][120/200]	Time 0.317s (0.310s)	Speed 100.9 samples/s	Data 0.001s (0.013s)	Loss 0.01795 (0.01981)
2022-11-21 17:13:38,394 Epoch: [5][130/200]	Time 0.247s (0.308s)	Speed 129.8 samples/s	Data 0.001s (0.012s)	Loss 0.02319 (0.01989)
2022-11-21 17:13:40,786 Epoch: [5][140/200]	Time 0.215s (0.303s)	Speed 148.8 samples/s	Data 0.000s (0.011s)	Loss 0.02193 (0.01991)
2022-11-21 17:13:43,216 Epoch: [5][150/200]	Time 0.231s (0.299s)	Speed 138.5 samples/s	Data 0.000s (0.011s)	Loss 0.02304 (0.01989)
2022-11-21 17:13:45,600 Epoch: [5][160/200]	Time 0.245s (0.295s)	Speed 130.4 samples/s	Data 0.000s (0.010s)	Loss 0.02033 (0.01978)
2022-11-21 17:13:48,055 Epoch: [5][170/200]	Time 0.250s (0.292s)	Speed 127.8 samples/s	Data 0.000s (0.010s)	Loss 0.02044 (0.01974)
2022-11-21 17:13:50,464 Epoch: [5][180/200]	Time 0.243s (0.289s)	Speed 131.8 samples/s	Data 0.000s (0.009s)	Loss 0.01847 (0.01980)
2022-11-21 17:13:53,092 Epoch: [5][190/200]	Time 0.264s (0.288s)	Speed 121.1 samples/s	Data 0.000s (0.009s)	Loss 0.01854 (0.01984)
2022-11-21 17:13:56,867 Test: [0/200]	Time 1.263 (1.263)	Loss 0.0848 (0.0848)
2022-11-21 17:13:57,077 Test: [10/200]	Time 0.019 (0.134)	Loss 0.0331 (0.0734)
2022-11-21 17:13:57,270 Test: [20/200]	Time 0.019 (0.079)	Loss 0.0752 (0.0758)
2022-11-21 17:13:57,469 Test: [30/200]	Time 0.018 (0.060)	Loss 0.1335 (0.0863)
2022-11-21 17:13:57,680 Test: [40/200]	Time 0.018 (0.051)	Loss 0.0512 (0.0896)
2022-11-21 17:13:57,877 Test: [50/200]	Time 0.024 (0.045)	Loss 0.1128 (0.0890)
2022-11-21 17:13:58,064 Test: [60/200]	Time 0.018 (0.040)	Loss 0.1046 (0.0903)
2022-11-21 17:13:58,264 Test: [70/200]	Time 0.020 (0.037)	Loss 0.0992 (0.0902)
2022-11-21 17:13:58,479 Test: [80/200]	Time 0.022 (0.035)	Loss 0.1356 (0.0889)
2022-11-21 17:13:58,676 Test: [90/200]	Time 0.018 (0.034)	Loss 0.1090 (0.0913)
2022-11-21 17:13:58,869 Test: [100/200]	Time 0.019 (0.032)	Loss 0.1404 (0.0907)
2022-11-21 17:13:59,058 Test: [110/200]	Time 0.017 (0.031)	Loss 0.1767 (0.0914)
2022-11-21 17:13:59,247 Test: [120/200]	Time 0.019 (0.030)	Loss 0.1017 (0.0893)
2022-11-21 17:13:59,481 Test: [130/200]	Time 0.025 (0.030)	Loss 0.0688 (0.0889)
2022-11-21 17:13:59,698 Test: [140/200]	Time 0.022 (0.029)	Loss 0.0921 (0.0888)
2022-11-21 17:13:59,901 Test: [150/200]	Time 0.020 (0.028)	Loss 0.0786 (0.0871)
2022-11-21 17:14:00,117 Test: [160/200]	Time 0.018 (0.028)	Loss 0.1022 (0.0873)
2022-11-21 17:14:00,387 Test: [170/200]	Time 0.030 (0.028)	Loss 0.0883 (0.0865)
2022-11-21 17:14:00,610 Test: [180/200]	Time 0.021 (0.028)	Loss 0.0503 (0.0856)
2022-11-21 17:14:00,825 Test: [190/200]	Time 0.019 (0.027)	Loss 0.0478 (0.0856)
2022-11-21 17:14:01,990 Mean IoU score: 0.794
2022-11-21 17:14:01,990 => saving checkpoint to out
2022-11-21 17:14:04,124 Epoch: [6][0/200]	Time 2.111s (2.111s)	Speed 15.2 samples/s	Data 1.692s (1.692s)	Loss 0.01804 (0.01804)
2022-11-21 17:14:06,818 Epoch: [6][10/200]	Time 0.239s (0.437s)	Speed 133.9 samples/s	Data 0.001s (0.154s)	Loss 0.02176 (0.01709)
2022-11-21 17:14:09,348 Epoch: [6][20/200]	Time 0.232s (0.349s)	Speed 137.8 samples/s	Data 0.000s (0.081s)	Loss 0.01563 (0.01780)
2022-11-21 17:14:12,193 Epoch: [6][30/200]	Time 0.320s (0.328s)	Speed 100.0 samples/s	Data 0.000s (0.055s)	Loss 0.01678 (0.01772)
2022-11-21 17:14:14,963 Epoch: [6][40/200]	Time 0.310s (0.316s)	Speed 103.1 samples/s	Data 0.001s (0.042s)	Loss 0.01665 (0.01743)
2022-11-21 17:14:17,924 Epoch: [6][50/200]	Time 0.305s (0.312s)	Speed 104.9 samples/s	Data 0.000s (0.034s)	Loss 0.01558 (0.01733)
2022-11-21 17:14:20,538 Epoch: [6][60/200]	Time 0.244s (0.304s)	Speed 131.3 samples/s	Data 0.000s (0.028s)	Loss 0.01378 (0.01703)
2022-11-21 17:14:22,994 Epoch: [6][70/200]	Time 0.227s (0.296s)	Speed 141.2 samples/s	Data 0.000s (0.024s)	Loss 0.01393 (0.01672)
2022-11-21 17:14:25,469 Epoch: [6][80/200]	Time 0.253s (0.290s)	Speed 126.6 samples/s	Data 0.000s (0.021s)	Loss 0.01521 (0.01660)
2022-11-21 17:14:27,978 Epoch: [6][90/200]	Time 0.242s (0.285s)	Speed 132.4 samples/s	Data 0.000s (0.019s)	Loss 0.01647 (0.01648)
2022-11-21 17:14:30,479 Epoch: [6][100/200]	Time 0.247s (0.282s)	Speed 129.4 samples/s	Data 0.001s (0.017s)	Loss 0.01584 (0.01643)
2022-11-21 17:15:40,091 Epoch: [6][110/200]	Time 0.358s (0.884s)	Speed 89.4 samples/s	Data 0.001s (0.618s)	Loss 0.01335 (0.01635)
2022-11-21 17:15:43,226 Epoch: [6][120/200]	Time 0.369s (0.836s)	Speed 86.8 samples/s	Data 0.000s (0.567s)	Loss 0.01633 (0.01629)
2022-11-21 17:15:46,115 Epoch: [6][130/200]	Time 0.288s (0.795s)	Speed 111.1 samples/s	Data 0.000s (0.524s)	Loss 0.01197 (0.01618)
2022-11-21 17:15:48,867 Epoch: [6][140/200]	Time 0.253s (0.758s)	Speed 126.4 samples/s	Data 0.000s (0.487s)	Loss 0.01438 (0.01612)
2022-11-21 17:15:51,848 Epoch: [6][150/200]	Time 0.366s (0.727s)	Speed 87.4 samples/s	Data 0.000s (0.455s)	Loss 0.01544 (0.01608)
2022-11-21 17:15:55,034 Epoch: [6][160/200]	Time 0.299s (0.702s)	Speed 107.1 samples/s	Data 0.000s (0.426s)	Loss 0.01876 (0.01609)
2022-11-21 17:15:57,813 Epoch: [6][170/200]	Time 0.292s (0.677s)	Speed 109.5 samples/s	Data 0.001s (0.401s)	Loss 0.01547 (0.01601)
2022-11-21 17:16:00,572 Epoch: [6][180/200]	Time 0.262s (0.655s)	Speed 122.0 samples/s	Data 0.000s (0.379s)	Loss 0.01066 (0.01600)
2022-11-21 17:16:03,305 Epoch: [6][190/200]	Time 0.267s (0.635s)	Speed 119.7 samples/s	Data 0.000s (0.359s)	Loss 0.01634 (0.01595)
2022-11-21 17:16:07,735 Test: [0/200]	Time 1.503 (1.503)	Loss 0.0626 (0.0626)
2022-11-21 17:16:07,976 Test: [10/200]	Time 0.023 (0.159)	Loss 0.0139 (0.0546)
2022-11-21 17:16:08,198 Test: [20/200]	Time 0.022 (0.094)	Loss 0.0426 (0.0591)
2022-11-21 17:16:08,463 Test: [30/200]	Time 0.023 (0.072)	Loss 0.0777 (0.0632)
2022-11-21 17:16:08,697 Test: [40/200]	Time 0.022 (0.060)	Loss 0.0434 (0.0649)
2022-11-21 17:16:08,911 Test: [50/200]	Time 0.020 (0.053)	Loss 0.0854 (0.0652)
2022-11-21 17:16:09,132 Test: [60/200]	Time 0.022 (0.048)	Loss 0.0804 (0.0673)
2022-11-21 17:16:09,356 Test: [70/200]	Time 0.025 (0.044)	Loss 0.0526 (0.0668)
2022-11-21 17:16:09,598 Test: [80/200]	Time 0.024 (0.042)	Loss 0.0971 (0.0654)
2022-11-21 17:16:09,837 Test: [90/200]	Time 0.022 (0.040)	Loss 0.1114 (0.0678)
2022-11-21 17:16:10,081 Test: [100/200]	Time 0.023 (0.038)	Loss 0.0860 (0.0676)
2022-11-21 17:16:10,306 Test: [110/200]	Time 0.024 (0.037)	Loss 0.1476 (0.0683)
2022-11-21 17:16:10,544 Test: [120/200]	Time 0.023 (0.036)	Loss 0.0669 (0.0665)
2022-11-21 17:16:10,779 Test: [130/200]	Time 0.022 (0.035)	Loss 0.0469 (0.0664)
2022-11-21 17:16:11,004 Test: [140/200]	Time 0.026 (0.034)	Loss 0.0669 (0.0658)
2022-11-21 17:16:11,211 Test: [150/200]	Time 0.020 (0.033)	Loss 0.0550 (0.0650)
2022-11-21 17:16:11,459 Test: [160/200]	Time 0.025 (0.032)	Loss 0.0712 (0.0651)
2022-11-21 17:16:11,700 Test: [170/200]	Time 0.027 (0.032)	Loss 0.0730 (0.0645)
2022-11-21 17:16:11,962 Test: [180/200]	Time 0.024 (0.032)	Loss 0.0402 (0.0641)
2022-11-21 17:16:12,179 Test: [190/200]	Time 0.025 (0.031)	Loss 0.0333 (0.0640)
2022-11-21 17:16:13,455 Mean IoU score: 0.847
2022-11-21 17:16:13,455 => saving checkpoint to out
2022-11-21 17:16:15,438 Epoch: [7][0/200]	Time 1.958s (1.958s)	Speed 16.3 samples/s	Data 1.597s (1.597s)	Loss 0.01414 (0.01414)
2022-11-21 17:16:18,212 Epoch: [7][10/200]	Time 0.275s (0.430s)	Speed 116.3 samples/s	Data 0.000s (0.145s)	Loss 0.01364 (0.01490)
2022-11-21 17:16:20,922 Epoch: [7][20/200]	Time 0.278s (0.354s)	Speed 115.0 samples/s	Data 0.000s (0.076s)	Loss 0.01672 (0.01481)
2022-11-21 17:16:23,711 Epoch: [7][30/200]	Time 0.269s (0.330s)	Speed 118.9 samples/s	Data 0.001s (0.052s)	Loss 0.01518 (0.01433)
2022-11-21 17:16:26,404 Epoch: [7][40/200]	Time 0.271s (0.315s)	Speed 118.1 samples/s	Data 0.000s (0.039s)	Loss 0.01070 (0.01421)
2022-11-21 17:16:29,374 Epoch: [7][50/200]	Time 0.293s (0.312s)	Speed 109.2 samples/s	Data 0.001s (0.032s)	Loss 0.01284 (0.01401)
2022-11-21 17:16:32,240 Epoch: [7][60/200]	Time 0.287s (0.308s)	Speed 111.6 samples/s	Data 0.000s (0.026s)	Loss 0.01245 (0.01391)
2022-11-21 17:16:34,964 Epoch: [7][70/200]	Time 0.271s (0.303s)	Speed 118.2 samples/s	Data 0.001s (0.023s)	Loss 0.01096 (0.01371)
2022-11-21 17:16:37,701 Epoch: [7][80/200]	Time 0.320s (0.299s)	Speed 100.1 samples/s	Data 0.000s (0.020s)	Loss 0.01165 (0.01365)
2022-11-21 17:16:40,436 Epoch: [7][90/200]	Time 0.258s (0.296s)	Speed 123.8 samples/s	Data 0.000s (0.018s)	Loss 0.01492 (0.01349)
2022-11-21 17:16:43,133 Epoch: [7][100/200]	Time 0.298s (0.294s)	Speed 107.4 samples/s	Data 0.001s (0.016s)	Loss 0.01488 (0.01351)
2022-11-21 17:16:45,775 Epoch: [7][110/200]	Time 0.273s (0.291s)	Speed 117.2 samples/s	Data 0.000s (0.015s)	Loss 0.00958 (0.01345)
2022-11-21 17:16:48,392 Epoch: [7][120/200]	Time 0.260s (0.289s)	Speed 123.3 samples/s	Data 0.000s (0.013s)	Loss 0.01241 (0.01351)
2022-11-21 17:16:51,179 Epoch: [7][130/200]	Time 0.305s (0.288s)	Speed 104.9 samples/s	Data 0.001s (0.012s)	Loss 0.01175 (0.01348)
2022-11-21 17:16:53,902 Epoch: [7][140/200]	Time 0.261s (0.287s)	Speed 122.8 samples/s	Data 0.001s (0.012s)	Loss 0.01572 (0.01341)
2022-11-21 17:16:56,575 Epoch: [7][150/200]	Time 0.281s (0.285s)	Speed 113.7 samples/s	Data 0.000s (0.011s)	Loss 0.01059 (0.01332)
2022-11-21 17:16:59,266 Epoch: [7][160/200]	Time 0.297s (0.284s)	Speed 107.7 samples/s	Data 0.000s (0.010s)	Loss 0.01556 (0.01326)
2022-11-21 17:17:02,129 Epoch: [7][170/200]	Time 0.259s (0.284s)	Speed 123.5 samples/s	Data 0.000s (0.010s)	Loss 0.01441 (0.01328)
2022-11-21 17:17:05,107 Epoch: [7][180/200]	Time 0.272s (0.285s)	Speed 117.7 samples/s	Data 0.000s (0.009s)	Loss 0.01179 (0.01327)
2022-11-21 17:17:07,971 Epoch: [7][190/200]	Time 0.300s (0.285s)	Speed 106.6 samples/s	Data 0.001s (0.009s)	Loss 0.01227 (0.01330)
2022-11-21 17:17:12,229 Test: [0/200]	Time 1.320 (1.320)	Loss 0.0580 (0.0580)
2022-11-21 17:17:12,448 Test: [10/200]	Time 0.022 (0.140)	Loss 0.0220 (0.0573)
2022-11-21 17:17:12,721 Test: [20/200]	Time 0.024 (0.086)	Loss 0.0344 (0.0579)
2022-11-21 17:17:12,924 Test: [30/200]	Time 0.026 (0.065)	Loss 0.0918 (0.0616)
2022-11-21 17:17:13,170 Test: [40/200]	Time 0.026 (0.055)	Loss 0.0443 (0.0628)
2022-11-21 17:17:13,469 Test: [50/200]	Time 0.030 (0.050)	Loss 0.0972 (0.0624)
2022-11-21 17:17:13,741 Test: [60/200]	Time 0.028 (0.046)	Loss 0.0901 (0.0656)
2022-11-21 17:17:14,018 Test: [70/200]	Time 0.026 (0.044)	Loss 0.0567 (0.0661)
2022-11-21 17:17:14,297 Test: [80/200]	Time 0.030 (0.042)	Loss 0.0656 (0.0642)
2022-11-21 17:17:14,587 Test: [90/200]	Time 0.025 (0.040)	Loss 0.1238 (0.0660)
2022-11-21 17:17:14,857 Test: [100/200]	Time 0.021 (0.039)	Loss 0.0966 (0.0658)
2022-11-21 17:17:15,063 Test: [110/200]	Time 0.019 (0.037)	Loss 0.1596 (0.0669)
2022-11-21 17:17:15,269 Test: [120/200]	Time 0.022 (0.036)	Loss 0.0732 (0.0650)
2022-11-21 17:17:15,501 Test: [130/200]	Time 0.020 (0.035)	Loss 0.0429 (0.0649)
2022-11-21 17:17:15,718 Test: [140/200]	Time 0.019 (0.034)	Loss 0.0651 (0.0644)
2022-11-21 17:17:15,976 Test: [150/200]	Time 0.052 (0.034)	Loss 0.0560 (0.0633)
2022-11-21 17:17:16,227 Test: [160/200]	Time 0.019 (0.033)	Loss 0.0708 (0.0634)
2022-11-21 17:17:16,470 Test: [170/200]	Time 0.030 (0.033)	Loss 0.0582 (0.0627)
2022-11-21 17:17:16,768 Test: [180/200]	Time 0.029 (0.032)	Loss 0.0326 (0.0623)
2022-11-21 17:17:17,053 Test: [190/200]	Time 0.026 (0.032)	Loss 0.0293 (0.0622)
2022-11-21 17:17:18,412 Mean IoU score: 0.852
2022-11-21 17:17:18,413 => saving checkpoint to out
2022-11-21 17:17:20,291 Epoch: [8][0/200]	Time 1.849s (1.849s)	Speed 17.3 samples/s	Data 1.509s (1.509s)	Loss 0.01130 (0.01130)
2022-11-21 17:17:23,188 Epoch: [8][10/200]	Time 0.287s (0.431s)	Speed 111.6 samples/s	Data 0.000s (0.138s)	Loss 0.01004 (0.01152)
2022-11-21 17:17:25,912 Epoch: [8][20/200]	Time 0.250s (0.356s)	Speed 128.1 samples/s	Data 0.000s (0.072s)	Loss 0.01112 (0.01189)
2022-11-21 17:17:28,906 Epoch: [8][30/200]	Time 0.351s (0.338s)	Speed 91.2 samples/s	Data 0.001s (0.049s)	Loss 0.01173 (0.01192)
2022-11-21 17:17:32,224 Epoch: [8][40/200]	Time 0.318s (0.336s)	Speed 100.5 samples/s	Data 0.000s (0.037s)	Loss 0.00906 (0.01180)
2022-11-21 17:17:35,088 Epoch: [8][50/200]	Time 0.257s (0.326s)	Speed 124.5 samples/s	Data 0.000s (0.030s)	Loss 0.01178 (0.01195)
2022-11-21 17:17:38,100 Epoch: [8][60/200]	Time 0.271s (0.322s)	Speed 117.9 samples/s	Data 0.000s (0.025s)	Loss 0.01350 (0.01189)
2022-11-21 17:17:41,080 Epoch: [8][70/200]	Time 0.388s (0.319s)	Speed 82.4 samples/s	Data 0.000s (0.022s)	Loss 0.01182 (0.01178)
2022-11-21 17:17:43,913 Epoch: [8][80/200]	Time 0.268s (0.314s)	Speed 119.3 samples/s	Data 0.001s (0.019s)	Loss 0.00885 (0.01170)
2022-11-21 17:17:46,659 Epoch: [8][90/200]	Time 0.294s (0.310s)	Speed 108.8 samples/s	Data 0.000s (0.017s)	Loss 0.00899 (0.01157)
2022-11-21 17:17:49,503 Epoch: [8][100/200]	Time 0.285s (0.308s)	Speed 112.2 samples/s	Data 0.001s (0.015s)	Loss 0.01102 (0.01156)
2022-11-21 17:17:52,237 Epoch: [8][110/200]	Time 0.303s (0.304s)	Speed 105.7 samples/s	Data 0.000s (0.014s)	Loss 0.01427 (0.01157)
2022-11-21 17:17:54,915 Epoch: [8][120/200]	Time 0.250s (0.301s)	Speed 127.8 samples/s	Data 0.000s (0.013s)	Loss 0.01191 (0.01165)
2022-11-21 17:17:57,592 Epoch: [8][130/200]	Time 0.281s (0.299s)	Speed 113.8 samples/s	Data 0.001s (0.012s)	Loss 0.00820 (0.01166)
2022-11-21 17:18:00,367 Epoch: [8][140/200]	Time 0.305s (0.297s)	Speed 105.0 samples/s	Data 0.000s (0.011s)	Loss 0.01359 (0.01170)
2022-11-21 17:18:03,163 Epoch: [8][150/200]	Time 0.270s (0.296s)	Speed 118.5 samples/s	Data 0.001s (0.010s)	Loss 0.01043 (0.01165)
2022-11-21 17:18:06,040 Epoch: [8][160/200]	Time 0.282s (0.296s)	Speed 113.5 samples/s	Data 0.000s (0.010s)	Loss 0.01219 (0.01167)
2022-11-21 17:18:09,000 Epoch: [8][170/200]	Time 0.256s (0.296s)	Speed 124.8 samples/s	Data 0.000s (0.009s)	Loss 0.01069 (0.01167)
2022-11-21 17:18:12,319 Epoch: [8][180/200]	Time 0.323s (0.298s)	Speed 99.1 samples/s	Data 0.001s (0.009s)	Loss 0.01302 (0.01166)
2022-11-21 17:18:15,071 Epoch: [8][190/200]	Time 0.249s (0.296s)	Speed 128.5 samples/s	Data 0.001s (0.008s)	Loss 0.01282 (0.01163)
2022-11-21 17:18:18,999 Test: [0/200]	Time 1.251 (1.251)	Loss 0.0591 (0.0591)
2022-11-21 17:18:19,215 Test: [10/200]	Time 0.021 (0.133)	Loss 0.0157 (0.0529)
2022-11-21 17:18:19,442 Test: [20/200]	Time 0.021 (0.081)	Loss 0.0262 (0.0531)
2022-11-21 17:18:19,650 Test: [30/200]	Time 0.019 (0.061)	Loss 0.0736 (0.0562)
2022-11-21 17:18:19,896 Test: [40/200]	Time 0.021 (0.052)	Loss 0.0539 (0.0586)
2022-11-21 17:18:20,114 Test: [50/200]	Time 0.021 (0.046)	Loss 0.0799 (0.0582)
2022-11-21 17:18:20,348 Test: [60/200]	Time 0.024 (0.043)	Loss 0.0761 (0.0612)
2022-11-21 17:18:20,572 Test: [70/200]	Time 0.023 (0.040)	Loss 0.0481 (0.0617)
2022-11-21 17:18:20,793 Test: [80/200]	Time 0.023 (0.038)	Loss 0.0582 (0.0596)
2022-11-21 17:18:21,008 Test: [90/200]	Time 0.021 (0.036)	Loss 0.1029 (0.0617)
2022-11-21 17:18:21,235 Test: [100/200]	Time 0.022 (0.035)	Loss 0.0808 (0.0612)
2022-11-21 17:18:21,467 Test: [110/200]	Time 0.021 (0.033)	Loss 0.1531 (0.0624)
2022-11-21 17:18:21,685 Test: [120/200]	Time 0.022 (0.033)	Loss 0.0594 (0.0610)
2022-11-21 17:18:21,908 Test: [130/200]	Time 0.023 (0.032)	Loss 0.0410 (0.0610)
2022-11-21 17:18:22,125 Test: [140/200]	Time 0.021 (0.031)	Loss 0.0660 (0.0608)
2022-11-21 17:18:22,352 Test: [150/200]	Time 0.022 (0.030)	Loss 0.0569 (0.0599)
2022-11-21 17:18:22,582 Test: [160/200]	Time 0.022 (0.030)	Loss 0.0704 (0.0601)
2022-11-21 17:18:22,805 Test: [170/200]	Time 0.023 (0.030)	Loss 0.0609 (0.0595)
2022-11-21 17:18:23,031 Test: [180/200]	Time 0.018 (0.029)	Loss 0.0344 (0.0591)
2022-11-21 17:18:23,237 Test: [190/200]	Time 0.020 (0.029)	Loss 0.0288 (0.0590)
2022-11-21 17:18:24,499 Mean IoU score: 0.858
2022-11-21 17:18:24,499 => saving checkpoint to out
2022-11-21 17:18:26,319 Epoch: [9][0/200]	Time 1.789s (1.789s)	Speed 17.9 samples/s	Data 1.413s (1.413s)	Loss 0.01116 (0.01116)
2022-11-21 17:18:28,975 Epoch: [9][10/200]	Time 0.255s (0.404s)	Speed 125.5 samples/s	Data 0.000s (0.129s)	Loss 0.00974 (0.01050)
2022-11-21 17:18:31,665 Epoch: [9][20/200]	Time 0.262s (0.340s)	Speed 122.0 samples/s	Data 0.000s (0.068s)	Loss 0.01525 (0.01089)
2022-11-21 17:18:34,320 Epoch: [9][30/200]	Time 0.268s (0.316s)	Speed 119.4 samples/s	Data 0.000s (0.046s)	Loss 0.00992 (0.01093)
2022-11-21 17:18:37,023 Epoch: [9][40/200]	Time 0.258s (0.305s)	Speed 123.9 samples/s	Data 0.000s (0.035s)	Loss 0.01048 (0.01094)
2022-11-21 17:18:39,741 Epoch: [9][50/200]	Time 0.251s (0.298s)	Speed 127.5 samples/s	Data 0.000s (0.028s)	Loss 0.00735 (0.01073)
2022-11-21 17:18:42,489 Epoch: [9][60/200]	Time 0.296s (0.294s)	Speed 108.3 samples/s	Data 0.000s (0.024s)	Loss 0.01102 (0.01056)
2022-11-21 17:18:45,159 Epoch: [9][70/200]	Time 0.269s (0.291s)	Speed 119.0 samples/s	Data 0.001s (0.020s)	Loss 0.01096 (0.01061)
2022-11-21 17:18:47,829 Epoch: [9][80/200]	Time 0.268s (0.288s)	Speed 119.3 samples/s	Data 0.000s (0.018s)	Loss 0.00761 (0.01062)
2022-11-21 17:18:50,521 Epoch: [9][90/200]	Time 0.285s (0.286s)	Speed 112.1 samples/s	Data 0.001s (0.016s)	Loss 0.01103 (0.01053)
2022-11-21 17:18:53,276 Epoch: [9][100/200]	Time 0.267s (0.285s)	Speed 119.9 samples/s	Data 0.000s (0.014s)	Loss 0.01522 (0.01057)
2022-11-21 17:18:55,825 Epoch: [9][110/200]	Time 0.207s (0.282s)	Speed 154.6 samples/s	Data 0.000s (0.013s)	Loss 0.01139 (0.01055)
2022-11-21 17:18:58,316 Epoch: [9][120/200]	Time 0.243s (0.279s)	Speed 131.6 samples/s	Data 0.000s (0.012s)	Loss 0.00949 (0.01048)
2022-11-21 17:19:00,686 Epoch: [9][130/200]	Time 0.251s (0.276s)	Speed 127.6 samples/s	Data 0.000s (0.011s)	Loss 0.00814 (0.01052)
2022-11-21 17:19:03,096 Epoch: [9][140/200]	Time 0.242s (0.274s)	Speed 132.4 samples/s	Data 0.000s (0.010s)	Loss 0.01092 (0.01052)
2022-11-21 17:19:05,521 Epoch: [9][150/200]	Time 0.267s (0.271s)	Speed 119.8 samples/s	Data 0.001s (0.010s)	Loss 0.00833 (0.01052)
2022-11-21 17:19:07,899 Epoch: [9][160/200]	Time 0.211s (0.269s)	Speed 151.7 samples/s	Data 0.000s (0.009s)	Loss 0.01110 (0.01051)
2022-11-21 17:19:10,535 Epoch: [9][170/200]	Time 0.264s (0.269s)	Speed 121.2 samples/s	Data 0.001s (0.009s)	Loss 0.01034 (0.01046)
2022-11-21 17:19:13,038 Epoch: [9][180/200]	Time 0.254s (0.268s)	Speed 125.9 samples/s	Data 0.000s (0.008s)	Loss 0.00941 (0.01044)
2022-11-21 17:19:15,437 Epoch: [9][190/200]	Time 0.256s (0.267s)	Speed 124.8 samples/s	Data 0.000s (0.008s)	Loss 0.00795 (0.01040)
2022-11-21 17:19:19,070 Test: [0/200]	Time 1.226 (1.226)	Loss 0.0614 (0.0614)
2022-11-21 17:19:19,277 Test: [10/200]	Time 0.020 (0.130)	Loss 0.0227 (0.0532)
2022-11-21 17:19:19,497 Test: [20/200]	Time 0.019 (0.079)	Loss 0.0311 (0.0552)
2022-11-21 17:19:19,702 Test: [30/200]	Time 0.020 (0.060)	Loss 0.0618 (0.0592)
2022-11-21 17:19:19,908 Test: [40/200]	Time 0.020 (0.050)	Loss 0.0547 (0.0616)
2022-11-21 17:19:20,139 Test: [50/200]	Time 0.022 (0.045)	Loss 0.0995 (0.0608)
2022-11-21 17:19:20,345 Test: [60/200]	Time 0.025 (0.041)	Loss 0.0720 (0.0630)
2022-11-21 17:19:20,566 Test: [70/200]	Time 0.021 (0.038)	Loss 0.0452 (0.0631)
2022-11-21 17:19:20,783 Test: [80/200]	Time 0.020 (0.036)	Loss 0.0552 (0.0609)
2022-11-21 17:19:20,988 Test: [90/200]	Time 0.020 (0.035)	Loss 0.1048 (0.0628)
2022-11-21 17:19:21,194 Test: [100/200]	Time 0.020 (0.033)	Loss 0.0781 (0.0626)
2022-11-21 17:19:21,430 Test: [110/200]	Time 0.027 (0.032)	Loss 0.1345 (0.0634)
2022-11-21 17:19:21,652 Test: [120/200]	Time 0.020 (0.031)	Loss 0.0539 (0.0618)
2022-11-21 17:19:21,866 Test: [130/200]	Time 0.020 (0.031)	Loss 0.0445 (0.0617)
2022-11-21 17:19:22,081 Test: [140/200]	Time 0.020 (0.030)	Loss 0.0617 (0.0611)
2022-11-21 17:19:22,295 Test: [150/200]	Time 0.021 (0.029)	Loss 0.0495 (0.0602)
2022-11-21 17:19:22,530 Test: [160/200]	Time 0.024 (0.029)	Loss 0.0812 (0.0603)
2022-11-21 17:19:22,753 Test: [170/200]	Time 0.020 (0.029)	Loss 0.0609 (0.0598)
2022-11-21 17:19:22,981 Test: [180/200]	Time 0.019 (0.028)	Loss 0.0404 (0.0594)
2022-11-21 17:19:23,191 Test: [190/200]	Time 0.022 (0.028)	Loss 0.0306 (0.0592)
2022-11-21 17:19:24,444 Mean IoU score: 0.859
2022-11-21 17:19:24,445 => saving checkpoint to out
2022-11-21 17:19:26,259 Epoch: [10][0/200]	Time 1.790s (1.790s)	Speed 17.9 samples/s	Data 1.453s (1.453s)	Loss 0.00742 (0.00742)
2022-11-21 17:19:28,962 Epoch: [10][10/200]	Time 0.252s (0.409s)	Speed 126.9 samples/s	Data 0.000s (0.132s)	Loss 0.00820 (0.00910)
2022-11-21 17:19:31,619 Epoch: [10][20/200]	Time 0.297s (0.341s)	Speed 107.9 samples/s	Data 0.000s (0.069s)	Loss 0.00890 (0.00883)
2022-11-21 17:19:34,252 Epoch: [10][30/200]	Time 0.259s (0.316s)	Speed 123.8 samples/s	Data 0.000s (0.047s)	Loss 0.01052 (0.00921)
2022-11-21 17:19:36,905 Epoch: [10][40/200]	Time 0.246s (0.303s)	Speed 129.9 samples/s	Data 0.001s (0.036s)	Loss 0.00843 (0.00956)
2022-11-21 17:19:39,578 Epoch: [10][50/200]	Time 0.284s (0.296s)	Speed 112.5 samples/s	Data 0.000s (0.029s)	Loss 0.01295 (0.00965)
2022-11-21 17:19:42,195 Epoch: [10][60/200]	Time 0.259s (0.291s)	Speed 123.5 samples/s	Data 0.000s (0.024s)	Loss 0.01357 (0.00972)
2022-11-21 17:19:44,824 Epoch: [10][70/200]	Time 0.248s (0.287s)	Speed 128.9 samples/s	Data 0.000s (0.021s)	Loss 0.00866 (0.00974)
2022-11-21 17:19:47,471 Epoch: [10][80/200]	Time 0.277s (0.284s)	Speed 115.4 samples/s	Data 0.001s (0.018s)	Loss 0.01087 (0.00978)
2022-11-21 17:19:50,093 Epoch: [10][90/200]	Time 0.268s (0.282s)	Speed 119.3 samples/s	Data 0.001s (0.016s)	Loss 0.00759 (0.00976)
2022-11-21 17:19:53,070 Epoch: [10][100/200]	Time 0.264s (0.283s)	Speed 121.1 samples/s	Data 0.000s (0.015s)	Loss 0.00886 (0.00982)
2022-11-21 17:19:55,795 Epoch: [10][110/200]	Time 0.250s (0.282s)	Speed 127.8 samples/s	Data 0.000s (0.013s)	Loss 0.00828 (0.00981)
2022-11-21 17:19:58,544 Epoch: [10][120/200]	Time 0.277s (0.282s)	Speed 115.3 samples/s	Data 0.000s (0.012s)	Loss 0.01144 (0.00993)
2022-11-21 17:20:01,198 Epoch: [10][130/200]	Time 0.266s (0.280s)	Speed 120.3 samples/s	Data 0.001s (0.011s)	Loss 0.01027 (0.00997)
2022-11-21 17:20:03,900 Epoch: [10][140/200]	Time 0.253s (0.280s)	Speed 126.5 samples/s	Data 0.000s (0.011s)	Loss 0.00974 (0.00999)
2022-11-21 17:20:06,609 Epoch: [10][150/200]	Time 0.303s (0.279s)	Speed 105.8 samples/s	Data 0.000s (0.010s)	Loss 0.00992 (0.00998)
2022-11-21 17:20:09,423 Epoch: [10][160/200]	Time 0.297s (0.279s)	Speed 107.7 samples/s	Data 0.000s (0.009s)	Loss 0.00912 (0.01000)
2022-11-21 17:20:12,140 Epoch: [10][170/200]	Time 0.261s (0.279s)	Speed 122.4 samples/s	Data 0.000s (0.009s)	Loss 0.01198 (0.01003)
2022-11-21 17:20:14,842 Epoch: [10][180/200]	Time 0.256s (0.278s)	Speed 124.9 samples/s	Data 0.000s (0.008s)	Loss 0.00910 (0.00998)
2022-11-21 17:20:17,503 Epoch: [10][190/200]	Time 0.272s (0.278s)	Speed 117.6 samples/s	Data 0.001s (0.008s)	Loss 0.00969 (0.00995)
2022-11-21 17:20:21,381 Test: [0/200]	Time 1.243 (1.243)	Loss 0.0647 (0.0647)
2022-11-21 17:20:21,598 Test: [10/200]	Time 0.020 (0.133)	Loss 0.0246 (0.0526)
2022-11-21 17:20:21,808 Test: [20/200]	Time 0.020 (0.080)	Loss 0.0278 (0.0536)
2022-11-21 17:20:22,022 Test: [30/200]	Time 0.020 (0.061)	Loss 0.0713 (0.0571)
2022-11-21 17:20:22,233 Test: [40/200]	Time 0.020 (0.051)	Loss 0.0611 (0.0597)
2022-11-21 17:20:22,442 Test: [50/200]	Time 0.022 (0.045)	Loss 0.0787 (0.0585)
2022-11-21 17:20:22,674 Test: [60/200]	Time 0.022 (0.042)	Loss 0.0808 (0.0616)
2022-11-21 17:20:22,896 Test: [70/200]	Time 0.021 (0.039)	Loss 0.0441 (0.0619)
2022-11-21 17:20:23,128 Test: [80/200]	Time 0.024 (0.037)	Loss 0.0641 (0.0599)
2022-11-21 17:20:23,342 Test: [90/200]	Time 0.030 (0.035)	Loss 0.0764 (0.0618)
2022-11-21 17:20:23,637 Test: [100/200]	Time 0.026 (0.035)	Loss 0.0808 (0.0618)
2022-11-21 17:20:23,904 Test: [110/200]	Time 0.021 (0.034)	Loss 0.1545 (0.0630)
2022-11-21 17:20:24,168 Test: [120/200]	Time 0.030 (0.033)	Loss 0.0636 (0.0613)
2022-11-21 17:20:24,396 Test: [130/200]	Time 0.021 (0.033)	Loss 0.0374 (0.0611)
2022-11-21 17:20:24,678 Test: [140/200]	Time 0.030 (0.032)	Loss 0.0643 (0.0606)
2022-11-21 17:20:24,908 Test: [150/200]	Time 0.021 (0.032)	Loss 0.0490 (0.0596)
2022-11-21 17:20:25,125 Test: [160/200]	Time 0.021 (0.031)	Loss 0.0618 (0.0599)
2022-11-21 17:20:25,327 Test: [170/200]	Time 0.020 (0.030)	Loss 0.0535 (0.0594)
2022-11-21 17:20:25,560 Test: [180/200]	Time 0.029 (0.030)	Loss 0.0316 (0.0590)
2022-11-21 17:20:25,776 Test: [190/200]	Time 0.029 (0.030)	Loss 0.0262 (0.0587)
2022-11-21 17:20:27,031 Mean IoU score: 0.861
2022-11-21 17:20:27,032 => saving checkpoint to out
2022-11-21 17:20:28,809 Epoch: [11][0/200]	Time 1.753s (1.753s)	Speed 18.3 samples/s	Data 1.432s (1.432s)	Loss 0.00799 (0.00799)
2022-11-21 17:20:31,828 Epoch: [11][10/200]	Time 0.268s (0.434s)	Speed 119.4 samples/s	Data 0.000s (0.131s)	Loss 0.00932 (0.00837)
2022-11-21 17:20:34,611 Epoch: [11][20/200]	Time 0.295s (0.360s)	Speed 108.6 samples/s	Data 0.001s (0.069s)	Loss 0.01147 (0.00856)
2022-11-21 17:20:37,269 Epoch: [11][30/200]	Time 0.268s (0.329s)	Speed 119.4 samples/s	Data 0.000s (0.047s)	Loss 0.00831 (0.00874)
2022-11-21 17:20:40,026 Epoch: [11][40/200]	Time 0.267s (0.316s)	Speed 119.8 samples/s	Data 0.000s (0.035s)	Loss 0.01236 (0.00890)
2022-11-21 17:20:42,994 Epoch: [11][50/200]	Time 0.276s (0.313s)	Speed 116.1 samples/s	Data 0.001s (0.029s)	Loss 0.00886 (0.00902)
2022-11-21 17:20:45,790 Epoch: [11][60/200]	Time 0.293s (0.307s)	Speed 109.4 samples/s	Data 0.000s (0.024s)	Loss 0.01076 (0.00911)
2022-11-21 17:20:48,605 Epoch: [11][70/200]	Time 0.327s (0.304s)	Speed 97.7 samples/s	Data 0.001s (0.021s)	Loss 0.00924 (0.00903)
2022-11-21 17:20:51,523 Epoch: [11][80/200]	Time 0.300s (0.302s)	Speed 106.8 samples/s	Data 0.001s (0.018s)	Loss 0.00934 (0.00904)
2022-11-21 17:20:54,291 Epoch: [11][90/200]	Time 0.282s (0.299s)	Speed 113.3 samples/s	Data 0.001s (0.016s)	Loss 0.00884 (0.00907)
2022-11-21 17:20:57,537 Epoch: [11][100/200]	Time 0.447s (0.302s)	Speed 71.6 samples/s	Data 0.001s (0.015s)	Loss 0.00971 (0.00913)
2022-11-21 17:21:00,756 Epoch: [11][110/200]	Time 0.266s (0.304s)	Speed 120.3 samples/s	Data 0.000s (0.013s)	Loss 0.01076 (0.00912)
2022-11-21 17:21:03,800 Epoch: [11][120/200]	Time 0.318s (0.304s)	Speed 100.5 samples/s	Data 0.000s (0.012s)	Loss 0.00793 (0.00913)
2022-11-21 17:21:06,578 Epoch: [11][130/200]	Time 0.278s (0.302s)	Speed 115.1 samples/s	Data 0.000s (0.011s)	Loss 0.00924 (0.00913)
2022-11-21 17:21:09,481 Epoch: [11][140/200]	Time 0.361s (0.301s)	Speed 88.7 samples/s	Data 0.000s (0.011s)	Loss 0.01197 (0.00922)
2022-11-21 17:21:12,289 Epoch: [11][150/200]	Time 0.269s (0.300s)	Speed 119.1 samples/s	Data 0.000s (0.010s)	Loss 0.01112 (0.00922)
2022-11-21 17:21:14,974 Epoch: [11][160/200]	Time 0.251s (0.298s)	Speed 127.7 samples/s	Data 0.001s (0.009s)	Loss 0.01051 (0.00925)
2022-11-21 17:21:17,590 Epoch: [11][170/200]	Time 0.280s (0.296s)	Speed 114.3 samples/s	Data 0.000s (0.009s)	Loss 0.01069 (0.00930)
2022-11-21 17:21:20,211 Epoch: [11][180/200]	Time 0.260s (0.294s)	Speed 123.1 samples/s	Data 0.001s (0.008s)	Loss 0.00854 (0.00931)
2022-11-21 17:21:23,068 Epoch: [11][190/200]	Time 0.256s (0.293s)	Speed 125.2 samples/s	Data 0.000s (0.008s)	Loss 0.00947 (0.00933)
2022-11-21 17:21:26,991 Test: [0/200]	Time 1.248 (1.248)	Loss 0.0512 (0.0512)
2022-11-21 17:21:27,211 Test: [10/200]	Time 0.022 (0.133)	Loss 0.0260 (0.0642)
2022-11-21 17:21:27,451 Test: [20/200]	Time 0.023 (0.081)	Loss 0.0316 (0.0618)
2022-11-21 17:21:27,690 Test: [30/200]	Time 0.021 (0.063)	Loss 0.0793 (0.0648)
2022-11-21 17:21:27,910 Test: [40/200]	Time 0.021 (0.053)	Loss 0.0440 (0.0669)
2022-11-21 17:21:28,133 Test: [50/200]	Time 0.020 (0.047)	Loss 0.0925 (0.0662)
2022-11-21 17:21:28,334 Test: [60/200]	Time 0.020 (0.042)	Loss 0.0862 (0.0686)
2022-11-21 17:21:28,561 Test: [70/200]	Time 0.024 (0.040)	Loss 0.0493 (0.0692)
2022-11-21 17:21:28,780 Test: [80/200]	Time 0.020 (0.037)	Loss 0.0708 (0.0673)
2022-11-21 17:21:28,997 Test: [90/200]	Time 0.024 (0.036)	Loss 0.1138 (0.0691)
2022-11-21 17:21:29,217 Test: [100/200]	Time 0.026 (0.034)	Loss 0.0795 (0.0685)
2022-11-21 17:21:29,434 Test: [110/200]	Time 0.022 (0.033)	Loss 0.1620 (0.0702)
2022-11-21 17:21:29,660 Test: [120/200]	Time 0.023 (0.032)	Loss 0.0639 (0.0682)
2022-11-21 17:21:29,877 Test: [130/200]	Time 0.020 (0.032)	Loss 0.0428 (0.0684)
2022-11-21 17:21:30,091 Test: [140/200]	Time 0.021 (0.031)	Loss 0.0661 (0.0678)
2022-11-21 17:21:30,306 Test: [150/200]	Time 0.022 (0.030)	Loss 0.0753 (0.0670)
2022-11-21 17:21:30,539 Test: [160/200]	Time 0.021 (0.030)	Loss 0.0679 (0.0672)
2022-11-21 17:21:30,767 Test: [170/200]	Time 0.021 (0.029)	Loss 0.0942 (0.0668)
2022-11-21 17:21:31,003 Test: [180/200]	Time 0.027 (0.029)	Loss 0.0383 (0.0662)
2022-11-21 17:21:31,254 Test: [190/200]	Time 0.019 (0.029)	Loss 0.0286 (0.0663)
2022-11-21 17:21:32,456 Mean IoU score: 0.846
2022-11-21 17:21:32,457 => saving checkpoint to out
2022-11-21 17:21:34,292 Epoch: [12][0/200]	Time 1.817s (1.817s)	Speed 17.6 samples/s	Data 1.462s (1.462s)	Loss 0.01135 (0.01135)
2022-11-21 17:21:37,082 Epoch: [12][10/200]	Time 0.263s (0.419s)	Speed 121.5 samples/s	Data 0.000s (0.133s)	Loss 0.01069 (0.01057)
2022-11-21 17:21:39,740 Epoch: [12][20/200]	Time 0.257s (0.346s)	Speed 124.5 samples/s	Data 0.001s (0.070s)	Loss 0.01055 (0.00961)
2022-11-21 17:21:42,411 Epoch: [12][30/200]	Time 0.271s (0.321s)	Speed 118.2 samples/s	Data 0.000s (0.047s)	Loss 0.00952 (0.00941)
2022-11-21 17:21:45,040 Epoch: [12][40/200]	Time 0.261s (0.306s)	Speed 122.6 samples/s	Data 0.000s (0.036s)	Loss 0.01001 (0.00935)
2022-11-21 17:21:47,871 Epoch: [12][50/200]	Time 0.254s (0.302s)	Speed 125.8 samples/s	Data 0.001s (0.029s)	Loss 0.00886 (0.00931)
2022-11-21 17:21:50,605 Epoch: [12][60/200]	Time 0.312s (0.297s)	Speed 102.7 samples/s	Data 0.000s (0.024s)	Loss 0.00771 (0.00936)
2022-11-21 17:21:53,354 Epoch: [12][70/200]	Time 0.281s (0.294s)	Speed 114.0 samples/s	Data 0.000s (0.021s)	Loss 0.01046 (0.00935)
2022-11-21 17:21:56,066 Epoch: [12][80/200]	Time 0.271s (0.291s)	Speed 117.9 samples/s	Data 0.000s (0.018s)	Loss 0.00982 (0.00941)
2022-11-21 17:21:58,984 Epoch: [12][90/200]	Time 0.285s (0.291s)	Speed 112.3 samples/s	Data 0.000s (0.016s)	Loss 0.00755 (0.00943)
2022-11-21 17:22:01,659 Epoch: [12][100/200]	Time 0.271s (0.289s)	Speed 118.3 samples/s	Data 0.000s (0.015s)	Loss 0.01022 (0.00946)
2022-11-21 17:22:04,265 Epoch: [12][110/200]	Time 0.260s (0.286s)	Speed 123.2 samples/s	Data 0.001s (0.013s)	Loss 0.00912 (0.00960)
2022-11-21 17:22:06,960 Epoch: [12][120/200]	Time 0.260s (0.285s)	Speed 123.3 samples/s	Data 0.000s (0.012s)	Loss 0.01192 (0.00978)
2022-11-21 17:22:09,671 Epoch: [12][130/200]	Time 0.261s (0.284s)	Speed 122.5 samples/s	Data 0.000s (0.011s)	Loss 0.01200 (0.01007)
2022-11-21 17:22:12,509 Epoch: [12][140/200]	Time 0.282s (0.284s)	Speed 113.5 samples/s	Data 0.000s (0.011s)	Loss 0.01416 (0.01041)
2022-11-21 17:22:15,231 Epoch: [12][150/200]	Time 0.270s (0.283s)	Speed 118.6 samples/s	Data 0.000s (0.010s)	Loss 0.02115 (0.01090)
2022-11-21 17:22:17,885 Epoch: [12][160/200]	Time 0.261s (0.282s)	Speed 122.6 samples/s	Data 0.001s (0.009s)	Loss 0.02095 (0.01147)
2022-11-21 17:22:20,536 Epoch: [12][170/200]	Time 0.264s (0.281s)	Speed 121.3 samples/s	Data 0.000s (0.009s)	Loss 0.01752 (0.01216)
2022-11-21 17:22:23,174 Epoch: [12][180/200]	Time 0.274s (0.280s)	Speed 116.8 samples/s	Data 0.000s (0.008s)	Loss 0.01416 (0.01253)
2022-11-21 17:22:25,836 Epoch: [12][190/200]	Time 0.251s (0.279s)	Speed 127.5 samples/s	Data 0.000s (0.008s)	Loss 0.01446 (0.01281)
2022-11-21 17:22:29,803 Test: [0/200]	Time 1.267 (1.267)	Loss 0.1383 (0.1383)
2022-11-21 17:22:30,022 Test: [10/200]	Time 0.021 (0.135)	Loss 0.0589 (0.0988)
2022-11-21 17:22:30,251 Test: [20/200]	Time 0.027 (0.082)	Loss 0.0972 (0.1056)
2022-11-21 17:22:30,483 Test: [30/200]	Time 0.026 (0.063)	Loss 0.1598 (0.1161)
2022-11-21 17:22:30,689 Test: [40/200]	Time 0.019 (0.052)	Loss 0.1017 (0.1194)
2022-11-21 17:22:30,906 Test: [50/200]	Time 0.022 (0.046)	Loss 0.1346 (0.1212)
2022-11-21 17:22:31,121 Test: [60/200]	Time 0.019 (0.042)	Loss 0.1614 (0.1246)
2022-11-21 17:22:31,318 Test: [70/200]	Time 0.018 (0.039)	Loss 0.0920 (0.1238)
2022-11-21 17:22:31,560 Test: [80/200]	Time 0.023 (0.037)	Loss 0.1140 (0.1227)
2022-11-21 17:22:31,768 Test: [90/200]	Time 0.020 (0.036)	Loss 0.1889 (0.1252)
2022-11-21 17:22:32,003 Test: [100/200]	Time 0.024 (0.034)	Loss 0.1956 (0.1236)
2022-11-21 17:22:32,209 Test: [110/200]	Time 0.019 (0.033)	Loss 0.1861 (0.1253)
2022-11-21 17:22:32,416 Test: [120/200]	Time 0.020 (0.032)	Loss 0.1451 (0.1220)
2022-11-21 17:22:32,695 Test: [130/200]	Time 0.021 (0.032)	Loss 0.1012 (0.1230)
2022-11-21 17:22:32,902 Test: [140/200]	Time 0.019 (0.031)	Loss 0.0989 (0.1223)
2022-11-21 17:22:33,114 Test: [150/200]	Time 0.020 (0.030)	Loss 0.1299 (0.1209)
2022-11-21 17:22:33,315 Test: [160/200]	Time 0.018 (0.030)	Loss 0.1480 (0.1212)
2022-11-21 17:22:33,534 Test: [170/200]	Time 0.022 (0.029)	Loss 0.1485 (0.1196)
2022-11-21 17:22:33,760 Test: [180/200]	Time 0.019 (0.029)	Loss 0.0992 (0.1184)
2022-11-21 17:22:33,965 Test: [190/200]	Time 0.022 (0.028)	Loss 0.0576 (0.1181)
2022-11-21 17:22:35,197 Mean IoU score: 0.736
2022-11-21 17:22:35,198 => saving checkpoint to out
2022-11-21 17:22:37,019 Epoch: [13][0/200]	Time 1.796s (1.796s)	Speed 17.8 samples/s	Data 1.409s (1.409s)	Loss 0.01046 (0.01046)
2022-11-21 17:22:39,812 Epoch: [13][10/200]	Time 0.262s (0.417s)	Speed 122.0 samples/s	Data 0.000s (0.129s)	Loss 0.01588 (0.01675)
2022-11-21 17:22:42,593 Epoch: [13][20/200]	Time 0.292s (0.351s)	Speed 109.4 samples/s	Data 0.000s (0.067s)	Loss 0.01118 (0.01530)
2022-11-21 17:22:45,377 Epoch: [13][30/200]	Time 0.293s (0.328s)	Speed 109.3 samples/s	Data 0.001s (0.046s)	Loss 0.01283 (0.01543)
2022-11-21 17:22:48,132 Epoch: [13][40/200]	Time 0.269s (0.315s)	Speed 119.2 samples/s	Data 0.001s (0.035s)	Loss 0.01512 (0.01528)
2022-11-21 17:22:50,773 Epoch: [13][50/200]	Time 0.245s (0.305s)	Speed 130.5 samples/s	Data 0.000s (0.028s)	Loss 0.01582 (0.01497)
2022-11-21 17:22:53,461 Epoch: [13][60/200]	Time 0.279s (0.299s)	Speed 114.6 samples/s	Data 0.001s (0.024s)	Loss 0.01594 (0.01479)
2022-11-21 17:22:56,153 Epoch: [13][70/200]	Time 0.263s (0.295s)	Speed 121.6 samples/s	Data 0.000s (0.020s)	Loss 0.01406 (0.01441)
2022-11-21 17:22:58,814 Epoch: [13][80/200]	Time 0.253s (0.291s)	Speed 126.5 samples/s	Data 0.000s (0.018s)	Loss 0.01466 (0.01458)
2022-11-21 17:23:01,469 Epoch: [13][90/200]	Time 0.284s (0.288s)	Speed 112.7 samples/s	Data 0.001s (0.016s)	Loss 0.02091 (0.01482)
2022-11-21 17:23:04,115 Epoch: [13][100/200]	Time 0.265s (0.286s)	Speed 120.9 samples/s	Data 0.001s (0.014s)	Loss 0.01325 (0.01497)
2022-11-21 17:23:06,741 Epoch: [13][110/200]	Time 0.259s (0.284s)	Speed 123.5 samples/s	Data 0.000s (0.013s)	Loss 0.02151 (0.01526)
2022-11-21 17:23:09,382 Epoch: [13][120/200]	Time 0.289s (0.282s)	Speed 110.9 samples/s	Data 0.000s (0.012s)	Loss 0.01431 (0.01522)
2022-11-21 17:23:12,020 Epoch: [13][130/200]	Time 0.272s (0.281s)	Speed 117.9 samples/s	Data 0.001s (0.011s)	Loss 0.02045 (0.01524)
2022-11-21 17:23:14,657 Epoch: [13][140/200]	Time 0.247s (0.280s)	Speed 129.6 samples/s	Data 0.000s (0.010s)	Loss 0.01559 (0.01526)
2022-11-21 17:23:17,269 Epoch: [13][150/200]	Time 0.259s (0.278s)	Speed 123.8 samples/s	Data 0.000s (0.010s)	Loss 0.01050 (0.01518)
2022-11-21 17:23:20,020 Epoch: [13][160/200]	Time 0.268s (0.278s)	Speed 119.5 samples/s	Data 0.000s (0.009s)	Loss 0.01467 (0.01519)
2022-11-21 17:23:22,858 Epoch: [13][170/200]	Time 0.336s (0.279s)	Speed 95.3 samples/s	Data 0.001s (0.009s)	Loss 0.01817 (0.01515)
2022-11-21 17:23:25,562 Epoch: [13][180/200]	Time 0.278s (0.278s)	Speed 115.3 samples/s	Data 0.000s (0.008s)	Loss 0.01626 (0.01506)
2022-11-21 17:23:28,546 Epoch: [13][190/200]	Time 0.268s (0.279s)	Speed 119.3 samples/s	Data 0.000s (0.008s)	Loss 0.01220 (0.01498)
2022-11-21 17:23:32,556 Test: [0/200]	Time 1.259 (1.259)	Loss 0.0716 (0.0716)
2022-11-21 17:23:32,785 Test: [10/200]	Time 0.020 (0.135)	Loss 0.0143 (0.0516)
2022-11-21 17:23:33,005 Test: [20/200]	Time 0.023 (0.081)	Loss 0.0511 (0.0586)
2022-11-21 17:23:33,194 Test: [30/200]	Time 0.018 (0.061)	Loss 0.0618 (0.0659)
2022-11-21 17:23:33,400 Test: [40/200]	Time 0.021 (0.051)	Loss 0.0600 (0.0691)
2022-11-21 17:23:33,614 Test: [50/200]	Time 0.020 (0.045)	Loss 0.1102 (0.0685)
2022-11-21 17:23:33,821 Test: [60/200]	Time 0.020 (0.041)	Loss 0.1058 (0.0708)
2022-11-21 17:23:34,032 Test: [70/200]	Time 0.019 (0.039)	Loss 0.0631 (0.0702)
2022-11-21 17:23:34,257 Test: [80/200]	Time 0.022 (0.037)	Loss 0.0590 (0.0681)
2022-11-21 17:23:34,499 Test: [90/200]	Time 0.038 (0.035)	Loss 0.0817 (0.0700)
2022-11-21 17:23:34,721 Test: [100/200]	Time 0.021 (0.034)	Loss 0.0751 (0.0692)
2022-11-21 17:23:34,939 Test: [110/200]	Time 0.023 (0.033)	Loss 0.1893 (0.0701)
2022-11-21 17:23:35,140 Test: [120/200]	Time 0.018 (0.032)	Loss 0.0580 (0.0686)
2022-11-21 17:23:35,351 Test: [130/200]	Time 0.031 (0.031)	Loss 0.0491 (0.0687)
2022-11-21 17:23:35,591 Test: [140/200]	Time 0.020 (0.030)	Loss 0.0637 (0.0683)
2022-11-21 17:23:35,803 Test: [150/200]	Time 0.019 (0.030)	Loss 0.0589 (0.0675)
2022-11-21 17:23:36,051 Test: [160/200]	Time 0.025 (0.030)	Loss 0.0741 (0.0679)
2022-11-21 17:23:36,241 Test: [170/200]	Time 0.018 (0.029)	Loss 0.0381 (0.0673)
2022-11-21 17:23:36,471 Test: [180/200]	Time 0.022 (0.029)	Loss 0.0452 (0.0669)
2022-11-21 17:23:36,679 Test: [190/200]	Time 0.019 (0.028)	Loss 0.0297 (0.0670)
2022-11-21 17:23:37,875 Mean IoU score: 0.839
2022-11-21 17:23:37,876 => saving checkpoint to out
2022-11-21 17:23:39,754 Epoch: [14][0/200]	Time 1.856s (1.856s)	Speed 17.2 samples/s	Data 1.506s (1.506s)	Loss 0.00945 (0.00945)
2022-11-21 17:23:42,482 Epoch: [14][10/200]	Time 0.274s (0.417s)	Speed 116.7 samples/s	Data 0.000s (0.137s)	Loss 0.00858 (0.01099)
2022-11-21 17:23:45,164 Epoch: [14][20/200]	Time 0.261s (0.346s)	Speed 122.6 samples/s	Data 0.000s (0.072s)	Loss 0.01053 (0.01094)
2022-11-21 17:23:47,826 Epoch: [14][30/200]	Time 0.282s (0.320s)	Speed 113.5 samples/s	Data 0.000s (0.049s)	Loss 0.01106 (0.01064)
2022-11-21 17:23:50,529 Epoch: [14][40/200]	Time 0.270s (0.308s)	Speed 118.5 samples/s	Data 0.000s (0.037s)	Loss 0.00902 (0.01080)
2022-11-21 17:23:53,213 Epoch: [14][50/200]	Time 0.268s (0.300s)	Speed 119.4 samples/s	Data 0.000s (0.030s)	Loss 0.01190 (0.01080)
2022-11-21 17:23:55,825 Epoch: [14][60/200]	Time 0.255s (0.294s)	Speed 125.3 samples/s	Data 0.000s (0.025s)	Loss 0.00905 (0.01076)
2022-11-21 17:23:58,511 Epoch: [14][70/200]	Time 0.267s (0.290s)	Speed 119.9 samples/s	Data 0.000s (0.022s)	Loss 0.01137 (0.01079)
2022-11-21 17:24:02,052 Epoch: [14][80/200]	Time 0.372s (0.298s)	Speed 86.1 samples/s	Data 0.000s (0.019s)	Loss 0.01138 (0.01070)
2022-11-21 17:24:05,344 Epoch: [14][90/200]	Time 0.271s (0.302s)	Speed 118.2 samples/s	Data 0.000s (0.017s)	Loss 0.01188 (0.01080)
2022-11-21 17:24:08,676 Epoch: [14][100/200]	Time 0.359s (0.305s)	Speed 89.2 samples/s	Data 0.000s (0.015s)	Loss 0.01230 (0.01074)
2022-11-21 17:24:12,785 Epoch: [14][110/200]	Time 0.281s (0.314s)	Speed 114.1 samples/s	Data 0.000s (0.014s)	Loss 0.00765 (0.01074)
2022-11-21 17:24:15,548 Epoch: [14][120/200]	Time 0.258s (0.311s)	Speed 124.2 samples/s	Data 0.001s (0.013s)	Loss 0.00921 (0.01069)
2022-11-21 17:24:18,542 Epoch: [14][130/200]	Time 0.260s (0.310s)	Speed 123.1 samples/s	Data 0.000s (0.012s)	Loss 0.00813 (0.01058)
2022-11-21 17:24:21,273 Epoch: [14][140/200]	Time 0.270s (0.308s)	Speed 118.7 samples/s	Data 0.001s (0.011s)	Loss 0.00768 (0.01054)
2022-11-21 17:24:24,114 Epoch: [14][150/200]	Time 0.358s (0.306s)	Speed 89.5 samples/s	Data 0.000s (0.010s)	Loss 0.01807 (0.01055)
2022-11-21 17:24:27,054 Epoch: [14][160/200]	Time 0.282s (0.305s)	Speed 113.6 samples/s	Data 0.000s (0.010s)	Loss 0.01201 (0.01061)
2022-11-21 17:24:30,286 Epoch: [14][170/200]	Time 0.259s (0.306s)	Speed 123.6 samples/s	Data 0.000s (0.009s)	Loss 0.01222 (0.01065)
2022-11-21 17:24:34,247 Epoch: [14][180/200]	Time 0.386s (0.311s)	Speed 82.8 samples/s	Data 0.000s (0.009s)	Loss 0.01034 (0.01061)
2022-11-21 17:24:37,356 Epoch: [14][190/200]	Time 0.296s (0.311s)	Speed 108.1 samples/s	Data 0.000s (0.008s)	Loss 0.00977 (0.01058)
2022-11-21 17:24:41,839 Test: [0/200]	Time 1.429 (1.429)	Loss 0.0564 (0.0564)
2022-11-21 17:24:42,076 Test: [10/200]	Time 0.032 (0.151)	Loss 0.0069 (0.0513)
2022-11-21 17:24:42,304 Test: [20/200]	Time 0.017 (0.090)	Loss 0.0354 (0.0523)
2022-11-21 17:24:42,555 Test: [30/200]	Time 0.036 (0.069)	Loss 0.0740 (0.0587)
2022-11-21 17:24:42,778 Test: [40/200]	Time 0.021 (0.058)	Loss 0.0400 (0.0600)
2022-11-21 17:24:43,023 Test: [50/200]	Time 0.021 (0.051)	Loss 0.1152 (0.0601)
2022-11-21 17:24:43,225 Test: [60/200]	Time 0.018 (0.046)	Loss 0.0938 (0.0622)
2022-11-21 17:24:43,442 Test: [70/200]	Time 0.021 (0.043)	Loss 0.0430 (0.0625)
2022-11-21 17:24:43,679 Test: [80/200]	Time 0.021 (0.040)	Loss 0.0551 (0.0604)
2022-11-21 17:24:43,906 Test: [90/200]	Time 0.030 (0.038)	Loss 0.0838 (0.0617)
2022-11-21 17:24:44,132 Test: [100/200]	Time 0.019 (0.037)	Loss 0.0806 (0.0613)
2022-11-21 17:24:44,329 Test: [110/200]	Time 0.019 (0.035)	Loss 0.1370 (0.0620)
2022-11-21 17:24:44,557 Test: [120/200]	Time 0.020 (0.034)	Loss 0.0703 (0.0606)
2022-11-21 17:24:44,767 Test: [130/200]	Time 0.021 (0.033)	Loss 0.0390 (0.0603)
2022-11-21 17:24:45,007 Test: [140/200]	Time 0.020 (0.033)	Loss 0.0500 (0.0600)
2022-11-21 17:24:45,205 Test: [150/200]	Time 0.018 (0.032)	Loss 0.0553 (0.0589)
2022-11-21 17:24:45,415 Test: [160/200]	Time 0.021 (0.031)	Loss 0.0549 (0.0590)
2022-11-21 17:24:45,632 Test: [170/200]	Time 0.022 (0.031)	Loss 0.0617 (0.0585)
2022-11-21 17:24:45,893 Test: [180/200]	Time 0.022 (0.030)	Loss 0.0401 (0.0580)
2022-11-21 17:24:46,100 Test: [190/200]	Time 0.019 (0.030)	Loss 0.0232 (0.0581)
2022-11-21 17:24:47,405 Mean IoU score: 0.859
2022-11-21 17:24:47,405 => saving checkpoint to out
2022-11-21 17:24:49,424 Epoch: [15][0/200]	Time 1.992s (1.992s)	Speed 16.1 samples/s	Data 1.641s (1.641s)	Loss 0.00837 (0.00837)
2022-11-21 17:24:52,702 Epoch: [15][10/200]	Time 0.274s (0.479s)	Speed 116.6 samples/s	Data 0.000s (0.150s)	Loss 0.01038 (0.00929)
2022-11-21 17:24:55,484 Epoch: [15][20/200]	Time 0.259s (0.383s)	Speed 123.4 samples/s	Data 0.000s (0.078s)	Loss 0.00851 (0.00945)
2022-11-21 17:24:58,542 Epoch: [15][30/200]	Time 0.263s (0.358s)	Speed 121.7 samples/s	Data 0.000s (0.053s)	Loss 0.00961 (0.00959)
2022-11-21 17:25:01,396 Epoch: [15][40/200]	Time 0.277s (0.341s)	Speed 115.4 samples/s	Data 0.000s (0.040s)	Loss 0.01181 (0.00951)
2022-11-21 17:25:04,306 Epoch: [15][50/200]	Time 0.402s (0.331s)	Speed 79.5 samples/s	Data 0.000s (0.033s)	Loss 0.01160 (0.00939)
2022-11-21 17:25:07,383 Epoch: [15][60/200]	Time 0.332s (0.327s)	Speed 96.4 samples/s	Data 0.001s (0.027s)	Loss 0.00822 (0.00938)
2022-11-21 17:25:10,020 Epoch: [15][70/200]	Time 0.283s (0.318s)	Speed 112.9 samples/s	Data 0.000s (0.024s)	Loss 0.00714 (0.00927)
2022-11-21 17:25:13,047 Epoch: [15][80/200]	Time 0.267s (0.316s)	Speed 119.8 samples/s	Data 0.001s (0.021s)	Loss 0.00840 (0.00916)
2022-11-21 17:25:16,922 Epoch: [15][90/200]	Time 0.334s (0.324s)	Speed 95.7 samples/s	Data 0.001s (0.018s)	Loss 0.00811 (0.00913)
2022-11-21 17:25:19,973 Epoch: [15][100/200]	Time 0.278s (0.322s)	Speed 115.0 samples/s	Data 0.001s (0.017s)	Loss 0.01034 (0.00913)
2022-11-21 17:25:22,830 Epoch: [15][110/200]	Time 0.294s (0.319s)	Speed 108.9 samples/s	Data 0.000s (0.015s)	Loss 0.00637 (0.00908)
2022-11-21 17:25:25,509 Epoch: [15][120/200]	Time 0.266s (0.315s)	Speed 120.3 samples/s	Data 0.000s (0.014s)	Loss 0.00941 (0.00905)
2022-11-21 17:25:28,267 Epoch: [15][130/200]	Time 0.263s (0.312s)	Speed 121.6 samples/s	Data 0.000s (0.013s)	Loss 0.00712 (0.00896)
2022-11-21 17:25:30,891 Epoch: [15][140/200]	Time 0.258s (0.308s)	Speed 124.2 samples/s	Data 0.000s (0.012s)	Loss 0.01203 (0.00893)
2022-11-21 17:25:33,562 Epoch: [15][150/200]	Time 0.256s (0.305s)	Speed 125.0 samples/s	Data 0.001s (0.011s)	Loss 0.01193 (0.00895)
2022-11-21 17:25:36,374 Epoch: [15][160/200]	Time 0.278s (0.304s)	Speed 115.2 samples/s	Data 0.001s (0.011s)	Loss 0.00950 (0.00893)
2022-11-21 17:25:39,142 Epoch: [15][170/200]	Time 0.271s (0.302s)	Speed 117.9 samples/s	Data 0.001s (0.010s)	Loss 0.00565 (0.00889)
2022-11-21 17:25:41,833 Epoch: [15][180/200]	Time 0.275s (0.301s)	Speed 116.3 samples/s	Data 0.000s (0.009s)	Loss 0.00676 (0.00883)
2022-11-21 17:25:44,453 Epoch: [15][190/200]	Time 0.268s (0.299s)	Speed 119.2 samples/s	Data 0.001s (0.009s)	Loss 0.00653 (0.00878)
2022-11-21 17:25:48,322 Test: [0/200]	Time 1.267 (1.267)	Loss 0.0524 (0.0524)
2022-11-21 17:25:48,534 Test: [10/200]	Time 0.018 (0.134)	Loss 0.0156 (0.0492)
2022-11-21 17:25:48,745 Test: [20/200]	Time 0.022 (0.080)	Loss 0.0356 (0.0501)
2022-11-21 17:25:48,943 Test: [30/200]	Time 0.021 (0.061)	Loss 0.0508 (0.0541)
2022-11-21 17:25:49,134 Test: [40/200]	Time 0.020 (0.051)	Loss 0.0435 (0.0570)
2022-11-21 17:25:49,345 Test: [50/200]	Time 0.020 (0.045)	Loss 0.0757 (0.0549)
2022-11-21 17:25:49,562 Test: [60/200]	Time 0.020 (0.041)	Loss 0.0689 (0.0571)
2022-11-21 17:25:49,770 Test: [70/200]	Time 0.019 (0.038)	Loss 0.0430 (0.0570)
2022-11-21 17:25:49,983 Test: [80/200]	Time 0.022 (0.036)	Loss 0.0584 (0.0552)
2022-11-21 17:25:50,181 Test: [90/200]	Time 0.017 (0.034)	Loss 0.0634 (0.0574)
2022-11-21 17:25:50,388 Test: [100/200]	Time 0.019 (0.033)	Loss 0.0700 (0.0569)
2022-11-21 17:25:50,593 Test: [110/200]	Time 0.020 (0.032)	Loss 0.1645 (0.0581)
2022-11-21 17:25:50,804 Test: [120/200]	Time 0.024 (0.031)	Loss 0.0500 (0.0563)
2022-11-21 17:25:51,007 Test: [130/200]	Time 0.022 (0.030)	Loss 0.0361 (0.0562)
2022-11-21 17:25:51,212 Test: [140/200]	Time 0.017 (0.029)	Loss 0.0496 (0.0557)
2022-11-21 17:25:51,426 Test: [150/200]	Time 0.023 (0.029)	Loss 0.0535 (0.0548)
2022-11-21 17:25:51,639 Test: [160/200]	Time 0.020 (0.028)	Loss 0.0710 (0.0550)
2022-11-21 17:25:51,850 Test: [170/200]	Time 0.019 (0.028)	Loss 0.0564 (0.0547)
2022-11-21 17:25:52,053 Test: [180/200]	Time 0.019 (0.028)	Loss 0.0378 (0.0543)
2022-11-21 17:25:52,245 Test: [190/200]	Time 0.020 (0.027)	Loss 0.0227 (0.0544)
2022-11-21 17:25:53,472 Mean IoU score: 0.871
2022-11-21 17:25:53,472 => saving checkpoint to out
2022-11-21 17:25:55,270 Epoch: [16][0/200]	Time 1.757s (1.757s)	Speed 18.2 samples/s	Data 1.440s (1.440s)	Loss 0.00628 (0.00628)
2022-11-21 17:25:57,947 Epoch: [16][10/200]	Time 0.280s (0.403s)	Speed 114.3 samples/s	Data 0.000s (0.132s)	Loss 0.00711 (0.00753)
2022-11-21 17:26:00,689 Epoch: [16][20/200]	Time 0.285s (0.342s)	Speed 112.4 samples/s	Data 0.001s (0.069s)	Loss 0.00825 (0.00785)
2022-11-21 17:26:03,359 Epoch: [16][30/200]	Time 0.263s (0.318s)	Speed 121.8 samples/s	Data 0.001s (0.047s)	Loss 0.00729 (0.00775)
2022-11-21 17:26:06,004 Epoch: [16][40/200]	Time 0.280s (0.305s)	Speed 114.3 samples/s	Data 0.000s (0.036s)	Loss 0.00777 (0.00762)
2022-11-21 17:26:08,670 Epoch: [16][50/200]	Time 0.251s (0.297s)	Speed 127.7 samples/s	Data 0.000s (0.029s)	Loss 0.00883 (0.00757)
2022-11-21 17:26:11,278 Epoch: [16][60/200]	Time 0.254s (0.291s)	Speed 126.0 samples/s	Data 0.000s (0.024s)	Loss 0.00866 (0.00758)
2022-11-21 17:26:13,928 Epoch: [16][70/200]	Time 0.253s (0.288s)	Speed 126.7 samples/s	Data 0.000s (0.021s)	Loss 0.00756 (0.00759)
2022-11-21 17:26:16,541 Epoch: [16][80/200]	Time 0.276s (0.284s)	Speed 115.9 samples/s	Data 0.000s (0.018s)	Loss 0.00506 (0.00750)
2022-11-21 17:26:19,212 Epoch: [16][90/200]	Time 0.257s (0.282s)	Speed 124.5 samples/s	Data 0.000s (0.016s)	Loss 0.00835 (0.00761)
2022-11-21 17:26:22,411 Epoch: [16][100/200]	Time 0.329s (0.286s)	Speed 97.1 samples/s	Data 0.000s (0.015s)	Loss 0.00924 (0.00765)
2022-11-21 17:26:25,143 Epoch: [16][110/200]	Time 0.249s (0.285s)	Speed 128.6 samples/s	Data 0.000s (0.013s)	Loss 0.00741 (0.00764)
2022-11-21 17:26:28,401 Epoch: [16][120/200]	Time 0.271s (0.288s)	Speed 118.0 samples/s	Data 0.000s (0.012s)	Loss 0.00899 (0.00767)
2022-11-21 17:26:31,325 Epoch: [16][130/200]	Time 0.351s (0.289s)	Speed 91.2 samples/s	Data 0.000s (0.011s)	Loss 0.00725 (0.00763)
2022-11-21 17:26:34,608 Epoch: [16][140/200]	Time 0.322s (0.291s)	Speed 99.3 samples/s	Data 0.001s (0.011s)	Loss 0.00842 (0.00762)
2022-11-21 17:26:37,328 Epoch: [16][150/200]	Time 0.241s (0.290s)	Speed 132.7 samples/s	Data 0.001s (0.010s)	Loss 0.00760 (0.00761)
2022-11-21 17:26:39,801 Epoch: [16][160/200]	Time 0.301s (0.288s)	Speed 106.2 samples/s	Data 0.000s (0.009s)	Loss 0.00679 (0.00760)
2022-11-21 17:26:42,508 Epoch: [16][170/200]	Time 0.253s (0.287s)	Speed 126.3 samples/s	Data 0.000s (0.009s)	Loss 0.00869 (0.00762)
2022-11-21 17:26:44,958 Epoch: [16][180/200]	Time 0.230s (0.284s)	Speed 139.1 samples/s	Data 0.001s (0.008s)	Loss 0.00721 (0.00758)
2022-11-21 17:26:47,336 Epoch: [16][190/200]	Time 0.223s (0.282s)	Speed 143.6 samples/s	Data 0.000s (0.008s)	Loss 0.00741 (0.00758)
2022-11-21 17:26:50,987 Test: [0/200]	Time 1.230 (1.230)	Loss 0.0507 (0.0507)
2022-11-21 17:26:51,193 Test: [10/200]	Time 0.019 (0.131)	Loss 0.0111 (0.0481)
2022-11-21 17:26:51,423 Test: [20/200]	Time 0.023 (0.079)	Loss 0.0299 (0.0487)
2022-11-21 17:26:51,653 Test: [30/200]	Time 0.020 (0.061)	Loss 0.0570 (0.0527)
2022-11-21 17:26:51,869 Test: [40/200]	Time 0.022 (0.052)	Loss 0.0430 (0.0552)
2022-11-21 17:26:52,092 Test: [50/200]	Time 0.020 (0.046)	Loss 0.0822 (0.0536)
2022-11-21 17:26:52,299 Test: [60/200]	Time 0.020 (0.042)	Loss 0.0736 (0.0563)
2022-11-21 17:26:52,528 Test: [70/200]	Time 0.024 (0.039)	Loss 0.0409 (0.0563)
2022-11-21 17:26:52,774 Test: [80/200]	Time 0.022 (0.037)	Loss 0.0658 (0.0545)
2022-11-21 17:26:52,986 Test: [90/200]	Time 0.020 (0.035)	Loss 0.0641 (0.0564)
2022-11-21 17:26:53,195 Test: [100/200]	Time 0.020 (0.034)	Loss 0.0707 (0.0561)
2022-11-21 17:26:53,403 Test: [110/200]	Time 0.021 (0.033)	Loss 0.1557 (0.0571)
2022-11-21 17:26:53,629 Test: [120/200]	Time 0.021 (0.032)	Loss 0.0540 (0.0555)
2022-11-21 17:26:53,846 Test: [130/200]	Time 0.020 (0.031)	Loss 0.0358 (0.0555)
2022-11-21 17:26:54,057 Test: [140/200]	Time 0.021 (0.031)	Loss 0.0483 (0.0553)
2022-11-21 17:26:54,270 Test: [150/200]	Time 0.020 (0.030)	Loss 0.0466 (0.0543)
2022-11-21 17:26:54,512 Test: [160/200]	Time 0.021 (0.030)	Loss 0.0685 (0.0546)
2022-11-21 17:26:54,732 Test: [170/200]	Time 0.021 (0.029)	Loss 0.0594 (0.0542)
2022-11-21 17:26:54,943 Test: [180/200]	Time 0.023 (0.029)	Loss 0.0368 (0.0538)
2022-11-21 17:26:55,154 Test: [190/200]	Time 0.020 (0.028)	Loss 0.0201 (0.0537)
2022-11-21 17:26:56,397 Mean IoU score: 0.874
2022-11-21 17:26:56,398 => saving checkpoint to out
2022-11-21 17:26:58,204 Epoch: [17][0/200]	Time 1.780s (1.780s)	Speed 18.0 samples/s	Data 1.410s (1.410s)	Loss 0.00820 (0.00820)
2022-11-21 17:27:00,838 Epoch: [17][10/200]	Time 0.249s (0.401s)	Speed 128.3 samples/s	Data 0.000s (0.129s)	Loss 0.00714 (0.00664)
2022-11-21 17:27:03,509 Epoch: [17][20/200]	Time 0.273s (0.337s)	Speed 117.2 samples/s	Data 0.000s (0.068s)	Loss 0.00723 (0.00686)
2022-11-21 17:27:06,155 Epoch: [17][30/200]	Time 0.257s (0.314s)	Speed 124.7 samples/s	Data 0.000s (0.046s)	Loss 0.00692 (0.00688)
2022-11-21 17:27:08,857 Epoch: [17][40/200]	Time 0.260s (0.303s)	Speed 123.0 samples/s	Data 0.000s (0.035s)	Loss 0.00712 (0.00703)
2022-11-21 17:27:11,502 Epoch: [17][50/200]	Time 0.281s (0.296s)	Speed 114.0 samples/s	Data 0.000s (0.028s)	Loss 0.00832 (0.00707)
2022-11-21 17:27:14,136 Epoch: [17][60/200]	Time 0.258s (0.290s)	Speed 124.1 samples/s	Data 0.000s (0.023s)	Loss 0.00830 (0.00704)
2022-11-21 17:27:16,879 Epoch: [17][70/200]	Time 0.266s (0.288s)	Speed 120.4 samples/s	Data 0.000s (0.020s)	Loss 0.00633 (0.00704)
2022-11-21 17:27:19,832 Epoch: [17][80/200]	Time 0.301s (0.289s)	Speed 106.3 samples/s	Data 0.000s (0.018s)	Loss 0.00853 (0.00703)
2022-11-21 17:27:22,239 Epoch: [17][90/200]	Time 0.231s (0.284s)	Speed 138.8 samples/s	Data 0.000s (0.016s)	Loss 0.00727 (0.00704)
2022-11-21 17:27:24,712 Epoch: [17][100/200]	Time 0.254s (0.280s)	Speed 126.0 samples/s	Data 0.000s (0.014s)	Loss 0.00599 (0.00698)
2022-11-21 17:27:27,115 Epoch: [17][110/200]	Time 0.246s (0.276s)	Speed 129.9 samples/s	Data 0.000s (0.013s)	Loss 0.00500 (0.00701)
2022-11-21 17:27:29,559 Epoch: [17][120/200]	Time 0.253s (0.274s)	Speed 126.2 samples/s	Data 0.000s (0.012s)	Loss 0.00672 (0.00701)
2022-11-21 17:27:31,955 Epoch: [17][130/200]	Time 0.217s (0.271s)	Speed 147.3 samples/s	Data 0.000s (0.011s)	Loss 0.00756 (0.00702)
2022-11-21 17:27:34,319 Epoch: [17][140/200]	Time 0.227s (0.269s)	Speed 141.0 samples/s	Data 0.000s (0.010s)	Loss 0.00615 (0.00699)
2022-11-21 17:27:36,705 Epoch: [17][150/200]	Time 0.268s (0.267s)	Speed 119.6 samples/s	Data 0.000s (0.010s)	Loss 0.00531 (0.00699)
2022-11-21 17:27:39,104 Epoch: [17][160/200]	Time 0.244s (0.265s)	Speed 131.2 samples/s	Data 0.001s (0.009s)	Loss 0.00701 (0.00699)
2022-11-21 17:27:41,452 Epoch: [17][170/200]	Time 0.249s (0.263s)	Speed 128.7 samples/s	Data 0.000s (0.009s)	Loss 0.00727 (0.00703)
2022-11-21 17:27:43,877 Epoch: [17][180/200]	Time 0.231s (0.262s)	Speed 138.5 samples/s	Data 0.000s (0.008s)	Loss 0.00659 (0.00702)
2022-11-21 17:27:46,229 Epoch: [17][190/200]	Time 0.235s (0.261s)	Speed 136.1 samples/s	Data 0.001s (0.008s)	Loss 0.00702 (0.00702)
2022-11-21 17:27:49,893 Test: [0/200]	Time 1.211 (1.211)	Loss 0.0490 (0.0490)
2022-11-21 17:27:50,087 Test: [10/200]	Time 0.019 (0.128)	Loss 0.0164 (0.0497)
2022-11-21 17:27:50,288 Test: [20/200]	Time 0.019 (0.077)	Loss 0.0303 (0.0493)
2022-11-21 17:27:50,516 Test: [30/200]	Time 0.021 (0.059)	Loss 0.0624 (0.0539)
2022-11-21 17:27:50,713 Test: [40/200]	Time 0.017 (0.050)	Loss 0.0442 (0.0564)
2022-11-21 17:27:50,902 Test: [50/200]	Time 0.017 (0.044)	Loss 0.0900 (0.0551)
2022-11-21 17:27:51,088 Test: [60/200]	Time 0.018 (0.039)	Loss 0.0818 (0.0581)
2022-11-21 17:27:51,269 Test: [70/200]	Time 0.016 (0.036)	Loss 0.0466 (0.0585)
2022-11-21 17:27:51,473 Test: [80/200]	Time 0.026 (0.034)	Loss 0.0554 (0.0564)
2022-11-21 17:27:51,674 Test: [90/200]	Time 0.018 (0.033)	Loss 0.0684 (0.0584)
2022-11-21 17:27:51,874 Test: [100/200]	Time 0.017 (0.032)	Loss 0.0741 (0.0579)
2022-11-21 17:27:52,073 Test: [110/200]	Time 0.019 (0.031)	Loss 0.1537 (0.0592)
2022-11-21 17:27:52,261 Test: [120/200]	Time 0.018 (0.030)	Loss 0.0592 (0.0575)
2022-11-21 17:27:52,469 Test: [130/200]	Time 0.020 (0.029)	Loss 0.0334 (0.0574)
2022-11-21 17:27:52,691 Test: [140/200]	Time 0.018 (0.028)	Loss 0.0480 (0.0571)
2022-11-21 17:27:52,881 Test: [150/200]	Time 0.018 (0.028)	Loss 0.0487 (0.0562)
2022-11-21 17:27:53,071 Test: [160/200]	Time 0.018 (0.027)	Loss 0.0768 (0.0565)
2022-11-21 17:27:53,258 Test: [170/200]	Time 0.018 (0.027)	Loss 0.0482 (0.0560)
2022-11-21 17:27:53,458 Test: [180/200]	Time 0.019 (0.026)	Loss 0.0368 (0.0555)
2022-11-21 17:27:53,666 Test: [190/200]	Time 0.018 (0.026)	Loss 0.0192 (0.0554)
2022-11-21 17:27:54,737 Mean IoU score: 0.873
2022-11-21 17:27:54,738 => saving checkpoint to out
2022-11-21 17:27:56,521 Epoch: [18][0/200]	Time 1.769s (1.769s)	Speed 18.1 samples/s	Data 1.421s (1.421s)	Loss 0.00752 (0.00752)
2022-11-21 17:27:58,973 Epoch: [18][10/200]	Time 0.252s (0.384s)	Speed 127.1 samples/s	Data 0.000s (0.129s)	Loss 0.00558 (0.00688)
2022-11-21 17:28:01,386 Epoch: [18][20/200]	Time 0.241s (0.316s)	Speed 132.8 samples/s	Data 0.000s (0.068s)	Loss 0.00886 (0.00693)
2022-11-21 17:28:03,840 Epoch: [18][30/200]	Time 0.235s (0.293s)	Speed 136.5 samples/s	Data 0.000s (0.046s)	Loss 0.00607 (0.00673)
2022-11-21 17:28:06,244 Epoch: [18][40/200]	Time 0.231s (0.280s)	Speed 138.2 samples/s	Data 0.000s (0.035s)	Loss 0.00804 (0.00671)
2022-11-21 17:28:08,697 Epoch: [18][50/200]	Time 0.259s (0.273s)	Speed 123.3 samples/s	Data 0.001s (0.028s)	Loss 0.00620 (0.00663)
2022-11-21 17:28:11,027 Epoch: [18][60/200]	Time 0.239s (0.267s)	Speed 133.9 samples/s	Data 0.001s (0.024s)	Loss 0.00463 (0.00662)
2022-11-21 17:28:13,406 Epoch: [18][70/200]	Time 0.239s (0.263s)	Speed 133.9 samples/s	Data 0.001s (0.020s)	Loss 0.00724 (0.00659)
2022-11-21 17:28:15,732 Epoch: [18][80/200]	Time 0.223s (0.259s)	Speed 143.7 samples/s	Data 0.000s (0.018s)	Loss 0.00695 (0.00655)
2022-11-21 17:28:18,112 Epoch: [18][90/200]	Time 0.211s (0.257s)	Speed 151.4 samples/s	Data 0.001s (0.016s)	Loss 0.00610 (0.00662)
2022-11-21 17:28:20,483 Epoch: [18][100/200]	Time 0.245s (0.255s)	Speed 130.6 samples/s	Data 0.000s (0.014s)	Loss 0.00803 (0.00658)
2022-11-21 17:28:22,902 Epoch: [18][110/200]	Time 0.223s (0.254s)	Speed 143.4 samples/s	Data 0.000s (0.013s)	Loss 0.00759 (0.00661)
2022-11-21 17:28:25,213 Epoch: [18][120/200]	Time 0.233s (0.252s)	Speed 137.3 samples/s	Data 0.000s (0.012s)	Loss 0.00683 (0.00662)
2022-11-21 17:28:27,584 Epoch: [18][130/200]	Time 0.263s (0.251s)	Speed 121.8 samples/s	Data 0.000s (0.011s)	Loss 0.00819 (0.00663)
2022-11-21 17:28:30,005 Epoch: [18][140/200]	Time 0.232s (0.250s)	Speed 137.8 samples/s	Data 0.000s (0.010s)	Loss 0.00546 (0.00665)
2022-11-21 17:28:32,412 Epoch: [18][150/200]	Time 0.247s (0.249s)	Speed 129.6 samples/s	Data 0.001s (0.010s)	Loss 0.00640 (0.00664)
2022-11-21 17:28:34,820 Epoch: [18][160/200]	Time 0.218s (0.249s)	Speed 146.5 samples/s	Data 0.001s (0.009s)	Loss 0.00502 (0.00666)
2022-11-21 17:28:37,174 Epoch: [18][170/200]	Time 0.236s (0.248s)	Speed 135.7 samples/s	Data 0.001s (0.009s)	Loss 0.00735 (0.00664)
2022-11-21 17:28:39,556 Epoch: [18][180/200]	Time 0.265s (0.248s)	Speed 120.8 samples/s	Data 0.000s (0.008s)	Loss 0.00756 (0.00665)
2022-11-21 17:28:41,900 Epoch: [18][190/200]	Time 0.213s (0.247s)	Speed 150.5 samples/s	Data 0.000s (0.008s)	Loss 0.00657 (0.00663)
2022-11-21 17:28:45,532 Test: [0/200]	Time 1.239 (1.239)	Loss 0.0518 (0.0518)
2022-11-21 17:28:45,711 Test: [10/200]	Time 0.019 (0.129)	Loss 0.0120 (0.0505)
2022-11-21 17:28:45,896 Test: [20/200]	Time 0.020 (0.076)	Loss 0.0305 (0.0528)
2022-11-21 17:28:46,089 Test: [30/200]	Time 0.021 (0.058)	Loss 0.0630 (0.0567)
2022-11-21 17:28:46,275 Test: [40/200]	Time 0.017 (0.048)	Loss 0.0476 (0.0597)
2022-11-21 17:28:46,510 Test: [50/200]	Time 0.024 (0.043)	Loss 0.0855 (0.0583)
2022-11-21 17:28:46,709 Test: [60/200]	Time 0.017 (0.040)	Loss 0.0850 (0.0610)
2022-11-21 17:28:46,904 Test: [70/200]	Time 0.019 (0.037)	Loss 0.0411 (0.0606)
2022-11-21 17:28:47,106 Test: [80/200]	Time 0.019 (0.035)	Loss 0.0590 (0.0583)
2022-11-21 17:28:47,289 Test: [90/200]	Time 0.016 (0.033)	Loss 0.0675 (0.0605)
2022-11-21 17:28:47,488 Test: [100/200]	Time 0.020 (0.032)	Loss 0.0748 (0.0600)
2022-11-21 17:28:47,701 Test: [110/200]	Time 0.018 (0.031)	Loss 0.1573 (0.0611)
2022-11-21 17:28:47,897 Test: [120/200]	Time 0.018 (0.030)	Loss 0.0590 (0.0593)
2022-11-21 17:28:48,093 Test: [130/200]	Time 0.020 (0.029)	Loss 0.0348 (0.0593)
2022-11-21 17:28:48,276 Test: [140/200]	Time 0.017 (0.028)	Loss 0.0523 (0.0589)
2022-11-21 17:28:48,469 Test: [150/200]	Time 0.020 (0.028)	Loss 0.0502 (0.0579)
2022-11-21 17:28:48,661 Test: [160/200]	Time 0.019 (0.027)	Loss 0.0703 (0.0580)
2022-11-21 17:28:48,855 Test: [170/200]	Time 0.018 (0.027)	Loss 0.0814 (0.0576)
2022-11-21 17:28:49,053 Test: [180/200]	Time 0.018 (0.026)	Loss 0.0394 (0.0571)
2022-11-21 17:28:49,241 Test: [190/200]	Time 0.016 (0.026)	Loss 0.0212 (0.0569)
2022-11-21 17:28:50,323 Mean IoU score: 0.871
2022-11-21 17:28:50,323 => saving checkpoint to out
2022-11-21 17:28:52,093 Epoch: [19][0/200]	Time 1.750s (1.750s)	Speed 18.3 samples/s	Data 1.417s (1.417s)	Loss 0.00728 (0.00728)
2022-11-21 17:28:54,615 Epoch: [19][10/200]	Time 0.263s (0.388s)	Speed 121.6 samples/s	Data 0.000s (0.129s)	Loss 0.00726 (0.00637)
2022-11-21 17:28:57,003 Epoch: [19][20/200]	Time 0.224s (0.317s)	Speed 142.6 samples/s	Data 0.000s (0.068s)	Loss 0.00602 (0.00608)
2022-11-21 17:28:59,438 Epoch: [19][30/200]	Time 0.242s (0.293s)	Speed 132.2 samples/s	Data 0.000s (0.046s)	Loss 0.00711 (0.00613)
2022-11-21 17:29:01,791 Epoch: [19][40/200]	Time 0.224s (0.279s)	Speed 142.9 samples/s	Data 0.000s (0.035s)	Loss 0.00561 (0.00612)
2022-11-21 17:29:04,200 Epoch: [19][50/200]	Time 0.298s (0.272s)	Speed 107.3 samples/s	Data 0.000s (0.028s)	Loss 0.00674 (0.00616)
2022-11-21 17:29:07,067 Epoch: [19][60/200]	Time 0.282s (0.274s)	Speed 113.4 samples/s	Data 0.000s (0.024s)	Loss 0.00654 (0.00614)
2022-11-21 17:29:09,782 Epoch: [19][70/200]	Time 0.270s (0.274s)	Speed 118.5 samples/s	Data 0.000s (0.020s)	Loss 0.00541 (0.00612)
2022-11-21 17:29:12,490 Epoch: [19][80/200]	Time 0.304s (0.273s)	Speed 105.1 samples/s	Data 0.001s (0.018s)	Loss 0.00649 (0.00615)
2022-11-21 17:29:15,147 Epoch: [19][90/200]	Time 0.256s (0.273s)	Speed 124.9 samples/s	Data 0.000s (0.016s)	Loss 0.00654 (0.00619)
2022-11-21 17:29:17,880 Epoch: [19][100/200]	Time 0.284s (0.273s)	Speed 112.6 samples/s	Data 0.000s (0.014s)	Loss 0.00767 (0.00621)
2022-11-21 17:29:20,562 Epoch: [19][110/200]	Time 0.280s (0.272s)	Speed 114.4 samples/s	Data 0.000s (0.013s)	Loss 0.00585 (0.00620)
2022-11-21 17:29:23,227 Epoch: [19][120/200]	Time 0.274s (0.272s)	Speed 117.0 samples/s	Data 0.001s (0.012s)	Loss 0.00584 (0.00619)
2022-11-21 17:29:25,855 Epoch: [19][130/200]	Time 0.251s (0.271s)	Speed 127.2 samples/s	Data 0.000s (0.011s)	Loss 0.00637 (0.00620)
2022-11-21 17:29:28,545 Epoch: [19][140/200]	Time 0.280s (0.271s)	Speed 114.3 samples/s	Data 0.000s (0.010s)	Loss 0.00532 (0.00627)
2022-11-21 17:29:31,189 Epoch: [19][150/200]	Time 0.259s (0.271s)	Speed 123.5 samples/s	Data 0.000s (0.010s)	Loss 0.00632 (0.00627)
2022-11-21 17:29:33,848 Epoch: [19][160/200]	Time 0.251s (0.270s)	Speed 127.3 samples/s	Data 0.000s (0.009s)	Loss 0.00776 (0.00630)
2022-11-21 17:29:36,495 Epoch: [19][170/200]	Time 0.289s (0.270s)	Speed 110.7 samples/s	Data 0.000s (0.009s)	Loss 0.00552 (0.00629)
2022-11-21 17:29:39,141 Epoch: [19][180/200]	Time 0.259s (0.270s)	Speed 123.4 samples/s	Data 0.000s (0.008s)	Loss 0.00704 (0.00630)
2022-11-21 17:29:41,783 Epoch: [19][190/200]	Time 0.252s (0.269s)	Speed 127.1 samples/s	Data 0.001s (0.008s)	Loss 0.00682 (0.00632)
2022-11-21 17:29:45,666 Test: [0/200]	Time 1.214 (1.214)	Loss 0.0564 (0.0564)
2022-11-21 17:29:45,873 Test: [10/200]	Time 0.020 (0.129)	Loss 0.0182 (0.0504)
2022-11-21 17:29:46,090 Test: [20/200]	Time 0.019 (0.078)	Loss 0.0306 (0.0525)
2022-11-21 17:29:46,302 Test: [30/200]	Time 0.024 (0.060)	Loss 0.0555 (0.0573)
2022-11-21 17:29:46,527 Test: [40/200]	Time 0.022 (0.051)	Loss 0.0546 (0.0604)
2022-11-21 17:29:46,747 Test: [50/200]	Time 0.022 (0.045)	Loss 0.0904 (0.0588)
2022-11-21 17:29:46,954 Test: [60/200]	Time 0.019 (0.041)	Loss 0.0777 (0.0615)
2022-11-21 17:29:47,162 Test: [70/200]	Time 0.020 (0.038)	Loss 0.0441 (0.0608)
2022-11-21 17:29:47,396 Test: [80/200]	Time 0.020 (0.036)	Loss 0.0629 (0.0586)
2022-11-21 17:29:47,631 Test: [90/200]	Time 0.022 (0.035)	Loss 0.0728 (0.0604)
2022-11-21 17:29:47,839 Test: [100/200]	Time 0.018 (0.034)	Loss 0.0696 (0.0597)
2022-11-21 17:29:48,053 Test: [110/200]	Time 0.019 (0.032)	Loss 0.1508 (0.0608)
2022-11-21 17:29:48,257 Test: [120/200]	Time 0.021 (0.031)	Loss 0.0529 (0.0590)
2022-11-21 17:29:48,467 Test: [130/200]	Time 0.023 (0.031)	Loss 0.0380 (0.0589)
2022-11-21 17:29:48,689 Test: [140/200]	Time 0.021 (0.030)	Loss 0.0534 (0.0586)
2022-11-21 17:29:48,916 Test: [150/200]	Time 0.019 (0.030)	Loss 0.0475 (0.0576)
2022-11-21 17:29:49,121 Test: [160/200]	Time 0.019 (0.029)	Loss 0.0699 (0.0580)
2022-11-21 17:29:49,329 Test: [170/200]	Time 0.020 (0.029)	Loss 0.0573 (0.0575)
2022-11-21 17:29:49,559 Test: [180/200]	Time 0.023 (0.028)	Loss 0.0346 (0.0569)
2022-11-21 17:29:49,772 Test: [190/200]	Time 0.020 (0.028)	Loss 0.0217 (0.0568)
2022-11-21 17:29:50,986 Mean IoU score: 0.871
2022-11-21 17:29:50,987 => saving checkpoint to out
2022-11-21 17:29:51,011 saving final model state to out\final_state.pth.tar
